<?xml version="1.0" encoding="UTF-8"?>
<coverage generated="1703764677762" clover="3.2.0">
  <project timestamp="1703764677762" name="All files">
    <metrics statements="683" coveredstatements="526" conditionals="475" coveredconditionals="323" methods="132" coveredmethods="106" elements="1290" coveredelements="955" complexity="0" loc="683" ncloc="683" packages="10" files="25" classes="25"/>
    <package name="inula-intl">
      <metrics statements="2" coveredstatements="2" conditionals="0" coveredconditionals="0" methods="2" coveredmethods="2"/>
      <file name="index.ts" path="C:\Users\tangpeng\Desktop\研一课程\开源实战\project\giteeversion\inula\packages\inula-intl\index.ts">
        <metrics statements="2" coveredstatements="2" conditionals="0" coveredconditionals="0" methods="2" coveredmethods="2"/>
        <line num="61" count="1" type="stmt"/>
        <line num="65" count="1" type="stmt"/>
      </file>
    </package>
    <package name="inula-intl.src.constants">
      <metrics statements="8" coveredstatements="8" conditionals="0" coveredconditionals="0" methods="0" coveredmethods="0"/>
      <file name="index.ts" path="C:\Users\tangpeng\Desktop\研一课程\开源实战\project\giteeversion\inula\packages\inula-intl\src\constants\index.ts">
        <metrics statements="8" coveredstatements="8" conditionals="0" coveredconditionals="0" methods="0" coveredmethods="0"/>
        <line num="21" count="11" type="stmt"/>
        <line num="24" count="11" type="stmt"/>
        <line num="39" count="11" type="stmt"/>
        <line num="50" count="11" type="stmt"/>
        <line num="59" count="11" type="stmt"/>
        <line num="67" count="11" type="stmt"/>
        <line num="70" count="11" type="stmt"/>
        <line num="78" count="11" type="stmt"/>
      </file>
    </package>
    <package name="inula-intl.src.core">
      <metrics statements="48" coveredstatements="37" conditionals="42" coveredconditionals="27" methods="15" coveredmethods="12"/>
      <file name="I18n.ts" path="C:\Users\tangpeng\Desktop\研一课程\开源实战\project\giteeversion\inula\packages\inula-intl\src\core\I18n.ts">
        <metrics statements="45" coveredstatements="34" conditionals="37" coveredconditionals="24" methods="14" coveredmethods="11"/>
        <line num="33" count="11" type="stmt"/>
        <line num="34" count="11" type="stmt"/>
        <line num="35" count="11" type="cond" truecount="1" falsecount="1"/>
        <line num="36" count="11" type="stmt"/>
        <line num="37" count="11" type="stmt"/>
        <line num="38" count="11" type="stmt"/>
        <line num="40" count="11" type="stmt"/>
        <line num="42" count="11" type="cond" truecount="1" falsecount="1"/>
        <line num="43" count="0" type="stmt"/>
        <line num="46" count="11" type="cond" truecount="4" falsecount="0"/>
        <line num="47" count="9" type="stmt"/>
        <line num="49" count="11" type="stmt"/>
        <line num="50" count="11" type="stmt"/>
        <line num="51" count="11" type="stmt"/>
        <line num="53" count="11" type="cond" truecount="2" falsecount="0"/>
        <line num="57" count="19" type="cond" truecount="2" falsecount="0"/>
        <line num="58" count="17" type="cond" truecount="1" falsecount="1"/>
        <line num="60" count="2" type="cond" truecount="1" falsecount="1"/>
        <line num="65" count="5" type="cond" truecount="2" falsecount="0"/>
        <line num="69" count="0" type="cond" truecount="0" falsecount="2"/>
        <line num="70" count="0" type="stmt"/>
        <line num="72" count="0" type="stmt"/>
        <line num="78" count="0" type="cond" truecount="0" falsecount="2"/>
        <line num="79" count="0" type="stmt"/>
        <line num="81" count="0" type="stmt"/>
        <line num="82" count="0" type="stmt"/>
        <line num="85" count="0" type="stmt"/>
        <line num="89" count="13" type="cond" truecount="1" falsecount="1"/>
        <line num="90" count="0" type="stmt"/>
        <line num="92" count="13" type="stmt"/>
        <line num="98" count="14" type="cond" truecount="2" falsecount="0"/>
        <line num="100" count="2" type="stmt"/>
        <line num="103" count="12" type="cond" truecount="2" falsecount="0"/>
        <line num="104" count="11" type="stmt"/>
        <line num="106" count="14" type="stmt"/>
        <line num="111" count="15" type="stmt"/>
        <line num="112" count="15" type="cond" truecount="1" falsecount="1"/>
        <line num="113" count="0" type="stmt"/>
        <line num="115" count="15" type="stmt"/>
        <line num="123" count="4" type="stmt"/>
        <line num="127" count="1" type="cond" truecount="1" falsecount="1"/>
        <line num="128" count="1" type="stmt"/>
        <line num="132" count="1" type="cond" truecount="1" falsecount="1"/>
        <line num="133" count="1" type="stmt"/>
        <line num="140" count="2" type="stmt"/>
      </file>
      <file name="createI18n.ts" path="C:\Users\tangpeng\Desktop\研一课程\开源实战\project\giteeversion\inula\packages\inula-intl\src\core\createI18n.ts">
        <metrics statements="3" coveredstatements="3" conditionals="5" coveredconditionals="3" methods="1" coveredmethods="1"/>
        <line num="23" count="8" type="stmt"/>
        <line num="24" count="2" type="stmt"/>
        <line num="25" count="2" type="stmt"/>
      </file>
    </package>
    <package name="inula-intl.src.core.components">
      <metrics statements="38" coveredstatements="4" conditionals="16" coveredconditionals="0" methods="10" coveredmethods="0"/>
      <file name="FormattedMessage.tsx" path="C:\Users\tangpeng\Desktop\研一课程\开源实战\project\giteeversion\inula\packages\inula-intl\src\core\components\FormattedMessage.tsx">
        <metrics statements="10" coveredstatements="0" conditionals="7" coveredconditionals="0" methods="1" coveredmethods="0"/>
        <line num="25" count="0" type="stmt"/>
        <line num="26" count="0" type="cond" truecount="0" falsecount="1"/>
        <line num="28" count="0" type="stmt"/>
        <line num="36" count="0" type="stmt"/>
        <line num="38" count="0" type="cond" truecount="0" falsecount="2"/>
        <line num="39" count="0" type="cond" truecount="0" falsecount="2"/>
        <line num="40" count="0" type="stmt"/>
        <line num="43" count="0" type="cond" truecount="0" falsecount="2"/>
        <line num="44" count="0" type="stmt"/>
        <line num="49" count="0" type="stmt"/>
      </file>
      <file name="I18nProvider.tsx" path="C:\Users\tangpeng\Desktop\研一课程\开源实战\project\giteeversion\inula\packages\inula-intl\src\core\components\I18nProvider.tsx">
        <metrics statements="16" coveredstatements="1" conditionals="2" coveredconditionals="0" methods="5" coveredmethods="0"/>
        <line num="25" count="8" type="stmt"/>
        <line num="26" count="0" type="stmt"/>
        <line num="28" count="0" type="stmt"/>
        <line num="29" count="0" type="stmt"/>
        <line num="36" count="0" type="stmt"/>
        <line num="38" count="0" type="stmt"/>
        <line num="40" count="0" type="stmt"/>
        <line num="41" count="0" type="stmt"/>
        <line num="42" count="0" type="cond" truecount="0" falsecount="2"/>
        <line num="43" count="0" type="stmt"/>
        <line num="44" count="0" type="stmt"/>
        <line num="47" count="0" type="stmt"/>
        <line num="50" count="0" type="stmt"/>
        <line num="53" count="0" type="stmt"/>
        <line num="54" count="0" type="stmt"/>
        <line num="59" count="0" type="stmt"/>
      </file>
      <file name="InjectI18n.tsx" path="C:\Users\tangpeng\Desktop\研一课程\开源实战\project\giteeversion\inula\packages\inula-intl\src\core\components\InjectI18n.tsx">
        <metrics statements="12" coveredstatements="3" conditionals="7" coveredconditionals="0" methods="4" coveredmethods="0"/>
        <line num="22" count="8" type="stmt"/>
        <line num="23" count="8" type="stmt"/>
        <line num="24" count="8" type="stmt"/>
        <line num="34" count="0" type="cond" truecount="0" falsecount="2"/>
        <line num="37" count="0" type="stmt"/>
        <line num="38" count="0" type="stmt"/>
        <line num="40" count="0" type="stmt"/>
        <line num="42" count="0" type="stmt"/>
        <line num="48" count="0" type="cond" truecount="0" falsecount="2"/>
        <line num="53" count="0" type="stmt"/>
        <line num="56" count="0" type="stmt"/>
        <line num="58" count="0" type="stmt"/>
      </file>
    </package>
    <package name="inula-intl.src.core.hook">
      <metrics statements="4" coveredstatements="0" conditionals="0" coveredconditionals="0" methods="1" coveredmethods="0"/>
      <file name="useI18n.ts" path="C:\Users\tangpeng\Desktop\研一课程\开源实战\project\giteeversion\inula\packages\inula-intl\src\core\hook\useI18n.ts">
        <metrics statements="4" coveredstatements="0" conditionals="0" coveredconditionals="0" methods="1" coveredmethods="0"/>
        <line num="26" count="0" type="stmt"/>
        <line num="27" count="0" type="stmt"/>
        <line num="28" count="0" type="stmt"/>
        <line num="29" count="0" type="stmt"/>
      </file>
    </package>
    <package name="inula-intl.src.format">
      <metrics statements="70" coveredstatements="63" conditionals="65" coveredconditionals="46" methods="16" coveredmethods="13"/>
      <file name="Translation.ts" path="C:\Users\tangpeng\Desktop\研一课程\开源实战\project\giteeversion\inula\packages\inula-intl\src\format\Translation.ts">
        <metrics statements="31" coveredstatements="31" conditionals="17" coveredconditionals="17" methods="7" coveredmethods="7"/>
        <line num="32" count="20" type="stmt"/>
        <line num="33" count="20" type="stmt"/>
        <line num="34" count="20" type="stmt"/>
        <line num="35" count="20" type="stmt"/>
        <line num="36" count="20" type="cond" truecount="2" falsecount="0"/>
        <line num="44" count="16" type="stmt"/>
        <line num="51" count="16" type="stmt"/>
        <line num="52" count="15" type="stmt"/>
        <line num="53" count="15" type="stmt"/>
        <line num="54" count="15" type="stmt"/>
        <line num="57" count="15" type="cond" truecount="2" falsecount="0"/>
        <line num="58" count="7" type="stmt"/>
        <line num="60" count="8" type="stmt"/>
        <line num="63" count="15" type="cond" truecount="2" falsecount="0"/>
        <line num="66" count="16" type="stmt"/>
        <line num="69" count="16" type="stmt"/>
        <line num="77" count="16" type="stmt"/>
        <line num="78" count="16" type="stmt"/>
        <line num="82" count="58" type="cond" truecount="2" falsecount="0"/>
        <line num="83" count="14" type="stmt"/>
        <line num="86" count="44" type="stmt"/>
        <line num="87" count="70" type="cond" truecount="2" falsecount="0"/>
        <line num="88" count="48" type="stmt"/>
        <line num="91" count="22" type="stmt"/>
        <line num="94" count="22" type="stmt"/>
        <line num="97" count="22" type="cond" truecount="4" falsecount="0"/>
        <line num="98" count="12" type="stmt"/>
        <line num="99" count="33" type="stmt"/>
        <line num="100" count="33" type="stmt"/>
        <line num="104" count="22" type="stmt"/>
        <line num="105" count="22" type="cond" truecount="2" falsecount="0"/>
      </file>
      <file name="generateFormatters.ts" path="C:\Users\tangpeng\Desktop\研一课程\开源实战\project\giteeversion\inula\packages\inula-intl\src\format\generateFormatters.ts">
        <metrics statements="18" coveredstatements="13" conditionals="16" coveredconditionals="8" methods="8" coveredmethods="5"/>
        <line num="27" count="8" type="stmt"/>
        <line num="34" count="15" type="cond" truecount="2" falsecount="0"/>
        <line num="35" count="15" type="stmt"/>
        <line num="40" count="15" type="stmt"/>
        <line num="41" count="0" type="cond" truecount="0" falsecount="2"/>
        <line num="42" count="0" type="cond" truecount="0" falsecount="2"/>
        <line num="44" count="0" type="stmt"/>
        <line num="48" count="15" type="stmt"/>
        <line num="51" count="5" type="stmt"/>
        <line num="58" count="5" type="stmt"/>
        <line num="62" count="2" type="cond" truecount="2" falsecount="1"/>
        <line num="63" count="2" type="stmt"/>
        <line num="64" count="2" type="stmt"/>
        <line num="69" count="2" type="stmt"/>
        <line num="70" count="2" type="stmt"/>
        <line num="75" count="0" type="stmt"/>
        <line num="89" count="0" type="stmt"/>
        <line num="96" count="6" type="stmt"/>
      </file>
      <file name="getFormatMessage.ts" path="C:\Users\tangpeng\Desktop\研一课程\开源实战\project\giteeversion\inula\packages\inula-intl\src\format\getFormatMessage.ts">
        <metrics statements="21" coveredstatements="19" conditionals="32" coveredconditionals="21" methods="1" coveredmethods="1"/>
        <line num="29" count="6" type="stmt"/>
        <line num="30" count="6" type="cond" truecount="1" falsecount="1"/>
        <line num="31" count="6" type="cond" truecount="2" falsecount="0"/>
        <line num="32" count="1" type="cond" truecount="1" falsecount="1"/>
        <line num="33" count="1" type="cond" truecount="2" falsecount="0"/>
        <line num="34" count="1" type="stmt"/>
        <line num="35" count="1" type="stmt"/>
        <line num="39" count="6" type="cond" truecount="2" falsecount="0"/>
        <line num="40" count="6" type="cond" truecount="1" falsecount="1"/>
        <line num="41" count="6" type="cond" truecount="2" falsecount="0"/>
        <line num="44" count="6" type="stmt"/>
        <line num="45" count="6" type="cond" truecount="4" falsecount="0"/>
        <line num="46" count="1" type="cond" truecount="1" falsecount="1"/>
        <line num="47" count="0" type="stmt"/>
        <line num="49" count="1" type="stmt"/>
        <line num="54" count="5" type="cond" truecount="1" falsecount="1"/>
        <line num="55" count="0" type="cond" truecount="0" falsecount="3"/>
        <line num="57" count="5" type="cond" truecount="1" falsecount="2"/>
        <line num="61" count="5" type="cond" truecount="1" falsecount="1"/>
        <line num="63" count="5" type="stmt"/>
        <line num="64" count="5" type="stmt"/>
      </file>
    </package>
    <package name="inula-intl.src.format.cache">
      <metrics statements="1" coveredstatements="1" conditionals="0" coveredconditionals="0" methods="1" coveredmethods="1"/>
      <file name="cache.ts" path="C:\Users\tangpeng\Desktop\研一课程\开源实战\project\giteeversion\inula\packages\inula-intl\src\format\cache\cache.ts">
        <metrics statements="1" coveredstatements="1" conditionals="0" coveredconditionals="0" methods="1" coveredmethods="1"/>
        <line num="21" count="58" type="stmt"/>
      </file>
    </package>
    <package name="inula-intl.src.format.fomatters">
      <metrics statements="49" coveredstatements="42" conditionals="44" coveredconditionals="31" methods="10" coveredmethods="9"/>
      <file name="DateTimeFormatter.ts" path="C:\Users\tangpeng\Desktop\研一课程\开源实战\project\giteeversion\inula\packages\inula-intl\src\format\fomatters\DateTimeFormatter.ts">
        <metrics statements="14" coveredstatements="13" conditionals="12" coveredconditionals="11" methods="2" coveredmethods="2"/>
        <line num="31" count="15" type="stmt"/>
        <line num="32" count="15" type="cond" truecount="2" falsecount="0"/>
        <line num="33" count="15" type="cond" truecount="2" falsecount="0"/>
        <line num="37" count="16" type="cond" truecount="2" falsecount="0"/>
        <line num="38" count="16" type="stmt"/>
        <line num="40" count="16" type="cond" truecount="2" falsecount="0"/>
        <line num="41" count="3" type="stmt"/>
        <line num="45" count="16" type="cond" truecount="1" falsecount="1"/>
        <line num="47" count="16" type="stmt"/>
        <line num="49" count="16" type="cond" truecount="2" falsecount="0"/>
        <line num="50" count="1" type="stmt"/>
        <line num="54" count="15" type="stmt"/>
        <line num="55" count="15" type="stmt"/>
        <line num="60" count="0" type="stmt"/>
      </file>
      <file name="NumberFormatter.ts" path="C:\Users\tangpeng\Desktop\研一课程\开源实战\project\giteeversion\inula\packages\inula-intl\src\format\fomatters\NumberFormatter.ts">
        <metrics statements="12" coveredstatements="11" conditionals="10" coveredconditionals="9" methods="2" coveredmethods="2"/>
        <line num="30" count="22" type="stmt"/>
        <line num="31" count="22" type="cond" truecount="2" falsecount="0"/>
        <line num="32" count="22" type="cond" truecount="2" falsecount="0"/>
        <line num="36" count="21" type="cond" truecount="2" falsecount="0"/>
        <line num="37" count="21" type="stmt"/>
        <line num="40" count="21" type="cond" truecount="1" falsecount="1"/>
        <line num="42" count="21" type="stmt"/>
        <line num="44" count="21" type="cond" truecount="2" falsecount="0"/>
        <line num="45" count="2" type="stmt"/>
        <line num="48" count="19" type="stmt"/>
        <line num="49" count="19" type="stmt"/>
        <line num="51" count="0" type="stmt"/>
      </file>
      <file name="PluralFormatter.ts" path="C:\Users\tangpeng\Desktop\研一课程\开源实战\project\giteeversion\inula\packages\inula-intl\src\format\fomatters\PluralFormatter.ts">
        <metrics statements="15" coveredstatements="14" conditionals="14" coveredconditionals="8" methods="4" coveredmethods="3"/>
        <line num="33" count="7" type="stmt"/>
        <line num="34" count="7" type="stmt"/>
        <line num="35" count="7" type="stmt"/>
        <line num="36" count="7" type="stmt"/>
        <line num="37" count="7" type="cond" truecount="2" falsecount="0"/>
        <line num="42" count="7" type="cond" truecount="1" falsecount="1"/>
        <line num="43" count="7" type="cond" truecount="1" falsecount="1"/>
        <line num="45" count="7" type="stmt"/>
        <line num="46" count="7" type="stmt"/>
        <line num="48" count="7" type="cond" truecount="2" falsecount="0"/>
        <line num="50" count="2" type="stmt"/>
        <line num="53" count="2" type="cond" truecount="1" falsecount="1"/>
        <line num="54" count="0" type="cond" truecount="0" falsecount="2"/>
        <line num="58" count="2" type="stmt"/>
        <line num="61" count="7" type="cond" truecount="1" falsecount="1"/>
      </file>
      <file name="SelectFormatter.ts" path="C:\Users\tangpeng\Desktop\研一课程\开源实战\project\giteeversion\inula\packages\inula-intl\src\format\fomatters\SelectFormatter.ts">
        <metrics statements="8" coveredstatements="4" conditionals="8" coveredconditionals="3" methods="2" coveredmethods="2"/>
        <line num="30" count="2" type="stmt"/>
        <line num="31" count="2" type="stmt"/>
        <line num="35" count="2" type="cond" truecount="1" falsecount="1"/>
        <line num="37" count="0" type="stmt"/>
        <line num="40" count="0" type="cond" truecount="0" falsecount="2"/>
        <line num="41" count="0" type="cond" truecount="0" falsecount="2"/>
        <line num="45" count="0" type="stmt"/>
        <line num="48" count="2" type="cond" truecount="2" falsecount="0"/>
      </file>
    </package>
    <package name="inula-intl.src.parser">
      <metrics statements="310" coveredstatements="226" conditionals="200" coveredconditionals="125" methods="44" coveredmethods="37"/>
      <file name="Lexer.ts" path="C:\Users\tangpeng\Desktop\研一课程\开源实战\project\giteeversion\inula\packages\inula-intl\src\parser\Lexer.ts">
        <metrics statements="97" coveredstatements="80" conditionals="43" coveredconditionals="31" methods="13" coveredmethods="11"/>
        <line num="22" count="11" type="stmt"/>
        <line num="23" count="11" type="stmt"/>
        <line num="24" count="11" type="stmt"/>
        <line num="25" count="11" type="stmt"/>
        <line num="26" count="11" type="stmt"/>
        <line num="27" count="11" type="stmt"/>
        <line num="28" count="11" type="stmt"/>
        <line num="29" count="11" type="stmt"/>
        <line num="32" count="11" type="stmt"/>
        <line num="33" count="11" type="stmt"/>
        <line num="34" count="11" type="stmt"/>
        <line num="37" count="11" type="stmt"/>
        <line num="38" count="11" type="stmt"/>
        <line num="39" count="11" type="stmt"/>
        <line num="40" count="11" type="stmt"/>
        <line num="41" count="11" type="stmt"/>
        <line num="45" count="22" type="cond" truecount="2" falsecount="0"/>
        <line num="46" count="22" type="stmt"/>
        <line num="47" count="22" type="stmt"/>
        <line num="48" count="22" type="stmt"/>
        <line num="49" count="22" type="stmt"/>
        <line num="50" count="22" type="stmt"/>
        <line num="51" count="22" type="stmt"/>
        <line num="52" count="22" type="stmt"/>
        <line num="56" count="62" type="cond" truecount="4" falsecount="0"/>
        <line num="57" count="11" type="stmt"/>
        <line num="59" count="51" type="stmt"/>
        <line num="60" count="51" type="stmt"/>
        <line num="61" count="51" type="stmt"/>
        <line num="62" count="51" type="stmt"/>
        <line num="63" count="51" type="stmt"/>
        <line num="64" count="51" type="stmt"/>
        <line num="68" count="18" type="stmt"/>
        <line num="72" count="18" type="stmt"/>
        <line num="73" count="18" type="stmt"/>
        <line num="77" count="66" type="stmt"/>
        <line num="78" count="66" type="stmt"/>
        <line num="79" count="232" type="cond" truecount="2" falsecount="0"/>
        <line num="80" count="66" type="stmt"/>
        <line num="83" count="0" type="stmt"/>
        <line num="87" count="0" type="stmt"/>
        <line num="92" count="77" type="stmt"/>
        <line num="94" count="77" type="cond" truecount="1" falsecount="1"/>
        <line num="95" count="0" type="stmt"/>
        <line num="96" count="0" type="stmt"/>
        <line num="97" count="0" type="stmt"/>
        <line num="98" count="0" type="stmt"/>
        <line num="101" count="77" type="stmt"/>
        <line num="102" count="77" type="cond" truecount="2" falsecount="0"/>
        <line num="103" count="11" type="stmt"/>
        <line num="106" count="66" type="stmt"/>
        <line num="107" count="66" type="cond" truecount="1" falsecount="1"/>
        <line num="108" count="0" type="stmt"/>
        <line num="112" count="66" type="stmt"/>
        <line num="113" count="66" type="stmt"/>
        <line num="114" count="66" type="stmt"/>
        <line num="116" count="66" type="stmt"/>
        <line num="117" count="66" type="cond" truecount="1" falsecount="1"/>
        <line num="118" count="0" type="stmt"/>
        <line num="121" count="66" type="stmt"/>
        <line num="122" count="66" type="stmt"/>
        <line num="124" count="66" type="cond" truecount="2" falsecount="2"/>
        <line num="125" count="0" type="stmt"/>
        <line num="126" count="0" type="stmt"/>
        <line num="127" count="0" type="stmt"/>
        <line num="130" count="66" type="stmt"/>
        <line num="141" count="66" type="stmt"/>
        <line num="142" count="66" type="stmt"/>
        <line num="143" count="66" type="cond" truecount="2" falsecount="0"/>
        <line num="144" count="46" type="stmt"/>
        <line num="145" count="46" type="cond" truecount="1" falsecount="1"/>
        <line num="146" count="0" type="stmt"/>
        <line num="148" count="46" type="stmt"/>
        <line num="149" count="0" type="stmt"/>
        <line num="150" count="0" type="stmt"/>
        <line num="155" count="66" type="stmt"/>
        <line num="166" count="66" type="stmt"/>
        <line num="167" count="66" type="stmt"/>
        <line num="168" count="66" type="stmt"/>
        <line num="169" count="66" type="cond" truecount="1" falsecount="1"/>
        <line num="170" count="0" type="stmt"/>
        <line num="172" count="66" type="stmt"/>
        <line num="175" count="66" type="cond" truecount="1" falsecount="1"/>
        <line num="176" count="0" type="stmt"/>
        <line num="179" count="66" type="cond" truecount="2" falsecount="0"/>
        <line num="180" count="18" type="stmt"/>
        <line num="181" count="48" type="cond" truecount="2" falsecount="0"/>
        <line num="182" count="18" type="stmt"/>
        <line num="183" count="30" type="cond" truecount="2" falsecount="0"/>
        <line num="184" count="4" type="stmt"/>
        <line num="187" count="66" type="stmt"/>
        <line num="192" count="24" type="stmt"/>
        <line num="194" count="68" type="stmt"/>
        <line num="195" count="68" type="stmt"/>
        <line num="201" count="11" type="cond" truecount="1" falsecount="1"/>
        <line num="203" count="66" type="stmt"/>
        <line num="205" count="0" type="cond" truecount="0" falsecount="2"/>
      </file>
      <file name="mappingRule.ts" path="C:\Users\tangpeng\Desktop\研一课程\开源实战\project\giteeversion\inula\packages\inula-intl\src\parser\mappingRule.ts">
        <metrics statements="12" coveredstatements="10" conditionals="0" coveredconditionals="0" methods="8" coveredmethods="6"/>
        <line num="16" count="11" type="stmt"/>
        <line num="17" count="2" type="stmt"/>
        <line num="21" count="1" type="stmt"/>
        <line num="27" count="9" type="stmt"/>
        <line num="34" count="11" type="stmt"/>
        <line num="39" count="4" type="stmt"/>
        <line num="45" count="0" type="stmt"/>
        <line num="50" count="0" type="stmt"/>
        <line num="55" count="11" type="stmt"/>
        <line num="59" count="1" type="stmt"/>
        <line num="65" count="9" type="stmt"/>
        <line num="70" count="11" type="stmt"/>
      </file>
      <file name="parseMappingRule.ts" path="C:\Users\tangpeng\Desktop\研一课程\开源实战\project\giteeversion\inula\packages\inula-intl\src\parser\parseMappingRule.ts">
        <metrics statements="111" coveredstatements="82" conditionals="82" coveredconditionals="53" methods="15" coveredmethods="12"/>
        <line num="21" count="11" type="stmt"/>
        <line num="25" count="33" type="stmt"/>
        <line num="26" count="33" type="stmt"/>
        <line num="27" count="33" type="stmt"/>
        <line num="28" count="33" type="stmt"/>
        <line num="29" count="33" type="stmt"/>
        <line num="30" count="33" type="stmt"/>
        <line num="33" count="33" type="stmt"/>
        <line num="35" count="33" type="stmt"/>
        <line num="36" count="143" type="stmt"/>
        <line num="37" count="143" type="cond" truecount="1" falsecount="1"/>
        <line num="38" count="0" type="stmt"/>
        <line num="41" count="143" type="stmt"/>
        <line num="43" count="143" type="stmt"/>
        <line num="44" count="143" type="cond" truecount="2" falsecount="0"/>
        <line num="46" count="33" type="stmt"/>
        <line num="50" count="143" type="cond" truecount="5" falsecount="0"/>
        <line num="51" count="77" type="stmt"/>
        <line num="54" count="143" type="cond" truecount="2" falsecount="0"/>
        <line num="55" count="11" type="stmt"/>
        <line num="57" count="132" type="stmt"/>
        <line num="59" count="132" type="stmt"/>
        <line num="62" count="132" type="stmt"/>
        <line num="64" count="132" type="stmt"/>
        <line num="65" count="132" type="stmt"/>
        <line num="66" count="132" type="cond" truecount="1" falsecount="1"/>
        <line num="67" count="0" type="stmt"/>
        <line num="69" count="132" type="stmt"/>
        <line num="70" count="132" type="cond" truecount="1" falsecount="1"/>
        <line num="71" count="0" type="stmt"/>
        <line num="75" count="132" type="cond" truecount="3" falsecount="1"/>
        <line num="76" count="0" type="stmt"/>
        <line num="79" count="132" type="stmt"/>
        <line num="83" count="33" type="cond" truecount="1" falsecount="1"/>
        <line num="84" count="33" type="cond" truecount="3" falsecount="1"/>
        <line num="85" count="33" type="cond" truecount="2" falsecount="2"/>
        <line num="87" count="33" type="cond" truecount="1" falsecount="1"/>
        <line num="88" count="0" type="stmt"/>
        <line num="90" count="33" type="stmt"/>
        <line num="92" count="33" type="stmt"/>
        <line num="101" count="135" type="cond" truecount="3" falsecount="0"/>
        <line num="102" count="135" type="cond" truecount="4" falsecount="0"/>
        <line num="103" count="1" type="stmt"/>
        <line num="105" count="134" type="cond" truecount="5" falsecount="0"/>
        <line num="106" count="1" type="stmt"/>
        <line num="112" count="11" type="stmt"/>
        <line num="114" count="11" type="cond" truecount="1" falsecount="1"/>
        <line num="115" count="11" type="stmt"/>
        <line num="119" count="11" type="stmt"/>
        <line num="120" count="33" type="stmt"/>
        <line num="121" count="33" type="stmt"/>
        <line num="125" count="11" type="stmt"/>
        <line num="126" count="33" type="stmt"/>
        <line num="127" count="33" type="stmt"/>
        <line num="128" count="33" type="stmt"/>
        <line num="130" count="33" type="stmt"/>
        <line num="131" count="143" type="stmt"/>
        <line num="132" count="143" type="cond" truecount="1" falsecount="1"/>
        <line num="133" count="143" type="stmt"/>
        <line num="136" count="0" type="stmt"/>
        <line num="137" count="0" type="cond" truecount="0" falsecount="4"/>
        <line num="138" count="0" type="stmt"/>
        <line num="139" count="0" type="stmt"/>
        <line num="141" count="0" type="cond" truecount="0" falsecount="2"/>
        <line num="142" count="0" type="stmt"/>
        <line num="145" count="0" type="stmt"/>
        <line num="146" count="0" type="cond" truecount="0" falsecount="2"/>
        <line num="147" count="0" type="stmt"/>
        <line num="151" count="0" type="stmt"/>
        <line num="152" count="0" type="stmt"/>
        <line num="156" count="11" type="stmt"/>
        <line num="159" count="11" type="stmt"/>
        <line num="160" count="33" type="stmt"/>
        <line num="164" count="11" type="stmt"/>
        <line num="165" count="33" type="stmt"/>
        <line num="166" count="33" type="stmt"/>
        <line num="167" count="33" type="stmt"/>
        <line num="168" count="132" type="stmt"/>
        <line num="170" count="33" type="stmt"/>
        <line num="171" count="33" type="stmt"/>
        <line num="172" count="0" type="stmt"/>
        <line num="176" count="11" type="stmt"/>
        <line num="180" count="33" type="cond" truecount="3" falsecount="0"/>
        <line num="181" count="0" type="stmt"/>
        <line num="182" count="0" type="stmt"/>
        <line num="187" count="0" type="cond" truecount="0" falsecount="2"/>
        <line num="188" count="0" type="stmt"/>
        <line num="190" count="0" type="stmt"/>
        <line num="195" count="132" type="stmt"/>
        <line num="196" count="132" type="stmt"/>
        <line num="197" count="132" type="cond" truecount="2" falsecount="0"/>
        <line num="198" count="33" type="stmt"/>
        <line num="201" count="99" type="cond" truecount="2" falsecount="0"/>
        <line num="202" count="33" type="stmt"/>
        <line num="203" count="66" type="cond" truecount="2" falsecount="2"/>
        <line num="204" count="0" type="stmt"/>
        <line num="207" count="132" type="stmt"/>
        <line num="211" count="77" type="cond" truecount="1" falsecount="1"/>
        <line num="212" count="0" type="stmt"/>
        <line num="214" count="77" type="cond" truecount="1" falsecount="1"/>
        <line num="215" count="0" type="stmt"/>
        <line num="220" count="33" type="stmt"/>
        <line num="221" count="143" type="cond" truecount="1" falsecount="1"/>
        <line num="222" count="0" type="stmt"/>
        <line num="225" count="33" type="stmt"/>
        <line num="229" count="143" type="cond" truecount="3" falsecount="1"/>
        <line num="231" count="0" type="cond" truecount="0" falsecount="2"/>
        <line num="232" count="0" type="stmt"/>
        <line num="234" count="0" type="stmt"/>
        <line num="236" count="143" type="stmt"/>
        <line num="239" count="11" type="stmt"/>
      </file>
      <file name="parser.ts" path="C:\Users\tangpeng\Desktop\研一课程\开源实战\project\giteeversion\inula\packages\inula-intl\src\parser\parser.ts">
        <metrics statements="90" coveredstatements="54" conditionals="75" coveredconditionals="41" methods="8" coveredmethods="8"/>
        <line num="22" count="18" type="stmt"/>
        <line num="30" count="10" type="stmt"/>
        <line num="31" count="10" type="cond" truecount="3" falsecount="0"/>
        <line num="35" count="11" type="stmt"/>
        <line num="36" count="11" type="stmt"/>
        <line num="39" count="11" type="stmt"/>
        <line num="43" count="9" type="cond" truecount="2" falsecount="0"/>
        <line num="44" count="1" type="cond" truecount="1" falsecount="1"/>
        <line num="45" count="0" type="stmt"/>
        <line num="47" count="8" type="cond" truecount="2" falsecount="0"/>
        <line num="48" count="6" type="cond" truecount="2" falsecount="0"/>
        <line num="49" count="6" type="cond" truecount="3" falsecount="1"/>
        <line num="50" count="0" type="stmt"/>
        <line num="56" count="4" type="stmt"/>
        <line num="58" count="4" type="cond" truecount="4" falsecount="0"/>
        <line num="59" count="3" type="stmt"/>
        <line num="62" count="4" type="stmt"/>
        <line num="63" count="14" type="cond" truecount="3" falsecount="1"/>
        <line num="65" count="1" type="cond" truecount="1" falsecount="1"/>
        <line num="66" count="0" type="stmt"/>
        <line num="68" count="1" type="cond" truecount="1" falsecount="1"/>
        <line num="69" count="0" type="stmt"/>
        <line num="72" count="1" type="stmt"/>
        <line num="73" count="1" type="stmt"/>
        <line num="74" count="1" type="stmt"/>
        <line num="75" count="1" type="stmt"/>
        <line num="78" count="9" type="stmt"/>
        <line num="79" count="9" type="stmt"/>
        <line num="84" count="9" type="stmt"/>
        <line num="87" count="4" type="stmt"/>
        <line num="90" count="0" type="stmt"/>
        <line num="94" count="0" type="stmt"/>
        <line num="98" count="9" type="stmt"/>
        <line num="99" count="9" type="stmt"/>
        <line num="101" count="9" type="cond" truecount="1" falsecount="1"/>
        <line num="102" count="0" type="stmt"/>
        <line num="105" count="9" type="stmt"/>
        <line num="106" count="9" type="stmt"/>
        <line num="108" count="9" type="cond" truecount="2" falsecount="3"/>
        <line num="110" count="5" type="stmt"/>
        <line num="113" count="0" type="stmt"/>
        <line num="114" count="0" type="cond" truecount="0" falsecount="2"/>
        <line num="115" count="0" type="stmt"/>
        <line num="117" count="0" type="cond" truecount="0" falsecount="2"/>
        <line num="118" count="0" type="stmt"/>
        <line num="120" count="0" type="stmt"/>
        <line num="121" count="0" type="cond" truecount="0" falsecount="2"/>
        <line num="122" count="0" type="stmt"/>
        <line num="124" count="0" type="stmt"/>
        <line num="132" count="0" type="cond" truecount="0" falsecount="2"/>
        <line num="133" count="0" type="stmt"/>
        <line num="135" count="0" type="stmt"/>
        <line num="137" count="0" type="stmt"/>
        <line num="146" count="4" type="cond" truecount="1" falsecount="1"/>
        <line num="147" count="4" type="stmt"/>
        <line num="149" count="0" type="stmt"/>
        <line num="152" count="0" type="stmt"/>
        <line num="158" count="20" type="stmt"/>
        <line num="159" count="20" type="stmt"/>
        <line num="161" count="20" type="stmt"/>
        <line num="162" count="43" type="cond" truecount="2" falsecount="0"/>
        <line num="163" count="9" type="cond" truecount="1" falsecount="1"/>
        <line num="164" count="0" type="stmt"/>
        <line num="166" count="9" type="stmt"/>
        <line num="167" count="34" type="cond" truecount="2" falsecount="2"/>
        <line num="168" count="0" type="cond" truecount="0" falsecount="2"/>
        <line num="169" count="0" type="stmt"/>
        <line num="171" count="0" type="stmt"/>
        <line num="172" count="34" type="cond" truecount="4" falsecount="0"/>
        <line num="173" count="9" type="stmt"/>
        <line num="174" count="25" type="cond" truecount="2" falsecount="0"/>
        <line num="175" count="2" type="stmt"/>
        <line num="176" count="23" type="cond" truecount="2" falsecount="0"/>
        <line num="177" count="1" type="stmt"/>
        <line num="178" count="22" type="cond" truecount="1" falsecount="1"/>
        <line num="179" count="22" type="stmt"/>
        <line num="181" count="0" type="stmt"/>
        <line num="182" count="0" type="cond" truecount="0" falsecount="5"/>
        <line num="183" count="0" type="cond" truecount="0" falsecount="2"/>
        <line num="184" count="0" type="stmt"/>
        <line num="186" count="0" type="stmt"/>
        <line num="188" count="0" type="cond" truecount="0" falsecount="2"/>
        <line num="189" count="0" type="stmt"/>
        <line num="191" count="0" type="stmt"/>
        <line num="192" count="0" type="stmt"/>
        <line num="197" count="11" type="cond" truecount="1" falsecount="1"/>
        <line num="198" count="11" type="stmt"/>
        <line num="200" count="0" type="stmt"/>
        <line num="205" count="11" type="stmt"/>
        <line num="206" count="11" type="stmt"/>
      </file>
    </package>
    <package name="inula-intl.src.utils">
      <metrics statements="153" coveredstatements="143" conditionals="108" coveredconditionals="94" methods="33" coveredmethods="32"/>
      <file name="copyStaticProps.ts" path="C:\Users\tangpeng\Desktop\研一课程\开源实战\project\giteeversion\inula\packages\inula-intl\src\utils\copyStaticProps.ts">
        <metrics statements="21" coveredstatements="18" conditionals="25" coveredconditionals="18" methods="4" coveredmethods="4"/>
        <line num="23" count="9" type="stmt"/>
        <line num="24" count="9" type="stmt"/>
        <line num="28" count="20" type="cond" truecount="1" falsecount="1"/>
        <line num="29" count="0" type="stmt"/>
        <line num="32" count="20" type="cond" truecount="1" falsecount="1"/>
        <line num="33" count="0" type="cond" truecount="0" falsecount="2"/>
        <line num="43" count="20" type="stmt"/>
        <line num="44" count="20" type="cond" truecount="3" falsecount="0"/>
        <line num="49" count="10" type="cond" truecount="1" falsecount="1"/>
        <line num="50" count="0" type="stmt"/>
        <line num="53" count="10" type="stmt"/>
        <line num="54" count="10" type="cond" truecount="4" falsecount="0"/>
        <line num="55" count="5" type="stmt"/>
        <line num="59" count="10" type="stmt"/>
        <line num="68" count="10" type="stmt"/>
        <line num="69" count="10" type="stmt"/>
        <line num="71" count="10" type="stmt"/>
        <line num="72" count="59" type="cond" truecount="2" falsecount="0"/>
        <line num="78" count="20" type="stmt"/>
        <line num="80" count="20" type="stmt"/>
        <line num="85" count="10" type="stmt"/>
      </file>
      <file name="eventListener.ts" path="C:\Users\tangpeng\Desktop\研一课程\开源实战\project\giteeversion\inula\packages\inula-intl\src\utils\eventListener.ts">
        <metrics statements="18" coveredstatements="18" conditionals="8" coveredconditionals="8" methods="5" coveredmethods="5"/>
        <line num="26" count="14" type="stmt"/>
        <line num="35" count="4" type="cond" truecount="2" falsecount="0"/>
        <line num="36" count="3" type="stmt"/>
        <line num="38" count="4" type="stmt"/>
        <line num="39" count="4" type="stmt"/>
        <line num="41" count="4" type="stmt"/>
        <line num="42" count="1" type="stmt"/>
        <line num="52" count="3" type="cond" truecount="2" falsecount="0"/>
        <line num="53" count="1" type="stmt"/>
        <line num="55" count="2" type="stmt"/>
        <line num="56" count="2" type="stmt"/>
        <line num="57" count="2" type="cond" truecount="2" falsecount="0"/>
        <line num="58" count="1" type="stmt"/>
        <line num="68" count="33" type="cond" truecount="2" falsecount="0"/>
        <line num="69" count="31" type="stmt"/>
        <line num="73" count="2" type="stmt"/>
        <line num="74" count="2" type="stmt"/>
        <line num="75" count="3" type="stmt"/>
      </file>
      <file name="getTokenAST.ts" path="C:\Users\tangpeng\Desktop\研一课程\开源实战\project\giteeversion\inula\packages\inula-intl\src\utils\getTokenAST.ts">
        <metrics statements="20" coveredstatements="20" conditionals="16" coveredconditionals="16" methods="4" coveredmethods="4"/>
        <line num="25" count="10" type="stmt"/>
        <line num="26" count="55" type="cond" truecount="2" falsecount="0"/>
        <line num="27" count="32" type="stmt"/>
        <line num="28" count="23" type="cond" truecount="2" falsecount="0"/>
        <line num="29" count="3" type="stmt"/>
        <line num="30" count="20" type="cond" truecount="2" falsecount="0"/>
        <line num="31" count="8" type="stmt"/>
        <line num="32" count="12" type="cond" truecount="2" falsecount="0"/>
        <line num="33" count="6" type="cond" truecount="2" falsecount="0"/>
        <line num="34" count="6" type="cond" truecount="2" falsecount="0"/>
        <line num="35" count="6" type="stmt"/>
        <line num="38" count="6" type="cond" truecount="2" falsecount="0"/>
        <line num="40" count="6" type="stmt"/>
        <line num="41" count="6" type="stmt"/>
        <line num="42" count="11" type="stmt"/>
        <line num="45" count="6" type="stmt"/>
        <line num="47" count="6" type="stmt"/>
        <line num="51" count="33" type="cond" truecount="2" falsecount="0"/>
        <line num="52" count="1" type="stmt"/>
        <line num="54" count="55" type="stmt"/>
      </file>
      <file name="parseRuleUtils.ts" path="C:\Users\tangpeng\Desktop\研一课程\开源实战\project\giteeversion\inula\packages\inula-intl\src\utils\parseRuleUtils.ts">
        <metrics statements="85" coveredstatements="82" conditionals="54" coveredconditionals="49" methods="17" coveredmethods="17"/>
        <line num="17" count="257" type="stmt"/>
        <line num="18" count="257" type="stmt"/>
        <line num="21" count="12" type="stmt"/>
        <line num="22" count="12" type="stmt"/>
        <line num="23" count="257" type="stmt"/>
        <line num="27" count="318" type="cond" truecount="2" falsecount="0"/>
        <line num="29" count="12" type="stmt"/>
        <line num="31" count="77" type="stmt"/>
        <line num="35" count="38" type="stmt"/>
        <line num="40" count="136" type="stmt"/>
        <line num="41" count="136" type="stmt"/>
        <line num="46" count="132" type="stmt"/>
        <line num="51" count="168" type="cond" truecount="2" falsecount="0"/>
        <line num="52" count="1" type="stmt"/>
        <line num="54" count="270" type="stmt"/>
        <line num="55" count="167" type="stmt"/>
        <line num="59" count="140" type="cond" truecount="2" falsecount="0"/>
        <line num="60" count="36" type="stmt"/>
        <line num="61" count="104" type="cond" truecount="3" falsecount="1"/>
        <line num="62" count="104" type="cond" truecount="2" falsecount="0"/>
        <line num="63" count="2" type="stmt"/>
        <line num="65" count="102" type="cond" truecount="2" falsecount="0"/>
        <line num="66" count="1" type="stmt"/>
        <line num="68" count="101" type="cond" truecount="2" falsecount="0"/>
        <line num="69" count="1" type="stmt"/>
        <line num="71" count="100" type="cond" truecount="2" falsecount="0"/>
        <line num="72" count="1" type="stmt"/>
        <line num="74" count="99" type="stmt"/>
        <line num="76" count="0" type="stmt"/>
        <line num="81" count="36" type="stmt"/>
        <line num="84" count="36" type="stmt"/>
        <line num="86" count="36" type="stmt"/>
        <line num="87" count="147" type="stmt"/>
        <line num="88" count="147" type="stmt"/>
        <line num="91" count="147" type="stmt"/>
        <line num="94" count="147" type="cond" truecount="2" falsecount="0"/>
        <line num="95" count="1" type="stmt"/>
        <line num="96" count="2" type="stmt"/>
        <line num="98" count="1" type="stmt"/>
        <line num="102" count="146" type="stmt"/>
        <line num="103" count="146" type="stmt"/>
        <line num="104" count="147" type="cond" truecount="2" falsecount="0"/>
        <line num="106" count="136" type="cond" truecount="1" falsecount="1"/>
        <line num="107" count="136" type="stmt"/>
        <line num="108" count="136" type="stmt"/>
        <line num="110" count="11" type="stmt"/>
        <line num="115" count="146" type="cond" truecount="2" falsecount="0"/>
        <line num="117" count="36" type="stmt"/>
        <line num="121" count="3" type="stmt"/>
        <line num="123" count="3" type="stmt"/>
        <line num="124" count="3" type="stmt"/>
        <line num="127" count="3" type="cond" truecount="2" falsecount="0"/>
        <line num="128" count="2" type="stmt"/>
        <line num="129" count="2" type="stmt"/>
        <line num="130" count="3" type="stmt"/>
        <line num="132" count="2" type="stmt"/>
        <line num="135" count="1" type="cond" truecount="1" falsecount="1"/>
        <line num="136" count="1" type="stmt"/>
        <line num="138" count="0" type="stmt"/>
        <line num="141" count="2" type="stmt"/>
        <line num="146" count="166" type="cond" truecount="1" falsecount="1"/>
        <line num="147" count="0" type="stmt"/>
        <line num="151" count="166" type="cond" truecount="2" falsecount="0"/>
        <line num="152" count="1" type="stmt"/>
        <line num="156" count="165" type="stmt"/>
        <line num="169" count="165" type="stmt"/>
        <line num="171" count="165" type="cond" truecount="4" falsecount="0"/>
        <line num="172" count="1" type="stmt"/>
        <line num="175" count="164" type="stmt"/>
        <line num="176" count="164" type="cond" truecount="2" falsecount="0"/>
        <line num="177" count="1" type="stmt"/>
        <line num="178" count="163" type="cond" truecount="2" falsecount="0"/>
        <line num="179" count="139" type="stmt"/>
        <line num="181" count="24" type="stmt"/>
        <line num="183" count="164" type="stmt"/>
        <line num="185" count="8" type="cond" truecount="4" falsecount="0"/>
        <line num="186" count="3" type="stmt"/>
        <line num="187" count="5" type="cond" truecount="2" falsecount="0"/>
        <line num="188" count="2" type="stmt"/>
        <line num="189" count="3" type="cond" truecount="2" falsecount="0"/>
        <line num="190" count="2" type="stmt"/>
        <line num="192" count="1" type="stmt"/>
        <line num="196" count="164" type="stmt"/>
        <line num="200" count="33" type="cond" truecount="1" falsecount="1"/>
        <line num="203" count="12" type="stmt"/>
      </file>
      <file name="utils.ts" path="C:\Users\tangpeng\Desktop\研一课程\开源实战\project\giteeversion\inula\packages\inula-intl\src\utils\utils.ts">
        <metrics statements="9" coveredstatements="5" conditionals="5" coveredconditionals="3" methods="3" coveredmethods="2"/>
        <line num="23" count="0" type="cond" truecount="0" falsecount="2"/>
        <line num="24" count="0" type="stmt"/>
        <line num="29" count="45" type="cond" truecount="2" falsecount="0"/>
        <line num="30" count="45" type="stmt"/>
        <line num="34" count="11" type="stmt"/>
        <line num="35" count="11" type="stmt"/>
        <line num="37" count="0" type="stmt"/>
        <line num="38" count="0" type="stmt"/>
        <line num="42" count="9" type="stmt"/>
      </file>
    </package>
  </project>
</coverage>
