{"C:\\Users\\tangpeng\\Desktop\\研一课程\\开源实战\\project\\giteeversion\\inula\\packages\\inula-intl\\index.ts": {"path":"C:\\Users\\tangpeng\\Desktop\\研一课程\\开源实战\\project\\giteeversion\\inula\\packages\\inula-intl\\index.ts","statementMap":{"0":{"start":{"line":61,"column":2},"end":{"line":61,"column":14}},"1":{"start":{"line":65,"column":2},"end":{"line":65,"column":13}}},"fnMap":{"0":{"name":"defineMessages","decl":{"start":{"line":60,"column":16},"end":{"line":60,"column":30}},"loc":{"start":{"line":60,"column":105},"end":{"line":62,"column":1}},"line":60},"1":{"name":"defineMessage","decl":{"start":{"line":64,"column":16},"end":{"line":64,"column":29}},"loc":{"start":{"line":64,"column":44},"end":{"line":66,"column":1}},"line":64}},"branchMap":{},"s":{"0":1,"1":1},"f":{"0":1,"1":1},"b":{},"_coverageSchema":"1a1c01bbd47fc00a2c39e90264f33305004495a9","hash":"2e23d81d2952a920e29323de2dbf78e48269ec51"}
,"C:\\Users\\tangpeng\\Desktop\\研一课程\\开源实战\\project\\giteeversion\\inula\\packages\\inula-intl\\src\\constants\\index.ts": {"path":"C:\\Users\\tangpeng\\Desktop\\研一课程\\开源实战\\project\\giteeversion\\inula\\packages\\inula-intl\\src\\constants\\index.ts","statementMap":{"0":{"start":{"line":21,"column":27},"end":{"line":21,"column":77}},"1":{"start":{"line":24,"column":29},"end":{"line":36,"column":1}},"2":{"start":{"line":39,"column":30},"end":{"line":47,"column":1}},"3":{"start":{"line":50,"column":41},"end":{"line":56,"column":1}},"4":{"start":{"line":59,"column":41},"end":{"line":65,"column":1}},"5":{"start":{"line":67,"column":35},"end":{"line":67,"column":95}},"6":{"start":{"line":70,"column":34},"end":{"line":75,"column":1}},"7":{"start":{"line":78,"column":35},"end":{"line":78,"column":81}}},"fnMap":{},"branchMap":{},"s":{"0":11,"1":11,"2":11,"3":11,"4":11,"5":11,"6":11,"7":11},"f":{},"b":{},"_coverageSchema":"1a1c01bbd47fc00a2c39e90264f33305004495a9","hash":"2e36c747aaf3f7902f82174344168482d7ce09eb"}
,"C:\\Users\\tangpeng\\Desktop\\研一课程\\开源实战\\project\\giteeversion\\inula\\packages\\inula-intl\\src\\core\\I18n.ts": {"path":"C:\\Users\\tangpeng\\Desktop\\研一课程\\开源实战\\project\\giteeversion\\inula\\packages\\inula-intl\\src\\core\\I18n.ts","statementMap":{"0":{"start":{"line":33,"column":4},"end":{"line":33,"column":12}},"1":{"start":{"line":34,"column":4},"end":{"line":34,"column":23}},"2":{"start":{"line":35,"column":4},"end":{"line":35,"column":37}},"3":{"start":{"line":36,"column":4},"end":{"line":36,"column":26}},"4":{"start":{"line":37,"column":4},"end":{"line":37,"column":28}},"5":{"start":{"line":38,"column":4},"end":{"line":38,"column":29}},"6":{"start":{"line":40,"column":4},"end":{"line":40,"column":37}},"7":{"start":{"line":42,"column":4},"end":{"line":44,"column":5}},"8":{"start":{"line":43,"column":6},"end":{"line":43,"column":48}},"9":{"start":{"line":46,"column":4},"end":{"line":48,"column":5}},"10":{"start":{"line":47,"column":6},"end":{"line":47,"column":56}},"11":{"start":{"line":49,"column":4},"end":{"line":49,"column":55}},"12":{"start":{"line":50,"column":4},"end":{"line":50,"column":49}},"13":{"start":{"line":51,"column":4},"end":{"line":51,"column":53}},"14":{"start":{"line":53,"column":4},"end":{"line":53,"column":49}},"15":{"start":{"line":57,"column":4},"end":{"line":61,"column":5}},"16":{"start":{"line":58,"column":6},"end":{"line":58,"column":49}},"17":{"start":{"line":60,"column":6},"end":{"line":60,"column":36}},"18":{"start":{"line":65,"column":4},"end":{"line":65,"column":49}},"19":{"start":{"line":69,"column":4},"end":{"line":73,"column":5}},"20":{"start":{"line":70,"column":6},"end":{"line":70,"column":52}},"21":{"start":{"line":72,"column":6},"end":{"line":72,"column":46}},"22":{"start":{"line":78,"column":4},"end":{"line":84,"column":5}},"23":{"start":{"line":79,"column":6},"end":{"line":79,"column":68}},"24":{"start":{"line":81,"column":6},"end":{"line":83,"column":9}},"25":{"start":{"line":82,"column":8},"end":{"line":82,"column":62}},"26":{"start":{"line":85,"column":4},"end":{"line":85,"column":24}},"27":{"start":{"line":89,"column":4},"end":{"line":93,"column":5}},"28":{"start":{"line":90,"column":6},"end":{"line":90,"column":56}},"29":{"start":{"line":92,"column":6},"end":{"line":92,"column":42}},"30":{"start":{"line":98,"column":4},"end":{"line":105,"column":5}},"31":{"start":{"line":100,"column":6},"end":{"line":100,"column":60}},"32":{"start":{"line":103,"column":6},"end":{"line":104,"column":107}},"33":{"start":{"line":104,"column":55},"end":{"line":104,"column":105}},"34":{"start":{"line":106,"column":4},"end":{"line":106,"column":24}},"35":{"start":{"line":111,"column":4},"end":{"line":111,"column":25}},"36":{"start":{"line":112,"column":4},"end":{"line":114,"column":5}},"37":{"start":{"line":113,"column":6},"end":{"line":113,"column":29}},"38":{"start":{"line":115,"column":4},"end":{"line":115,"column":24}},"39":{"start":{"line":123,"column":4},"end":{"line":123,"column":82}},"40":{"start":{"line":127,"column":30},"end":{"line":127,"column":107}},"41":{"start":{"line":128,"column":4},"end":{"line":128,"column":51}},"42":{"start":{"line":132,"column":28},"end":{"line":132,"column":103}},"43":{"start":{"line":133,"column":4},"end":{"line":133,"column":47}},"44":{"start":{"line":140,"column":2},"end":{"line":140,"column":29}}},"fnMap":{"0":{"name":"(anonymous_0)","decl":{"start":{"line":32,"column":2},"end":{"line":32,"column":3}},"loc":{"start":{"line":32,"column":32},"end":{"line":54,"column":3}},"line":32},"1":{"name":"(anonymous_1)","decl":{"start":{"line":56,"column":2},"end":{"line":56,"column":3}},"loc":{"start":{"line":56,"column":50},"end":{"line":62,"column":3}},"line":56},"2":{"name":"(anonymous_2)","decl":{"start":{"line":64,"column":2},"end":{"line":64,"column":3}},"loc":{"start":{"line":64,"column":35},"end":{"line":66,"column":3}},"line":64},"3":{"name":"(anonymous_3)","decl":{"start":{"line":68,"column":2},"end":{"line":68,"column":3}},"loc":{"start":{"line":68,"column":60},"end":{"line":74,"column":3}},"line":68},"4":{"name":"(anonymous_4)","decl":{"start":{"line":77,"column":2},"end":{"line":77,"column":3}},"loc":{"start":{"line":77,"column":91},"end":{"line":86,"column":3}},"line":77},"5":{"name":"(anonymous_5)","decl":{"start":{"line":81,"column":43},"end":{"line":81,"column":44}},"loc":{"start":{"line":81,"column":53},"end":{"line":83,"column":7}},"line":81},"6":{"name":"(anonymous_6)","decl":{"start":{"line":88,"column":2},"end":{"line":88,"column":3}},"loc":{"start":{"line":88,"column":49},"end":{"line":94,"column":3}},"line":88},"7":{"name":"(anonymous_7)","decl":{"start":{"line":97,"column":2},"end":{"line":97,"column":3}},"loc":{"start":{"line":97,"column":87},"end":{"line":107,"column":3}},"line":97},"8":{"name":"(anonymous_8)","decl":{"start":{"line":104,"column":45},"end":{"line":104,"column":46}},"loc":{"start":{"line":104,"column":55},"end":{"line":104,"column":105}},"line":104},"9":{"name":"(anonymous_9)","decl":{"start":{"line":110,"column":2},"end":{"line":110,"column":3}},"loc":{"start":{"line":110,"column":52},"end":{"line":116,"column":3}},"line":110},"10":{"name":"(anonymous_10)","decl":{"start":{"line":118,"column":2},"end":{"line":118,"column":3}},"loc":{"start":{"line":122,"column":4},"end":{"line":124,"column":3}},"line":122},"11":{"name":"(anonymous_11)","decl":{"start":{"line":126,"column":2},"end":{"line":126,"column":3}},"loc":{"start":{"line":126,"column":87},"end":{"line":129,"column":3}},"line":126},"12":{"name":"(anonymous_12)","decl":{"start":{"line":131,"column":2},"end":{"line":131,"column":3}},"loc":{"start":{"line":131,"column":80},"end":{"line":134,"column":3}},"line":131},"13":{"name":"createI18nInstance","decl":{"start":{"line":139,"column":16},"end":{"line":139,"column":34}},"loc":{"start":{"line":139,"column":68},"end":{"line":141,"column":1}},"line":139}},"branchMap":{"0":{"loc":{"start":{"line":35,"column":19},"end":{"line":35,"column":36}},"type":"binary-expr","locations":[{"start":{"line":35,"column":19},"end":{"line":35,"column":30}},{"start":{"line":35,"column":34},"end":{"line":35,"column":36}}],"line":35},"1":{"loc":{"start":{"line":42,"column":4},"end":{"line":44,"column":5}},"type":"if","locations":[{"start":{"line":42,"column":4},"end":{"line":44,"column":5}},{"start":{},"end":{}}],"line":42},"2":{"loc":{"start":{"line":46,"column":4},"end":{"line":48,"column":5}},"type":"if","locations":[{"start":{"line":46,"column":4},"end":{"line":48,"column":5}},{"start":{},"end":{}}],"line":46},"3":{"loc":{"start":{"line":46,"column":8},"end":{"line":46,"column":37}},"type":"binary-expr","locations":[{"start":{"line":46,"column":8},"end":{"line":46,"column":20}},{"start":{"line":46,"column":24},"end":{"line":46,"column":37}}],"line":46},"4":{"loc":{"start":{"line":53,"column":17},"end":{"line":53,"column":48}},"type":"binary-expr","locations":[{"start":{"line":53,"column":17},"end":{"line":53,"column":28}},{"start":{"line":53,"column":32},"end":{"line":53,"column":48}}],"line":53},"5":{"loc":{"start":{"line":57,"column":4},"end":{"line":61,"column":5}},"type":"if","locations":[{"start":{"line":57,"column":4},"end":{"line":61,"column":5}},{"start":{"line":59,"column":11},"end":{"line":61,"column":5}}],"line":57},"6":{"loc":{"start":{"line":58,"column":13},"end":{"line":58,"column":48}},"type":"binary-expr","locations":[{"start":{"line":58,"column":13},"end":{"line":58,"column":42}},{"start":{"line":58,"column":46},"end":{"line":58,"column":48}}],"line":58},"7":{"loc":{"start":{"line":60,"column":13},"end":{"line":60,"column":35}},"type":"binary-expr","locations":[{"start":{"line":60,"column":13},"end":{"line":60,"column":29}},{"start":{"line":60,"column":33},"end":{"line":60,"column":35}}],"line":60},"8":{"loc":{"start":{"line":65,"column":11},"end":{"line":65,"column":48}},"type":"binary-expr","locations":[{"start":{"line":65,"column":11},"end":{"line":65,"column":42}},{"start":{"line":65,"column":46},"end":{"line":65,"column":48}}],"line":65},"9":{"loc":{"start":{"line":69,"column":4},"end":{"line":73,"column":5}},"type":"if","locations":[{"start":{"line":69,"column":4},"end":{"line":73,"column":5}},{"start":{"line":71,"column":11},"end":{"line":73,"column":5}}],"line":69},"10":{"loc":{"start":{"line":78,"column":4},"end":{"line":84,"column":5}},"type":"if","locations":[{"start":{"line":78,"column":4},"end":{"line":84,"column":5}},{"start":{"line":80,"column":11},"end":{"line":84,"column":5}}],"line":78},"11":{"loc":{"start":{"line":89,"column":4},"end":{"line":93,"column":5}},"type":"if","locations":[{"start":{"line":89,"column":4},"end":{"line":93,"column":5}},{"start":{"line":91,"column":11},"end":{"line":93,"column":5}}],"line":89},"12":{"loc":{"start":{"line":98,"column":4},"end":{"line":105,"column":5}},"type":"if","locations":[{"start":{"line":98,"column":4},"end":{"line":105,"column":5}},{"start":{"line":101,"column":11},"end":{"line":105,"column":5}}],"line":98},"13":{"loc":{"start":{"line":103,"column":6},"end":{"line":104,"column":106}},"type":"binary-expr","locations":[{"start":{"line":103,"column":6},"end":{"line":103,"column":22}},{"start":{"line":104,"column":6},"end":{"line":104,"column":106}}],"line":103},"14":{"loc":{"start":{"line":112,"column":4},"end":{"line":114,"column":5}},"type":"if","locations":[{"start":{"line":112,"column":4},"end":{"line":114,"column":5}},{"start":{},"end":{}}],"line":112},"15":{"loc":{"start":{"line":120,"column":4},"end":{"line":120,"column":35}},"type":"default-arg","locations":[{"start":{"line":120,"column":33},"end":{"line":120,"column":35}}],"line":120},"16":{"loc":{"start":{"line":121,"column":4},"end":{"line":121,"column":59}},"type":"default-arg","locations":[{"start":{"line":121,"column":57},"end":{"line":121,"column":59}}],"line":121},"17":{"loc":{"start":{"line":127,"column":52},"end":{"line":127,"column":79}},"type":"binary-expr","locations":[{"start":{"line":127,"column":52},"end":{"line":127,"column":63}},{"start":{"line":127,"column":67},"end":{"line":127,"column":79}}],"line":127},"18":{"loc":{"start":{"line":132,"column":48},"end":{"line":132,"column":75}},"type":"binary-expr","locations":[{"start":{"line":132,"column":48},"end":{"line":132,"column":59}},{"start":{"line":132,"column":63},"end":{"line":132,"column":75}}],"line":132},"19":{"loc":{"start":{"line":139,"column":35},"end":{"line":139,"column":60}},"type":"default-arg","locations":[{"start":{"line":139,"column":58},"end":{"line":139,"column":60}}],"line":139}},"s":{"0":11,"1":11,"2":11,"3":11,"4":11,"5":11,"6":11,"7":11,"8":0,"9":11,"10":9,"11":11,"12":11,"13":11,"14":11,"15":19,"16":17,"17":2,"18":5,"19":0,"20":0,"21":0,"22":0,"23":0,"24":0,"25":0,"26":0,"27":13,"28":0,"29":13,"30":14,"31":2,"32":12,"33":11,"34":14,"35":15,"36":15,"37":0,"38":15,"39":4,"40":1,"41":1,"42":1,"43":1,"44":2},"f":{"0":11,"1":19,"2":5,"3":0,"4":0,"5":0,"6":13,"7":14,"8":11,"9":15,"10":4,"11":1,"12":1,"13":2},"b":{"0":[11,0],"1":[0,11],"2":[9,2],"3":[11,2],"4":[11,9],"5":[17,2],"6":[17,0],"7":[2,0],"8":[5,5],"9":[0,0],"10":[0,0],"11":[0,13],"12":[2,12],"13":[12,8],"14":[0,15],"15":[3],"16":[4],"17":[1,0],"18":[1,0],"19":[0]},"_coverageSchema":"1a1c01bbd47fc00a2c39e90264f33305004495a9","hash":"e904c639ddaaf8f2b077310632c06d725578bf8d"}
,"C:\\Users\\tangpeng\\Desktop\\研一课程\\开源实战\\project\\giteeversion\\inula\\packages\\inula-intl\\src\\core\\createI18n.ts": {"path":"C:\\Users\\tangpeng\\Desktop\\研一课程\\开源实战\\project\\giteeversion\\inula\\packages\\inula-intl\\src\\core\\createI18n.ts","statementMap":{"0":{"start":{"line":23,"column":26},"end":{"line":30,"column":1}},"1":{"start":{"line":24,"column":46},"end":{"line":24,"column":52}},"2":{"start":{"line":25,"column":2},"end":{"line":29,"column":5}}},"fnMap":{"0":{"name":"(anonymous_0)","decl":{"start":{"line":23,"column":26},"end":{"line":23,"column":27}},"loc":{"start":{"line":23,"column":76},"end":{"line":30,"column":1}},"line":23}},"branchMap":{"0":{"loc":{"start":{"line":26,"column":12},"end":{"line":26,"column":43}},"type":"binary-expr","locations":[{"start":{"line":26,"column":12},"end":{"line":26,"column":18}},{"start":{"line":26,"column":22},"end":{"line":26,"column":35}},{"start":{"line":26,"column":39},"end":{"line":26,"column":43}}],"line":26},"1":{"loc":{"start":{"line":28,"column":11},"end":{"line":28,"column":36}},"type":"binary-expr","locations":[{"start":{"line":28,"column":11},"end":{"line":28,"column":16}},{"start":{"line":28,"column":20},"end":{"line":28,"column":36}}],"line":28}},"s":{"0":8,"1":2,"2":2},"f":{"0":2},"b":{"0":[2,0,0],"1":[2,2]},"_coverageSchema":"1a1c01bbd47fc00a2c39e90264f33305004495a9","hash":"170886ff205d222938e5d6cd5849bd0258821174"}
,"C:\\Users\\tangpeng\\Desktop\\研一课程\\开源实战\\project\\giteeversion\\inula\\packages\\inula-intl\\src\\core\\components\\FormattedMessage.tsx": {"path":"C:\\Users\\tangpeng\\Desktop\\研一课程\\开源实战\\project\\giteeversion\\inula\\packages\\inula-intl\\src\\core\\components\\FormattedMessage.tsx","statementMap":{"0":{"start":{"line":25,"column":19},"end":{"line":25,"column":28}},"1":{"start":{"line":26,"column":125},"end":{"line":26,"column":130}},"2":{"start":{"line":28,"column":31},"end":{"line":34,"column":3}},"3":{"start":{"line":36,"column":25},"end":{"line":36,"column":77}},"4":{"start":{"line":38,"column":2},"end":{"line":41,"column":3}},"5":{"start":{"line":39,"column":23},"end":{"line":39,"column":94}},"6":{"start":{"line":40,"column":4},"end":{"line":40,"column":32}},"7":{"start":{"line":43,"column":2},"end":{"line":47,"column":3}},"8":{"start":{"line":44,"column":4},"end":{"line":46,"column":6}},"9":{"start":{"line":49,"column":2},"end":{"line":51,"column":4}}},"fnMap":{"0":{"name":"FormattedMessage","decl":{"start":{"line":24,"column":9},"end":{"line":24,"column":25}},"loc":{"start":{"line":24,"column":56},"end":{"line":52,"column":1}},"line":24}},"branchMap":{"0":{"loc":{"start":{"line":26,"column":65},"end":{"line":26,"column":83}},"type":"default-arg","locations":[{"start":{"line":26,"column":75},"end":{"line":26,"column":83}}],"line":26},"1":{"loc":{"start":{"line":38,"column":2},"end":{"line":41,"column":3}},"type":"if","locations":[{"start":{"line":38,"column":2},"end":{"line":41,"column":3}},{"start":{},"end":{}}],"line":38},"2":{"loc":{"start":{"line":39,"column":23},"end":{"line":39,"column":94}},"type":"cond-expr","locations":[{"start":{"line":39,"column":57},"end":{"line":39,"column":73}},{"start":{"line":39,"column":76},"end":{"line":39,"column":94}}],"line":39},"3":{"loc":{"start":{"line":43,"column":2},"end":{"line":47,"column":3}},"type":"if","locations":[{"start":{"line":43,"column":2},"end":{"line":47,"column":3}},{"start":{},"end":{}}],"line":43}},"s":{"0":0,"1":0,"2":0,"3":0,"4":0,"5":0,"6":0,"7":0,"8":0,"9":0},"f":{"0":0},"b":{"0":[0],"1":[0,0],"2":[0,0],"3":[0,0]},"_coverageSchema":"1a1c01bbd47fc00a2c39e90264f33305004495a9","hash":"61beb00376af3861fcd5767eaaa293c246176487"}
,"C:\\Users\\tangpeng\\Desktop\\研一课程\\开源实战\\project\\giteeversion\\inula\\packages\\inula-intl\\src\\core\\components\\I18nProvider.tsx": {"path":"C:\\Users\\tangpeng\\Desktop\\研一课程\\开源实战\\project\\giteeversion\\inula\\packages\\inula-intl\\src\\core\\components\\I18nProvider.tsx","statementMap":{"0":{"start":{"line":25,"column":21},"end":{"line":60,"column":1}},"1":{"start":{"line":26,"column":41},"end":{"line":26,"column":46}},"2":{"start":{"line":28,"column":15},"end":{"line":33,"column":24}},"3":{"start":{"line":29,"column":4},"end":{"line":32,"column":7}},"4":{"start":{"line":36,"column":20},"end":{"line":36,"column":59}},"5":{"start":{"line":38,"column":32},"end":{"line":38,"column":52}},"6":{"start":{"line":40,"column":2},"end":{"line":56,"column":13}},"7":{"start":{"line":41,"column":25},"end":{"line":46,"column":5}},"8":{"start":{"line":42,"column":6},"end":{"line":45,"column":7}},"9":{"start":{"line":43,"column":8},"end":{"line":43,"column":40}},"10":{"start":{"line":44,"column":8},"end":{"line":44,"column":25}},"11":{"start":{"line":47,"column":25},"end":{"line":47,"column":56}},"12":{"start":{"line":50,"column":4},"end":{"line":50,"column":19}},"13":{"start":{"line":53,"column":4},"end":{"line":55,"column":6}},"14":{"start":{"line":54,"column":6},"end":{"line":54,"column":23}},"15":{"start":{"line":59,"column":2},"end":{"line":59,"column":69}}},"fnMap":{"0":{"name":"(anonymous_0)","decl":{"start":{"line":25,"column":21},"end":{"line":25,"column":22}},"loc":{"start":{"line":25,"column":51},"end":{"line":60,"column":1}},"line":25},"1":{"name":"(anonymous_1)","decl":{"start":{"line":28,"column":23},"end":{"line":28,"column":24}},"loc":{"start":{"line":28,"column":29},"end":{"line":33,"column":3}},"line":28},"2":{"name":"(anonymous_2)","decl":{"start":{"line":40,"column":12},"end":{"line":40,"column":13}},"loc":{"start":{"line":40,"column":18},"end":{"line":56,"column":3}},"line":40},"3":{"name":"(anonymous_3)","decl":{"start":{"line":41,"column":25},"end":{"line":41,"column":26}},"loc":{"start":{"line":41,"column":31},"end":{"line":46,"column":5}},"line":41},"4":{"name":"(anonymous_4)","decl":{"start":{"line":53,"column":11},"end":{"line":53,"column":12}},"loc":{"start":{"line":53,"column":17},"end":{"line":55,"column":5}},"line":53}},"branchMap":{"0":{"loc":{"start":{"line":42,"column":6},"end":{"line":45,"column":7}},"type":"if","locations":[{"start":{"line":42,"column":6},"end":{"line":45,"column":7}},{"start":{},"end":{}}],"line":42}},"s":{"0":8,"1":0,"2":0,"3":0,"4":0,"5":0,"6":0,"7":0,"8":0,"9":0,"10":0,"11":0,"12":0,"13":0,"14":0,"15":0},"f":{"0":0,"1":0,"2":0,"3":0,"4":0},"b":{"0":[0,0]},"_coverageSchema":"1a1c01bbd47fc00a2c39e90264f33305004495a9","hash":"43565983544209dc4f541c09e8cb1b2a01649374"}
,"C:\\Users\\tangpeng\\Desktop\\研一课程\\开源实战\\project\\giteeversion\\inula\\packages\\inula-intl\\src\\core\\components\\InjectI18n.tsx": {"path":"C:\\Users\\tangpeng\\Desktop\\研一课程\\开源实战\\project\\giteeversion\\inula\\packages\\inula-intl\\src\\core\\components\\InjectI18n.tsx","statementMap":{"0":{"start":{"line":22,"column":33},"end":{"line":22,"column":65}},"1":{"start":{"line":23,"column":31},"end":{"line":23,"column":42}},"2":{"start":{"line":24,"column":30},"end":{"line":24,"column":38}},"3":{"start":{"line":34,"column":6},"end":{"line":34,"column":19}},"4":{"start":{"line":37,"column":22},"end":{"line":51,"column":3}},"5":{"start":{"line":38,"column":4},"end":{"line":50,"column":15}},"6":{"start":{"line":40,"column":8},"end":{"line":40,"column":31}},"7":{"start":{"line":42,"column":26},"end":{"line":47,"column":9}},"8":{"start":{"line":48,"column":8},"end":{"line":48,"column":107}},"9":{"start":{"line":53,"column":2},"end":{"line":53,"column":43}},"10":{"start":{"line":56,"column":2},"end":{"line":61,"column":4}},"11":{"start":{"line":58,"column":35},"end":{"line":58,"column":80}}},"fnMap":{"0":{"name":"injectI18n","decl":{"start":{"line":31,"column":9},"end":{"line":31,"column":19}},"loc":{"start":{"line":31,"column":61},"end":{"line":62,"column":1}},"line":31},"1":{"name":"(anonymous_1)","decl":{"start":{"line":37,"column":22},"end":{"line":37,"column":23}},"loc":{"start":{"line":38,"column":4},"end":{"line":50,"column":15}},"line":38},"2":{"name":"(anonymous_2)","decl":{"start":{"line":39,"column":7},"end":{"line":39,"column":8}},"loc":{"start":{"line":39,"column":18},"end":{"line":49,"column":7}},"line":39},"3":{"name":"(anonymous_3)","decl":{"start":{"line":58,"column":19},"end":{"line":58,"column":20}},"loc":{"start":{"line":58,"column":35},"end":{"line":58,"column":80}},"line":58}},"branchMap":{"0":{"loc":{"start":{"line":33,"column":4},"end":{"line":33,"column":29}},"type":"default-arg","locations":[{"start":{"line":33,"column":24},"end":{"line":33,"column":29}}],"line":33},"1":{"loc":{"start":{"line":34,"column":6},"end":{"line":34,"column":19}},"type":"binary-expr","locations":[{"start":{"line":34,"column":6},"end":{"line":34,"column":13}},{"start":{"line":34,"column":17},"end":{"line":34,"column":19}}],"line":34},"2":{"loc":{"start":{"line":48,"column":57},"end":{"line":48,"column":102}},"type":"cond-expr","locations":[{"start":{"line":48,"column":77},"end":{"line":48,"column":95}},{"start":{"line":48,"column":98},"end":{"line":48,"column":102}}],"line":48},"3":{"loc":{"start":{"line":57,"column":4},"end":{"line":59,"column":19}},"type":"cond-expr","locations":[{"start":{"line":58,"column":8},"end":{"line":58,"column":81}},{"start":{"line":59,"column":8},"end":{"line":59,"column":19}}],"line":57}},"s":{"0":8,"1":8,"2":8,"3":0,"4":0,"5":0,"6":0,"7":0,"8":0,"9":0,"10":0,"11":0},"f":{"0":0,"1":0,"2":0,"3":0},"b":{"0":[0],"1":[0,0],"2":[0,0],"3":[0,0]},"_coverageSchema":"1a1c01bbd47fc00a2c39e90264f33305004495a9","hash":"3c7beed63f9649257ea5072daea3f31a3e4cba6b"}
,"C:\\Users\\tangpeng\\Desktop\\研一课程\\开源实战\\project\\giteeversion\\inula\\packages\\inula-intl\\src\\core\\hook\\useI18n.ts": {"path":"C:\\Users\\tangpeng\\Desktop\\研一课程\\开源实战\\project\\giteeversion\\inula\\packages\\inula-intl\\src\\core\\hook\\useI18n.ts","statementMap":{"0":{"start":{"line":26,"column":22},"end":{"line":26,"column":51}},"1":{"start":{"line":27,"column":2},"end":{"line":27,"column":35}},"2":{"start":{"line":28,"column":15},"end":{"line":28,"column":26}},"3":{"start":{"line":29,"column":2},"end":{"line":34,"column":4}}},"fnMap":{"0":{"name":"useI18n","decl":{"start":{"line":25,"column":9},"end":{"line":25,"column":16}},"loc":{"start":{"line":25,"column":29},"end":{"line":35,"column":1}},"line":25}},"branchMap":{},"s":{"0":0,"1":0,"2":0,"3":0},"f":{"0":0},"b":{},"_coverageSchema":"1a1c01bbd47fc00a2c39e90264f33305004495a9","hash":"69ec468cbc4909165b3c2ac37c9893e94dc91e62"}
,"C:\\Users\\tangpeng\\Desktop\\研一课程\\开源实战\\project\\giteeversion\\inula\\packages\\inula-intl\\src\\format\\Translation.ts": {"path":"C:\\Users\\tangpeng\\Desktop\\研一课程\\开源实战\\project\\giteeversion\\inula\\packages\\inula-intl\\src\\format\\Translation.ts","statementMap":{"0":{"start":{"line":32,"column":4},"end":{"line":32,"column":43}},"1":{"start":{"line":33,"column":4},"end":{"line":33,"column":25}},"2":{"start":{"line":34,"column":4},"end":{"line":34,"column":27}},"3":{"start":{"line":35,"column":4},"end":{"line":35,"column":37}},"4":{"start":{"line":36,"column":4},"end":{"line":36,"column":42}},"5":{"start":{"line":44,"column":32},"end":{"line":67,"column":5}},"6":{"start":{"line":51,"column":28},"end":{"line":64,"column":7}},"7":{"start":{"line":52,"column":27},"end":{"line":52,"column":103}},"8":{"start":{"line":53,"column":22},"end":{"line":53,"column":34}},"9":{"start":{"line":54,"column":26},"end":{"line":54,"column":57}},"10":{"start":{"line":57,"column":8},"end":{"line":61,"column":9}},"11":{"start":{"line":58,"column":10},"end":{"line":58,"column":45}},"12":{"start":{"line":60,"column":10},"end":{"line":60,"column":30}},"13":{"start":{"line":63,"column":8},"end":{"line":63,"column":67}},"14":{"start":{"line":66,"column":6},"end":{"line":66,"column":27}},"15":{"start":{"line":69,"column":24},"end":{"line":75,"column":5}},"16":{"start":{"line":77,"column":19},"end":{"line":77,"column":74}},"17":{"start":{"line":78,"column":4},"end":{"line":78,"column":18}},"18":{"start":{"line":82,"column":4},"end":{"line":84,"column":5}},"19":{"start":{"line":83,"column":6},"end":{"line":83,"column":29}},"20":{"start":{"line":86,"column":4},"end":{"line":106,"column":16}},"21":{"start":{"line":87,"column":6},"end":{"line":89,"column":7}},"22":{"start":{"line":88,"column":8},"end":{"line":88,"column":21}},"23":{"start":{"line":91,"column":35},"end":{"line":91,"column":40}},"24":{"start":{"line":94,"column":31},"end":{"line":94,"column":37}},"25":{"start":{"line":97,"column":6},"end":{"line":102,"column":7}},"26":{"start":{"line":98,"column":8},"end":{"line":101,"column":15}},"27":{"start":{"line":99,"column":10},"end":{"line":99,"column":69}},"28":{"start":{"line":100,"column":10},"end":{"line":100,"column":22}},"29":{"start":{"line":104,"column":20},"end":{"line":104,"column":65}},"30":{"start":{"line":105,"column":6},"end":{"line":105,"column":34}}},"fnMap":{"0":{"name":"(anonymous_0)","decl":{"start":{"line":31,"column":2},"end":{"line":31,"column":3}},"loc":{"start":{"line":31,"column":70},"end":{"line":37,"column":3}},"line":31},"1":{"name":"(anonymous_1)","decl":{"start":{"line":43,"column":2},"end":{"line":43,"column":3}},"loc":{"start":{"line":43,"column":71},"end":{"line":79,"column":3}},"line":43},"2":{"name":"(anonymous_2)","decl":{"start":{"line":44,"column":32},"end":{"line":44,"column":33}},"loc":{"start":{"line":50,"column":9},"end":{"line":67,"column":5}},"line":50},"3":{"name":"(anonymous_3)","decl":{"start":{"line":51,"column":28},"end":{"line":51,"column":29}},"loc":{"start":{"line":51,"column":73},"end":{"line":64,"column":7}},"line":51},"4":{"name":"(anonymous_4)","decl":{"start":{"line":81,"column":2},"end":{"line":81,"column":3}},"loc":{"start":{"line":81,"column":75},"end":{"line":107,"column":3}},"line":81},"5":{"name":"(anonymous_5)","decl":{"start":{"line":86,"column":31},"end":{"line":86,"column":32}},"loc":{"start":{"line":86,"column":40},"end":{"line":106,"column":5}},"line":86},"6":{"name":"(anonymous_6)","decl":{"start":{"line":98,"column":68},"end":{"line":98,"column":69}},"loc":{"start":{"line":98,"column":83},"end":{"line":101,"column":9}},"line":98}},"branchMap":{"0":{"loc":{"start":{"line":36,"column":17},"end":{"line":36,"column":41}},"type":"binary-expr","locations":[{"start":{"line":36,"column":17},"end":{"line":36,"column":22}},{"start":{"line":36,"column":26},"end":{"line":36,"column":41}}],"line":36},"1":{"loc":{"start":{"line":43,"column":28},"end":{"line":43,"column":61}},"type":"default-arg","locations":[{"start":{"line":43,"column":59},"end":{"line":43,"column":61}}],"line":43},"2":{"loc":{"start":{"line":57,"column":8},"end":{"line":61,"column":9}},"type":"if","locations":[{"start":{"line":57,"column":8},"end":{"line":61,"column":9}},{"start":{"line":59,"column":15},"end":{"line":61,"column":9}}],"line":57},"3":{"loc":{"start":{"line":63,"column":15},"end":{"line":63,"column":66}},"type":"cond-expr","locations":[{"start":{"line":63,"column":40},"end":{"line":63,"column":56}},{"start":{"line":63,"column":59},"end":{"line":63,"column":66}}],"line":63},"4":{"loc":{"start":{"line":82,"column":4},"end":{"line":84,"column":5}},"type":"if","locations":[{"start":{"line":82,"column":4},"end":{"line":84,"column":5}},{"start":{},"end":{}}],"line":82},"5":{"loc":{"start":{"line":87,"column":6},"end":{"line":89,"column":7}},"type":"if","locations":[{"start":{"line":87,"column":6},"end":{"line":89,"column":7}},{"start":{},"end":{}}],"line":87},"6":{"loc":{"start":{"line":97,"column":6},"end":{"line":102,"column":7}},"type":"if","locations":[{"start":{"line":97,"column":6},"end":{"line":102,"column":7}},{"start":{},"end":{}}],"line":97},"7":{"loc":{"start":{"line":97,"column":10},"end":{"line":97,"column":46}},"type":"binary-expr","locations":[{"start":{"line":97,"column":10},"end":{"line":97,"column":16}},{"start":{"line":97,"column":20},"end":{"line":97,"column":46}}],"line":97},"8":{"loc":{"start":{"line":105,"column":13},"end":{"line":105,"column":33}},"type":"binary-expr","locations":[{"start":{"line":105,"column":13},"end":{"line":105,"column":18}},{"start":{"line":105,"column":22},"end":{"line":105,"column":33}}],"line":105}},"s":{"0":20,"1":20,"2":20,"3":20,"4":20,"5":16,"6":16,"7":15,"8":15,"9":15,"10":15,"11":7,"12":8,"13":15,"14":16,"15":16,"16":16,"17":16,"18":58,"19":14,"20":44,"21":70,"22":48,"23":22,"24":22,"25":22,"26":12,"27":33,"28":33,"29":22,"30":22},"f":{"0":20,"1":16,"2":16,"3":15,"4":58,"5":70,"6":33},"b":{"0":[20,6],"1":[16],"2":[7,8],"3":[7,8],"4":[14,44],"5":[48,22],"6":[12,10],"7":[22,14],"8":[22,2]},"_coverageSchema":"1a1c01bbd47fc00a2c39e90264f33305004495a9","hash":"b239208bfabef28f19d092026b63d1bc51a0f79e"}
,"C:\\Users\\tangpeng\\Desktop\\研一课程\\开源实战\\project\\giteeversion\\inula\\packages\\inula-intl\\src\\format\\generateFormatters.ts": {"path":"C:\\Users\\tangpeng\\Desktop\\研一课程\\开源实战\\project\\giteeversion\\inula\\packages\\inula-intl\\src\\format\\generateFormatters.ts","statementMap":{"0":{"start":{"line":27,"column":27},"end":{"line":98,"column":1}},"1":{"start":{"line":34,"column":2},"end":{"line":34,"column":29}},"2":{"start":{"line":35,"column":22},"end":{"line":35,"column":34}},"3":{"start":{"line":40,"column":25},"end":{"line":46,"column":3}},"4":{"start":{"line":41,"column":4},"end":{"line":45,"column":5}},"5":{"start":{"line":42,"column":6},"end":{"line":42,"column":69}},"6":{"start":{"line":44,"column":6},"end":{"line":44,"column":26}},"7":{"start":{"line":48,"column":2},"end":{"line":97,"column":4}},"8":{"start":{"line":51,"column":30},"end":{"line":57,"column":7}},"9":{"start":{"line":58,"column":6},"end":{"line":58,"column":65}},"10":{"start":{"line":62,"column":22},"end":{"line":62,"column":100}},"11":{"start":{"line":63,"column":30},"end":{"line":63,"column":104}},"12":{"start":{"line":64,"column":6},"end":{"line":64,"column":65}},"13":{"start":{"line":69,"column":30},"end":{"line":69,"column":64}},"14":{"start":{"line":70,"column":6},"end":{"line":70,"column":57}},"15":{"start":{"line":75,"column":6},"end":{"line":75,"column":99}},"16":{"start":{"line":89,"column":6},"end":{"line":92,"column":8}},"17":{"start":{"line":96,"column":24},"end":{"line":96,"column":29}}},"fnMap":{"0":{"name":"(anonymous_0)","decl":{"start":{"line":27,"column":27},"end":{"line":27,"column":28}},"loc":{"start":{"line":33,"column":24},"end":{"line":98,"column":1}},"line":33},"1":{"name":"(anonymous_1)","decl":{"start":{"line":40,"column":25},"end":{"line":40,"column":26}},"loc":{"start":{"line":40,"column":41},"end":{"line":46,"column":3}},"line":40},"2":{"name":"(anonymous_2)","decl":{"start":{"line":50,"column":12},"end":{"line":50,"column":13}},"loc":{"start":{"line":50,"column":57},"end":{"line":59,"column":5}},"line":50},"3":{"name":"(anonymous_3)","decl":{"start":{"line":61,"column":19},"end":{"line":61,"column":20}},"loc":{"start":{"line":61,"column":78},"end":{"line":65,"column":5}},"line":61},"4":{"name":"(anonymous_4)","decl":{"start":{"line":68,"column":12},"end":{"line":68,"column":13}},"loc":{"start":{"line":68,"column":48},"end":{"line":71,"column":5}},"line":68},"5":{"name":"(anonymous_5)","decl":{"start":{"line":74,"column":18},"end":{"line":74,"column":19}},"loc":{"start":{"line":74,"column":51},"end":{"line":76,"column":5}},"line":74},"6":{"name":"(anonymous_6)","decl":{"start":{"line":88,"column":20},"end":{"line":88,"column":21}},"loc":{"start":{"line":88,"column":55},"end":{"line":93,"column":5}},"line":88},"7":{"name":"(anonymous_7)","decl":{"start":{"line":96,"column":15},"end":{"line":96,"column":16}},"loc":{"start":{"line":96,"column":24},"end":{"line":96,"column":29}},"line":96}},"branchMap":{"0":{"loc":{"start":{"line":30,"column":2},"end":{"line":30,"column":60}},"type":"default-arg","locations":[{"start":{"line":30,"column":38},"end":{"line":30,"column":60}}],"line":30},"1":{"loc":{"start":{"line":31,"column":2},"end":{"line":31,"column":35}},"type":"default-arg","locations":[{"start":{"line":31,"column":33},"end":{"line":31,"column":35}}],"line":31},"2":{"loc":{"start":{"line":34,"column":11},"end":{"line":34,"column":28}},"type":"binary-expr","locations":[{"start":{"line":34,"column":11},"end":{"line":34,"column":18}},{"start":{"line":34,"column":22},"end":{"line":34,"column":28}}],"line":34},"3":{"loc":{"start":{"line":41,"column":4},"end":{"line":45,"column":5}},"type":"if","locations":[{"start":{"line":41,"column":4},"end":{"line":45,"column":5}},{"start":{"line":43,"column":11},"end":{"line":45,"column":5}}],"line":41},"4":{"loc":{"start":{"line":42,"column":13},"end":{"line":42,"column":68}},"type":"binary-expr","locations":[{"start":{"line":42,"column":13},"end":{"line":42,"column":40}},{"start":{"line":42,"column":44},"end":{"line":42,"column":68}}],"line":42},"5":{"loc":{"start":{"line":50,"column":30},"end":{"line":50,"column":40}},"type":"default-arg","locations":[{"start":{"line":50,"column":39},"end":{"line":50,"column":40}}],"line":50},"6":{"loc":{"start":{"line":55,"column":8},"end":{"line":55,"column":80}},"type":"binary-expr","locations":[{"start":{"line":55,"column":8},"end":{"line":55,"column":20}},{"start":{"line":55,"column":24},"end":{"line":55,"column":65}},{"start":{"line":55,"column":69},"end":{"line":55,"column":80}}],"line":55},"7":{"loc":{"start":{"line":61,"column":37},"end":{"line":61,"column":47}},"type":"default-arg","locations":[{"start":{"line":61,"column":46},"end":{"line":61,"column":47}}],"line":61},"8":{"loc":{"start":{"line":62,"column":22},"end":{"line":62,"column":100}},"type":"binary-expr","locations":[{"start":{"line":62,"column":22},"end":{"line":62,"column":34}},{"start":{"line":62,"column":38},"end":{"line":62,"column":85}},{"start":{"line":62,"column":89},"end":{"line":62,"column":100}}],"line":62}},"s":{"0":8,"1":15,"2":15,"3":15,"4":0,"5":0,"6":0,"7":15,"8":5,"9":5,"10":2,"11":2,"12":2,"13":2,"14":2,"15":0,"16":0,"17":6},"f":{"0":15,"1":0,"2":5,"3":2,"4":2,"5":0,"6":0,"7":6},"b":{"0":[0],"1":[0],"2":[15,11],"3":[0,0],"4":[0,0],"5":[2],"6":[5,4,0],"7":[2],"8":[2,2,0]},"_coverageSchema":"1a1c01bbd47fc00a2c39e90264f33305004495a9","hash":"ac1b71dd6714afa6b88c18698d7701b0b344a658"}
,"C:\\Users\\tangpeng\\Desktop\\研一课程\\开源实战\\project\\giteeversion\\inula\\packages\\inula-intl\\src\\format\\getFormatMessage.ts": {"path":"C:\\Users\\tangpeng\\Desktop\\研一课程\\开源实战\\project\\giteeversion\\inula\\packages\\inula-intl\\src\\format\\getFormatMessage.ts","statementMap":{"0":{"start":{"line":29,"column":44},"end":{"line":29,"column":51}},"1":{"start":{"line":30,"column":16},"end":{"line":30,"column":46}},"2":{"start":{"line":31,"column":2},"end":{"line":36,"column":3}},"3":{"start":{"line":32,"column":4},"end":{"line":32,"column":40}},"4":{"start":{"line":33,"column":4},"end":{"line":33,"column":46}},"5":{"start":{"line":34,"column":4},"end":{"line":34,"column":25}},"6":{"start":{"line":35,"column":4},"end":{"line":35,"column":15}},"7":{"start":{"line":39,"column":27},"end":{"line":39,"column":57}},"8":{"start":{"line":40,"column":34},"end":{"line":40,"column":72}},"9":{"start":{"line":41,"column":29},"end":{"line":41,"column":72}},"10":{"start":{"line":44,"column":23},"end":{"line":44,"column":33}},"11":{"start":{"line":45,"column":2},"end":{"line":51,"column":3}},"12":{"start":{"line":46,"column":4},"end":{"line":50,"column":5}},"13":{"start":{"line":47,"column":6},"end":{"line":47,"column":52}},"14":{"start":{"line":49,"column":6},"end":{"line":49,"column":26}},"15":{"start":{"line":54,"column":2},"end":{"line":58,"column":3}},"16":{"start":{"line":55,"column":4},"end":{"line":55,"column":66}},"17":{"start":{"line":57,"column":4},"end":{"line":57,"column":57}},"18":{"start":{"line":61,"column":2},"end":{"line":61,"column":107}},"19":{"start":{"line":63,"column":22},"end":{"line":63,"column":107}},"20":{"start":{"line":64,"column":2},"end":{"line":64,"column":54}}},"fnMap":{"0":{"name":"getFormatMessage","decl":{"start":{"line":23,"column":16},"end":{"line":23,"column":32}},"loc":{"start":{"line":28,"column":2},"end":{"line":65,"column":1}},"line":28}},"branchMap":{"0":{"loc":{"start":{"line":26,"column":2},"end":{"line":26,"column":33}},"type":"default-arg","locations":[{"start":{"line":26,"column":31},"end":{"line":26,"column":33}}],"line":26},"1":{"loc":{"start":{"line":27,"column":2},"end":{"line":27,"column":30}},"type":"default-arg","locations":[{"start":{"line":27,"column":28},"end":{"line":27,"column":30}}],"line":27},"2":{"loc":{"start":{"line":30,"column":16},"end":{"line":30,"column":46}},"type":"binary-expr","locations":[{"start":{"line":30,"column":16},"end":{"line":30,"column":26}},{"start":{"line":30,"column":30},"end":{"line":30,"column":46}}],"line":30},"3":{"loc":{"start":{"line":31,"column":2},"end":{"line":36,"column":3}},"type":"if","locations":[{"start":{"line":31,"column":2},"end":{"line":36,"column":3}},{"start":{},"end":{}}],"line":31},"4":{"loc":{"start":{"line":32,"column":13},"end":{"line":32,"column":39}},"type":"binary-expr","locations":[{"start":{"line":32,"column":13},"end":{"line":32,"column":19}},{"start":{"line":32,"column":23},"end":{"line":32,"column":39}}],"line":32},"5":{"loc":{"start":{"line":33,"column":14},"end":{"line":33,"column":45}},"type":"binary-expr","locations":[{"start":{"line":33,"column":14},"end":{"line":33,"column":24}},{"start":{"line":33,"column":28},"end":{"line":33,"column":45}}],"line":33},"6":{"loc":{"start":{"line":39,"column":27},"end":{"line":39,"column":57}},"type":"binary-expr","locations":[{"start":{"line":39,"column":27},"end":{"line":39,"column":35}},{"start":{"line":39,"column":39},"end":{"line":39,"column":57}}],"line":39},"7":{"loc":{"start":{"line":40,"column":34},"end":{"line":40,"column":72}},"type":"binary-expr","locations":[{"start":{"line":40,"column":34},"end":{"line":40,"column":41}},{"start":{"line":40,"column":45},"end":{"line":40,"column":72}}],"line":40},"8":{"loc":{"start":{"line":41,"column":29},"end":{"line":41,"column":72}},"type":"binary-expr","locations":[{"start":{"line":41,"column":29},"end":{"line":41,"column":52}},{"start":{"line":41,"column":56},"end":{"line":41,"column":72}}],"line":41},"9":{"loc":{"start":{"line":45,"column":2},"end":{"line":51,"column":3}},"type":"if","locations":[{"start":{"line":45,"column":2},"end":{"line":51,"column":3}},{"start":{},"end":{}}],"line":45},"10":{"loc":{"start":{"line":45,"column":6},"end":{"line":45,"column":40}},"type":"binary-expr","locations":[{"start":{"line":45,"column":6},"end":{"line":45,"column":18}},{"start":{"line":45,"column":22},"end":{"line":45,"column":40}}],"line":45},"11":{"loc":{"start":{"line":46,"column":4},"end":{"line":50,"column":5}},"type":"if","locations":[{"start":{"line":46,"column":4},"end":{"line":50,"column":5}},{"start":{"line":48,"column":11},"end":{"line":50,"column":5}}],"line":46},"12":{"loc":{"start":{"line":54,"column":2},"end":{"line":58,"column":3}},"type":"if","locations":[{"start":{"line":54,"column":2},"end":{"line":58,"column":3}},{"start":{"line":56,"column":9},"end":{"line":58,"column":3}}],"line":54},"13":{"loc":{"start":{"line":55,"column":22},"end":{"line":55,"column":65}},"type":"binary-expr","locations":[{"start":{"line":55,"column":22},"end":{"line":55,"column":48}},{"start":{"line":55,"column":52},"end":{"line":55,"column":59}},{"start":{"line":55,"column":63},"end":{"line":55,"column":65}}],"line":55},"14":{"loc":{"start":{"line":57,"column":22},"end":{"line":57,"column":56}},"type":"binary-expr","locations":[{"start":{"line":57,"column":22},"end":{"line":57,"column":39}},{"start":{"line":57,"column":43},"end":{"line":57,"column":50}},{"start":{"line":57,"column":54},"end":{"line":57,"column":56}}],"line":57},"15":{"loc":{"start":{"line":61,"column":20},"end":{"line":61,"column":106}},"type":"cond-expr","locations":[{"start":{"line":61,"column":58},"end":{"line":61,"column":88}},{"start":{"line":61,"column":91},"end":{"line":61,"column":106}}],"line":61}},"s":{"0":6,"1":6,"2":6,"3":1,"4":1,"5":1,"6":1,"7":6,"8":6,"9":6,"10":6,"11":6,"12":1,"13":0,"14":1,"15":5,"16":0,"17":5,"18":5,"19":5,"20":5},"f":{"0":6},"b":{"0":[1],"1":[2],"2":[6,0],"3":[1,5],"4":[1,0],"5":[1,1],"6":[6,6],"7":[6,0],"8":[6,6],"9":[1,5],"10":[6,2],"11":[0,1],"12":[0,5],"13":[0,0,0],"14":[5,0,0],"15":[5,0]},"_coverageSchema":"1a1c01bbd47fc00a2c39e90264f33305004495a9","hash":"d3bf930497defec4ebb25c7fb304156af7c80b5a"}
,"C:\\Users\\tangpeng\\Desktop\\研一课程\\开源实战\\project\\giteeversion\\inula\\packages\\inula-intl\\src\\format\\cache\\cache.ts": {"path":"C:\\Users\\tangpeng\\Desktop\\研一课程\\开源实战\\project\\giteeversion\\inula\\packages\\inula-intl\\src\\format\\cache\\cache.ts","statementMap":{"0":{"start":{"line":21,"column":2},"end":{"line":27,"column":4}}},"fnMap":{"0":{"name":"creatI18nCache","decl":{"start":{"line":20,"column":9},"end":{"line":20,"column":23}},"loc":{"start":{"line":20,"column":37},"end":{"line":28,"column":1}},"line":20}},"branchMap":{},"s":{"0":58},"f":{"0":58},"b":{},"_coverageSchema":"1a1c01bbd47fc00a2c39e90264f33305004495a9","hash":"ce3b720a754624ac1cd47468d61b44ad226bdacb"}
,"C:\\Users\\tangpeng\\Desktop\\研一课程\\开源实战\\project\\giteeversion\\inula\\packages\\inula-intl\\src\\format\\fomatters\\DateTimeFormatter.ts": {"path":"C:\\Users\\tangpeng\\Desktop\\研一课程\\开源实战\\project\\giteeversion\\inula\\packages\\inula-intl\\src\\format\\fomatters\\DateTimeFormatter.ts","statementMap":{"0":{"start":{"line":31,"column":4},"end":{"line":31,"column":27}},"1":{"start":{"line":32,"column":4},"end":{"line":32,"column":45}},"2":{"start":{"line":33,"column":4},"end":{"line":33,"column":43}},"3":{"start":{"line":37,"column":20},"end":{"line":37,"column":55}},"4":{"start":{"line":38,"column":22},"end":{"line":38,"column":68}},"5":{"start":{"line":40,"column":4},"end":{"line":42,"column":5}},"6":{"start":{"line":41,"column":6},"end":{"line":41,"column":30}},"7":{"start":{"line":45,"column":4},"end":{"line":56,"column":5}},"8":{"start":{"line":47,"column":23},"end":{"line":47,"column":91}},"9":{"start":{"line":49,"column":6},"end":{"line":51,"column":7}},"10":{"start":{"line":50,"column":8},"end":{"line":50,"column":65}},"11":{"start":{"line":54,"column":6},"end":{"line":54,"column":54}},"12":{"start":{"line":55,"column":6},"end":{"line":55,"column":37}},"13":{"start":{"line":60,"column":4},"end":{"line":60,"column":35}}},"fnMap":{"0":{"name":"(anonymous_0)","decl":{"start":{"line":30,"column":2},"end":{"line":30,"column":3}},"loc":{"start":{"line":30,"column":95},"end":{"line":34,"column":3}},"line":30},"1":{"name":"(anonymous_1)","decl":{"start":{"line":36,"column":2},"end":{"line":36,"column":3}},"loc":{"start":{"line":36,"column":86},"end":{"line":61,"column":3}},"line":36}},"branchMap":{"0":{"loc":{"start":{"line":32,"column":25},"end":{"line":32,"column":44}},"type":"binary-expr","locations":[{"start":{"line":32,"column":25},"end":{"line":32,"column":38}},{"start":{"line":32,"column":42},"end":{"line":32,"column":44}}],"line":32},"1":{"loc":{"start":{"line":33,"column":17},"end":{"line":33,"column":42}},"type":"binary-expr","locations":[{"start":{"line":33,"column":17},"end":{"line":33,"column":22}},{"start":{"line":33,"column":26},"end":{"line":33,"column":42}}],"line":33},"2":{"loc":{"start":{"line":37,"column":20},"end":{"line":37,"column":55}},"type":"binary-expr","locations":[{"start":{"line":37,"column":20},"end":{"line":37,"column":33}},{"start":{"line":37,"column":37},"end":{"line":37,"column":55}}],"line":37},"3":{"loc":{"start":{"line":40,"column":4},"end":{"line":42,"column":5}},"type":"if","locations":[{"start":{"line":40,"column":4},"end":{"line":42,"column":5}},{"start":{},"end":{}}],"line":40},"4":{"loc":{"start":{"line":45,"column":4},"end":{"line":56,"column":5}},"type":"if","locations":[{"start":{"line":45,"column":4},"end":{"line":56,"column":5}},{"start":{},"end":{}}],"line":45},"5":{"loc":{"start":{"line":49,"column":6},"end":{"line":51,"column":7}},"type":"if","locations":[{"start":{"line":49,"column":6},"end":{"line":51,"column":7}},{"start":{},"end":{}}],"line":49}},"s":{"0":15,"1":15,"2":15,"3":16,"4":16,"5":16,"6":3,"7":16,"8":16,"9":16,"10":1,"11":15,"12":15,"13":0},"f":{"0":15,"1":16},"b":{"0":[15,4],"1":[15,13],"2":[16,16],"3":[3,13],"4":[16,0],"5":[1,15]},"_coverageSchema":"1a1c01bbd47fc00a2c39e90264f33305004495a9","hash":"530bd6c2158d7cab5d87f0088d644df166f72787"}
,"C:\\Users\\tangpeng\\Desktop\\研一课程\\开源实战\\project\\giteeversion\\inula\\packages\\inula-intl\\src\\format\\fomatters\\NumberFormatter.ts": {"path":"C:\\Users\\tangpeng\\Desktop\\研一课程\\开源实战\\project\\giteeversion\\inula\\packages\\inula-intl\\src\\format\\fomatters\\NumberFormatter.ts","statementMap":{"0":{"start":{"line":30,"column":4},"end":{"line":30,"column":27}},"1":{"start":{"line":31,"column":4},"end":{"line":31,"column":43}},"2":{"start":{"line":32,"column":4},"end":{"line":32,"column":43}},"3":{"start":{"line":36,"column":20},"end":{"line":36,"column":53}},"4":{"start":{"line":37,"column":22},"end":{"line":37,"column":66}},"5":{"start":{"line":40,"column":4},"end":{"line":50,"column":5}},"6":{"start":{"line":42,"column":23},"end":{"line":42,"column":89}},"7":{"start":{"line":44,"column":6},"end":{"line":46,"column":7}},"8":{"start":{"line":45,"column":8},"end":{"line":45,"column":63}},"9":{"start":{"line":48,"column":6},"end":{"line":48,"column":52}},"10":{"start":{"line":49,"column":6},"end":{"line":49,"column":37}},"11":{"start":{"line":51,"column":4},"end":{"line":51,"column":35}}},"fnMap":{"0":{"name":"(anonymous_0)","decl":{"start":{"line":29,"column":2},"end":{"line":29,"column":3}},"loc":{"start":{"line":29,"column":92},"end":{"line":33,"column":3}},"line":29},"1":{"name":"(anonymous_1)","decl":{"start":{"line":35,"column":2},"end":{"line":35,"column":3}},"loc":{"start":{"line":35,"column":79},"end":{"line":52,"column":3}},"line":35}},"branchMap":{"0":{"loc":{"start":{"line":31,"column":24},"end":{"line":31,"column":42}},"type":"binary-expr","locations":[{"start":{"line":31,"column":24},"end":{"line":31,"column":36}},{"start":{"line":31,"column":40},"end":{"line":31,"column":42}}],"line":31},"1":{"loc":{"start":{"line":32,"column":17},"end":{"line":32,"column":42}},"type":"binary-expr","locations":[{"start":{"line":32,"column":17},"end":{"line":32,"column":22}},{"start":{"line":32,"column":26},"end":{"line":32,"column":42}}],"line":32},"2":{"loc":{"start":{"line":36,"column":20},"end":{"line":36,"column":53}},"type":"binary-expr","locations":[{"start":{"line":36,"column":20},"end":{"line":36,"column":32}},{"start":{"line":36,"column":36},"end":{"line":36,"column":53}}],"line":36},"3":{"loc":{"start":{"line":40,"column":4},"end":{"line":50,"column":5}},"type":"if","locations":[{"start":{"line":40,"column":4},"end":{"line":50,"column":5}},{"start":{},"end":{}}],"line":40},"4":{"loc":{"start":{"line":44,"column":6},"end":{"line":46,"column":7}},"type":"if","locations":[{"start":{"line":44,"column":6},"end":{"line":46,"column":7}},{"start":{},"end":{}}],"line":44}},"s":{"0":22,"1":22,"2":22,"3":21,"4":21,"5":21,"6":21,"7":21,"8":2,"9":19,"10":19,"11":0},"f":{"0":22,"1":21},"b":{"0":[22,12],"1":[22,20],"2":[21,21],"3":[21,0],"4":[2,19]},"_coverageSchema":"1a1c01bbd47fc00a2c39e90264f33305004495a9","hash":"99f5e3f7a92989fbabc723517d248d5efe2f9ed2"}
,"C:\\Users\\tangpeng\\Desktop\\研一课程\\开源实战\\project\\giteeversion\\inula\\packages\\inula-intl\\src\\format\\fomatters\\PluralFormatter.ts": {"path":"C:\\Users\\tangpeng\\Desktop\\研一课程\\开源实战\\project\\giteeversion\\inula\\packages\\inula-intl\\src\\format\\fomatters\\PluralFormatter.ts","statementMap":{"0":{"start":{"line":33,"column":4},"end":{"line":33,"column":25}},"1":{"start":{"line":34,"column":4},"end":{"line":34,"column":27}},"2":{"start":{"line":35,"column":4},"end":{"line":35,"column":23}},"3":{"start":{"line":36,"column":4},"end":{"line":36,"column":27}},"4":{"start":{"line":37,"column":4},"end":{"line":37,"column":44}},"5":{"start":{"line":42,"column":16},"end":{"line":42,"column":85}},"6":{"start":{"line":43,"column":21},"end":{"line":43,"column":53}},"7":{"start":{"line":45,"column":28},"end":{"line":45,"column":61}},"8":{"start":{"line":46,"column":21},"end":{"line":46,"column":61}},"9":{"start":{"line":48,"column":4},"end":{"line":59,"column":5}},"10":{"start":{"line":50,"column":23},"end":{"line":50,"column":93}},"11":{"start":{"line":53,"column":6},"end":{"line":55,"column":7}},"12":{"start":{"line":54,"column":8},"end":{"line":54,"column":120}},"13":{"start":{"line":54,"column":36},"end":{"line":54,"column":117}},"14":{"start":{"line":58,"column":6},"end":{"line":58,"column":49}},"15":{"start":{"line":61,"column":4},"end":{"line":61,"column":93}},"16":{"start":{"line":61,"column":32},"end":{"line":61,"column":90}}},"fnMap":{"0":{"name":"(anonymous_0)","decl":{"start":{"line":32,"column":2},"end":{"line":32,"column":3}},"loc":{"start":{"line":32,"column":55},"end":{"line":38,"column":3}},"line":32},"1":{"name":"(anonymous_1)","decl":{"start":{"line":41,"column":2},"end":{"line":41,"column":3}},"loc":{"start":{"line":41,"column":26},"end":{"line":62,"column":3}},"line":41},"2":{"name":"(anonymous_2)","decl":{"start":{"line":54,"column":28},"end":{"line":54,"column":29}},"loc":{"start":{"line":54,"column":36},"end":{"line":54,"column":117}},"line":54},"3":{"name":"(anonymous_3)","decl":{"start":{"line":61,"column":24},"end":{"line":61,"column":25}},"loc":{"start":{"line":61,"column":32},"end":{"line":61,"column":90}},"line":61}},"branchMap":{"0":{"loc":{"start":{"line":37,"column":17},"end":{"line":37,"column":43}},"type":"binary-expr","locations":[{"start":{"line":37,"column":17},"end":{"line":37,"column":22}},{"start":{"line":37,"column":26},"end":{"line":37,"column":43}}],"line":37},"1":{"loc":{"start":{"line":42,"column":16},"end":{"line":42,"column":85}},"type":"cond-expr","locations":[{"start":{"line":42,"column":53},"end":{"line":42,"column":70}},{"start":{"line":42,"column":73},"end":{"line":42,"column":85}}],"line":42},"2":{"loc":{"start":{"line":43,"column":21},"end":{"line":43,"column":53}},"type":"cond-expr","locations":[{"start":{"line":43,"column":42},"end":{"line":43,"column":45}},{"start":{"line":43,"column":48},"end":{"line":43,"column":53}}],"line":43},"3":{"loc":{"start":{"line":48,"column":4},"end":{"line":59,"column":5}},"type":"if","locations":[{"start":{"line":48,"column":4},"end":{"line":59,"column":5}},{"start":{},"end":{}}],"line":48},"4":{"loc":{"start":{"line":53,"column":6},"end":{"line":55,"column":7}},"type":"if","locations":[{"start":{"line":53,"column":6},"end":{"line":55,"column":7}},{"start":{},"end":{}}],"line":53},"5":{"loc":{"start":{"line":54,"column":36},"end":{"line":54,"column":117}},"type":"cond-expr","locations":[{"start":{"line":54,"column":62},"end":{"line":54,"column":111}},{"start":{"line":54,"column":114},"end":{"line":54,"column":117}}],"line":54},"6":{"loc":{"start":{"line":61,"column":32},"end":{"line":61,"column":90}},"type":"cond-expr","locations":[{"start":{"line":61,"column":58},"end":{"line":61,"column":84}},{"start":{"line":61,"column":87},"end":{"line":61,"column":90}}],"line":61}},"s":{"0":7,"1":7,"2":7,"3":7,"4":7,"5":7,"6":7,"7":7,"8":7,"9":7,"10":2,"11":2,"12":0,"13":0,"14":2,"15":7,"16":7},"f":{"0":7,"1":7,"2":0,"3":7},"b":{"0":[7,2],"1":[0,7],"2":[0,7],"3":[2,5],"4":[0,2],"5":[0,0],"6":[7,0]},"_coverageSchema":"1a1c01bbd47fc00a2c39e90264f33305004495a9","hash":"12e59c7fea74ebfe759794bb6ffad6308713da51"}
,"C:\\Users\\tangpeng\\Desktop\\研一课程\\开源实战\\project\\giteeversion\\inula\\packages\\inula-intl\\src\\format\\fomatters\\SelectFormatter.ts": {"path":"C:\\Users\\tangpeng\\Desktop\\研一课程\\开源实战\\project\\giteeversion\\inula\\packages\\inula-intl\\src\\format\\fomatters\\SelectFormatter.ts","statementMap":{"0":{"start":{"line":30,"column":4},"end":{"line":30,"column":25}},"1":{"start":{"line":31,"column":4},"end":{"line":31,"column":23}},"2":{"start":{"line":35,"column":4},"end":{"line":46,"column":5}},"3":{"start":{"line":37,"column":23},"end":{"line":37,"column":86}},"4":{"start":{"line":40,"column":6},"end":{"line":42,"column":7}},"5":{"start":{"line":41,"column":8},"end":{"line":41,"column":87}},"6":{"start":{"line":45,"column":6},"end":{"line":45,"column":42}},"7":{"start":{"line":48,"column":4},"end":{"line":48,"column":39}}},"fnMap":{"0":{"name":"(anonymous_0)","decl":{"start":{"line":29,"column":2},"end":{"line":29,"column":3}},"loc":{"start":{"line":29,"column":29},"end":{"line":32,"column":3}},"line":29},"1":{"name":"(anonymous_1)","decl":{"start":{"line":34,"column":2},"end":{"line":34,"column":3}},"loc":{"start":{"line":34,"column":24},"end":{"line":49,"column":3}},"line":34}},"branchMap":{"0":{"loc":{"start":{"line":35,"column":4},"end":{"line":46,"column":5}},"type":"if","locations":[{"start":{"line":35,"column":4},"end":{"line":46,"column":5}},{"start":{},"end":{}}],"line":35},"1":{"loc":{"start":{"line":40,"column":6},"end":{"line":42,"column":7}},"type":"if","locations":[{"start":{"line":40,"column":6},"end":{"line":42,"column":7}},{"start":{},"end":{}}],"line":40},"2":{"loc":{"start":{"line":41,"column":15},"end":{"line":41,"column":86}},"type":"binary-expr","locations":[{"start":{"line":41,"column":15},"end":{"line":41,"column":49}},{"start":{"line":41,"column":53},"end":{"line":41,"column":86}}],"line":41},"3":{"loc":{"start":{"line":48,"column":11},"end":{"line":48,"column":38}},"type":"binary-expr","locations":[{"start":{"line":48,"column":11},"end":{"line":48,"column":23}},{"start":{"line":48,"column":27},"end":{"line":48,"column":38}}],"line":48}},"s":{"0":2,"1":2,"2":2,"3":0,"4":0,"5":0,"6":0,"7":2},"f":{"0":2,"1":2},"b":{"0":[0,2],"1":[0,0],"2":[0,0],"3":[2,1]},"_coverageSchema":"1a1c01bbd47fc00a2c39e90264f33305004495a9","hash":"0e66cd2a4a83ae0c90581ada1cb0b467e6d1d49a"}
,"C:\\Users\\tangpeng\\Desktop\\研一课程\\开源实战\\project\\giteeversion\\inula\\packages\\inula-intl\\src\\parser\\Lexer.ts": {"path":"C:\\Users\\tangpeng\\Desktop\\研一课程\\开源实战\\project\\giteeversion\\inula\\packages\\inula-intl\\src\\parser\\Lexer.ts","statementMap":{"0":{"start":{"line":22,"column":27},"end":{"line":22,"column":29}},"1":{"start":{"line":23,"column":28},"end":{"line":23,"column":30}},"2":{"start":{"line":24,"column":26},"end":{"line":24,"column":27}},"3":{"start":{"line":25,"column":25},"end":{"line":25,"column":26}},"4":{"start":{"line":26,"column":24},"end":{"line":26,"column":25}},"5":{"start":{"line":27,"column":31},"end":{"line":27,"column":33}},"6":{"start":{"line":28,"column":26},"end":{"line":28,"column":28}},"7":{"start":{"line":29,"column":29},"end":{"line":29,"column":31}},"8":{"start":{"line":32,"column":25},"end":{"line":32,"column":27}},"9":{"start":{"line":33,"column":39},"end":{"line":33,"column":41}},"10":{"start":{"line":34,"column":26},"end":{"line":34,"column":28}},"11":{"start":{"line":37,"column":4},"end":{"line":37,"column":33}},"12":{"start":{"line":38,"column":4},"end":{"line":38,"column":27}},"13":{"start":{"line":39,"column":4},"end":{"line":39,"column":21}},"14":{"start":{"line":40,"column":4},"end":{"line":40,"column":20}},"15":{"start":{"line":41,"column":4},"end":{"line":41,"column":17}},"16":{"start":{"line":45,"column":4},"end":{"line":45,"column":29}},"17":{"start":{"line":46,"column":4},"end":{"line":46,"column":19}},"18":{"start":{"line":47,"column":4},"end":{"line":47,"column":18}},"19":{"start":{"line":48,"column":4},"end":{"line":48,"column":17}},"20":{"start":{"line":49,"column":4},"end":{"line":49,"column":25}},"21":{"start":{"line":50,"column":4},"end":{"line":50,"column":35}},"22":{"start":{"line":51,"column":4},"end":{"line":51,"column":20}},"23":{"start":{"line":52,"column":4},"end":{"line":52,"column":16}},"24":{"start":{"line":56,"column":4},"end":{"line":58,"column":5}},"25":{"start":{"line":57,"column":6},"end":{"line":57,"column":13}},"26":{"start":{"line":59,"column":4},"end":{"line":59,"column":23}},"27":{"start":{"line":60,"column":17},"end":{"line":60,"column":35}},"28":{"start":{"line":61,"column":4},"end":{"line":61,"column":30}},"29":{"start":{"line":62,"column":4},"end":{"line":62,"column":28}},"30":{"start":{"line":63,"column":4},"end":{"line":63,"column":30}},"31":{"start":{"line":64,"column":4},"end":{"line":64,"column":26}},"32":{"start":{"line":68,"column":4},"end":{"line":68,"column":44}},"33":{"start":{"line":72,"column":4},"end":{"line":72,"column":32}},"34":{"start":{"line":73,"column":4},"end":{"line":73,"column":25}},"35":{"start":{"line":77,"column":23},"end":{"line":77,"column":41}},"36":{"start":{"line":78,"column":4},"end":{"line":82,"column":5}},"37":{"start":{"line":78,"column":17},"end":{"line":78,"column":18}},"38":{"start":{"line":79,"column":6},"end":{"line":81,"column":7}},"39":{"start":{"line":80,"column":8},"end":{"line":80,"column":30}},"40":{"start":{"line":83,"column":4},"end":{"line":83,"column":58}},"41":{"start":{"line":87,"column":4},"end":{"line":87,"column":22}},"42":{"start":{"line":92,"column":18},"end":{"line":92,"column":28}},"43":{"start":{"line":94,"column":4},"end":{"line":99,"column":5}},"44":{"start":{"line":95,"column":20},"end":{"line":95,"column":75}},"45":{"start":{"line":96,"column":6},"end":{"line":96,"column":30}},"46":{"start":{"line":97,"column":6},"end":{"line":97,"column":27}},"47":{"start":{"line":98,"column":6},"end":{"line":98,"column":19}},"48":{"start":{"line":101,"column":19},"end":{"line":101,"column":30}},"49":{"start":{"line":102,"column":4},"end":{"line":104,"column":5}},"50":{"start":{"line":103,"column":6},"end":{"line":103,"column":13}},"51":{"start":{"line":106,"column":22},"end":{"line":106,"column":57}},"52":{"start":{"line":107,"column":4},"end":{"line":109,"column":5}},"53":{"start":{"line":108,"column":6},"end":{"line":108,"column":67}},"54":{"start":{"line":112,"column":19},"end":{"line":112,"column":30}},"55":{"start":{"line":113,"column":4},"end":{"line":113,"column":29}},"56":{"start":{"line":114,"column":18},"end":{"line":114,"column":42}},"57":{"start":{"line":116,"column":18},"end":{"line":116,"column":28}},"58":{"start":{"line":117,"column":4},"end":{"line":119,"column":5}},"59":{"start":{"line":118,"column":6},"end":{"line":118,"column":77}},"60":{"start":{"line":121,"column":18},"end":{"line":121,"column":38}},"61":{"start":{"line":122,"column":17},"end":{"line":122,"column":25}},"62":{"start":{"line":124,"column":4},"end":{"line":128,"column":5}},"63":{"start":{"line":125,"column":6},"end":{"line":125,"column":31}},"64":{"start":{"line":126,"column":6},"end":{"line":126,"column":29}},"65":{"start":{"line":127,"column":6},"end":{"line":127,"column":75}},"66":{"start":{"line":130,"column":4},"end":{"line":130,"column":45}},"67":{"start":{"line":141,"column":18},"end":{"line":141,"column":19}},"68":{"start":{"line":142,"column":15},"end":{"line":142,"column":16}},"69":{"start":{"line":143,"column":4},"end":{"line":153,"column":5}},"70":{"start":{"line":144,"column":22},"end":{"line":144,"column":27}},"71":{"start":{"line":145,"column":6},"end":{"line":152,"column":7}},"72":{"start":{"line":146,"column":8},"end":{"line":146,"column":20}},"73":{"start":{"line":148,"column":8},"end":{"line":151,"column":9}},"74":{"start":{"line":149,"column":10},"end":{"line":149,"column":20}},"75":{"start":{"line":150,"column":10},"end":{"line":150,"column":35}},"76":{"start":{"line":155,"column":18},"end":{"line":164,"column":5}},"77":{"start":{"line":166,"column":17},"end":{"line":166,"column":28}},"78":{"start":{"line":167,"column":4},"end":{"line":167,"column":23}},"79":{"start":{"line":168,"column":4},"end":{"line":168,"column":25}},"80":{"start":{"line":169,"column":4},"end":{"line":173,"column":5}},"81":{"start":{"line":170,"column":6},"end":{"line":170,"column":33}},"82":{"start":{"line":172,"column":6},"end":{"line":172,"column":23}},"83":{"start":{"line":175,"column":4},"end":{"line":177,"column":5}},"84":{"start":{"line":176,"column":6},"end":{"line":176,"column":41}},"85":{"start":{"line":179,"column":4},"end":{"line":185,"column":5}},"86":{"start":{"line":180,"column":6},"end":{"line":180,"column":22}},"87":{"start":{"line":181,"column":11},"end":{"line":185,"column":5}},"88":{"start":{"line":182,"column":6},"end":{"line":182,"column":33}},"89":{"start":{"line":183,"column":11},"end":{"line":185,"column":5}},"90":{"start":{"line":184,"column":6},"end":{"line":184,"column":32}},"91":{"start":{"line":187,"column":4},"end":{"line":187,"column":17}},"92":{"start":{"line":192,"column":4},"end":{"line":197,"column":6}},"93":{"start":{"line":194,"column":22},"end":{"line":194,"column":33}},"94":{"start":{"line":195,"column":8},"end":{"line":195,"column":67}},"95":{"start":{"line":201,"column":17},"end":{"line":205,"column":90}},"96":{"start":{"line":203,"column":24},"end":{"line":203,"column":43}},"97":{"start":{"line":205,"column":25},"end":{"line":205,"column":89}}},"fnMap":{"0":{"name":"(anonymous_0)","decl":{"start":{"line":36,"column":2},"end":{"line":36,"column":3}},"loc":{"start":{"line":36,"column":65},"end":{"line":42,"column":3}},"line":36},"1":{"name":"(anonymous_1)","decl":{"start":{"line":44,"column":2},"end":{"line":44,"column":3}},"loc":{"start":{"line":44,"column":30},"end":{"line":53,"column":3}},"line":44},"2":{"name":"(anonymous_2)","decl":{"start":{"line":55,"column":2},"end":{"line":55,"column":3}},"loc":{"start":{"line":55,"column":34},"end":{"line":65,"column":3}},"line":55},"3":{"name":"(anonymous_3)","decl":{"start":{"line":67,"column":2},"end":{"line":67,"column":3}},"loc":{"start":{"line":67,"column":21},"end":{"line":69,"column":3}},"line":67},"4":{"name":"(anonymous_4)","decl":{"start":{"line":71,"column":2},"end":{"line":71,"column":3}},"loc":{"start":{"line":71,"column":35},"end":{"line":74,"column":3}},"line":71},"5":{"name":"(anonymous_5)","decl":{"start":{"line":76,"column":2},"end":{"line":76,"column":3}},"loc":{"start":{"line":76,"column":47},"end":{"line":84,"column":3}},"line":76},"6":{"name":"(anonymous_6)","decl":{"start":{"line":86,"column":2},"end":{"line":86,"column":3}},"loc":{"start":{"line":86,"column":26},"end":{"line":88,"column":3}},"line":86},"7":{"name":"(anonymous_7)","decl":{"start":{"line":91,"column":2},"end":{"line":91,"column":3}},"loc":{"start":{"line":91,"column":16},"end":{"line":131,"column":3}},"line":91},"8":{"name":"(anonymous_8)","decl":{"start":{"line":140,"column":2},"end":{"line":140,"column":3}},"loc":{"start":{"line":140,"column":61},"end":{"line":188,"column":3}},"line":140},"9":{"name":"(anonymous_9)","decl":{"start":{"line":191,"column":2},"end":{"line":191,"column":3}},"loc":{"start":{"line":191,"column":22},"end":{"line":198,"column":3}},"line":191},"10":{"name":"(anonymous_10)","decl":{"start":{"line":193,"column":12},"end":{"line":193,"column":13}},"loc":{"start":{"line":193,"column":37},"end":{"line":196,"column":7}},"line":193},"11":{"name":"(anonymous_11)","decl":{"start":{"line":203,"column":4},"end":{"line":203,"column":5}},"loc":{"start":{"line":203,"column":24},"end":{"line":203,"column":43}},"line":203},"12":{"name":"(anonymous_12)","decl":{"start":{"line":205,"column":4},"end":{"line":205,"column":5}},"loc":{"start":{"line":205,"column":25},"end":{"line":205,"column":89}},"line":205}},"branchMap":{"0":{"loc":{"start":{"line":45,"column":18},"end":{"line":45,"column":28}},"type":"binary-expr","locations":[{"start":{"line":45,"column":18},"end":{"line":45,"column":22}},{"start":{"line":45,"column":26},"end":{"line":45,"column":28}}],"line":45},"1":{"loc":{"start":{"line":56,"column":4},"end":{"line":58,"column":5}},"type":"if","locations":[{"start":{"line":56,"column":4},"end":{"line":58,"column":5}},{"start":{},"end":{}}],"line":56},"2":{"loc":{"start":{"line":56,"column":8},"end":{"line":56,"column":38}},"type":"binary-expr","locations":[{"start":{"line":56,"column":8},"end":{"line":56,"column":14}},{"start":{"line":56,"column":18},"end":{"line":56,"column":38}}],"line":56},"3":{"loc":{"start":{"line":79,"column":6},"end":{"line":81,"column":7}},"type":"if","locations":[{"start":{"line":79,"column":6},"end":{"line":81,"column":7}},{"start":{},"end":{}}],"line":79},"4":{"loc":{"start":{"line":94,"column":4},"end":{"line":99,"column":5}},"type":"if","locations":[{"start":{"line":94,"column":4},"end":{"line":99,"column":5}},{"start":{},"end":{}}],"line":94},"5":{"loc":{"start":{"line":102,"column":4},"end":{"line":104,"column":5}},"type":"if","locations":[{"start":{"line":102,"column":4},"end":{"line":104,"column":5}},{"start":{},"end":{}}],"line":102},"6":{"loc":{"start":{"line":107,"column":4},"end":{"line":109,"column":5}},"type":"if","locations":[{"start":{"line":107,"column":4},"end":{"line":109,"column":5}},{"start":{},"end":{}}],"line":107},"7":{"loc":{"start":{"line":117,"column":4},"end":{"line":119,"column":5}},"type":"if","locations":[{"start":{"line":117,"column":4},"end":{"line":119,"column":5}},{"start":{},"end":{}}],"line":117},"8":{"loc":{"start":{"line":124,"column":4},"end":{"line":128,"column":5}},"type":"if","locations":[{"start":{"line":124,"column":4},"end":{"line":128,"column":5}},{"start":{},"end":{}}],"line":124},"9":{"loc":{"start":{"line":124,"column":8},"end":{"line":124,"column":48}},"type":"binary-expr","locations":[{"start":{"line":124,"column":8},"end":{"line":124,"column":23}},{"start":{"line":124,"column":27},"end":{"line":124,"column":48}}],"line":124},"10":{"loc":{"start":{"line":143,"column":4},"end":{"line":153,"column":5}},"type":"if","locations":[{"start":{"line":143,"column":4},"end":{"line":153,"column":5}},{"start":{},"end":{}}],"line":143},"11":{"loc":{"start":{"line":145,"column":6},"end":{"line":152,"column":7}},"type":"if","locations":[{"start":{"line":145,"column":6},"end":{"line":152,"column":7}},{"start":{"line":147,"column":13},"end":{"line":152,"column":7}}],"line":145},"12":{"loc":{"start":{"line":156,"column":12},"end":{"line":156,"column":87}},"type":"binary-expr","locations":[{"start":{"line":156,"column":13},"end":{"line":156,"column":45}},{"start":{"line":156,"column":49},"end":{"line":156,"column":65}},{"start":{"line":156,"column":70},"end":{"line":156,"column":87}}],"line":156},"13":{"loc":{"start":{"line":157,"column":13},"end":{"line":157,"column":73}},"type":"cond-expr","locations":[{"start":{"line":157,"column":49},"end":{"line":157,"column":66}},{"start":{"line":157,"column":69},"end":{"line":157,"column":73}}],"line":157},"14":{"loc":{"start":{"line":169,"column":4},"end":{"line":173,"column":5}},"type":"if","locations":[{"start":{"line":169,"column":4},"end":{"line":173,"column":5}},{"start":{"line":171,"column":11},"end":{"line":173,"column":5}}],"line":169},"15":{"loc":{"start":{"line":175,"column":4},"end":{"line":177,"column":5}},"type":"if","locations":[{"start":{"line":175,"column":4},"end":{"line":177,"column":5}},{"start":{},"end":{}}],"line":175},"16":{"loc":{"start":{"line":179,"column":4},"end":{"line":185,"column":5}},"type":"if","locations":[{"start":{"line":179,"column":4},"end":{"line":185,"column":5}},{"start":{"line":181,"column":11},"end":{"line":185,"column":5}}],"line":179},"17":{"loc":{"start":{"line":181,"column":11},"end":{"line":185,"column":5}},"type":"if","locations":[{"start":{"line":181,"column":11},"end":{"line":185,"column":5}},{"start":{"line":183,"column":11},"end":{"line":185,"column":5}}],"line":181},"18":{"loc":{"start":{"line":183,"column":11},"end":{"line":185,"column":5}},"type":"if","locations":[{"start":{"line":183,"column":11},"end":{"line":185,"column":5}},{"start":{},"end":{}}],"line":183},"19":{"loc":{"start":{"line":201,"column":17},"end":{"line":205,"column":90}},"type":"cond-expr","locations":[{"start":{"line":203,"column":4},"end":{"line":203,"column":43}},{"start":{"line":205,"column":4},"end":{"line":205,"column":90}}],"line":201},"20":{"loc":{"start":{"line":205,"column":25},"end":{"line":205,"column":89}},"type":"cond-expr","locations":[{"start":{"line":205,"column":63},"end":{"line":205,"column":67}},{"start":{"line":205,"column":70},"end":{"line":205,"column":89}}],"line":205}},"s":{"0":11,"1":11,"2":11,"3":11,"4":11,"5":11,"6":11,"7":11,"8":11,"9":11,"10":11,"11":11,"12":11,"13":11,"14":11,"15":11,"16":22,"17":22,"18":22,"19":22,"20":22,"21":22,"22":22,"23":22,"24":62,"25":11,"26":51,"27":51,"28":51,"29":51,"30":51,"31":51,"32":18,"33":18,"34":18,"35":66,"36":66,"37":66,"38":232,"39":66,"40":0,"41":0,"42":77,"43":77,"44":0,"45":0,"46":0,"47":0,"48":77,"49":77,"50":11,"51":66,"52":66,"53":0,"54":66,"55":66,"56":66,"57":66,"58":66,"59":0,"60":66,"61":66,"62":66,"63":0,"64":0,"65":0,"66":66,"67":66,"68":66,"69":66,"70":46,"71":46,"72":0,"73":46,"74":0,"75":0,"76":66,"77":66,"78":66,"79":66,"80":66,"81":0,"82":66,"83":66,"84":0,"85":66,"86":18,"87":48,"88":18,"89":30,"90":4,"91":66,"92":24,"93":68,"94":68,"95":11,"96":66,"97":0},"f":{"0":11,"1":22,"2":62,"3":18,"4":18,"5":66,"6":0,"7":77,"8":66,"9":24,"10":68,"11":66,"12":0},"b":{"0":[22,11],"1":[11,51],"2":[62,62],"3":[66,166],"4":[0,77],"5":[11,66],"6":[0,66],"7":[0,66],"8":[0,66],"9":[66,0],"10":[46,20],"11":[0,46],"12":[66,0,66],"13":[26,40],"14":[0,66],"15":[0,66],"16":[18,48],"17":[18,30],"18":[4,26],"19":[11,0],"20":[0,0]},"_coverageSchema":"1a1c01bbd47fc00a2c39e90264f33305004495a9","hash":"7ab7511a2447c9e479f09db308475bb321b94671"}
,"C:\\Users\\tangpeng\\Desktop\\研一课程\\开源实战\\project\\giteeversion\\inula\\packages\\inula-intl\\src\\parser\\mappingRule.ts": {"path":"C:\\Users\\tangpeng\\Desktop\\研一课程\\开源实战\\project\\giteeversion\\inula\\packages\\inula-intl\\src\\parser\\mappingRule.ts","statementMap":{"0":{"start":{"line":16,"column":34},"end":{"line":32,"column":1}},"1":{"start":{"line":17,"column":42},"end":{"line":17,"column":45}},"2":{"start":{"line":21,"column":18},"end":{"line":21,"column":54}},"3":{"start":{"line":27,"column":18},"end":{"line":27,"column":41}},"4":{"start":{"line":34,"column":33},"end":{"line":53,"column":1}},"5":{"start":{"line":39,"column":18},"end":{"line":39,"column":42}},"6":{"start":{"line":45,"column":18},"end":{"line":45,"column":42}},"7":{"start":{"line":50,"column":18},"end":{"line":50,"column":41}},"8":{"start":{"line":55,"column":36},"end":{"line":68,"column":1}},"9":{"start":{"line":59,"column":18},"end":{"line":59,"column":42}},"10":{"start":{"line":65,"column":18},"end":{"line":65,"column":59}},"11":{"start":{"line":70,"column":48},"end":{"line":74,"column":1}}},"fnMap":{"0":{"name":"(anonymous_0)","decl":{"start":{"line":17,"column":36},"end":{"line":17,"column":37}},"loc":{"start":{"line":17,"column":42},"end":{"line":17,"column":45}},"line":17},"1":{"name":"(anonymous_1)","decl":{"start":{"line":21,"column":11},"end":{"line":21,"column":12}},"loc":{"start":{"line":21,"column":18},"end":{"line":21,"column":54}},"line":21},"2":{"name":"(anonymous_2)","decl":{"start":{"line":27,"column":11},"end":{"line":27,"column":12}},"loc":{"start":{"line":27,"column":18},"end":{"line":27,"column":41}},"line":27},"3":{"name":"(anonymous_3)","decl":{"start":{"line":39,"column":11},"end":{"line":39,"column":12}},"loc":{"start":{"line":39,"column":18},"end":{"line":39,"column":42}},"line":39},"4":{"name":"(anonymous_4)","decl":{"start":{"line":45,"column":11},"end":{"line":45,"column":12}},"loc":{"start":{"line":45,"column":18},"end":{"line":45,"column":42}},"line":45},"5":{"name":"(anonymous_5)","decl":{"start":{"line":50,"column":11},"end":{"line":50,"column":12}},"loc":{"start":{"line":50,"column":18},"end":{"line":50,"column":41}},"line":50},"6":{"name":"(anonymous_6)","decl":{"start":{"line":59,"column":11},"end":{"line":59,"column":12}},"loc":{"start":{"line":59,"column":18},"end":{"line":59,"column":42}},"line":59},"7":{"name":"(anonymous_7)","decl":{"start":{"line":65,"column":11},"end":{"line":65,"column":12}},"loc":{"start":{"line":65,"column":18},"end":{"line":65,"column":59}},"line":65}},"branchMap":{},"s":{"0":11,"1":2,"2":1,"3":9,"4":11,"5":4,"6":0,"7":0,"8":11,"9":1,"10":9,"11":11},"f":{"0":2,"1":1,"2":9,"3":4,"4":0,"5":0,"6":1,"7":9},"b":{},"_coverageSchema":"1a1c01bbd47fc00a2c39e90264f33305004495a9","hash":"132fef1841214c82a916a18832e625fafacefd56"}
,"C:\\Users\\tangpeng\\Desktop\\研一课程\\开源实战\\project\\giteeversion\\inula\\packages\\inula-intl\\src\\parser\\parseMappingRule.ts": {"path":"C:\\Users\\tangpeng\\Desktop\\研一课程\\开源实战\\project\\giteeversion\\inula\\packages\\inula-intl\\src\\parser\\parseMappingRule.ts","statementMap":{"0":{"start":{"line":21,"column":25},"end":{"line":21,"column":99}},"1":{"start":{"line":25,"column":46},"end":{"line":25,"column":50}},"2":{"start":{"line":26,"column":23},"end":{"line":26,"column":25}},"3":{"start":{"line":27,"column":28},"end":{"line":27,"column":32}},"4":{"start":{"line":28,"column":36},"end":{"line":28,"column":40}},"5":{"start":{"line":29,"column":40},"end":{"line":29,"column":42}},"6":{"start":{"line":30,"column":26},"end":{"line":30,"column":28}},"7":{"start":{"line":33,"column":2},"end":{"line":33,"column":51}},"8":{"start":{"line":35,"column":2},"end":{"line":80,"column":3}},"9":{"start":{"line":35,"column":15},"end":{"line":35,"column":16}},"10":{"start":{"line":36,"column":20},"end":{"line":36,"column":28}},"11":{"start":{"line":37,"column":4},"end":{"line":39,"column":5}},"12":{"start":{"line":38,"column":6},"end":{"line":38,"column":73}},"13":{"start":{"line":41,"column":4},"end":{"line":41,"column":61}},"14":{"start":{"line":43,"column":18},"end":{"line":43,"column":39}},"15":{"start":{"line":44,"column":4},"end":{"line":47,"column":5}},"16":{"start":{"line":46,"column":6},"end":{"line":46,"column":40}},"17":{"start":{"line":50,"column":4},"end":{"line":52,"column":5}},"18":{"start":{"line":51,"column":6},"end":{"line":51,"column":44}},"19":{"start":{"line":54,"column":4},"end":{"line":56,"column":5}},"20":{"start":{"line":55,"column":6},"end":{"line":55,"column":15}},"21":{"start":{"line":57,"column":4},"end":{"line":57,"column":23}},"22":{"start":{"line":59,"column":4},"end":{"line":59,"column":25}},"23":{"start":{"line":62,"column":4},"end":{"line":62,"column":60}},"24":{"start":{"line":64,"column":16},"end":{"line":64,"column":66}},"25":{"start":{"line":65,"column":19},"end":{"line":65,"column":34}},"26":{"start":{"line":66,"column":4},"end":{"line":68,"column":5}},"27":{"start":{"line":67,"column":6},"end":{"line":67,"column":61}},"28":{"start":{"line":69,"column":23},"end":{"line":69,"column":50}},"29":{"start":{"line":70,"column":4},"end":{"line":72,"column":5}},"30":{"start":{"line":71,"column":6},"end":{"line":71,"column":90}},"31":{"start":{"line":75,"column":4},"end":{"line":77,"column":5}},"32":{"start":{"line":76,"column":6},"end":{"line":76,"column":68}},"33":{"start":{"line":79,"column":4},"end":{"line":79,"column":45}},"34":{"start":{"line":83,"column":23},"end":{"line":83,"column":54}},"35":{"start":{"line":84,"column":14},"end":{"line":84,"column":68}},"36":{"start":{"line":85,"column":17},"end":{"line":85,"column":67}},"37":{"start":{"line":87,"column":2},"end":{"line":89,"column":3}},"38":{"start":{"line":88,"column":4},"end":{"line":88,"column":17}},"39":{"start":{"line":90,"column":19},"end":{"line":90,"column":75}},"40":{"start":{"line":92,"column":2},"end":{"line":97,"column":4}},"41":{"start":{"line":101,"column":16},"end":{"line":101,"column":51}},"42":{"start":{"line":102,"column":2},"end":{"line":104,"column":3}},"43":{"start":{"line":103,"column":4},"end":{"line":103,"column":45}},"44":{"start":{"line":105,"column":2},"end":{"line":107,"column":3}},"45":{"start":{"line":106,"column":4},"end":{"line":106,"column":51}},"46":{"start":{"line":112,"column":15},"end":{"line":112,"column":54}},"47":{"start":{"line":114,"column":2},"end":{"line":116,"column":3}},"48":{"start":{"line":115,"column":4},"end":{"line":115,"column":25}},"49":{"start":{"line":119,"column":18},"end":{"line":122,"column":8}},"50":{"start":{"line":120,"column":4},"end":{"line":120,"column":52}},"51":{"start":{"line":121,"column":4},"end":{"line":121,"column":15}},"52":{"start":{"line":125,"column":2},"end":{"line":154,"column":3}},"53":{"start":{"line":125,"column":15},"end":{"line":125,"column":16}},"54":{"start":{"line":126,"column":16},"end":{"line":126,"column":23}},"55":{"start":{"line":127,"column":18},"end":{"line":127,"column":30}},"56":{"start":{"line":128,"column":21},"end":{"line":128,"column":23}},"57":{"start":{"line":130,"column":4},"end":{"line":153,"column":5}},"58":{"start":{"line":130,"column":17},"end":{"line":130,"column":18}},"59":{"start":{"line":131,"column":19},"end":{"line":131,"column":27}},"60":{"start":{"line":132,"column":6},"end":{"line":134,"column":7}},"61":{"start":{"line":133,"column":8},"end":{"line":133,"column":17}},"62":{"start":{"line":136,"column":21},"end":{"line":136,"column":27}},"63":{"start":{"line":137,"column":6},"end":{"line":150,"column":7}},"64":{"start":{"line":138,"column":8},"end":{"line":138,"column":38}},"65":{"start":{"line":139,"column":25},"end":{"line":139,"column":46}},"66":{"start":{"line":141,"column":8},"end":{"line":143,"column":9}},"67":{"start":{"line":142,"column":10},"end":{"line":142,"column":73}},"68":{"start":{"line":145,"column":8},"end":{"line":149,"column":11}},"69":{"start":{"line":146,"column":10},"end":{"line":148,"column":11}},"70":{"start":{"line":147,"column":12},"end":{"line":147,"column":33}},"71":{"start":{"line":151,"column":6},"end":{"line":151,"column":40}},"72":{"start":{"line":152,"column":6},"end":{"line":152,"column":10}},"73":{"start":{"line":156,"column":26},"end":{"line":156,"column":28}},"74":{"start":{"line":159,"column":2},"end":{"line":161,"column":5}},"75":{"start":{"line":160,"column":4},"end":{"line":160,"column":58}},"76":{"start":{"line":164,"column":2},"end":{"line":174,"column":5}},"77":{"start":{"line":165,"column":18},"end":{"line":165,"column":39}},"78":{"start":{"line":166,"column":19},"end":{"line":166,"column":31}},"79":{"start":{"line":167,"column":4},"end":{"line":169,"column":7}},"80":{"start":{"line":168,"column":6},"end":{"line":168,"column":52}},"81":{"start":{"line":170,"column":21},"end":{"line":170,"column":59}},"82":{"start":{"line":171,"column":4},"end":{"line":173,"column":7}},"83":{"start":{"line":172,"column":6},"end":{"line":172,"column":66}},"84":{"start":{"line":176,"column":2},"end":{"line":176,"column":48}},"85":{"start":{"line":180,"column":2},"end":{"line":183,"column":3}},"86":{"start":{"line":181,"column":17},"end":{"line":181,"column":30}},"87":{"start":{"line":182,"column":4},"end":{"line":182,"column":39}},"88":{"start":{"line":187,"column":2},"end":{"line":191,"column":3}},"89":{"start":{"line":188,"column":4},"end":{"line":188,"column":51}},"90":{"start":{"line":190,"column":4},"end":{"line":190,"column":74}},"91":{"start":{"line":195,"column":2},"end":{"line":206,"column":3}},"92":{"start":{"line":195,"column":15},"end":{"line":195,"column":16}},"93":{"start":{"line":196,"column":16},"end":{"line":196,"column":24}},"94":{"start":{"line":197,"column":4},"end":{"line":199,"column":5}},"95":{"start":{"line":198,"column":6},"end":{"line":198,"column":15}},"96":{"start":{"line":201,"column":4},"end":{"line":205,"column":5}},"97":{"start":{"line":202,"column":6},"end":{"line
[...]
,"C:\\Users\\tangpeng\\Desktop\\研一课程\\开源实战\\project\\giteeversion\\inula\\packages\\inula-intl\\src\\utils\\parseRuleUtils.ts": {"path":"C:\\Users\\tangpeng\\Desktop\\研一课程\\开源实战\\project\\giteeversion\\inula\\packages\\inula-intl\\src\\utils\\parseRuleUtils.ts","statementMap":{"0":{"start":{"line":17,"column":22},"end":{"line":17,"column":59}},"1":{"start":{"line":18,"column":2},"end":{"line":18,"column":40}},"2":{"start":{"line":21,"column":26},"end":{"line":25,"column":1}},"3":{"start":{"line":22,"column":2},"end":{"line":24,"column":4}},"4":{"start":{"line":23,"column":4},"end":{"line":23,"column":49}},"5":{"start":{"line":27,"column":20},"end":{"line":27,"column":79}},"6":{"start":{"line":27,"column":36},"end":{"line":27,"column":79}},"7":{"start":{"line":29,"column":20},"end":{"line":29,"column":47}},"8":{"start":{"line":31,"column":20},"end":{"line":31,"column":69}},"9":{"start":{"line":31,"column":26},"end":{"line":31,"column":69}},"10":{"start":{"line":35,"column":2},"end":{"line":35,"column":53}},"11":{"start":{"line":40,"column":13},"end":{"line":40,"column":32}},"12":{"start":{"line":41,"column":2},"end":{"line":41,"column":34}},"13":{"start":{"line":46,"column":2},"end":{"line":46,"column":23}},"14":{"start":{"line":51,"column":2},"end":{"line":53,"column":3}},"15":{"start":{"line":52,"column":4},"end":{"line":52,"column":18}},"16":{"start":{"line":54,"column":17},"end":{"line":54,"column":60}},"17":{"start":{"line":54,"column":34},"end":{"line":54,"column":49}},"18":{"start":{"line":55,"column":2},"end":{"line":55,"column":30}},"19":{"start":{"line":59,"column":2},"end":{"line":77,"column":3}},"20":{"start":{"line":60,"column":4},"end":{"line":60,"column":44}},"21":{"start":{"line":61,"column":9},"end":{"line":77,"column":3}},"22":{"start":{"line":62,"column":4},"end":{"line":64,"column":5}},"23":{"start":{"line":63,"column":6},"end":{"line":63,"column":45}},"24":{"start":{"line":65,"column":4},"end":{"line":67,"column":5}},"25":{"start":{"line":66,"column":6},"end":{"line":66,"column":45}},"26":{"start":{"line":68,"column":4},"end":{"line":70,"column":5}},"27":{"start":{"line":69,"column":6},"end":{"line":69,"column":45}},"28":{"start":{"line":71,"column":4},"end":{"line":73,"column":5}},"29":{"start":{"line":72,"column":6},"end":{"line":72,"column":45}},"30":{"start":{"line":74,"column":4},"end":{"line":74,"column":24}},"31":{"start":{"line":76,"column":4},"end":{"line":76,"column":66}},"32":{"start":{"line":81,"column":15},"end":{"line":81,"column":49}},"33":{"start":{"line":84,"column":24},"end":{"line":84,"column":26}},"34":{"start":{"line":86,"column":2},"end":{"line":116,"column":3}},"35":{"start":{"line":86,"column":15},"end":{"line":86,"column":16}},"36":{"start":{"line":87,"column":16},"end":{"line":87,"column":23}},"37":{"start":{"line":88,"column":18},"end":{"line":88,"column":29}},"38":{"start":{"line":91,"column":18},"end":{"line":91,"column":34}},"39":{"start":{"line":94,"column":4},"end":{"line":99,"column":5}},"40":{"start":{"line":95,"column":6},"end":{"line":97,"column":7}},"41":{"start":{"line":95,"column":19},"end":{"line":95,"column":20}},"42":{"start":{"line":96,"column":8},"end":{"line":96,"column":43}},"43":{"start":{"line":98,"column":6},"end":{"line":98,"column":15}},"44":{"start":{"line":102,"column":16},"end":{"line":102,"column":18}},"45":{"start":{"line":103,"column":4},"end":{"line":112,"column":7}},"46":{"start":{"line":104,"column":6},"end":{"line":111,"column":7}},"47":{"start":{"line":106,"column":8},"end":{"line":106,"column":66}},"48":{"start":{"line":106,"column":26},"end":{"line":106,"column":66}},"49":{"start":{"line":107,"column":8},"end":{"line":107,"column":47}},"50":{"start":{"line":108,"column":8},"end":{"line":108,"column":19}},"51":{"start":{"line":110,"column":8},"end":{"line":110,"column":25}},"52":{"start":{"line":115,"column":4},"end":{"line":115,"column":62}},"53":{"start":{"line":115,"column":22},"end":{"line":115,"column":62}},"54":{"start":{"line":117,"column":2},"end":{"line":117,"column":16}},"55":{"start":{"line":121,"column":24},"end":{"line":121,"column":26}},"56":{"start":{"line":123,"column":2},"end":{"line":139,"column":3}},"57":{"start":{"line":123,"column":15},"end":{"line":123,"column":16}},"58":{"start":{"line":124,"column":16},"end":{"line":124,"column":24}},"59":{"start":{"line":127,"column":4},"end":{"line":133,"column":5}},"60":{"start":{"line":128,"column":22},"end":{"line":128,"column":44}},"61":{"start":{"line":129,"column":6},"end":{"line":131,"column":7}},"62":{"start":{"line":129,"column":19},"end":{"line":129,"column":20}},"63":{"start":{"line":130,"column":8},"end":{"line":130,"column":45}},"64":{"start":{"line":132,"column":6},"end":{"line":132,"column":15}},"65":{"start":{"line":135,"column":4},"end":{"line":137,"column":5}},"66":{"start":{"line":136,"column":6},"end":{"line":136,"column":68}},"67":{"start":{"line":138,"column":4},"end":{"line":138,"column":47}},"68":{"start":{"line":141,"column":2},"end":{"line":141,"column":16}},"69":{"start":{"line":146,"column":2},"end":{"line":148,"column":3}},"70":{"start":{"line":147,"column":4},"end":{"line":147,"column":25}},"71":{"start":{"line":151,"column":2},"end":{"line":153,"column":3}},"72":{"start":{"line":152,"column":4},"end":{"line":152,"column":68}},"73":{"start":{"line":156,"column":39},"end":{"line":167,"column":3}},"74":{"start":{"line":169,"column":2},"end":{"line":169,"column":30}},"75":{"start":{"line":171,"column":2},"end":{"line":173,"column":3}},"76":{"start":{"line":172,"column":4},"end":{"line":172,"column":62}},"77":{"start":{"line":175,"column":16},"end":{"line":175,"column":29}},"78":{"start":{"line":176,"column":2},"end":{"line":182,"column":3}},"79":{"start":{"line":177,"column":4},"end":{"line":177,"column":26}},"80":{"start":{"line":178,"column":9},"end":{"line":182,"column":3}},"81":{"start":{"line":179,"column":4},"end":{"line":179,"column":28}},"82":{"start":{"line":181,"column":4},"end":{"line":181,"column":23}},"83":{"start":{"line":183,"column":2},"end":{"line":194,"column":5}},"84":{"start":{"line":185,"column":4},"end":{"line":193,"column":5}},"85":{"start":{"line":186,"column":6},"end":{"line":186,"column":15}},"86":{"start":{"line":187,"column":11},"end":{"line":193,"column":5}},"87":{"start":{"line":188,"column":6},"end":{"line":188,"column":16}},"88":{"start":{"line":189,"column":11},"end":{"line":193,"column":5}},"89":{"start":{"line":190,"column":6},"end":{"line":190,"column":16}},"90":{"start":{"line":192,"column":6},"end":{"line":192,"column":33}},"91":{"start":{"line":196,"column":2},"end":{"line":196,"column":17}},"92":{"start":{"line":200,"column":2},"end":{"line":200,"column":78}},"93":{"start":{"line":203,"column":18},"end":{"line":216,"column":1}}},"fnMap":{"0":{"name":"getType","decl":{"start":{"line":16,"column":9},"end":{"line":16,"column":16}},"loc":{"start":{"line":16,"column":37},"end":{"line":19,"column":1}},"line":16},"1":{"name":"(anonymous_1)","decl":{"start":{"line":21,"column":26},"end":{"line":21,"column":27}},"loc":{"start":{"line":21,"column":44},"end":{"line":25,"column":1}},"line":21},"2":{"name":"(anonymous_2)","decl":{"start":{"line":22,"column":9},"end":{"line":22,"column":10}},"loc":{"start":{"line":22,"column":25},"end":{"line":24,"column":3}},"line":22},"3":{"name":"(anonymous_3)","decl":{"start":{"line":27,"column":20},"end":{"line":27,"column":21}},"loc":{"start":{"line":27,"column":36},"end":{"line":27,"column":79}},"line":27},"4":{"name":"(anonymous_4)","decl":{"start":{"line":31,"column":20},"end":{"line":31,"column":21}},"loc":{"start":{"line":31,"column":26},"end":{"line":31,"column":69}},"line":31},"5":{"name":"transferReg","decl":{"start":{"line":34,"column":9},"end":{"line":34,"column":20}},"loc":{"start":{"line":34,"column":40},"end":{"line":36,"column":1}},"line":34},"6":{"name":"getRegGroups","decl":{"start":{"line":39,"column":9},"end":{"line":39,"column":21}},"loc":{"start":{"line":39,"column":41},"end":{"line":42,"column":1}},"line":39},"7":{"name":"getRegCapture","decl":{"start":{"line":45,"column":9},"end":{"line":45,"column":22}},"loc":{"start":{"line":45,"column":42},"end":{"line":47,"column":1}},"line":45},"8":{"name":"getRegUnion","decl":{"start":{"line":50,"column":9},"end":{"line":50,"column":20}},"loc":{"start":{"line":50,"column":48},"end":{"line":56,"column":1}},"line":50},"9":{"name":"(anonymous_9)","decl":{"start":{"line":54,"column":29},"end":{"line":54,"column":30}},"loc":{"start":{"line":54,"column":34},"end":{"line":54,"column":49}},"line":54},"10":{"name":"getReg","decl":{"start":{"line":58,"column":9},"end":{"line":58,"column":15}},"loc":{"start":{"line":58,"column":61},"end":{"line":78,"column":1}},"line":58},"11":{"name":"getRulesByObject","decl":{"start":{"line":80,"column":9},"end":{"line":80,"column":25}},"loc":{"start":{"line":80,"column":55},"end":{"line":118,"column":1}},"line":80},"12":{"name":"(anonymous_12)","decl":{"start":{"line":103,"column":18},"end":{"line":103,"column":19}},"loc":{"start":{"line":103,"column":34},"end":{"line":112,"column":5}},"line":103},"13":{"name":"getRulesByArray","decl":{"start":{"line":120,"column":9},"end":{"line":120,"column":24}},"loc":{"start":{"line":120,"column":39},"end":{"line":142,"column":1}},"line":120},"14":{"name":"getRuleOptions","decl":{"start":{"line":144,"column":9},"end":{"line":144,"column":23}},"loc":{"start":{"line":144,"column":35},"end":{"line":197,"column":1}},"line":144},"15":{"name":"(anonymous_15)","decl":{"start":{"line":183,"column":21},"end":{"line":183,"column":22}},"loc":{"start":{"line":183,"column":31},"end":{"line":194,"column":3}},"line":183},"16":{"name":"getRules","decl":{"start":{"line":199,"column":9},"end":{"line":199,"column":17}},"loc":{"start":{"line":199,"column":24},"end":{"line":201,"column":1}},"line":199}},"branchMap":{"0":{"loc":{"start":{"line":27,"column":36},"end":{"line":27,"column":79}},"type":"binary-expr","locations":[{"start":{"line":27,"column":36},"end":{"line":27,"column":50}},{"start":{"line":27,"column":54},"end":{"line":27,"column":79}}],"line":27},"1":{"loc":{"start":{"line":51,"column":2},"end":{"line":53,"column":3}},"type":"if","locations":[{"start":{"line":51,"column":2},"end":{"line":53,"column":3}},{"start":{},"end":{}}],"line":51},"2":{"loc":{"start":{"line":59,"column":2},"end":{"line":77,"column":3}},"type":"if","locations":[{"start":{"line":59,"column":2},"end":{"line":77,"column":3}},{"start":{"line":61,"column":9},"end":{"line":77,"column":3}}],"line":59},"3":{"loc":{"start":{"line":61,"column":9},"end":{"line":77,"column":3}},"type":"if","locations":[{"start":{"line":61,"column":9},"end":{"line":77,"column":3}},{"start":{"line":75,"column":9},"end":{"line":77,"column":3}}],"line":61},"4":{"loc":{"start":{"line":61,"column":13},"end":{"line":61,"column":53}},"type":"binary-expr","locations":[{"start":{"line":61,"column":13},"end":{"line":61,"column":31}},{"start":{"line":61,"column":35},"end":{"line":61,"column":53}}],"line":61},"5":{"loc":{"start":{"line":62,"column":4},"end":{"line":64,"column":5}},"type":"if","locations":[{"start":{"line":62,"column":4},"end":{"line":64,"column":5}},{"start":{},"end":{}}],"line":62},"6":{"loc":{"start":{"line":65,"column":4},"end":{"line":67,"column":5}},"type":"if","locations":[{"start":{"line":65,"column":4},"end":{"line":67,"column":5}},{"start":{},"end":{}}],"line":65},"7":{"loc":{"start":{"line":68,"column":4},"end":{"line":70,"column":5}},"type":"if","locations":[{"start":{"line":68,"column":4},"end":{"line":70,"column":5}},{"start":{},"end":{}}],"line":68},"8":{"loc":{"start":{"line":71,"column":4},"end":{"line":73,"column":5}},"type":"if","locations":[{"start":{"line":71,"column":4},"end":{"line":73,"column":5}},{"start":{},"end":{}}],"line":71},"9":{"loc":{"start":{"line":94,"column":4},"end":{"line":99,"column":5}},"type":"if","locations":[{"start":{"line":94,"column":4},"end":{"line":99,"column":5}},{"start":{},"end":{}}],"line":94},"10":{"loc":{"start":{"line":104,"column":6},"end":{"line":111,"column":7}},"type":"if","locations":[{"start":{"line":104,"column":6},"end":{"line":111,"column":7}},{"start":{"line":109,"column":13},"end":{"line":111,"column":7}}],"line":104},"11":{"loc":{"start":{"line":106,"column":8},"end":{"line":106,"column":66}},"type":"if","locations":[{"start":{"line":106,"column":8},"end":{"line":106,"column":66}},{"start":{},"end":{}}],"line":106},"12":{"loc":{"start":{"line":115,"column":4},"end":{"line":115,"column":62}},"type":"if","locations":[{"start":{"line":115,"column":4},"end":{"line":115,"column":62}},{"start":{},"end":{}}],"line":115},"13":{"loc":{"start":{"line":127,"column":4},"end":{"line":133,"column":5}},"type":"if","locations":[{"start":{"line":127,"column":4},"end":{"line":133,"column":5}},{"start":{},"end":{}}],"line":127},"14":{"loc":{"start":{"line":135,"column":4},"end":{"line":137,"column":5}},"type":"if","locations":[{"start":{"line":135,"column":4},"end":{"line":137,"column":5}},{"start":{},"end":{}}],"line":135},"15":{"loc":{"start":{"line":146,"column":2},"end":{"line":148,"column":3}},"type":"if","locations":[{"start":{"line":146,"column":2},"end":{"line":148,"column":3}},{"start":{},"end":{}}],"line":146},"16":{"loc":{"start":{"line":151,"column":2},"end":{"line":153,"column":3}},"type":"if","locations":[{"start":{"line":151,"column":2},"end":{"line":153,"column":3}},{"start":{},"end":{}}],"line":151},"17":{"loc":{"start":{"line":158,"column":16},"end":{"line":158,"column":45}},"type":"binary-expr","locations":[{"start":{"line":158,"column":16},"end":{"line":158,"column":27}},{"start":{"line":158,"column":31},"end":{"line":158,"column":45}}],"line":158},"18":{"loc":{"start":{"line":171,"column":2},"end":{"line":173,"column":3}},"type":"if","locations":[{"start":{"line":171,"column":2},"end":{"line":173,"column":3}},{"start":{},"end":{}}],"line":171},"19":{"loc":{"start":{"line":171,"column":6},"end":{"line":171,"column":63}},"type":"binary-expr","locations":[{"start":{"line":171,"column":6},"end":{"line":171,"column":38}},{"start":{"line":171,"column":42},"end":{"line":171,"column":63}}],"line":171},"20":{"loc":{"start":{"line":176,"column":2},"end":{"line":182,"column":3}},"type":"if","locations":[{"start":{"line":176,"column":2},"end":{"line":182,"column":3}},{"start":{"line":178,"column":9},"end":{"line":182,"column":3}}],"line":176},"21":{"loc":{"start":{"line":178,"column":9},"end":{"line":182,"column":3}},"type":"if","locations":[{"start":{"line":178,"column":9},"end":{"line":182,"column":3}},{"start":{"line":180,"column":9},"end":{"line":182,"column":3}}],"line":178},"22":{"loc":{"start":{"line":185,"column":4},"end":{"line":193,"column":5}},"type":"if","locations":[{"start":{"line":185,"column":4},"end":{"line":193,"column":5}},{"start":{"line":187,"column":11},"end":{"line":193,"column":5}}],"line":185},"23":{"loc":{"start":{"line":185,"column":8},"end":{"line":185,"column":40}},"type":"binary-expr","locations":[{"start":{"line":185,"column":8},"end":{"line":185,"column":22}},{"start":{"line":185,"column":26},"end":{"line":185,"column":40}}],"line":185},"24":{"loc":{"start":{"line":187,"column":11},"end":{"line":193,"column":5}},"type":"if","locations":[{"start":{"line":187,"column":11},"end":{"line":193,"column":5}},{"start":{"line":189,"column":11},"end":{"line":193,"column":5}}],"line":187},"25":{"loc":{"start":{"line":189,"column":11},"end":{"line":193,"column":5}},"type":"if","locations":[{"start":{"line":189,"column":11},"end":{"line":193,"column":5}},{"start":{"line":191,"column":11},"end":{"line":193,"column":5}}],"line":189},"26":{"loc":{"start":{"line":200,"column":9},"end":{"line":200,"column":77}},"type":"cond-expr","locations":[{"start":{"line":200,"column":31},"end":{"line":200,"column":52}},{"start":{"line":200,"column":55},"end":{"line":200,"column":77}}],"line":200}},"s":{"0":257,"1":257,"2":12,"3":12,"4":257,"5":12,"6":318,"7":12,"8":12,"9":77,"10":38,"11":136,"12":136,"13":132,"14":168,"15":1,"16":167,"17":270,"18":167,"19":140,"20":36,"21":104,"22":104,"23":2,"24":102,"25":1,"26":101,"27":1,"28":100,"29":1,"30":99,"31":0,"32":36,"33":36,"34":36,"35":36,"36":147,"37":147,"38":147,"39":147,"40":1,"41":1,"42":2,"43":1,"44":146,"45":146,"46":147,"47":136,"48":0,"49":136,"50":136,"51":11,"52":146,"53":11,"54":36,"55":3,"56":3,"57":3,"58":3,"59":3,"60":2,"61":2,"62":2,"63":3,"64":2,"65":1,"66":1,"67":0,"68":2,"69":166,"70":0,"71":166,"72":1,"73":165,"74":165,"75":165,"76":1,"77":164,"78":164,"79":1,"80":163,"81":139,"82":24,"83":164,"84":8,"85":3,"86":5,"87":2,"88":3,"89":2,"90":1,"91":164,"92":33,"93":12},"f":{"0":257,"1":12,"2":257,"3":318,"4":77,"5":38,"6":136,"7":132,"8":168,"9":270,"10":140,"11":36,"12":147,"13":3,"14":166,"15":8,"16":33},"b":{"0":[318,318],"1":[1,167],"2":[36,104],"3":[104,0],"4":[104,5],"5":[2,102],"6":[1,101],"7":[1,100],"8":[1,99],"9":[1,146],"10":[136,11],"11":[0,136],"12":[11,135],"13":[2,1],"14":[1,0],"15":[0,166],"16":[1,165],"17":[165,163],"18":[1,164],"19":[165,1],"20":[1,163],"21":[139,24],"22":[3,5],"23":[8,5],"24":[2,3],"25":[2,1],"26":[0,33]},"_coverageSchema":"1a1c01bbd47fc00a2c39e90264f33305004495a9","hash":"f204f7fc1102564e8b8fe913fbd3ec191ebdb1fc"}
,"C:\\Users\\tangpeng\\Desktop\\研一课程\\开源实战\\project\\giteeversion\\inula\\packages\\inula-intl\\src\\utils\\utils.ts": {"path":"C:\\Users\\tangpeng\\Desktop\\研一课程\\开源实战\\project\\giteeversion\\inula\\packages\\inula-intl\\src\\utils\\utils.ts","statementMap":{"0":{"start":{"line":23,"column":2},"end":{"line":25,"column":3}},"1":{"start":{"line":24,"column":4},"end":{"line":24,"column":49}},"2":{"start":{"line":29,"column":20},"end":{"line":29,"column":79}},"3":{"start":{"line":30,"column":2},"end":{"line":30,"column":51}},"4":{"start":{"line":34,"column":2},"end":{"line":39,"column":3}},"5":{"start":{"line":35,"column":4},"end":{"line":35,"column":39}},"6":{"start":{"line":37,"column":4},"end":{"line":37,"column":78}},"7":{"start":{"line":38,"column":4},"end":{"line":38,"column":19}},"8":{"start":{"line":42,"column":14},"end":{"line":46,"column":1}}},"fnMap":{"0":{"name":"isVariantI18n","decl":{"start":{"line":22,"column":16},"end":{"line":22,"column":29}},"loc":{"start":{"line":22,"column":43},"end":{"line":26,"column":1}},"line":22},"1":{"name":"generateKey","decl":{"start":{"line":28,"column":9},"end":{"line":28,"column":20}},"loc":{"start":{"line":28,"column":75},"end":{"line":31,"column":1}},"line":28},"2":{"name":"compile","decl":{"start":{"line":33,"column":9},"end":{"line":33,"column":16}},"loc":{"start":{"line":33,"column":51},"end":{"line":40,"column":1}},"line":33}},"branchMap":{"0":{"loc":{"start":{"line":23,"column":2},"end":{"line":25,"column":3}},"type":"if","locations":[{"start":{"line":23,"column":2},"end":{"line":25,"column":3}},{"start":{},"end":{}}],"line":23},"1":{"loc":{"start":{"line":28,"column":53},"end":{"line":28,"column":73}},"type":"default-arg","locations":[{"start":{"line":28,"column":66},"end":{"line":28,"column":73}}],"line":28},"2":{"loc":{"start":{"line":29,"column":20},"end":{"line":29,"column":79}},"type":"cond-expr","locations":[{"start":{"line":29,"column":45},"end":{"line":29,"column":69}},{"start":{"line":29,"column":72},"end":{"line":29,"column":79}}],"line":29}},"s":{"0":0,"1":0,"2":45,"3":45,"4":11,"5":11,"6":0,"7":0,"8":9},"f":{"0":0,"1":45,"2":11},"b":{"0":[0,0],"1":[3],"2":[4,41]},"_coverageSchema":"1a1c01bbd47fc00a2c39e90264f33305004495a9","hash":"dac43eb66b4330539743b43c5bbcb0891aee401d"}
}
