TN:
SF:index.ts
FN:60,defineMessages
FN:64,defineMessage
FNF:2
FNH:2
FNDA:1,defineMessages
FNDA:1,defineMessage
DA:61,1
DA:65,1
LF:2
LH:2
BRF:0
BRH:0
end_of_record
TN:
SF:src\constants\index.ts
FNF:0
FNH:0
DA:21,11
DA:24,11
DA:39,11
DA:50,11
DA:59,11
DA:67,11
DA:70,11
DA:78,11
LF:8
LH:8
BRF:0
BRH:0
end_of_record
TN:
SF:src\core\I18n.ts
FN:32,(anonymous_0)
FN:56,(anonymous_1)
FN:64,(anonymous_2)
FN:68,(anonymous_3)
FN:77,(anonymous_4)
FN:81,(anonymous_5)
FN:88,(anonymous_6)
FN:97,(anonymous_7)
FN:104,(anonymous_8)
FN:110,(anonymous_9)
FN:118,(anonymous_10)
FN:126,(anonymous_11)
FN:131,(anonymous_12)
FN:139,createI18nInstance
FNF:14
FNH:11
FNDA:11,(anonymous_0)
FNDA:19,(anonymous_1)
FNDA:5,(anonymous_2)
FNDA:0,(anonymous_3)
FNDA:0,(anonymous_4)
FNDA:0,(anonymous_5)
FNDA:13,(anonymous_6)
FNDA:14,(anonymous_7)
FNDA:11,(anonymous_8)
FNDA:15,(anonymous_9)
FNDA:4,(anonymous_10)
FNDA:1,(anonymous_11)
FNDA:1,(anonymous_12)
FNDA:2,createI18nInstance
DA:33,11
DA:34,11
DA:35,11
DA:36,11
DA:37,11
DA:38,11
DA:40,11
DA:42,11
DA:43,0
DA:46,11
DA:47,9
DA:49,11
DA:50,11
DA:51,11
DA:53,11
DA:57,19
DA:58,17
DA:60,2
DA:65,5
DA:69,0
DA:70,0
DA:72,0
DA:78,0
DA:79,0
DA:81,0
DA:82,0
DA:85,0
DA:89,13
DA:90,0
DA:92,13
DA:98,14
DA:100,2
DA:103,12
DA:104,11
DA:106,14
DA:111,15
DA:112,15
DA:113,0
DA:115,15
DA:123,4
DA:127,1
DA:128,1
DA:132,1
DA:133,1
DA:140,2
LF:45
LH:34
BRDA:35,0,0,11
BRDA:35,0,1,0
BRDA:42,1,0,0
BRDA:42,1,1,11
BRDA:46,2,0,9
BRDA:46,2,1,2
BRDA:46,3,0,11
BRDA:46,3,1,2
BRDA:53,4,0,11
BRDA:53,4,1,9
BRDA:57,5,0,17
BRDA:57,5,1,2
BRDA:58,6,0,17
BRDA:58,6,1,0
BRDA:60,7,0,2
BRDA:60,7,1,0
BRDA:65,8,0,5
BRDA:65,8,1,5
BRDA:69,9,0,0
BRDA:69,9,1,0
BRDA:78,10,0,0
BRDA:78,10,1,0
BRDA:89,11,0,0
BRDA:89,11,1,13
BRDA:98,12,0,2
BRDA:98,12,1,12
BRDA:103,13,0,12
BRDA:103,13,1,8
BRDA:112,14,0,0
BRDA:112,14,1,15
BRDA:120,15,0,3
BRDA:121,16,0,4
BRDA:127,17,0,1
BRDA:127,17,1,0
BRDA:132,18,0,1
BRDA:132,18,1,0
BRDA:139,19,0,0
BRF:37
BRH:24
end_of_record
TN:
SF:src\core\createI18n.ts
FN:23,(anonymous_0)
FNF:1
FNH:1
FNDA:2,(anonymous_0)
DA:23,8
DA:24,2
DA:25,2
LF:3
LH:3
BRDA:26,0,0,2
BRDA:26,0,1,0
BRDA:26,0,2,0
BRDA:28,1,0,2
BRDA:28,1,1,2
BRF:5
BRH:3
end_of_record
TN:
SF:src\core\components\FormattedMessage.tsx
FN:24,FormattedMessage
FNF:1
FNH:0
FNDA:0,FormattedMessage
DA:25,0
DA:26,0
DA:28,0
DA:36,0
DA:38,0
DA:39,0
DA:40,0
DA:43,0
DA:44,0
DA:49,0
LF:10
LH:0
BRDA:26,0,0,0
BRDA:38,1,0,0
BRDA:38,1,1,0
BRDA:39,2,0,0
BRDA:39,2,1,0
BRDA:43,3,0,0
BRDA:43,3,1,0
BRF:7
BRH:0
end_of_record
TN:
SF:src\core\components\I18nProvider.tsx
FN:25,(anonymous_0)
FN:28,(anonymous_1)
FN:40,(anonymous_2)
FN:41,(anonymous_3)
FN:53,(anonymous_4)
FNF:5
FNH:0
FNDA:0,(anonymous_0)
FNDA:0,(anonymous_1)
FNDA:0,(anonymous_2)
FNDA:0,(anonymous_3)
FNDA:0,(anonymous_4)
DA:25,8
DA:26,0
DA:28,0
DA:29,0
DA:36,0
DA:38,0
DA:40,0
DA:41,0
DA:42,0
DA:43,0
DA:44,0
DA:47,0
DA:50,0
DA:53,0
DA:54,0
DA:59,0
LF:16
LH:1
BRDA:42,0,0,0
BRDA:42,0,1,0
BRF:2
BRH:0
end_of_record
TN:
SF:src\core\components\InjectI18n.tsx
FN:31,injectI18n
FN:37,(anonymous_1)
FN:39,(anonymous_2)
FN:58,(anonymous_3)
FNF:4
FNH:0
FNDA:0,injectI18n
FNDA:0,(anonymous_1)
FNDA:0,(anonymous_2)
FNDA:0,(anonymous_3)
DA:22,8
DA:23,8
DA:24,8
DA:34,0
DA:37,0
DA:38,0
DA:40,0
DA:42,0
DA:48,0
DA:53,0
DA:56,0
DA:58,0
LF:12
LH:3
BRDA:33,0,0,0
BRDA:34,1,0,0
BRDA:34,1,1,0
BRDA:48,2,0,0
BRDA:48,2,1,0
BRDA:57,3,0,0
BRDA:57,3,1,0
BRF:7
BRH:0
end_of_record
TN:
SF:src\core\hook\useI18n.ts
FN:25,useI18n
FNF:1
FNH:0
FNDA:0,useI18n
DA:26,0
DA:27,0
DA:28,0
DA:29,0
LF:4
LH:0
BRF:0
BRH:0
end_of_record
TN:
SF:src\format\Translation.ts
FN:31,(anonymous_0)
FN:43,(anonymous_1)
FN:44,(anonymous_2)
FN:51,(anonymous_3)
FN:81,(anonymous_4)
FN:86,(anonymous_5)
FN:98,(anonymous_6)
FNF:7
FNH:7
FNDA:20,(anonymous_0)
FNDA:16,(anonymous_1)
FNDA:16,(anonymous_2)
FNDA:15,(anonymous_3)
FNDA:58,(anonymous_4)
FNDA:70,(anonymous_5)
FNDA:33,(anonymous_6)
DA:32,20
DA:33,20
DA:34,20
DA:35,20
DA:36,20
DA:44,16
DA:51,16
DA:52,15
DA:53,15
DA:54,15
DA:57,15
DA:58,7
DA:60,8
DA:63,15
DA:66,16
DA:69,16
DA:77,16
DA:78,16
DA:82,58
DA:83,14
DA:86,44
DA:87,70
DA:88,48
DA:91,22
DA:94,22
DA:97,22
DA:98,12
DA:99,33
DA:100,33
DA:104,22
DA:105,22
LF:31
LH:31
BRDA:36,0,0,20
BRDA:36,0,1,6
BRDA:43,1,0,16
BRDA:57,2,0,7
BRDA:57,2,1,8
BRDA:63,3,0,7
BRDA:63,3,1,8
BRDA:82,4,0,14
BRDA:82,4,1,44
BRDA:87,5,0,48
BRDA:87,5,1,22
BRDA:97,6,0,12
BRDA:97,6,1,10
BRDA:97,7,0,22
BRDA:97,7,1,14
BRDA:105,8,0,22
BRDA:105,8,1,2
BRF:17
BRH:17
end_of_record
TN:
SF:src\format\generateFormatters.ts
FN:27,(anonymous_0)
FN:40,(anonymous_1)
FN:50,(anonymous_2)
FN:61,(anonymous_3)
FN:68,(anonymous_4)
FN:74,(anonymous_5)
FN:88,(anonymous_6)
FN:96,(anonymous_7)
FNF:8
FNH:5
FNDA:15,(anonymous_0)
FNDA:0,(anonymous_1)
FNDA:5,(anonymous_2)
FNDA:2,(anonymous_3)
FNDA:2,(anonymous_4)
FNDA:0,(anonymous_5)
FNDA:0,(anonymous_6)
FNDA:6,(anonymous_7)
DA:27,8
DA:34,15
DA:35,15
DA:40,15
DA:41,0
DA:42,0
DA:44,0
DA:48,15
DA:51,5
DA:58,5
DA:62,2
DA:63,2
DA:64,2
DA:69,2
DA:70,2
DA:75,0
DA:89,0
DA:96,6
LF:18
LH:13
BRDA:30,0,0,0
BRDA:31,1,0,0
BRDA:34,2,0,15
BRDA:34,2,1,11
BRDA:41,3,0,0
BRDA:41,3,1,0
BRDA:42,4,0,0
BRDA:42,4,1,0
BRDA:50,5,0,2
BRDA:55,6,0,5
BRDA:55,6,1,4
BRDA:55,6,2,0
BRDA:61,7,0,2
BRDA:62,8,0,2
BRDA:62,8,1,2
BRDA:62,8,2,0
BRF:16
BRH:8
end_of_record
TN:
SF:src\format\getFormatMessage.ts
FN:23,getFormatMessage
FNF:1
FNH:1
FNDA:6,getFormatMessage
DA:29,6
DA:30,6
DA:31,6
DA:32,1
DA:33,1
DA:34,1
DA:35,1
DA:39,6
DA:40,6
DA:41,6
DA:44,6
DA:45,6
DA:46,1
DA:47,0
DA:49,1
DA:54,5
DA:55,0
DA:57,5
DA:61,5
DA:63,5
DA:64,5
LF:21
LH:19
BRDA:26,0,0,1
BRDA:27,1,0,2
BRDA:30,2,0,6
BRDA:30,2,1,0
BRDA:31,3,0,1
BRDA:31,3,1,5
BRDA:32,4,0,1
BRDA:32,4,1,0
BRDA:33,5,0,1
BRDA:33,5,1,1
BRDA:39,6,0,6
BRDA:39,6,1,6
BRDA:40,7,0,6
BRDA:40,7,1,0
BRDA:41,8,0,6
BRDA:41,8,1,6
BRDA:45,9,0,1
BRDA:45,9,1,5
BRDA:45,10,0,6
BRDA:45,10,1,2
BRDA:46,11,0,0
BRDA:46,11,1,1
BRDA:54,12,0,0
BRDA:54,12,1,5
BRDA:55,13,0,0
BRDA:55,13,1,0
BRDA:55,13,2,0
BRDA:57,14,0,5
BRDA:57,14,1,0
BRDA:57,14,2,0
BRDA:61,15,0,5
BRDA:61,15,1,0
BRF:32
BRH:21
end_of_record
TN:
SF:src\format\cache\cache.ts
FN:20,creatI18nCache
FNF:1
FNH:1
FNDA:58,creatI18nCache
DA:21,58
LF:1
LH:1
BRF:0
BRH:0
end_of_record
TN:
SF:src\format\fomatters\DateTimeFormatter.ts
FN:30,(anonymous_0)
FN:36,(anonymous_1)
FNF:2
FNH:2
FNDA:15,(anonymous_0)
FNDA:16,(anonymous_1)
DA:31,15
DA:32,15
DA:33,15
DA:37,16
DA:38,16
DA:40,16
DA:41,3
DA:45,16
DA:47,16
DA:49,16
DA:50,1
DA:54,15
DA:55,15
DA:60,0
LF:14
LH:13
BRDA:32,0,0,15
BRDA:32,0,1,4
BRDA:33,1,0,15
BRDA:33,1,1,13
BRDA:37,2,0,16
BRDA:37,2,1,16
BRDA:40,3,0,3
BRDA:40,3,1,13
BRDA:45,4,0,16
BRDA:45,4,1,0
BRDA:49,5,0,1
BRDA:49,5,1,15
BRF:12
BRH:11
end_of_record
TN:
SF:src\format\fomatters\NumberFormatter.ts
FN:29,(anonymous_0)
FN:35,(anonymous_1)
FNF:2
FNH:2
FNDA:22,(anonymous_0)
FNDA:21,(anonymous_1)
DA:30,22
DA:31,22
DA:32,22
DA:36,21
DA:37,21
DA:40,21
DA:42,21
DA:44,21
DA:45,2
DA:48,19
DA:49,19
DA:51,0
LF:12
LH:11
BRDA:31,0,0,22
BRDA:31,0,1,12
BRDA:32,1,0,22
BRDA:32,1,1,20
BRDA:36,2,0,21
BRDA:36,2,1,21
BRDA:40,3,0,21
BRDA:40,3,1,0
BRDA:44,4,0,2
BRDA:44,4,1,19
BRF:10
BRH:9
end_of_record
TN:
SF:src\format\fomatters\PluralFormatter.ts
FN:32,(anonymous_0)
FN:41,(anonymous_1)
FN:54,(anonymous_2)
FN:61,(anonymous_3)
FNF:4
FNH:3
FNDA:7,(anonymous_0)
FNDA:7,(anonymous_1)
FNDA:0,(anonymous_2)
FNDA:7,(anonymous_3)
DA:33,7
DA:34,7
DA:35,7
DA:36,7
DA:37,7
DA:42,7
DA:43,7
DA:45,7
DA:46,7
DA:48,7
DA:50,2
DA:53,2
DA:54,0
DA:58,2
DA:61,7
LF:15
LH:14
BRDA:37,0,0,7
BRDA:37,0,1,2
BRDA:42,1,0,0
BRDA:42,1,1,7
BRDA:43,2,0,0
BRDA:43,2,1,7
BRDA:48,3,0,2
BRDA:48,3,1,5
BRDA:53,4,0,0
BRDA:53,4,1,2
BRDA:54,5,0,0
BRDA:54,5,1,0
BRDA:61,6,0,7
BRDA:61,6,1,0
BRF:14
BRH:8
end_of_record
TN:
SF:src\format\fomatters\SelectFormatter.ts
FN:29,(anonymous_0)
FN:34,(anonymous_1)
FNF:2
FNH:2
FNDA:2,(anonymous_0)
FNDA:2,(anonymous_1)
DA:30,2
DA:31,2
DA:35,2
DA:37,0
DA:40,0
DA:41,0
DA:45,0
DA:48,2
LF:8
LH:4
BRDA:35,0,0,0
BRDA:35,0,1,2
BRDA:40,1,0,0
BRDA:40,1,1,0
BRDA:41,2,0,0
BRDA:41,2,1,0
BRDA:48,3,0,2
BRDA:48,3,1,1
BRF:8
BRH:3
end_of_record
TN:
SF:src\parser\Lexer.ts
FN:36,(anonymous_0)
FN:44,(anonymous_1)
FN:55,(anonymous_2)
FN:67,(anonymous_3)
FN:71,(anonymous_4)
FN:76,(anonymous_5)
FN:86,(anonymous_6)
FN:91,(anonymous_7)
FN:140,(anonymous_8)
FN:191,(anonymous_9)
FN:193,(anonymous_10)
FN:203,(anonymous_11)
FN:205,(anonymous_12)
FNF:13
FNH:11
FNDA:11,(anonymous_0)
FNDA:22,(anonymous_1)
FNDA:62,(anonymous_2)
FNDA:18,(anonymous_3)
FNDA:18,(anonymous_4)
FNDA:66,(anonymous_5)
FNDA:0,(anonymous_6)
FNDA:77,(anonymous_7)
FNDA:66,(anonymous_8)
FNDA:24,(anonymous_9)
FNDA:68,(anonymous_10)
FNDA:66,(anonymous_11)
FNDA:0,(anonymous_12)
DA:22,11
DA:23,11
DA:24,11
DA:25,11
DA:26,11
DA:27,11
DA:28,11
DA:29,11
DA:32,11
DA:33,11
DA:34,11
DA:37,11
DA:38,11
DA:39,11
DA:40,11
DA:41,11
DA:45,22
DA:46,22
DA:47,22
DA:48,22
DA:49,22
DA:50,22
DA:51,22
DA:52,22
DA:56,62
DA:57,11
DA:59,51
DA:60,51
DA:61,51
DA:62,51
DA:63,51
DA:64,51
DA:68,18
DA:72,18
DA:73,18
DA:77,66
DA:78,66
DA:79,232
DA:80,66
DA:83,0
DA:87,0
DA:92,77
DA:94,77
DA:95,0
DA:96,0
DA:97,0
DA:98,0
DA:101,77
DA:102,77
DA:103,11
DA:106,66
DA:107,66
DA:108,0
DA:112,66
DA:113,66
DA:114,66
DA:116,66
DA:117,66
DA:118,0
DA:121,66
DA:122,66
DA:124,66
DA:125,0
DA:126,0
DA:127,0
DA:130,66
DA:141,66
DA:142,66
DA:143,66
DA:144,46
DA:145,46
DA:146,0
DA:148,46
DA:149,0
DA:150,0
DA:155,66
DA:166,66
DA:167,66
DA:168,66
DA:169,66
DA:170,0
DA:172,66
DA:175,66
DA:176,0
DA:179,66
DA:180,18
DA:181,48
DA:182,18
DA:183,30
DA:184,4
DA:187,66
DA:192,24
DA:194,68
DA:195,68
DA:201,11
DA:203,66
DA:205,0
LF:97
LH:80
BRDA:45,0,0,22
BRDA:45,0,1,11
BRDA:56,1,0,11
BRDA:56,1,1,51
BRDA:56,2,0,62
BRDA:56,2,1,62
BRDA:79,3,0,66
BRDA:79,3,1,166
BRDA:94,4,0,0
BRDA:94,4,1,77
BRDA:102,5,0,11
BRDA:102,5,1,66
BRDA:107,6,0,0
BRDA:107,6,1,66
BRDA:117,7,0,0
BRDA:117,7,1,66
BRDA:124,8,0,0
BRDA:124,8,1,66
BRDA:124,9,0,66
BRDA:124,9,1,0
BRDA:143,10,0,46
BRDA:143,10,1,20
BRDA:145,11,0,0
BRDA:145,11,1,46
BRDA:156,12,0,66
BRDA:156,12,1,0
BRDA:156,12,2,66
BRDA:157,13,0,26
BRDA:157,13,1,40
BRDA:169,14,0,0
BRDA:169,14,1,66
BRDA:175,15,0,0
BRDA:175,15,1,66
BRDA:179,16,0,18
BRDA:179,16,1,48
BRDA:181,17,0,18
BRDA:181,17,1,30
BRDA:183,18,0,4
BRDA:183,18,1,26
BRDA:201,19,0,11
BRDA:201,19,1,0
BRDA:205,20,0,0
BRDA:205,20,1,0
BRF:43
BRH:31
end_of_record
TN:
SF:src\parser\mappingRule.ts
FN:17,(anonymous_0)
FN:21,(anonymous_1)
FN:27,(anonymous_2)
FN:39,(anonymous_3)
FN:45,(anonymous_4)
FN:50,(anonymous_5)
FN:59,(anonymous_6)
FN:65,(anonymous_7)
FNF:8
FNH:6
FNDA:2,(anonymous_0)
FNDA:1,(anonymous_1)
FNDA:9,(anonymous_2)
FNDA:4,(anonymous_3)
FNDA:0,(anonymous_4)
FNDA:0,(anonymous_5)
FNDA:1,(anonymous_6)
FNDA:9,(anonymous_7)
DA:16,11
DA:17,2
DA:21,1
DA:27,9
DA:34,11
DA:39,4
DA:45,0
DA:50,0
DA:55,11
DA:59,1
DA:65,9
DA:70,11
LF:12
LH:10
BRF:0
BRH:0
end_of_record
TN:
SF:src\parser\parseMappingRule.ts
FN:24,parseRules
FN:100,checkStateGroup
FN:111,parseMappingRule
FN:119,(anonymous_3)
FN:145,(anonymous_4)
FN:159,(anonymous_5)
FN:164,(anonymous_6)
FN:167,(anonymous_7)
FN:171,(anonymous_8)
FN:179,processFast
FN:186,handleErrorRule
FN:194,checkUnicode
FN:210,checkStateOptions
FN:219,isExistsFallback
FN:228,isOptionsErrorOrFallback
FNF:15
FNH:12
FNDA:33,parseRules
FNDA:135,checkStateGroup
FNDA:11,parseMappingRule
FNDA:33,(anonymous_3)
FNDA:0,(anonymous_4)
FNDA:33,(anonymous_5)
FNDA:33,(anonymous_6)
FNDA:132,(anonymous_7)
FNDA:0,(anonymous_8)
FNDA:33,processFast
FNDA:0,handleErrorRule
FNDA:132,checkUnicode
FNDA:77,checkStateOptions
FNDA:33,isExistsFallback
FNDA:143,isOptionsErrorOrFallback
DA:21,11
DA:25,33
DA:26,33
DA:27,33
DA:28,33
DA:29,33
DA:30,33
DA:33,33
DA:35,33
DA:36,143
DA:37,143
DA:38,0
DA:41,143
DA:43,143
DA:44,143
DA:46,33
DA:50,143
DA:51,77
DA:54,143
DA:55,11
DA:57,132
DA:59,132
DA:62,132
DA:64,132
DA:65,132
DA:66,132
DA:67,0
DA:69,132
DA:70,132
DA:71,0
DA:75,132
DA:76,0
DA:79,132
DA:83,33
DA:84,33
DA:85,33
DA:87,33
DA:88,0
DA:90,33
DA:92,33
DA:101,135
DA:102,135
DA:103,1
DA:105,134
DA:106,1
DA:112,11
DA:114,11
DA:115,11
DA:119,11
DA:120,33
DA:121,33
DA:125,11
DA:126,33
DA:127,33
DA:128,33
DA:130,33
DA:131,143
DA:132,143
DA:133,143
DA:136,0
DA:137,0
DA:138,0
DA:139,0
DA:141,0
DA:142,0
DA:145,0
DA:146,0
DA:147,0
DA:151,0
DA:152,0
DA:156,11
DA:159,11
DA:160,33
DA:164,11
DA:165,33
DA:166,33
DA:167,33
DA:168,132
DA:170,33
DA:171,33
DA:172,0
DA:176,11
DA:180,33
DA:181,0
DA:182,0
DA:187,0
DA:188,0
DA:190,0
DA:195,132
DA:196,132
DA:197,132
DA:198,33
DA:201,99
DA:202,33
DA:203,66
DA:204,0
DA:207,132
DA:211,77
DA:212,0
DA:214,77
DA:215,0
DA:220,33
DA:221,143
DA:222,0
DA:225,33
DA:229,143
DA:231,0
DA:232,0
DA:234,0
DA:236,143
DA:239,11
LF:111
LH:82
BRDA:37,0,0,0
BRDA:37,0,1,143
BRDA:44,1,0,33
BRDA:44,1,1,110
BRDA:50,2,0,77
BRDA:50,2,1,66
BRDA:50,3,0,143
BRDA:50,3,1,110
BRDA:50,3,2,88
BRDA:54,4,0,11
BRDA:54,4,1,132
BRDA:66,5,0,0
BRDA:66,5,1,132
BRDA:70,6,0,0
BRDA:70,6,1,132
BRDA:75,7,0,0
BRDA:75,7,1,132
BRDA:75,8,0,132
BRDA:75,8,1,44
BRDA:83,9,0,33
BRDA:83,9,1,0
BRDA:84,10,0,33
BRDA:84,10,1,0
BRDA:84,11,0,33
BRDA:84,11,1,33
BRDA:85,12,0,33
BRDA:85,12,1,0
BRDA:85,13,0,33
BRDA:85,13,1,0
BRDA:87,14,0,0
BRDA:87,14,1,33
BRDA:96,15,0,33
BRDA:96,15,1,33
BRDA:101,16,0,135
BRDA:101,16,1,135
BRDA:101,16,2,111
BRDA:102,17,0,1
BRDA:102,17,1,134
BRDA:102,18,0,135
BRDA:102,18,1,46
BRDA:105,19,0,1
BRDA:105,19,1,133
BRDA:105,20,0,134
BRDA:105,20,1,134
BRDA:105,20,2,35
BRDA:114,21,0,11
BRDA:114,21,1,0
BRDA:132,22,0,143
BRDA:132,22,1,0
BRDA:137,23,0,0
BRDA:137,23,1,0
BRDA:137,24,0,0
BRDA:137,24,1,0
BRDA:141,25,0,0
BRDA:141,25,1,0
BRDA:146,26,0,0
BRDA:146,26,1,0
BRDA:180,27,0,33
BRDA:180,27,1,33
BRDA:180,27,2,11
BRDA:187,28,0,0
BRDA:187,28,1,0
BRDA:197,29,0,33
BRDA:197,29,1,99
BRDA:201,30,0,33
BRDA:201,30,1,66
BRDA:203,31,0,0
BRDA:203,31,1,66
BRDA:203,32,0,66
BRDA:203,32,1,0
BRDA:211,33,0,0
BRDA:211,33,1,77
BRDA:214,34,0,0
BRDA:214,34,1,77
BRDA:221,35,0,0
BRDA:221,35,1,143
BRDA:229,36,0,0
BRDA:229,36,1,143
BRDA:229,37,0,143
BRDA:229,37,1,143
BRDA:231,38,0,0
BRDA:231,38,1,0
BRF:82
BRH:53
end_of_record
TN:
SF:src\parser\parser.ts
FN:22,(anonymous_0)
FN:30,(anonymous_1)
FN:38,(anonymous_2)
FN:42,(anonymous_3)
FN:55,(anonymous_4)
FN:97,(anonymous_5)
FN:157,(anonymous_6)
FN:204,parse
FNF:8
FNH:8
FNDA:18,(anonymous_0)
FNDA:10,(anonymous_1)
FNDA:11,(anonymous_2)
FNDA:9,(anonymous_3)
FNDA:4,(anonymous_4)
FNDA:9,(anonymous_5)
FNDA:20,(anonymous_6)
FNDA:11,parse
DA:22,18
DA:30,10
DA:31,10
DA:35,11
DA:36,11
DA:39,11
DA:43,9
DA:44,1
DA:45,0
DA:47,8
DA:48,6
DA:49,6
DA:50,0
DA:56,4
DA:58,4
DA:59,3
DA:62,4
DA:63,14
DA:65,1
DA:66,0
DA:68,1
DA:69,0
DA:72,1
DA:73,1
DA:74,1
DA:75,1
DA:78,9
DA:79,9
DA:84,9
DA:87,4
DA:90,0
DA:94,0
DA:98,9
DA:99,9
DA:101,9
DA:102,0
DA:105,9
DA:106,9
DA:108,9
DA:110,5
DA:113,0
DA:114,0
DA:115,0
DA:117,0
DA:118,0
DA:120,0
DA:121,0
DA:122,0
DA:124,0
DA:132,0
DA:133,0
DA:135,0
DA:137,0
DA:146,4
DA:147,4
DA:149,0
DA:152,0
DA:158,20
DA:159,20
DA:161,20
DA:162,43
DA:163,9
DA:164,0
DA:166,9
DA:167,34
DA:168,0
DA:169,0
DA:171,0
DA:172,34
DA:173,9
DA:174,25
DA:175,2
DA:176,23
DA:177,1
DA:178,22
DA:179,22
DA:181,0
DA:182,0
DA:183,0
DA:184,0
DA:186,0
DA:188,0
DA:189,0
DA:191,0
DA:192,0
DA:197,11
DA:198,11
DA:200,0
DA:205,11
DA:206,11
LF:90
LH:54
BRDA:31,0,0,10
BRDA:31,0,1,7
BRDA:31,0,2,5
BRDA:43,1,0,1
BRDA:43,1,1,8
BRDA:44,2,0,0
BRDA:44,2,1,1
BRDA:47,3,0,6
BRDA:47,3,1,2
BRDA:48,4,0,4
BRDA:48,4,1,2
BRDA:49,5,0,0
BRDA:49,5,1,6
BRDA:49,6,0,6
BRDA:49,6,1,6
BRDA:58,7,0,3
BRDA:58,7,1,1
BRDA:58,8,0,4
BRDA:58,8,1,2
BRDA:63,9,0,1
BRDA:63,9,1,9
BRDA:63,9,2,4
BRDA:63,9,3,0
BRDA:65,10,0,0
BRDA:65,10,1,1
BRDA:68,11,0,0
BRDA:68,11,1,1
BRDA:101,12,0,0
BRDA:101,12,1,9
BRDA:108,13,0,5
BRDA:108,13,1,0
BRDA:108,13,2,0
BRDA:108,13,3,4
BRDA:108,13,4,0
BRDA:114,14,0,0
BRDA:114,14,1,0
BRDA:117,15,0,0
BRDA:117,15,1,0
BRDA:121,16,0,0
BRDA:121,16,1,0
BRDA:132,17,0,0
BRDA:132,17,1,0
BRDA:146,18,0,4
BRDA:146,18,1,0
BRDA:162,19,0,9
BRDA:162,19,1,34
BRDA:163,20,0,0
BRDA:163,20,1,9
BRDA:167,21,0,0
BRDA:167,21,1,34
BRDA:167,22,0,34
BRDA:167,22,1,0
BRDA:168,23,0,0
BRDA:168,23,1,0
BRDA:172,24,0,9
BRDA:172,24,1,25
BRDA:172,25,0,34
BRDA:172,25,1,9
BRDA:174,26,0,2
BRDA:174,26,1,23
BRDA:176,27,0,1
BRDA:176,27,1,22
BRDA:178,28,0,22
BRDA:178,28,1,0
BRDA:182,29,0,0
BRDA:182,29,1,0
BRDA:182,30,0,0
BRDA:182,30,1,0
BRDA:182,30,2,0
BRDA:183,31,0,0
BRDA:183,31,1,0
BRDA:188,32,0,0
BRDA:188,32,1,0
BRDA:197,33,0,11
BRDA:197,33,1,0
BRF:75
BRH:41
end_of_record
TN:
SF:src\utils\copyStaticProps.ts
FN:27,getStatics
FN:42,isDescriptorValid
FN:48,copyStaticProps
FN:71,(anonymous_3)
FNF:4
FNH:4
FNDA:20,getStatics
FNDA:20,isDescriptorValid
FNDA:10,copyStaticProps
FNDA:59,(anonymous_3)
DA:23,9
DA:24,9
DA:28,20
DA:29,0
DA:32,20
DA:33,0
DA:43,20
DA:44,20
DA:49,10
DA:50,0
DA:53,10
DA:54,10
DA:55,5
DA:59,10
DA:68,10
DA:69,10
DA:71,10
DA:72,59
DA:78,20
DA:80,20
DA:85,10
LF:21
LH:18
BRDA:28,0,0,0
BRDA:28,0,1,20
BRDA:32,1,0,0
BRDA:32,1,1,20
BRDA:33,2,0,0
BRDA:33,2,1,0
BRDA:44,3,0,20
BRDA:44,3,1,20
BRDA:44,3,2,1
BRDA:49,4,0,0
BRDA:49,4,1,10
BRDA:54,5,0,5
BRDA:54,5,1,5
BRDA:54,6,0,10
BRDA:54,6,1,10
BRDA:72,7,0,20
BRDA:72,7,1,39
BRDA:73,8,0,59
BRDA:73,8,1,20
BRDA:73,8,2,20
BRDA:73,8,3,20
BRDA:74,9,0,20
BRDA:74,9,1,0
BRDA:75,10,0,20
BRDA:75,10,1,0
BRF:25
BRH:18
end_of_record
TN:
SF:src\utils\eventListener.ts
FN:25,(anonymous_0)
FN:34,(anonymous_1)
FN:41,(anonymous_2)
FN:51,(anonymous_3)
FN:67,(anonymous_4)
FNF:5
FNH:5
FNDA:14,(anonymous_0)
FNDA:4,(anonymous_1)
FNDA:1,(anonymous_2)
FNDA:3,(anonymous_3)
FNDA:33,(anonymous_4)
DA:26,14
DA:35,4
DA:36,3
DA:38,4
DA:39,4
DA:41,4
DA:42,1
DA:52,3
DA:53,1
DA:55,2
DA:56,2
DA:57,2
DA:58,1
DA:68,33
DA:69,31
DA:73,2
DA:74,2
DA:75,3
LF:18
LH:18
BRDA:35,0,0,3
BRDA:35,0,1,1
BRDA:52,1,0,1
BRDA:52,1,1,2
BRDA:57,2,0,1
BRDA:57,2,1,1
BRDA:68,3,0,31
BRDA:68,3,1,2
BRF:8
BRH:8
end_of_record
TN:
SF:src\utils\getTokenAST.ts
FN:25,(anonymous_0)
FN:41,(anonymous_1)
FN:50,getTokenAST
FN:54,(anonymous_3)
FNF:4
FNH:4
FNDA:55,(anonymous_0)
FNDA:11,(anonymous_1)
FNDA:33,getTokenAST
FNDA:55,(anonymous_3)
DA:25,10
DA:26,55
DA:27,32
DA:28,23
DA:29,3
DA:30,20
DA:31,8
DA:32,12
DA:33,6
DA:34,6
DA:35,6
DA:38,6
DA:40,6
DA:41,6
DA:42,11
DA:45,6
DA:47,6
DA:51,33
DA:52,1
DA:54,55
LF:20
LH:20
BRDA:26,0,0,32
BRDA:26,0,1,23
BRDA:28,1,0,3
BRDA:28,1,1,20
BRDA:30,2,0,8
BRDA:30,2,1,12
BRDA:32,3,0,6
BRDA:32,3,1,6
BRDA:33,4,0,6
BRDA:33,4,1,5
BRDA:34,5,0,4
BRDA:34,5,1,2
BRDA:38,6,0,2
BRDA:38,6,1,4
BRDA:51,7,0,1
BRDA:51,7,1,32
BRF:16
BRH:16
end_of_record
TN:
SF:src\utils\parseRuleUtils.ts
FN:16,getType
FN:21,(anonymous_1)
FN:22,(anonymous_2)
FN:27,(anonymous_3)
FN:31,(anonymous_4)
FN:34,transferReg
FN:39,getRegGroups
FN:45,getRegCapture
FN:50,getRegUnion
FN:54,(anonymous_9)
FN:58,getReg
FN:80,getRulesByObject
FN:103,(anonymous_12)
FN:120,getRulesByArray
FN:144,getRuleOptions
FN:183,(anonymous_15)
FN:199,getRules
FNF:17
FNH:17
FNDA:257,getType
FNDA:12,(anonymous_1)
FNDA:257,(anonymous_2)
FNDA:318,(anonymous_3)
FNDA:77,(anonymous_4)
FNDA:38,transferReg
FNDA:136,getRegGroups
FNDA:132,getRegCapture
FNDA:168,getRegUnion
FNDA:270,(anonymous_9)
FNDA:140,getReg
FNDA:36,getRulesByObject
FNDA:147,(anonymous_12)
FNDA:3,getRulesByArray
FNDA:166,getRuleOptions
FNDA:8,(anonymous_15)
FNDA:33,getRules
DA:17,257
DA:18,257
DA:21,12
DA:22,12
DA:23,257
DA:27,318
DA:29,12
DA:31,77
DA:35,38
DA:40,136
DA:41,136
DA:46,132
DA:51,168
DA:52,1
DA:54,270
DA:55,167
DA:59,140
DA:60,36
DA:61,104
DA:62,104
DA:63,2
DA:65,102
DA:66,1
DA:68,101
DA:69,1
DA:71,100
DA:72,1
DA:74,99
DA:76,0
DA:81,36
DA:84,36
DA:86,36
DA:87,147
DA:88,147
DA:91,147
DA:94,147
DA:95,1
DA:96,2
DA:98,1
DA:102,146
DA:103,146
DA:104,147
DA:106,136
DA:107,136
DA:108,136
DA:110,11
DA:115,146
DA:117,36
DA:121,3
DA:123,3
DA:124,3
DA:127,3
DA:128,2
DA:129,2
DA:130,3
DA:132,2
DA:135,1
DA:136,1
DA:138,0
DA:141,2
DA:146,166
DA:147,0
DA:151,166
DA:152,1
DA:156,165
DA:169,165
DA:171,165
DA:172,1
DA:175,164
DA:176,164
DA:177,1
DA:178,163
DA:179,139
DA:181,24
DA:183,164
DA:185,8
DA:186,3
DA:187,5
DA:188,2
DA:189,3
DA:190,2
DA:192,1
DA:196,164
DA:200,33
DA:203,12
LF:85
LH:82
BRDA:27,0,0,318
BRDA:27,0,1,318
BRDA:51,1,0,1
BRDA:51,1,1,167
BRDA:59,2,0,36
BRDA:59,2,1,104
BRDA:61,3,0,104
BRDA:61,3,1,0
BRDA:61,4,0,104
BRDA:61,4,1,5
BRDA:62,5,0,2
BRDA:62,5,1,102
BRDA:65,6,0,1
BRDA:65,6,1,101
BRDA:68,7,0,1
BRDA:68,7,1,100
BRDA:71,8,0,1
BRDA:71,8,1,99
BRDA:94,9,0,1
BRDA:94,9,1,146
BRDA:104,10,0,136
BRDA:104,10,1,11
BRDA:106,11,0,0
BRDA:106,11,1,136
BRDA:115,12,0,11
BRDA:115,12,1,135
BRDA:127,13,0,2
BRDA:127,13,1,1
BRDA:135,14,0,1
BRDA:135,14,1,0
BRDA:146,15,0,0
BRDA:146,15,1,166
BRDA:151,16,0,1
BRDA:151,16,1,165
BRDA:158,17,0,165
BRDA:158,17,1,163
BRDA:171,18,0,1
BRDA:171,18,1,164
BRDA:171,19,0,165
BRDA:171,19,1,1
BRDA:176,20,0,1
BRDA:176,20,1,163
BRDA:178,21,0,139
BRDA:178,21,1,24
BRDA:185,22,0,3
BRDA:185,22,1,5
BRDA:185,23,0,8
BRDA:185,23,1,5
BRDA:187,24,0,2
BRDA:187,24,1,3
BRDA:189,25,0,2
BRDA:189,25,1,1
BRDA:200,26,0,0
BRDA:200,26,1,33
BRF:54
BRH:49
end_of_record
TN:
SF:src\utils\utils.ts
FN:22,isVariantI18n
FN:28,generateKey
FN:33,compile
FNF:3
FNH:2
FNDA:0,isVariantI18n
FNDA:45,generateKey
FNDA:11,compile
DA:23,0
DA:24,0
DA:29,45
DA:30,45
DA:34,11
DA:35,11
DA:37,0
DA:38,0
DA:42,9
LF:9
LH:5
BRDA:23,0,0,0
BRDA:23,0,1,0
BRDA:28,1,0,3
BRDA:29,2,0,4
BRDA:29,2,1,41
BRF:5
BRH:3
end_of_record
