{"/home/runner/work/inula/inula/packages/inula-request/src/utils/commonUtils/utils.ts": {"path":"/home/runner/work/inula/inula/packages/inula-request/src/utils/commonUtils/utils.ts","all":false,"statementMap":{"0":{"start":{"line":1,"column":0},"end":{"line":1,"column":2}},"1":{"start":{"line":2,"column":0},"end":{"line":2,"column":50}},"2":{"start":{"line":3,"column":0},"end":{"line":3,"column":2}},"3":{"start":{"line":4,"column":0},"end":{"line":4,"column":44}},"4":{"start":{"line":5,"column":0},"end":{"line":5,"column":87}},"5":{"start":{"line":6,"column":0},"end":{"line":6,"column":44}},"6":{"start":{"line":7,"column":0},"end":{"line":7,"column":2}},"7":{"start":{"line":8,"column":0},"end":{"line":8,"column":49}},"8":{"start":{"line":9,"column":0},"end":{"line":9,"column":2}},"9":{"start":{"line":10,"column":0},"end":{"line":10,"column":81}},"10":{"start":{"line":11,"column":0},"end":{"line":11,"column":76}},"11":{"start":{"line":12,"column":0},"end":{"line":12,"column":51}},"12":{"start":{"line":13,"column":0},"end":{"line":13,"column":41}},"13":{"start":{"line":14,"column":0},"end":{"line":14,"column":3}},"14":{"start":{"line":15,"column":0},"end":{"line":15,"column":0}},"15":{"start":{"line":16,"column":0},"end":{"line":16,"column":73}},"16":{"start":{"line":17,"column":0},"end":{"line":17,"column":0}},"17":{"start":{"line":18,"column":0},"end":{"line":18,"column":3}},"18":{"start":{"line":19,"column":0},"end":{"line":19,"column":37}},"19":{"start":{"line":20,"column":0},"end":{"line":20,"column":2}},"20":{"start":{"line":21,"column":0},"end":{"line":21,"column":25}},"21":{"start":{"line":22,"column":0},"end":{"line":22,"column":23}},"22":{"start":{"line":23,"column":0},"end":{"line":23,"column":2}},"23":{"start":{"line":24,"column":0},"end":{"line":24,"column":103}},"24":{"start":{"line":25,"column":0},"end":{"line":25,"column":3}},"25":{"start":{"line":26,"column":0},"end":{"line":26,"column":70}},"26":{"start":{"line":27,"column":0},"end":{"line":27,"column":55}},"27":{"start":{"line":28,"column":0},"end":{"line":28,"column":1}},"28":{"start":{"line":29,"column":0},"end":{"line":29,"column":0}},"29":{"start":{"line":30,"column":0},"end":{"line":30,"column":3}},"30":{"start":{"line":31,"column":0},"end":{"line":31,"column":12}},"31":{"start":{"line":32,"column":0},"end":{"line":32,"column":2}},"32":{"start":{"line":33,"column":0},"end":{"line":33,"column":25}},"33":{"start":{"line":34,"column":0},"end":{"line":34,"column":2}},"34":{"start":{"line":35,"column":0},"end":{"line":35,"column":30}},"35":{"start":{"line":36,"column":0},"end":{"line":36,"column":3}},"36":{"start":{"line":37,"column":0},"end":{"line":37,"column":38}},"37":{"start":{"line":38,"column":0},"end":{"line":38,"column":60}},"38":{"start":{"line":39,"column":0},"end":{"line":39,"column":40}},"39":{"start":{"line":40,"column":0},"end":{"line":40,"column":1}},"40":{"start":{"line":41,"column":0},"end":{"line":41,"column":0}},"41":{"start":{"line":42,"column":0},"end":{"line":42,"column":3}},"42":{"start":{"line":43,"column":0},"end":{"line":43,"column":20}},"43":{"start":{"line":44,"column":0},"end":{"line":44,"column":2}},"44":{"start":{"line":45,"column":0},"end":{"line":45,"column":24}},"45":{"start":{"line":46,"column":0},"end":{"line":46,"column":2}},"46":{"start":{"line":47,"column":0},"end":{"line":47,"column":42}},"47":{"start":{"line":48,"column":0},"end":{"line":48,"column":3}},"48":{"start":{"line":49,"column":0},"end":{"line":49,"column":98}},"49":{"start":{"line":50,"column":0},"end":{"line":50,"column":0}},"50":{"start":{"line":51,"column":0},"end":{"line":51,"column":48}},"51":{"start":{"line":52,"column":0},"end":{"line":52,"column":0}},"52":{"start":{"line":53,"column":0},"end":{"line":53,"column":52}},"53":{"start":{"line":54,"column":0},"end":{"line":54,"column":0}},"54":{"start":{"line":55,"column":0},"end":{"line":55,"column":48}},"55":{"start":{"line":56,"column":0},"end":{"line":56,"column":0}},"56":{"start":{"line":57,"column":0},"end":{"line":57,"column":80}},"57":{"start":{"line":58,"column":0},"end":{"line":58,"column":0}},"58":{"start":{"line":59,"column":0},"end":{"line":59,"column":71}},"59":{"start":{"line":60,"column":0},"end":{"line":60,"column":0}},"60":{"start":{"line":61,"column":0},"end":{"line":61,"column":54}},"61":{"start":{"line":62,"column":0},"end":{"line":62,"column":0}},"62":{"start":{"line":63,"column":0},"end":{"line":63,"column":3}},"63":{"start":{"line":64,"column":0},"end":{"line":64,"column":15}},"64":{"start":{"line":65,"column":0},"end":{"line":65,"column":2}},"65":{"start":{"line":66,"column":0},"end":{"line":66,"column":23}},"66":{"start":{"line":67,"column":0},"end":{"line":67,"column":2}},"67":{"start":{"line":68,"column":0},"end":{"line":68,"column":50}},"68":{"start":{"line":69,"column":0},"end":{"line":69,"column":3}},"69":{"start":{"line":70,"column":0},"end":{"line":70,"column":42}},"70":{"start":{"line":71,"column":0},"end":{"line":71,"column":68}},"71":{"start":{"line":72,"column":0},"end":{"line":72,"column":17}},"72":{"start":{"line":73,"column":0},"end":{"line":73,"column":3}},"73":{"start":{"line":74,"column":0},"end":{"line":74,"column":0}},"74":{"start":{"line":75,"column":0},"end":{"line":75,"column":49}},"75":{"start":{"line":76,"column":0},"end":{"line":76,"column":62}},"76":{"start":{"line":77,"column":0},"end":{"line":77,"column":2}},"77":{"start":{"line":78,"column":0},"end":{"line":78,"column":0}},"78":{"start":{"line":79,"column":0},"end":{"line":79,"column":44}},"79":{"start":{"line":80,"column":0},"end":{"line":80,"column":0}},"80":{"start":{"line":81,"column":0},"end":{"line":81,"column":44}},"81":{"start":{"line":82,"column":0},"end":{"line":82,"column":0}},"82":{"start":{"line":83,"column":0},"end":{"line":83,"column":44}},"83":{"start":{"line":84,"column":0},"end":{"line":84,"column":0}},"84":{"start":{"line":85,"column":0},"end":{"line":85,"column":84}},"85":{"start":{"line":86,"column":0},"end":{"line":86,"column":0}},"86":{"start":{"line":87,"column":0},"end":{"line":87,"column":52}},"87":{"start":{"line":88,"column":0},"end":{"line":88,"column":0}},"88":{"start":{"line":89,"column":0},"end":{"line":89,"column":64}},"89":{"start":{"line":90,"column":0},"end":{"line":90,"column":0}},"90":{"start":{"line":91,"column":0},"end":{"line":91,"column":66}},"91":{"start":{"line":92,"column":0},"end":{"line":92,"column":0}},"92":{"start":{"line":93,"column":0},"end":{"line":93,"column":48}},"93":{"start":{"line":94,"column":0},"end":{"line":94,"column":0}},"94":{"start":{"line":95,"column":0},"end":{"line":95,"column":59}},"95":{"start":{"line":96,"column":0},"end":{"line":96,"column":0}},"96":{"start":{"line":97,"column":0},"end":{"line":97,"column":3}},"97":{"start":{"line":98,"column":0},"end":{"line":98,"column":24}},"98":{"start":{"line":99,"column":0},"end":{"line":99,"column":2}},"99":{"start":{"line":100,"column":0},"end":{"line":100,"column":25}},"100":{"start":{"line":101,"column":0},"end":{"line":101,"column":28}},"101":{"start":{"line":102,"column":0},"end":{"line":102,"column":32}},"102":{"start":{"line":103,"column":0},"end":{"line":103,"column":2}},"103":{"start":{"line":104,"column":0},"end":{"line":104,"column":23}},"104":{"start":{"line":105,"column":0},"end":{"line":105,"column":2}},"105":{"start":{"line":106,"column":0},"end":{"line":106,"column":14}},"106":{"start":{"line":107,"column":0},"end":{"line":107,"column":3}},"107":{"start":{"line":108,"column":0},"end":{"line":108,"column":20}},"108":{"start":{"line":109,"column":0},"end":{"line":109,"column":56}},"109":{"start":{"line":110,"column":0},"end":{"line":110,"column":17}},"110":{"start":{"line":111,"column":0},"end":{"line":111,"column":40}},"111":{"start":{"line":112,"column":0},"end":{"line":112,"column":9}},"112":{"start":{"line":113,"column":0},"end":{"line":113,"column":46}},"113":{"start":{"line":114,"column":0},"end":{"line":114,"column":11}},"114":{"start":{"line":115,"column":0},"end":{"line":115,"column":3}},"115":{"start":{"line":116,"column":0},"end":{"line":116,"column":0}},"116":{"start":{"line":117,"column":0},"end":{"line":117,"column":41}},"117":{"start":{"line":118,"column":0},"end":{"line":118,"column":0}},"118":{"start":{"line":119,"column":0},"end":{"line":119,"column":34}},"119":{"start":{"line":120,"column":0},"end":{"line":120,"column":27}},"120":{"start":{"line":121,"column":0},"end":{"line":121,"column":3}},"121":{"start":{"line":122,"column":0},"end":{"line":122,"column":0}},"122":{"start":{"line":123,"column":0},"end":{"line":123,"column":29}},"123":{"start":{"line":124,"column":0},"end":{"line":124,"column":53}},"124":{"start":{"line":125,"column":0},"end":{"line":125,"column":43}},"125":{"start":{"line":126,"column":0},"end":{"line":126,"column":7}},"126":{"start":{"line":127,"column":0},"end":{"line":127,"column":10}},"127":{"start":{"line":128,"column":0},"end":{"line":128,"column":27}},"128":{"start":{"line":129,"column":0},"end":{"line":129,"column":55}},"129":{"start":{"line":130,"column":0},"end":{"line":130,"column":48}},"130":{"start":{"line":131,"column":0},"end":{"line":131,"column":25}},"131":{"start":{"line":132,"column":0},"end":{"line":132,"column":70}},"132":{"start":{"line":133,"column":0},"end":{"line":133,"column":7}},"133":{"start":{"line":134,"column":0},"end":{"line":134,"column":3}},"134":{"start":{"line":135,"column":0},"end":{"line":135,"column":1}},"135":{"start":{"line":136,"column":0},"end":{"line":136,"column":0}},"136":{"start":{"line":137,"column":0},"end":{"line":137,"column":3}},"137":{"start":{"line":138,"column":0},"end":{"line":138,"column":62}},"138":{"start":{"line":139,"column":0},"end":{"line":139,"column":2}},"139":{"start":{"line":140,"column":0},"end":{"line":140,"column":20}},"140":{"start":{"line":141,"column":0},"end":{"line":141,"column":20}},"141":{"start":{"line":142,"column":0},"end":{"line":142,"column":2}},"142":{"start":{"line":143,"column":0},"end":{"line":143,"column":46}},"143":{"start":{"line":144,"column":0},"end":{"line":144,"column":3}},"144":{"start":{"line":145,"column":0},"end":{"line":145,"column":78}},"145":{"start":{"line":146,"column":0},"end":{"line":146,"column":33}},"146":{"start":{"line":147,"column":0},"end":{"line":147,"column":32}},"147":{"start":{"line":148,"column":0},"end":{"line":148,"column":41}},"148":{"start":{"line":149,"column":0},"end":{"line":149,"column":22}},"149":{"start":{"line":150,"column":0},"end":{"line":150,"column":35}},"150":{"start":{"line":151,"column":0},"end":{"line":151,"column":15}},"151":{"start":{"line":152,"column":0},"end":{"line":152,"column":5}},"152":{"start":{"line":153,"column":0},"end":{"line":153,"column":3}},"153":{"start":{"line":154,"column":0},"end":{"line":154,"column":14}},"154":{"start":{"line":155,"column":0},"end":{"line":155,"column":1}},"155":{"start":{"line":156,"column":0},"end":{"line":156,"column":0}},"156":{"start":{"line":157,"column":0},"end":{"line":157,"column":3}},"157":{"start":{"line":158,"column":0},"end":{"line":158,"column":18}},"158":{"start":{"line":159,"column":0},"end":{"line":159,"column":2}},"159":{"start":{"line":160,"column":0},"end":{"line":160,"column":36}},"160":{"start":{"line":161,"column":0},"end":{"line":161,"column":44}},"161":{"start":{"line":162,"column":0},"end":{"line":162,"column":66}},"162":{"start":{"line":163,"column":0},"end":{"line":163,"column":55}},"163":{"start":{"line":164,"column":0},"end":{"line":164,"column":2}},"164":{"start":{"line":165,"column":0},"end":{"line":165,"column":49}},"165":{"start":{"line":166,"column":0},"end":{"line":166,"column":3}},"166":{"start":{"line":167,"column":0},"end":{"line":167,"column":22}},"167":{"start":{"line":168,"column":0},"end":{"line":168,"column":30}},"168":{"start":{"line":169,"column":0},"end":{"line":169,"column":30}},"169":{"start":{"line":170,"column":0},"end":{"line":170,"column":16}},"170":{"start":{"line":171,"column":0},"end":{"line":171,"column":36}},"171":{"start":{"line":172,"column":0},"end":{"line":172,"column":3}},"172":{"start":{"line":173,"column":0},"end":{"line":173,"column":47}},"173":{"start":{"line":174,"column":0},"end":{"line":174,"column":0}},"174":{"start":{"line":175,"column":0},"end":{"line":175,"column":43}},"175":{"start":{"line":176,"column":0},"end":{"line":176,"column":40}},"176":{"start":{"line":177,"column":0},"end":{"line":177,"column":49}},"177":{"start":{"line":178,"column":0},"end":{"line":178,"column":12}},"178":{"start":{"line":179,"column":0},"end":{"line":179,"column":34}},"179":{"start":{"line":180,"column":0},"end":{"line":180,"column":5}},"180":{"start":{"line":181,"column":0},"end":{"line":181,"column":17}},"181":{"start":{"line":182,"column":0},"end":{"line":182,"column":33}},"182":{"start":{"line":183,"column":0},"end":{"line":183,"column":0}},"183":{"start":{"line":184,"column":0},"end":{"line":184,"column":16}},"184":{"start":{"line":185,"column":0},"end":{"line":185,"column":1}},"185":{"start":{"line":186,"column":0},"end":{"line":186,"column":0}},"186":{"start":{"line":187,"column":0},"end":{"line":187,"column":3}},"187":{"start":{"line":188,"column":0},"end":{"line":188,"column":17}},"188":{"start":{"line":189,"column":0},"end":{"line":189,"column":2}},"189":{"start":{"line":190,"column":0},"end":{"line":190,"column":21}},"190":{"start":{"line":191,"column":0},"end":{"line":191,"column":2}},"191":{"start":{"line":192,"column":0},"end":{"line":192,"column":30}},"192":{"start":{"line":193,"column":0},"end":{"line":193,"column":3}},"193":{"start":{"line":194,"column":0},"end":{"line":194,"column":66}},"194":{"start":{"line":195,"column":0},"end":{"line":195,"column":28}},"195":{"start":{"line":196,"column":0},"end":{"line":196,"column":23}},"196":{"start":{"line":197,"column":0},"end":{"line":197,"column":22}},"197":{"start":{"line":198,"column":0},"end":{"line":198,"column":61}},"198":{"start":{"line":199,"column":0},"end":{"line":199,"column":35}},"199":{"start":{"line":200,"column":0},"end":{"line":200,"column":44}},"200":{"start":{"line":201,"column":0},"end":{"line":201,"column":30}},"201":{"start":{"line":202,"column":0},"end":{"line":202,"column":7}},"202":{"start":{"line":203,"column":0},"end":{"line":203,"column":7}},"203":{"start":{"line":204,"column":0},"end":{"line":204,"column":51}},"204":{"start":{"line":205,"column":0},"end":{"line":205,"column":3}},"205":{"start":{"line":206,"column":0},"end":{"line":206,"column":16}},"206":{"start":{"line":207,"column":0},"end":{"line":207,"column":1}},"207":{"start":{"line":208,"column":0},"end":{"line":208,"column":0}},"208":{"start":{"line":209,"column":0},"end":{"line":209,"column":3}},"209":{"start":{"line":210,"column":0},"end":{"line":210,"column":27}},"210":{"start":{"line":211,"column":0},"end":{"line":211,"column":19}},"211":{"start":{"line":212,"column":0},"end":{"line":212,"column":27}},"212":{"start":{"line":213,"column":0},"end":{"line":213,"column":2}},"213":{"start":{"line":214,"column":0},"end":{"line":214,"column":26}},"214":{"start":{"line":215,"column":0},"end":{"line":215,"column":49}},"215":{"start":{"line":216,"column":0},"end":{"line":216,"column":36}},"216":{"start":{"line":217,"column":0},"end":{"line":217,"column":40}},"217":{"start":{"line":218,"column":0},"end":{"line":218,"column":2}},"218":{"start":{"line":219,"column":0},"end":{"line":219,"column":48}},"219":{"start":{"line":220,"column":0},"end":{"line":220,"column":3}},"220":{"start":{"line":221,"column":0},"end":{"line":221,"column":23}},"221":{"start":{"line":222,"column":0},"end":{"line":222,"column":49}},"222":{"start":{"line":223,"column":0},"end":{"line":223,"column":33}},"223":{"start":{"line":224,"column":0},"end":{"line":224,"column":22}},"224":{"start":{"line":225,"column":0},"end":{"line":225,"column":29}},"225":{"start":{"line":226,"column":0},"end":{"line":226,"column":21}},"226":{"start":{"line":227,"column":0},"end":{"line":227,"column":33}},"227":{"start":{"line":228,"column":0},"end":{"line":228,"column":16}},"228":{"start":{"line":229,"column":0},"end":{"line":229,"column":28}},"229":{"start":{"line":230,"column":0},"end":{"line":230,"column":45}},"230":{"start":{"line":231,"column":0},"end":{"line":231,"column":0}},"231":{"start":{"line":232,"column":0},"end":{"line":232,"column":54}},"232":{"start":{"line":233,"column":0},"end":{"line":233,"column":19}},"233":{"start":{"line":234,"column":0},"end":{"line":234,"column":3}},"234":{"start":{"line":235,"column":0},"end":{"line":235,"column":0}},"235":{"start":{"line":236,"column":0},"end":{"line":236,"column":6}},"236":{"start":{"line":237,"column":0},"end":{"line":237,"column":43}},"237":{"start":{"line":238,"column":0},"end":{"line":238,"column":21}},"238":{"start":{"line":239,"column":0},"end":{"line":239,"column":0}},"239":{"start":{"line":240,"column":0},"end":{"line":240,"column":21}},"240":{"start":{"line":241,"column":0},"end":{"line":241,"column":22}},"241":{"start":{"line":242,"column":0},"end":{"line":242,"column":0}},"242":{"start":{"line":243,"column":0},"end":{"line":243,"column":90}},"243":{"start":{"line":244,"column":0},"end":{"line":244,"column":54}},"244":{"start":{"line":245,"column":0},"end":{"line":245,"column":35}},"245":{"start":{"line":246,"column":0},"end":{"line":246,"column":7}},"246":{"start":{"line":247,"column":0},"end":{"line":247,"column":5}},"247":{"start":{"line":248,"column":0},"end":{"line":248,"column":0}},"248":{"start":{"line":249,"column":0},"end":{"line":249,"column":59}},"249":{"start":{"line":250,"column":0},"end":{"line":250,"column":99}},"250":{"start":{"line":251,"column":0},"end":{"line":251,"column":0}},"251":{"start":{"line":252,"column":0},"end":{"line":252,"column":17}},"252":{"start":{"line":253,"column":0},"end":{"line":253,"column":1}},"253":{"start":{"line":254,"column":0},"end":{"line":254,"column":0}},"254":{"start":{"line":255,"column":0},"end":{"line":255,"column":3}},"255":{"start":{"line":256,"column":0},"end":{"line":256,"column":43}},"256":{"start":{"line":257,"column":0},"end":{"line":257,"column":2}},"257":{"start":{"line":258,"column":0},"end":{"line":258,"column":20}},"258":{"start":{"line":259,"column":0},"end":{"line":259,"column":31}},"259":{"start":{"line":260,"column":0},"end":{"line":260,"column":2}},"260":{"start":{"line":261,"column":0},"end":{"line":261,"column":23}},"261":{"start":{"line":262,"column":0},"end":{"line":262,"column":3}},"262":{"start":{"line":263,"column":0},"end":{"line":263,"column":82}},"263":{"start":{"line":264,"column":0},"end":{"line":264,"column":27}},"264":{"start":{"line":265,"column":0},"end":{"line":265,"column":50}},"265":{"start":{"line":266,"column":0},"end":{"line":266,"column":10}},"266":{"start":{"line":267,"column":0},"end":{"line":267,"column":28}},"267":{"start":{"line":268,"column":0},"end":{"line":268,"column":59}},"268":{"start":{"line":269,"column":0},"end":{"line":269,"column":28}},"269":{"start":{"line":270,"column":0},"end":{"line":270,"column":7}},"270":{"start":{"line":271,"column":0},"end":{"line":271,"column":5}},"271":{"start":{"line":272,"column":0},"end":{"line":272,"column":3}},"272":{"start":{"line":273,"column":0},"end":{"line":273,"column":1}},"273":{"start":{"line":274,"column":0},"end":{"line":274,"column":0}},"274":{"start":{"line":275,"column":0},"end":{"line":275,"column":3}},"275":{"start":{"line":276,"column":0},"end":{"line":276,"column":57}},"276":{"start":{"line":277,"column":0},"end":{"line":277,"column":2}},"277":{"start":{"line":278,"column":0},"end":{"line":278,"column":29}},"278":{"start":{"line":279,"column":0},"end":{"line":279,"column":59}},"279":{"start":{"line":280,"column":0},"end":{"line":280,"column":2}},"280":{"start":{"line":281,"column":0},"end":{"line":281,"column":74}},"281":{"start":{"line":282,"column":0},"end":{"line":282,"column":3}},"282":{"start":{"line":283,"column":0},"end":{"line":283,"column":97}},"283":{"start":{"line":284,"column":0},"end":{"line":284,"column":42}},"284":{"start":{"line":285,"column":0},"end":{"line":285,"column":0}},"285":{"start":{"line":286,"column":0},"end":{"line":286,"column":37}},"286":{"start":{"line":287,"column":0},"end":{"line":287,"column":26}},"287":{"start":{"line":288,"column":0},"end":{"line":288,"column":31}},"288":{"start":{"line":289,"column":0},"end":{"line":289,"column":7}},"289":{"start":{"line":290,"column":0},"end":{"line":290,"column":4}},"290":{"start":{"line":291,"column":0},"end":{"line":291,"column":0}},"291":{"start":{"line":292,"column":0},"end":{"line":292,"column":29}},"292":{"start":{"line":293,"column":0},"end":{"line":293,"column":18}},"293":{"start":{"line":294,"column":0},"end":{"line":294,"column":10}},"294":{"start":{"line":295,"column":0},"end":{"line":295,"column":53}},"295":{"start":{"line":296,"column":0},"end":{"line":296,"column":24}},"296":{"start":{"line":297,"column":0},"end":{"line":297,"column":3}},"297":{"start":{"line":298,"column":0},"end":{"line":298,"column":0}},"298":{"start":{"line":299,"column":0},"end":{"line":299,"column":13}},"299":{"start":{"line":300,"column":0},"end":{"line":300,"column":2}},"300":{"start":{"line":301,"column":0},"end":{"line":301,"column":0}},"301":{"start":{"line":302,"column":0},"end":{"line":302,"column":3}},"302":{"start":{"line":303,"column":0},"end":{"line":303,"column":29}},"303":{"start":{"line":304,"column":0},"end":{"line":304,"column":2}},"304":{"start":{"line":305,"column":0},"end":{"line":305,"column":20}},"305":{"start":{"line":306,"column":0},"end":{"line":306,"column":2}},"306":{"start":{"line":307,"column":0},"end":{"line":307,"column":52}},"307":{"start":{"line":308,"column":0},"end":{"line":308,"column":3}},"308":{"start":{"line":309,"column":0},"end":{"line":309,"column":78}},"309":{"start":{"line":310,"column":0},"end":{"line":310,"column":37}},"310":{"start":{"line":311,"column":0},"end":{"line":311,"column":0}},"311":{"start":{"line":312,"column":0},"end":{"line":312,"column":78}},"312":{"start":{"line":313,"column":0},"end":{"line":313,"column":30}},"313":{"start":{"line":314,"column":0},"end":{"line":314,"column":32}},"314":{"start":{"line":315,"column":0},"end":{"line":315,"column":20}},"315":{"start":{"line":316,"column":0},"end":{"line":316,"column":7}},"316":{"start":{"line":317,"column":0},"end":{"line":317,"column":26}},"317":{"start":{"line":318,"column":0},"end":{"line":318,"column":0}},"318":{"start":{"line":319,"column":0},"end":{"line":319,"column":31}},"319":{"start":{"line":320,"column":0},"end":{"line":320,"column":40}},"320":{"start":{"line":321,"column":0},"end":{"line":321,"column":7}},"321":{"start":{"line":322,"column":0},"end":{"line":322,"column":0}},"322":{"start":{"line":323,"column":0},"end":{"line":323,"column":58}},"323":{"start":{"line":324,"column":0},"end":{"line":324,"column":0}},"324":{"start":{"line":325,"column":0},"end":{"line":325,"column":58}},"325":{"start":{"line":326,"column":0},"end":{"line":326,"column":42}},"326":{"start":{"line":327,"column":0},"end":{"line":327,"column":44}},"327":{"start":{"line":328,"column":0},"end":{"line":328,"column":37}},"328":{"start":{"line":329,"column":0},"end":{"line":329,"column":9}},"329":{"start":{"line":330,"column":0},"end":{"line":330,"column":7}},"330":{"start":{"line":331,"column":0},"end":{"line":331,"column":0}},"331":{"start":{"line":332,"column":0},"end":{"line":332,"column":20}},"332":{"start":{"line":333,"column":0},"end":{"line":333,"column":5}},"333":{"start":{"line":334,"column":0},"end":{"line":334,"column":0}},"334":{"start":{"line":335,"column":0},"end":{"line":335,"column":18}},"335":{"start":{"line":336,"column":0},"end":{"line":336,"column":4}},"336":{"start":{"line":337,"column":0},"end":{"line":337,"column":0}},"337":{"start":{"line":338,"column":0},"end":{"line":338,"column":20}},"338":{"start":{"line":339,"column":0},"end":{"line":339,"column":2}},"339":{"start":{"line":340,"column":0},"end":{"line":340,"column":0}},"340":{"start":{"line":341,"column":0},"end":{"line":341,"column":3}},"341":{"start":{"line":342,"column":0},"end":{"line":342,"column":54}},"342":{"start":{"line":343,"column":0},"end":{"line":343,"column":2}},"343":{"start":{"line":344,"column":0},"end":{"line":344,"column":14}},"344":{"start":{"line":345,"column":0},"end":{"line":345,"column":2}},"345":{"start":{"line":346,"column":0},"end":{"line":346,"column":52}},"346":{"start":{"line":347,"column":0},"end":{"line":347,"column":48}},"347":{"start":{"line":348,"column":0},"end":{"line":348,"column":53}},"348":{"start":{"line":349,"column":0},"end":{"line":349,"column":2}},"349":{"start":{"line":350,"column":0},"end":{"line":350,"column":33}},"350":{"start":{"line":351,"column":0},"end":{"line":351,"column":2}},"351":{"start":{"line":352,"column":0},"end":{"line":352,"column":56}},"352":{"start":{"line":353,"column":0},"end":{"line":353,"column":3}},"353":{"start":{"line":354,"column":0},"end":{"line":354,"column":28}},"354":{"start":{"line":355,"column":0},"end":{"line":355,"column":16}},"355":{"start":{"line":356,"column":0},"end":{"line":356,"column":37}},"356":{"start":{"line":357,"column":0},"end":{"line":357,"column":48}},"357":{"start":{"line":358,"column":0},"end":{"line":358,"column":11}},"358":{"start":{"line":359,"column":0},"end":{"line":359,"column":37}},"359":{"start":{"line":360,"column":0},"end":{"line":360,"column":9}},"360":{"start":{"line":361,"column":0},"end":{"line":361,"column":39}},"361":{"start":{"line":362,"column":0},"end":{"line":362,"column":29}},"362":{"start":{"line":363,"column":0},"end":{"line":363,"column":17}},"363":{"start":{"line":364,"column":0},"end":{"line":364,"column":48}},"364":{"start":{"line":365,"column":0},"end":{"line":365,"column":16}},"365":{"start":{"line":366,"column":0},"end":{"line":366,"column":7}},"366":{"start":{"line":367,"column":0},"end":{"line":367,"column":5}},"367":{"start":{"line":368,"column":0},"end":{"line":368,"column":3}},"368":{"start":{"line":369,"column":0},"end":{"line":369,"column":0}},"369":{"start":{"line":370,"column":0},"end":{"line":370,"column":27}},"370":{"start":{"line":371,"column":0},"end":{"line":371,"column":1}},"371":{"start":{"line":372,"column":0},"end":{"line":372,"column":0}},"372":{"start":{"line":373,"column":0},"end":{"line":373,"column":3}},"373":{"start":{"line":374,"column":0},"end":{"line":374,"column":18}},"374":{"start":{"line":375,"column":0},"end":{"line":375,"column":2}},"375":{"start":{"line":376,"column":0},"end":{"line":376,"column":21}},"376":{"start":{"line":377,"column":0},"end":{"line":377,"column":2}},"377":{"start":{"line":378,"column":0},"end":{"line":378,"column":28}},"378":{"start":{"line":379,"column":0},"end":{"line":379,"column":3}},"379":{"start":{"line":380,"column":0},"end":{"line":380,"column":45}},"380":{"start":{"line":381,"column":0},"end":{"line":381,"column":12}},"381":{"start":{"line":382,"column":0},"end":{"line":382,"column":20}},"382":{"start":{"line":383,"column":0},"end":{"line":383,"column":94}},"383":{"start":{"line":384,"column":0},"end":{"line":384,"column":14}},"384":{"start":{"line":385,"column":0},"end":{"line":385,"column":2}},"385":{"start":{"line":386,"column":0},"end":{"line":386,"column":0}},"386":{"start":{"line":387,"column":0},"end":{"line":387,"column":56}},"387":{"start":{"line":388,"column":0},"end":{"line":388,"column":25}},"388":{"start":{"line":389,"column":0},"end":{"line":389,"column":17}},"389":{"start":{"line":390,"column":0},"end":{"line":390,"column":81}},"390":{"start":{"line":391,"column":0},"end":{"line":391,"column":36}},"391":{"start":{"line":392,"column":0},"end":{"line":392,"column":25}},"392":{"start":{"line":393,"column":0},"end":{"line":393,"column":45}},"393":{"start":{"line":394,"column":0},"end":{"line":394,"column":51}},"394":{"start":{"line":395,"column":0},"end":{"line":395,"column":25}},"395":{"start":{"line":396,"column":0},"end":{"line":396,"column":11}},"396":{"start":{"line":397,"column":0},"end":{"line":397,"column":36}},"397":{"start":{"line":398,"column":0},"end":{"line":398,"column":7}},"398":{"start":{"line":399,"column":0},"end":{"line":399,"column":74}},"399":{"start":{"line":400,"column":0},"end":{"line":400,"column":6}},"400":{"start":{"line":401,"column":0},"end":{"line":401,"column":15}},"401":{"start":{"line":402,"column":0},"end":{"line":402,"column":1}},"402":{"start":{"line":403,"column":0},"end":{"line":403,"column":0}},"403":{"start":{"line":404,"column":0},"end":{"line":404,"column":84}},"404":{"start":{"line":405,"column":0},"end":{"line":405,"column":0}},"405":{"start":{"line":406,"column":0},"end":{"line":406,"column":62}},"406":{"start":{"line":407,"column":0},"end":{"line":407,"column":54}},"407":{"start":{"line":408,"column":0},"end":{"line":408,"column":1}},"408":{"start":{"line":409,"column":0},"end":{"line":409,"column":0}},"409":{"start":{"line":410,"column":0},"end":{"line":410,"column":111}},"410":{"start":{"line":411,"column":0},"end":{"line":411,"column":6}},"411":{"start":{"line":412,"column":0},"end":{"line":412,"column":19}},"412":{"start":{"line":413,"column":0},"end":{"line":413,"column":21}},"413":{"start":{"line":414,"column":0},"end":{"line":414,"column":26}},"414":{"start":{"line":415,"column":0},"end":{"line":415,"column":5}},"415":{"start":{"line":416,"column":0},"end":{"line":416,"column":17}},"416":{"start":{"line":417,"column":0},"end":{"line":417,"column":3}},"417":{"start":{"line":418,"column":0},"end":{"line":418,"column":0}},"418":{"start":{"line":419,"column":0},"end":{"line":419,"column":102}},"419":{"start":{"line":420,"column":0},"end":{"line":420,"column":1}},"420":{"start":{"line":421,"column":0},"end":{"line":421,"column":0}},"421":{"start":{"line":422,"column":0},"end":{"line":422,"column":26}},"422":{"start":{"line":423,"column":0},"end":{"line":423,"column":57}},"423":{"start":{"line":424,"column":0},"end":{"line":424,"column":1}},"424":{"start":{"line":425,"column":0},"end":{"line":425,"column":0}},"425":{"start":{"line":426,"column":0},"end":{"line":426,"column":60}},"426":{"start":{"line":427,"column":0},"end":{"line":427,"column":43}},"427":{"start":{"line":428,"column":0},"end":{"line":428,"column":22}},"428":{"start":{"line":429,"column":0},"end":{"line":429,"column":15}},"429":{"start":{"line":430,"column":0},"end":{"line":430,"column":9}},"430":{"start":{"line":431,"column":0},"end":{"line":431,"column":1}},"431":{"start":{"line":432,"column":0},"end":{"line":432,"column":0}},"432":{"start":{"line":433,"column":0},"end":{"line":433,"column":55}},"433":{"start":{"line":434,"column":0},"end":{"line":434,"column":51}},"434":{"start":{"line":435,"column":0},"end":{"line":435,"column":33}},"435":{"start":{"line":436,"column":0},"end":{"line":436,"column":29}},"436":{"start":{"line":437,"column":0},"end":{"line":437,"column":5}},"437":{"start":{"line":438,"column":0},"end":{"line":438,"column":18}},"438":{"start":{"line":439,"column":0},"end":{"line":439,"column":9}},"439":{"start":{"line":440,"column":0},"end":{"line":440,"column":1}},"440":{"start":{"line":441,"column":0},"end":{"line":441,"column":0}},"441":{"start":{"line":442,"column":0},"end":{"line":442,"column":15}},"442":{"start":{"line":443,"column":0},"end":{"line":443,"column":7}},"443":{"start":{"line":444,"column":0},"end":{"line":444,"column":16}},"444":{"start":{"line":445,"column":0},"end":{"line":445,"column":14}},"445":{"start":{"line":446,"column":0},"end":{"line":446,"column":14}},"446":{"start":{"line":447,"column":0},"end":{"line":447,"column":15}},"447":{"start":{"line":448,"column":0},"end":{"line":448,"column":14}},"448":{"start":{"line":449,"column":0},"end":{"line":449,"column":19}},"449":{"start":{"line":450,"column":0},"end":{"line":450,"column":17}},"450":{"start":{"line":451,"column":0},"end":{"line":451,"column":12}},"451":{"start":{"line":452,"column":0},"end":{"line":452,"column":12}},"452":{"start":{"line":453,"column":0},"end":{"line":453,"column":12}},"453":{"start":{"line":454,"column":0},"end":{"line":454,"column":14}},"454":{"start":{"line":455,"column":0},"end":{"line":455,"column":14}},"455":{"start":{"line":456,"column":0},"end":{"line":456,"column":16}},"456":{"start":{"line":457,"column":0},"end":{"line":457,"column":23}},"457":{"start":{"line":458,"column":0},"end":{"line":458,"column":16}},"458":{"start":{"line":459,"column":0},"end":{"line":459,"column":16}},"459":{"start":{"line":460,"column":0},"end":{"line":460,"column":10}},"460":{"start":{"line":461,"column":0},"end":{"line":461,"column":15}},"461":{"start":{"line":462,"column":0},"end":{"line":462,"column":16}},"462":{"start":{"line":463,"column":0},"end":{"line":463,"column":10}},"463":{"start":{"line":464,"column":0},"end":{"line":464,"column":20}},"464":{"start":{"line":465,"column":0},"end":{"line":465,"column":15}},"465":{"start":{"line":466,"column":0},"end":{"line":466,"column":18}},"466":{"start":{"line":467,"column":0},"end":{"line":467,"column":15}},"467":{"start":{"line":468,"column":0},"end":{"line":468,"column":13}},"468":{"start":{"line":469,"column":0},"end":{"line":469,"column":18}},"469":{"start":{"line":470,"column":0},"end":{"line":470,"column":21}},"470":{"start":{"line":471,"column":0},"end":{"line":471,"column":22}},"471":{"start":{"line":472,"column":0},"end":{"line":472,"column":9}},"472":{"start":{"line":473,"column":0},"end":{"line":473,"column":6}},"473":{"start":{"line":474,"column":0},"end":{"line":474,"column":21}},"474":{"start":{"line":475,"column":0},"end":{"line":475,"column":7}},"475":{"start":{"line":476,"column":0},"end":{"line":476,"column":19}},"476":{"start":{"line":477,"column":0},"end":{"line":477,"column":24}},"477":{"start":{"line":478,"column":0},"end":{"line":478,"column":2}},"478":{"start":{"line":479,"column":0},"end":{"line":479,"column":0}},"479":{"start":{"line":480,"column":0},"end":{"line":480,"column":21}}},"s":{"0":1,"1":1,"2":1,"3":1,"4":1,"5":1,"6":1,"7":1,"8":1,"9":1,"10":1,"11":1,"12":1,"13":1,"14":1,"15":1,"16":1,"17":1,"18":1,"19":1,"20":1,"21":1,"22":1,"23":1,"24":1,"25":4,"26":4,"27":4,"28":1,"29":1,"30":1,"31":1,"32":1,"33":1,"34":1,"35":1,"36":45,"37":45,"38":45,"39":45,"40":1,"41":1,"42":1,"43":1,"44":1,"45":1,"46":1,"47":1,"48":1,"49":1,"50":1,"51":1,"52":1,"53":1,"54":1,"55":1,"56":1,"57":1,"58":1,"59":1,"60":1,"61":1,"62":1,"63":1,"64":1,"65":1,"66":1,"67":1,"68":1,"69":1,"70":67,"71":55,"72":55,"73":12,"74":12,"75":67,"76":67,"77":1,"78":1,"79":1,"80":1,"81":1,"82":1,"83":1,"84":1,"85":1,"86":1,"87":1,"88":1,"89":1,"90":1,"91":1,"92":1,"93":1,"94":1,"95":1,"96":1,"97":1,"98":1,"99":1,"100":1,"101":1,"102":1,"103":1,"104":1,"105":1,"106":1,"107":39,"108":39,"109":39,"110":39,"111":39,"112":39,"113":2,"114":2,"115":37,"116":39,"117":39,"118":39,"119":0,"120":0,"121":37,"122":39,"123":1,"124":3,"125":1,"126":39,"127":36,"128":2,"129":36,"130":36,"131":68,"132":36,"133":36,"134":39,"135":1,"136":1,"137":1,"138":1,"139":1,"140":1,"141":1,"142":1,"143":1,"144":7,"145":7,"146":7,"147":7,"148":11,"149":11,"150":4,"151":4,"152":11,"153":3,"154":3,"155":1,"156":1,"157":1,"158":1,"159":1,"160":1,"161":1,"162":1,"163":1,"164":1,"165":1,"166":3,"167":3,"168":3,"169":3,"170":3,"171":3,"172":3,"173":3,"174":3,"175":17,"176":1,"177":17,"178":16,"179":16,"180":17,"181":3,"182":3,"183":3,"184":3,"185":1,"186":1,"187":1,"188":1,"189":1,"190":1,"191":1,"192":1,"193":5,"194":5,"195":5,"196":5,"197":12,"198":12,"199":73,"200":73,"201":73,"202":12,"203":12,"204":12,"205":5,"206":5,"207":1,"208":1,"209":1,"210":1,"211":1,"212":1,"213":1,"214":1,"215":1,"216":1,"217":1,"218":1,"219":1,"220":5,"221":5,"222":5,"223":5,"224":5,"225":5,"226":5,"227":5,"228":5,"229":5,"230":5,"231":5,"232":2,"233":2,"234":3,"235":3,"236":3,"237":3,"238":3,"239":3,"240":45,"241":45,"242":45,"243":8,"244":8,"245":8,"246":45,"247":3,"248":3,"249":5,"250":5,"251":5,"252":5,"253":1,"254":1,"255":1,"256":1,"257":1,"258":1,"259":1,"260":1,"261":1,"262":3,"263":3,"264":1,"265":3,"266":2,"267":5,"268":5,"269":5,"270":5,"271":2,"272":3,"273":1,"274":1,"275":1,"276":1,"277":1,"278":1,"279":1,"280":1,"281":1,"282":1,"283":5,"284":5,"285":5,"286":5,"287":12,"288":5,"289":5,"290":5,"291":5,"292":1,"293":5,"294":4,"295":4,"296":4,"297":5,"298":5,"299":5,"300":1,"301":1,"302":1,"303":1,"304":1,"305":1,"306":1,"307":1,"308":1,"309":3,"310":3,"311":3,"312":18,"313":7,"314":0,"315":0,"316":7,"317":7,"318":7,"319":1,"320":1,"321":6,"322":7,"323":7,"324":7,"325":15,"326":15,"327":15,"328":15,"329":15,"330":6,"331":6,"332":6,"333":11,"334":11,"335":3,"336":3,"337":3,"338":3,"339":1,"340":1,"341":1,"342":1,"343":1,"344":1,"345":1,"346":1,"347":1,"348":1,"349":1,"350":1,"351":1,"352":1,"353":4,"354":4,"355":4,"356":4,"357":4,"358":4,"359":3,"360":3,"361":3,"362":3,"363":1,"364":1,"365":1,"366":1,"367":3,"368":1,"369":1,"370":1,"371":1,"372":1,"373":1,"374":1,"375":1,"376":1,"377":1,"378":1,"379":1,"380":6,"381":6,"382":6,"383":6,"384":6,"385":1,"386":5,"387":5,"388":5,"389":9,"390":9,"391":1,"392":1,"393":3,"394":3,"395":1,"396":1,"397":1,"398":8,"399":5,"400":5,"401":5,"402":1,"403":1,"404":1,"405":0,"406":0,"407":0,"408":1,"409":18,"410":18,"411":18,"412":16,"413":14,"414":18,"415":4,"416":4,"417":14,"418":18,"419":18,"420":1,"421":0,"422":0,"423":0,"424":1,"425":3,"426":3,"427":6,"428":6,"429":3,"430":3,"431":1,"432":0,"433":0,"434":0,"435":0,"436":0,"437":0,"438":0,"439":0,"440":1,"441":1,"442":1,"443":1,"444":1,"445":1,"446":1,"447":1,"448":1,"449":1,"450":1,"451":1,"452":1,"453":1,"454":1,"455":1,"456":1,"457":1,"458":1,"459":1,"460":1,"461":1,"462":1,"463":1,"464":1,"465":1,"466":1,"467":1,"468":1,"469":1,"470":1,"471":1,"472":1,"473":1,"474":1,"475":1,"476":1,"477":1,"478":1,"479":1},"branchMap":{"0":{"type":"branch","line":26,"loc":{"start":{"line":26,"column":0},"end":{"line":28,"column":1}},"locations":[{"start":{"line":26,"column":0},"end":{"line":28,"column":1}}]},"1":{"type":"branch","line":27,"loc":{"start":{"line":27,"column":9},"end":{"line":27,"column":55}},"locations":[{"start":{"line":27,"column":9},"end":{"line":27,"column":55}}]},"2":{"type":"branch","line":27,"loc":{"start":{"line":27,"column":17},"end":{"line":27,"column":29}},"locations":[{"start":{"line":27,"column":17},"end":{"line":27,"column":29}}]},"3":{"type":"branch","line":37,"loc":{"start":{"line":37,"column":0},"end":{"line":40,"column":1}},"locations":[{"start":{"line":37,"column":0},"end":{"line":40,"column":1}}]},"4":{"type":"branch","line":49,"loc":{"start":{"line":49,"column":26},"end":{"line":49,"column":98}},"locations":[{"start":{"line":49,"column":26},"end":{"line":49,"column":98}}]},"5":{"type":"branch","line":49,"loc":{"start":{"line":49,"column":44},"end":{"line":49,"column":98}},"locations":[{"start":{"line":49,"column":44},"end":{"line":49,"column":98}}]},"6":{"type":"branch","line":57,"loc":{"start":{"line":57,"column":20},"end":{"line":57,"column":80}},"locations":[{"start":{"line":57,"column":20},"end":{"line":57,"column":80}}]},"7":{"type":"branch","line":59,"loc":{"start":{"line":59,"column":21},"end":{"line":59,"column":71}},"locations":[{"start":{"line":59,"column":21},"end":{"line":59,"column":71}}]},"8":{"type":"branch","line":59,"loc":{"start":{"line":59,"column":51},"end":{"line":59,"column":70}},"locations":[{"start":{"line":59,"column":51},"end":{"line":59,"column":70}}]},"9":{"type":"branch","line":70,"loc":{"start":{"line":70,"column":25},"end":{"line":77,"column":2}},"locations":[{"start":{"line":70,"column":25},"end":{"line":77,"column":2}}]},"10":{"type":"branch","line":71,"loc":{"start":{"line":71,"column":67},"end":{"line":73,"column":3}},"locations":[{"start":{"line":71,"column":67},"end":{"line":73,"column":3}}]},"11":{"type":"branch","line":73,"loc":{"start":{"line":73,"column":2},"end":{"line":76,"column":61}},"locations":[{"start":{"line":73,"column":2},"end":{"line":76,"column":61}}]},"12":{"type":"branch","line":89,"loc":{"start":{"line":89,"column":22},"end":{"line":89,"column":64}},"locations":[{"start":{"line":89,"column":22},"end":{"line":89,"column":64}}]},"13":{"type":"branch","line":108,"loc":{"start":{"line":108,"column":0},"end":{"line":135,"column":1}},"locations":[{"start":{"line":108,"column":0},"end":{"line":135,"column":1}}]},"14":{"type":"branch","line":111,"loc":{"start":{"line":111,"column":35},"end":{"line":111,"column":38}},"locations":[{"start":{"line":111,"column":35},"end":{"line":111,"column":38}}]},"15":{"type":"branch","line":111,"loc":{"start":{"line":111,"column":35},"end":{"line":111,"column":38}},"locations":[{"start":{"line":111,"column":35},"end":{"line":111,"column":38}}]},"16":{"type":"branch","line":111,"loc":{"start":{"line":111,"column":35},"end":{"line":111,"column":40}},"locations":[{"start":{"line":111,"column":35},"end":{"line":111,"column":40}}]},"17":{"type":"branch","line":113,"loc":{"start":{"line":113,"column":20},"end":{"line":113,"column":43}},"locations":[{"start":{"line":113,"column":20},"end":{"line":113,"column":43}}]},"18":{"type":"branch","line":113,"loc":{"start":{"line":113,"column":45},"end":{"line":115,"column":3}},"locations":[{"start":{"line":113,"column":45},"end":{"line":115,"column":3}}]},"19":{"type":"branch","line":115,"loc":{"start":{"line":115,"column":2},"end":{"line":117,"column":23}},"locations":[{"start":{"line":115,"column":2},"end":{"line":117,"column":23}}]},"20":{"type":"branch","line":117,"loc":{"start":{"line":117,"column":20},"end":{"line":117,"column":28}},"locations":[{"start":{"line":117,"column":20},"end":{"line":117,"column":28}}]},"21":{"type":"branch","line":117,"loc":{"start":{"line":117,"column":28},"end":{"line":117,"column":33}},"locations":[{"start":{"line":117,"column":28},"end":{"line":117,"column":33}}]},"22":{"type":"branch","line":119,"loc":{"start":{"line":119,"column":33},"end":{"line":121,"column":3}},"locations":[{"start":{"line":119,"column":33},"end":{"line":121,"column":3}}]},"23":{"type":"branch","line":121,"loc":{"start":{"line":121,"column":2},"end":{"line":123,"column":28}},"locations":[{"start":{"line":121,"column":2},"end":{"line":123,"column":28}}]},"24":{"type":"branch","line":123,"loc":{"start":{"line":123,"column":28},"end":{"line":127,"column":3}},"locations":[{"start":{"line":123,"column":28},"end":{"line":127,"column":3}}]},"25":{"type":"branch","line":127,"loc":{"start":{"line":127,"column":3},"end":{"line":134,"column":3}},"locations":[{"start":{"line":127,"column":3},"end":{"line":134,"column":3}}]},"26":{"type":"branch","line":129,"loc":{"start":{"line":129,"column":-1},"end":{"line":129,"column":55}},"locations":[{"start":{"line":129,"column":-1},"end":{"line":129,"column":55}}]},"27":{"type":"branch","line":130,"loc":{"start":{"line":130,"column":-1},"end":{"line":130,"column":47}},"locations":[{"start":{"line":130,"column":-1},"end":{"line":130,"column":47}}]},"28":{"type":"branch","line":124,"loc":{"start":{"line":124,"column":27},"end":{"line":126,"column":5}},"locations":[{"start":{"line":124,"column":27},"end":{"line":126,"column":5}}]},"29":{"type":"branch","line":131,"loc":{"start":{"line":131,"column":17},"end":{"line":133,"column":5}},"locations":[{"start":{"line":131,"column":17},"end":{"line":133,"column":5}}]},"30":{"type":"branch","line":145,"loc":{"start":{"line":145,"column":0},"end":{"line":155,"column":1}},"locations":[{"start":{"line":145,"column":0},"end":{"line":155,"column":1}}]},"31":{"type":"branch","line":148,"loc":{"start":{"line":148,"column":40},"end":{"line":153,"column":3}},"locations":[{"start":{"line":148,"column":40},"end":{"line":153,"column":3}}]},"32":{"type":"branch","line":150,"loc":{"start":{"line":150,"column":34},"end":{"line":152,"column":5}},"locations":[{"start":{"line":150,"column":34},"end":{"line":152,"column":5}}]},"33":{"type":"branch","line":153,"loc":{"start":{"line":153,"column":2},"end":{"line":155,"column":1}},"locations":[{"start":{"line":153,"column":2},"end":{"line":155,"column":1}}]},"34":{"type":"branch","line":167,"loc":{"start":{"line":167,"column":0},"end":{"line":185,"column":1}},"locations":[{"start":{"line":167,"column":0},"end":{"line":185,"column":1}}]},"35":{"type":"branch","line":173,"loc":{"start":{"line":173,"column":40},"end":{"line":173,"column":46}},"locations":[{"start":{"line":173,"column":40},"end":{"line":173,"column":46}}]},"36":{"type":"branch","line":173,"loc":{"start":{"line":173,"column":20},"end":{"line":173,"column":28}},"locations":[{"start":{"line":173,"column":20},"end":{"line":173,"column":28}}]},"37":{"type":"branch","line":173,"loc":{"start":{"line":173,"column":28},"end":{"line":173,"column":33}},"locations":[{"start":{"line":173,"column":28},"end":{"line":173,"column":33}}]},"38":{"type":"branch","line":175,"loc":{"start":{"line":175,"column":18},"end":{"line":182,"column":3}},"locations":[{"start":{"line":175,"column":18},"end":{"line":182,"column":3}}]},"39":{"type":"branch","line":176,"loc":{"start":{"line":176,"column":15},"end":{"line":176,"column":37}},"locations":[{"start":{"line":176,"column":15},"end":{"line":176,"column":37}}]},"40":{"type":"branch","line":176,"loc":{"start":{"line":176,"column":39},"end":{"line":178,"column":5}},"locations":[{"start":{"line":176,"column":39},"end":{"line":178,"column":5}}]},"41":{"type":"branch","line":178,"loc":{"start":{"line":178,"column":5},"end":{"line":180,"column":5}},"locations":[{"start":{"line":178,"column":5},"end":{"line":180,"column":5}}]},"42":{"type":"branch","line":194,"loc":{"start":{"line":194,"column":0},"end":{"line":207,"column":1}},"locations":[{"start":{"line":194,"column":0},"end":{"line":207,"column":1}}]},"43":{"type":"branch","line":197,"loc":{"start":{"line":197,"column":21},"end":{"line":205,"column":3}},"locations":[{"start":{"line":197,"column":21},"end":{"line":205,"column":3}}]},"44":{"type":"branch","line":199,"loc":{"start":{"line":199,"column":22},"end":{"line":203,"column":5}},"locations":[{"start":{"line":199,"column":22},"end":{"line":203,"column":5}}]},"45":{"type":"branch","line":221,"loc":{"start":{"line":221,"column":0},"end":{"line":253,"column":1}},"locations":[{"start":{"line":221,"column":0},"end":{"line":253,"column":1}}]},"46":{"type":"branch","line":223,"loc":{"start":{"line":223,"column":27},"end":{"line":223,"column":30}},"locations":[{"start":{"line":223,"column":27},"end":{"line":223,"column":30}}]},"47":{"type":"branch","line":223,"loc":{"start":{"line":223,"column":27},"end":{"line":223,"column":30}},"locations":[{"start":{"line":223,"column":27},"end":{"line":223,"column":30}}]},"48":{"type":"branch","line":224,"loc":{"start":{"line":224,"column":21},"end":{"line":224,"column":22}},"locations":[{"start":{"line":224,"column":21},"end":{"line":224,"column":22}}]},"49":{"type":"branch","line":224,"loc":{"start":{"line":224,"column":21},"end":{"line":224,"column":22}},"locations":[{"start":{"line":224,"column":21},"end":{"line":224,"column":22}}]},"50":{"type":"branch","line":232,"loc":{"start":{"line":232,"column":24},"end":{"line":232,"column":51}},"locations":[{"start":{"line":232,"column":24},"end":{"line":232,"column":51}}]},"51":{"type":"branch","line":232,"loc":{"start":{"line":232,"column":53},"end":{"line":234,"column":3}},"locations":[{"start":{"line":232,"column":53},"end":{"line":234,"column":3}}]},"52":{"type":"branch","line":234,"loc":{"start":{"line":234,"column":2},"end":{"line":250,"column":25}},"locations":[{"start":{"line":234,"column":2},"end":{"line":250,"column":25}}]},"53":{"type":"branch","line":240,"loc":{"start":{"line":240,"column":20},"end":{"line":247,"column":5}},"locations":[{"start":{"line":240,"column":20},"end":{"line":247,"column":5}}]},"54":{"type":"branch","line":243,"loc":{"start":{"line":243,"column":22},"end":{"line":243,"column":62}},"locations":[{"start":{"line":243,"column":22},"end":{"line":243,"column":62}}]},"55":{"type":"branch","line":243,"loc":{"start":{"line":243,"column":62},"end":{"line":243,"column":87}},"locations":[{"start":{"line":243,"column":62},"end":{"line":243,"column":87}}]},"56":{"type":"branch","line":243,"loc":{"start":{"line":243,"column":89},"end":{"line":246,"column":7}},"locations":[{"start":{"line":243,"column":89},"end":{"line":246,"column":7}}]},"57":{"type":"branch","line":249,"loc":{"start":{"line":249,"column":22},"end":{"line":249,"column":58}},"locations":[{"start":{"line":249,"column":22},"end":{"line":249,"column":58}}]},"58":{"type":"branch","line":250,"loc":{"start":{"line":250,"column":20},"end":{"line":250,"column":63}},"locations":[{"start":{"line":250,"column":20},"end":{"line":250,"column":63}}]},"59":{"type":"branch","line":250,"loc":{"start":{"line":250,"column":63},"end":{"line":250,"column":97}},"locations":[{"start":{"line":250,"column":63},"end":{"line":250,"column":97}}]},"60":{"type":"branch","line":263,"loc":{"start":{"line":263,"column":0},"end":{"line":273,"column":1}},"locations":[{"start":{"line":263,"column":0},"end":{"line":273,"column":1}}]},"61":{"type":"branch","line":264,"loc":{"start":{"line":264,"column":26},"end":{"line":266,"column":3}},"locations":[{"start":{"line":264,"column":26},"end":{"line":266,"column":3}}]},"62":{"type":"branch","line":266,"loc":{"start":{"line":266,"column":3},"end":{"line":272,"column":3}},"locations":[{"start":{"line":266,"column":3},"end":{"line":272,"column":3}}]},"63":{"type":"branch","line":267,"loc":{"start":{"line":267,"column":27},"end":{"line":271,"column":5}},"locations":[{"start":{"line":267,"column":27},"end":{"line":271,"column":5}}]},"64":{"type":"branch","line":265,"loc":{"start":{"line":265,"column":16},"end":{"line":265,"column":49}},"locations":[{"start":{"line":265,"column":16},"end":{"line":265,"column":49}}]},"65":{"type":"branch","line":283,"loc":{"start":{"line":283,"column":24},"end":{"line":300,"column":2}},"locations":[{"start":{"line":283,"column":24},"end":{"line":300,"column":2}}]},"66":{"type":"branch","line":292,"loc":{"start":{"line":292,"column":28},"end":{"line":294,"column":3}},"locations":[{"start":{"line":292,"column":28},"end":{"line":294,"column":3}}]},"67":{"type":"branch","line":294,"loc":{"start":{"line":294,"column":3},"end":{"line":297,"column":3}},"locations":[{"start":{"line":294,"column":3},"end":{"line":297,"column":3}}]},"68":{"type":"branch","line":295,"loc":{"start":{"line":295,"column":45},"end":{"line":295,"column":51}},"locations":[{"start":{"line":295,"column":45},"end":{"line":295,"column":51}}]},"69":{"type":"branch","line":286,"loc":{"start":{"line":286,"column":17},"end":{"line":290,"column":3}},"locations":[{"start":{"line":286,"column":17},"end":{"line":290,"column":3}}]},"70":{"type":"branch","line":287,"loc":{"start":{"line":287,"column":16},"end":{"line":289,"column":5}},"locations":[{"start":{"line":287,"column":16},"end":{"line":289,"column":5}}]},"71":{"type":"branch","line":309,"loc":{"start":{"line":309,"column":19},"end":{"line":339,"column":2}},"locations":[{"start":{"line":309,"column":19},"end":{"line":339,"column":2}}]},"72":{"type":"branch","line":312,"loc":{"start":{"line":312,"column":16},"end":{"line":336,"column":3}},"locations":[{"start":{"line":312,"column":16},"end":{"line":336,"column":3}}]},"73":{"type":"branch","line":313,"loc":{"start":{"line":313,"column":29},"end":{"line":333,"column":5}},"locations":[{"start":{"line":313,"column":29},"end":{"line":333,"column":5}}]},"74":{"type":"branch","line":314,"loc":{"start":{"line":314,"column":31},"end":{"line":316,"column":7}},"locations":[{"start":{"line":314,"column":31},"end":{"line":316,"column":7}}]},"75":{"type":"branch","line":319,"loc":{"start":{"line":319,"column":30},"end":{"line":321,"column":7}},"locations":[{"start":{"line":319,"column":30},"end":{"line":321,"column":7}}]},"76":{"type":"branch","line":321,"loc":{"start":{"line":321,"column":6},"end":{"line":323,"column":50}},"locations":[{"start":{"line":321,"column":6},"end":{"line":323,"column":50}}]},"77":{"type":"branch","line":323,"loc":{"start":{"line":323,"column":47},"end":{"line":323,"column":52}},"locations":[{"start":{"line":323,"column":47},"end":{"line":323,"column":52}}]},"78":{"type":"branch","line":323,"loc":{"start":{"line":323,"column":52},"end":{"line":323,"column":57}},"locations":[{"start":{"line":323,"column":52},"end":{"line":323,"column":57}}]},"79":{"type":"branch","line":325,"loc":{"start":{"line":325,"column":57},"end":{"line":330,"column":7}},"locations":[{"start":{"line":325,"column":57},"end":{"line":330,"column":7}}]},"80":{"type":"branch","line":330,"loc":{"start":{"line":330,"column":6},"end":{"line":333,"column":5}},"locations":[{"start":{"line":330,"column":6},"end":{"line":333,"column":5}}]},"81":{"type":"branch","line":333,"loc":{"start":{"line":333,"column":4},"end":{"line":336,"column":3}},"locations":[{"start":{"line":333,"column":4},"end":{"line":336,"column":3}}]},"82":{"type":"branch","line":354,"loc":{"start":{"line":354,"column":0},"end":{"line":371,"column":1}},"locations":[{"start":{"line":354,"column":0},"end":{"line":371,"column":1}}]},"83":{"type":"branch","line":357,"loc":{"start":{"line":357,"column":31},"end":{"line":357,"column":34}},"locations":[{"start":{"line":357,"column":31},"end":{"line":357,"column":34}}]},"84":{"type":"branch","line":357,"loc":{"start":{"line":357,"column":31},"end":{"line":357,"column":34}},"locations":[{"start":{"line":357,"column":31},"end":{"line":357,"column":34}}]},"85":{"type":"branch","line":357,"loc":{"start":{"line":357,"column":31},"end":{"line":357,"column":48}},"locations":[{"start":{"line":357,"column":31},"end":{"line":357,"column":48}}]},"86":{"type":"branch","line":359,"loc":{"start":{"line":359,"column":36},"end":{"line":368,"column":3}},"locations":[{"start":{"line":359,"column":36},"end":{"line":368,"column":3}}]},"87":{"type":"branch","line":361,"loc":{"start":{"line":361,"column":13},"end":{"line":361,"column":12}},"locations":[{"start":{"line":361,"column":13},"end":{"line":361,"column":12}}]},"88":{"type":"branch","line":361,"loc":{"start":{"line":361,"column":13},"end":{"line":361,"column":27}},"locations":[{"start":{"line":361,"column":13},"end":{"line":361,"column":27}}]},"89":{"type":"branch","line":363,"loc":{"start":{"line":363,"column":6},"end":{"line":367,"column":5}},"locations":[{"start":{"line":363,"column":6},"end":{"line":367,"column":5}}]},"90":{"type":"branch","line":368,"loc":{"start":{"line":368,"column":2},"end":{"line":371,"column":1}},"locations":[{"start":{"line":368,"column":2},"end":{"line":371,"column":1}}]},"91":{"type":"branch","line":380,"loc":{"start":{"line":380,"column":27},"end":{"line":385,"column":2}},"locations":[{"start":{"line":380,"column":27},"end":{"line":385,"column":2}}]},"92":{"type":"branch","line":383,"loc":{"start":{"line":383,"column":9},"end":{"line":383,"column":93}},"locations":[{"start":{"line":383,"column":9},"end":{"line":383,"column":93}}]},"93":{"type":"branch","line":383,"loc":{"start":{"line":383,"column":38},"end":{"line":383,"column":45}},"locations":[{"start":{"line":383,"column":38},"end":{"line":383,"column":45}}]},"94":{"type":"branch","line":383,"loc":{"start":{"line":383,"column":45},"end":{"line":383,"column":92}},"locations":[{"start":{"line":383,"column":45},"end":{"line":383,"column":92}}]},"95":{"type":"branch","line":387,"loc":{"start":{"line":387,"column":0},"end":{"line":402,"column":1}},"locations":[{"start":{"line":387,"column":0},"end":{"line":402,"column":1}}]},"96":{"type":"branch","line":389,"loc":{"start":{"line":389,"column":9},"end":{"line":400,"column":5}},"locations":[{"start":{"line":389,"column":9},"end":{"line":400,"column":5}}]},"97":{"type":"branch","line":391,"loc":{"start":{"line":391,"column":35},"end":{"line":398,"column":7}},"locations":[{"start":{"line":391,"column":35},"end":{"line":398,"column":7}}]},"98":{"type":"branch","line":398,"loc":{"start":{"line":398,"column":6},"end":{"line":400,"column":5}},"locations":[{"start":{"line":398,"column":6},"end":{"line":400,"column":5}}]},"99":{"type":"branch","line":393,"loc":{"start":{"line":393,"column":25},"end":{"line":396,"column":9}},"locations":[{"start":{"line":393,"column":25},"end":{"line":396,"column":9}}]},"100":{"type":"branch","line":410,"loc":{"start":{"line":410,"column":0},"end":{"line":420,"column":1}},"locations":[{"start":{"line":410,"column":0},"end":{"line":420,"column":1}}]},"101":{"type":"branch","line":413,"loc":{"start":{"line":413,"column":-1},"end":{"line":413,"column":21}},"locations":[{"start":{"line":413,"column":-1},"end":{"line":413,"column":21}}]},"102":{"type":"branch","line":414,"loc":{"start":{"line":414,"column":-1},"end":{"line":414,"column":26}},"locations":[{"start":{"line":414,"column":-1},"end":{"line":414,"column":26}}]},"103":{"type":"branch","line":415,"loc":{"start":{"line":415,"column":4},"end":{"line":417,"column":3}},"locations":[{"start":{"line":415,"column":4},"end":{"line":417,"column":3}}]},"104":{"type":"branch","line":417,"loc":{"start":{"line":417,"column":2},"end":{"line":419,"column":32}},"locations":[{"start":{"line":417,"column":2},"end":{"line":419,"column":32}}]},"105":{"type":"branch","line":419,"loc":{"start":{"line":419,"column":29},"end":{"line":419,"column":85}},"locations":[{"start":{"line":419,"column":29},"end":{"line":419,"column":85}}]},"106":{"type":"branch","line":419,"loc":{"start":{"line":419,"column":85},"end":{"line":419,"column":101}},"locations":[{"start":{"line":419,"column":85},"end":{"line":419,"column":101}}]},"107":{"type":"branch","line":419,"loc":{"start":{"line":419,"column":42},"end":{"line":419,"column":84}},"locations":[{"start":{"line":419,"column":42},"end":{"line":419,"column":84}}]},"108":{"type":"branch","line":426,"loc":{"start":{"line":426,"column":0},"end":{"line":431,"column":1}},"locations":[{"start":{"line":426,"column":0},"end":{"line":431,"column":1}}]},"109":{"type":"branch","line":427,"loc":{"start":{"line":427,"column":20},"end":{"line":430,"column":3}},"locations":[{"start":{"line":427,"column":20},"end":{"line":430,"column":3}}]}},"b":{"0":[4],"1":[3],"2":[2],"3":[45],"4":[245],"5":[38],"6":[20],"7":[2],"8":[1],"9":[67],"10":[55],"11":[12],"12":[3],"13":[39],"14":[4],"15":[4],"16":[35],"17":[38],"18":[2],"19":[37],"20":[33],"21":[4],"22":[0],"23":[37],"24":[1],"25":[36],"26":[2],"27":[34],"28":[3],"29":[68],"30":[7],"31":[11],"32":[4],"33":[3],"34":[3],"35":[2],"36":[2],"37":[1],"38":[17],"39":[2],"40":[1],"41":[16],"42":[5],"43":[12],"44":[73],"45":[5],"46":[1],"47":[0],"48":[1],"49":[4],"50":[4],"51":[2],"52":[3],"53":[45],"54":[15],"55":[44],"56":[8],"57":[0],"58":[0],"59":[0],"60":[3],"61":[1],"62":[2],"63":[5],"64":[3],"65":[5],"66":[1],"67":[4],"68":[1],"69":[5],"70":[12],"71":[3],"72":[18],"73":[7],"74":[0],"75":[1],"76":[6],"77":[3],"78":[3],"79":[15],"80":[6],"81":[11],"82":[4],"83":[1],"84":[1],"85":[3],"86":[3],"87":[2],"88":[1],"89":[1],"90":[1],"91":[6],"92":[14],"93":[6],"94":[8],"95":[5],"96":[9],"97":[1],"98":[8],"99":[3],"100":[18],"101":[16],"102":[14],"103":[4],"104":[14],"105":[4],"106":[10],"107":[10],"108":[3],"109":[6]},"fnMap":{"0":{"name":"bind","decl":{"start":{"line":26,"column":0},"end":{"line":28,"column":1}},"loc":{"start":{"line":26,"column":0},"end":{"line":28,"column":1}},"line":26},"1":{"name":"getType","decl":{"start":{"line":37,"column":0},"end":{"line":40,"column":1}},"loc":{"start":{"line":37,"column":0},"end":{"line":40,"column":1}},"line":37},"2":{"name":"createTypeChecker","decl":{"start":{"line":49,"column":26},"end":{"line":49,"column":98}},"loc":{"start":{"line":49,"column":26},"end":{"line":49,"column":98}},"line":49},"3":{"name":"checkObject","decl":{"start":{"line":57,"column":20},"end":{"line":57,"column":80}},"loc":{"start":{"line":57,"column":20},"end":{"line":57,"column":80}},"line":57},"4":{"name":"checkBoolean","decl":{"start":{"line":59,"column":21},"end":{"line":59,"column":71}},"loc":{"start":{"line":59,"column":21},"end":{"line":59,"column":71}},"line":59},"5":{"name":"checkPlainObject","decl":{"start":{"line":70,"column":25},"end":{"line":77,"column":2}},"loc":{"start":{"line":70,"column":25},"end":{"line":77,"column":2}},"line":70},"6":{"name":"checkStream","decl":{"start":{"line":85,"column":20},"end":{"line":85,"column":84}},"loc":{"start":{"line":85,"column":20},"end":{"line":85,"column":84}},"line":85},"7":{"name":"checkFormData","decl":{"start":{"line":89,"column":22},"end":{"line":89,"column":64}},"loc":{"start":{"line":89,"column":22},"end":{"line":89,"column":64}},"line":89},"8":{"name":"forEach","decl":{"start":{"line":108,"column":0},"end":{"line":135,"column":1}},"loc":{"start":{"line":108,"column":0},"end":{"line":135,"column":1}},"line":108},"9":{"name":"getObjectKey","decl":{"start":{"line":145,"column":0},"end":{"line":155,"column":1}},"loc":{"start":{"line":145,"column":0},"end":{"line":155,"column":1}},"line":145},"10":{"name":"extendObject","decl":{"start":{"line":167,"column":0},"end":{"line":185,"column":1}},"loc":{"start":{"line":167,"column":0},"end":{"line":185,"column":1}},"line":167},"11":{"name":"forEach.includeAll","decl":{"start":{"line":175,"column":18},"end":{"line":182,"column":3}},"loc":{"start":{"line":175,"column":18},"end":{"line":182,"column":3}},"line":175},"12":{"name":"getAllPropertyNames","decl":{"start":{"line":194,"column":0},"end":{"line":207,"column":1}},"loc":{"start":{"line":194,"column":0},"end":{"line":207,"column":1}},"line":194},"13":{"name":"flattenObject","decl":{"start":{"line":221,"column":0},"end":{"line":253,"column":1}},"loc":{"start":{"line":221,"column":0},"end":{"line":253,"column":1}},"line":221},"14":{"name":"forEachEntry","decl":{"start":{"line":263,"column":0},"end":{"line":273,"column":1}},"loc":{"start":{"line":263,"column":0},"end":{"line":273,"column":1}},"line":263},"15":{"name":"toBooleanObject","decl":{"start":{"line":283,"column":24},"end":{"line":300,"column":2}},"loc":{"start":{"line":283,"column":24},"end":{"line":300,"column":2}},"line":283},"16":{"name":"define","decl":{"start":{"line":286,"column":17},"end":{"line":290,"column":3}},"loc":{"start":{"line":286,"column":17},"end":{"line":290,"column":3}},"line":286},"17":{"name":"toJSONSafe","decl":{"start":{"line":309,"column":19},"end":{"line":339,"column":2}},"loc":{"start":{"line":309,"column":19},"end":{"line":339,"column":2}},"line":309},"18":{"name":"visit","decl":{"start":{"line":312,"column":16},"end":{"line":336,"column":3}},"loc":{"start":{"line":312,"column":16},"end":{"line":336,"column":3}},"line":312},"19":{"name":"stringifySafely","decl":{"start":{"line":354,"column":0},"end":{"line":371,"column":1}},"loc":{"start":{"line":354,"column":0},"end":{"line":371,"column":1}},"line":354},"20":{"name":"convertToCamelCase","decl":{"start":{"line":380,"column":27},"end":{"line":385,"column":2}},"loc":{"start":{"line":380,"column":27},"end":{"line":385,"column":2}},"line":380},"21":{"name":"objectToQueryString","decl":{"start":{"line":387,"column":0},"end":{"line":402,"column":1}},"loc":{"start":{"line":387,"column":0},"end":{"line":402,"column":1}},"line":387},"22":{"name":"all","decl":{"start":{"line":404,"column":12},"end":{"line":404,"column":84}},"loc":{"start":{"line":404,"column":12},"end":{"line":404,"column":84}},"line":404},"23":{"name":"spread","decl":{"start":{"line":406,"column":0},"end":{"line":408,"column":1}},"loc":{"start":{"line":406,"column":0},"end":{"line":408,"column":1}},"line":406},"24":{"name":"getNormalizedValue","decl":{"start":{"line":410,"column":0},"end":{"line":420,"column":1}},"loc":{"start":{"line":410,"column":0},"end":{"line":420,"column":1}},"line":410},"25":{"name":"isIE","decl":{"start":{"line":422,"column":0},"end":{"line":424,"column":1}},"loc":{"start":{"line":422,"column":0},"end":{"line":424,"column":1}},"line":422},"26":{"name":"getObjectByArray","decl":{"start":{"line":426,"column":0},"end":{"line":431,"column":1}},"loc":{"start":{"line":426,"column":0},"end":{"line":431,"column":1}},"line":426},"27":{"name":"filterUndefinedValues","decl":{"start":{"line":433,"column":0},"end":{"line":440,"column":1}},"loc":{"start":{"line":433,"column":0},"end":{"line":440,"column":1}},"line":433}},"f":{"0":4,"1":45,"2":245,"3":20,"4":2,"5":67,"6":0,"7":3,"8":39,"9":7,"10":3,"11":17,"12":5,"13":5,"14":3,"15":5,"16":5,"17":3,"18":18,"19":4,"20":6,"21":5,"22":0,"23":0,"24":18,"25":0,"26":3,"27":0}}
,"/home/runner/work/inula/inula/packages/inula-request/src/utils/configUtils/deepMerge.ts": {"path":"/home/runner/work/inula/inula/packages/inula-request/src/utils/configUtils/deepMerge.ts","all":false,"statementMap":{"0":{"start":{"line":1,"column":0},"end":{"line":1,"column":2}},"1":{"start":{"line":2,"column":0},"end":{"line":2,"column":50}},"2":{"start":{"line":3,"column":0},"end":{"line":3,"column":2}},"3":{"start":{"line":4,"column":0},"end":{"line":4,"column":44}},"4":{"start":{"line":5,"column":0},"end":{"line":5,"column":87}},"5":{"start":{"line":6,"column":0},"end":{"line":6,"column":44}},"6":{"start":{"line":7,"column":0},"end":{"line":7,"column":2}},"7":{"start":{"line":8,"column":0},"end":{"line":8,"column":49}},"8":{"start":{"line":9,"column":0},"end":{"line":9,"column":2}},"9":{"start":{"line":10,"column":0},"end":{"line":10,"column":81}},"10":{"start":{"line":11,"column":0},"end":{"line":11,"column":76}},"11":{"start":{"line":12,"column":0},"end":{"line":12,"column":51}},"12":{"start":{"line":13,"column":0},"end":{"line":13,"column":41}},"13":{"start":{"line":14,"column":0},"end":{"line":14,"column":3}},"14":{"start":{"line":15,"column":0},"end":{"line":15,"column":0}},"15":{"start":{"line":16,"column":0},"end":{"line":16,"column":41}},"16":{"start":{"line":17,"column":0},"end":{"line":17,"column":0}},"17":{"start":{"line":18,"column":0},"end":{"line":18,"column":12}},"18":{"start":{"line":19,"column":0},"end":{"line":19,"column":34}},"19":{"start":{"line":20,"column":0},"end":{"line":20,"column":59}},"20":{"start":{"line":21,"column":0},"end":{"line":21,"column":94}},"21":{"start":{"line":22,"column":0},"end":{"line":22,"column":1}},"22":{"start":{"line":23,"column":0},"end":{"line":23,"column":0}},"23":{"start":{"line":24,"column":0},"end":{"line":24,"column":123}},"24":{"start":{"line":25,"column":0},"end":{"line":25,"column":76}},"25":{"start":{"line":26,"column":0},"end":{"line":26,"column":37}},"26":{"start":{"line":27,"column":0},"end":{"line":27,"column":37}},"27":{"start":{"line":28,"column":0},"end":{"line":28,"column":25}},"28":{"start":{"line":29,"column":0},"end":{"line":29,"column":0}},"29":{"start":{"line":30,"column":0},"end":{"line":30,"column":47}},"30":{"start":{"line":31,"column":0},"end":{"line":31,"column":78}},"31":{"start":{"line":32,"column":0},"end":{"line":32,"column":83}},"32":{"start":{"line":33,"column":0},"end":{"line":33,"column":60}},"33":{"start":{"line":34,"column":0},"end":{"line":34,"column":45}},"34":{"start":{"line":35,"column":0},"end":{"line":35,"column":45}},"35":{"start":{"line":36,"column":0},"end":{"line":36,"column":36}},"36":{"start":{"line":37,"column":0},"end":{"line":37,"column":38}},"37":{"start":{"line":38,"column":0},"end":{"line":38,"column":12}},"38":{"start":{"line":39,"column":0},"end":{"line":39,"column":30}},"39":{"start":{"line":40,"column":0},"end":{"line":40,"column":5}},"40":{"start":{"line":41,"column":0},"end":{"line":41,"column":4}},"41":{"start":{"line":42,"column":0},"end":{"line":42,"column":0}},"42":{"start":{"line":43,"column":0},"end":{"line":43,"column":30}},"43":{"start":{"line":44,"column":0},"end":{"line":44,"column":43}},"44":{"start":{"line":45,"column":0},"end":{"line":45,"column":3}},"45":{"start":{"line":46,"column":0},"end":{"line":46,"column":16}},"46":{"start":{"line":47,"column":0},"end":{"line":47,"column":1}},"47":{"start":{"line":48,"column":0},"end":{"line":48,"column":0}},"48":{"start":{"line":49,"column":0},"end":{"line":49,"column":25}}},"s":{"0":1,"1":1,"2":1,"3":1,"4":1,"5":1,"6":1,"7":1,"8":1,"9":1,"10":1,"11":1,"12":1,"13":1,"14":1,"15":1,"16":1,"17":1,"18":16,"19":16,"20":16,"21":16,"22":1,"23":1,"24":16,"25":16,"26":16,"27":16,"28":16,"29":16,"30":33,"31":33,"32":3,"33":33,"34":5,"35":30,"36":0,"37":25,"38":25,"39":25,"40":16,"41":16,"42":16,"43":31,"44":31,"45":16,"46":16,"47":1,"48":1},"branchMap":{"0":{"type":"branch","line":19,"loc":{"start":{"line":19,"column":0},"end":{"line":22,"column":1}},"locations":[{"start":{"line":19,"column":0},"end":{"line":22,"column":1}}]},"1":{"type":"branch","line":20,"loc":{"start":{"line":20,"column":58},"end":{"line":21,"column":43}},"locations":[{"start":{"line":20,"column":58},"end":{"line":21,"column":43}}]},"2":{"type":"branch","line":21,"loc":{"start":{"line":21,"column":43},"end":{"line":21,"column":93}},"locations":[{"start":{"line":21,"column":43},"end":{"line":21,"column":93}}]},"3":{"type":"branch","line":25,"loc":{"start":{"line":25,"column":0},"end":{"line":47,"column":1}},"locations":[{"start":{"line":25,"column":0},"end":{"line":47,"column":1}}]},"4":{"type":"branch","line":27,"loc":{"start":{"line":27,"column":30},"end":{"line":27,"column":36}},"locations":[{"start":{"line":27,"column":30},"end":{"line":27,"column":36}}]},"5":{"type":"branch","line":25,"loc":{"start":{"line":25,"column":29},"end":{"line":25,"column":75}},"locations":[{"start":{"line":25,"column":29},"end":{"line":25,"column":75}}]},"6":{"type":"branch","line":43,"loc":{"start":{"line":43,"column":29},"end":{"line":45,"column":3}},"locations":[{"start":{"line":43,"column":29},"end":{"line":45,"column":3}}]},"7":{"type":"branch","line":30,"loc":{"start":{"line":30,"column":22},"end":{"line":41,"column":3}},"locations":[{"start":{"line":30,"column":22},"end":{"line":41,"column":3}}]},"8":{"type":"branch","line":31,"loc":{"start":{"line":31,"column":30},"end":{"line":31,"column":71}},"locations":[{"start":{"line":31,"column":30},"end":{"line":31,"column":71}}]},"9":{"type":"branch","line":32,"loc":{"start":{"line":32,"column":49},"end":{"line":32,"column":80}},"locations":[{"start":{"line":32,"column":49},"end":{"line":32,"column":80}}]},"10":{"type":"branch","line":32,"loc":{"start":{"line":32,"column":82},"end":{"line":34,"column":5}},"locations":[{"start":{"line":32,"column":82},"end":{"line":34,"column":5}}]},"11":{"type":"branch","line":34,"loc":{"start":{"line":34,"column":5},"end":{"line":40,"column":5}},"locations":[{"start":{"line":34,"column":5},"end":{"line":40,"column":5}}]},"12":{"type":"branch","line":34,"loc":{"start":{"line":34,"column":44},"end":{"line":36,"column":5}},"locations":[{"start":{"line":34,"column":44},"end":{"line":36,"column":5}}]},"13":{"type":"branch","line":36,"loc":{"start":{"line":36,"column":5},"end":{"line":40,"column":5}},"locations":[{"start":{"line":36,"column":5},"end":{"line":40,"column":5}}]},"14":{"type":"branch","line":36,"loc":{"start":{"line":36,"column":35},"end":{"line":38,"column":5}},"locations":[{"start":{"line":36,"column":35},"end":{"line":38,"column":5}}]}},"b":{"0":[16],"1":[0],"2":[0],"3":[16],"4":[0],"5":[31],"6":[31],"7":[33],"8":[0],"9":[3],"10":[3],"11":[30],"12":[5],"13":[25],"14":[0]},"fnMap":{"0":{"name":"getContextObject","decl":{"start":{"line":19,"column":0},"end":{"line":22,"column":1}},"loc":{"start":{"line":19,"column":0},"end":{"line":22,"column":1}},"line":19},"1":{"name":"deepMerge","decl":{"start":{"line":25,"column":0},"end":{"line":47,"column":1}},"loc":{"start":{"line":25,"column":0},"end":{"line":47,"column":1}},"line":25},"2":{"name":"assignValue","decl":{"start":{"line":30,"column":22},"end":{"line":41,"column":3}},"loc":{"start":{"line":30,"column":22},"end":{"line":41,"column":3}},"line":30}},"f":{"0":16,"1":16,"2":33}}
,"/home/runner/work/inula/inula/packages/inula-request/src/utils/configUtils/getMergedConfig.ts": {"path":"/home/runner/work/inula/inula/packages/inula-request/src/utils/configUtils/getMergedConfig.ts","all":false,"statementMap":{"0":{"start":{"line":1,"column":0},"end":{"line":1,"column":2}},"1":{"start":{"line":2,"column":0},"end":{"line":2,"column":50}},"2":{"start":{"line":3,"column":0},"end":{"line":3,"column":2}},"3":{"start":{"line":4,"column":0},"end":{"line":4,"column":44}},"4":{"start":{"line":5,"column":0},"end":{"line":5,"column":87}},"5":{"start":{"line":6,"column":0},"end":{"line":6,"column":44}},"6":{"start":{"line":7,"column":0},"end":{"line":7,"column":2}},"7":{"start":{"line":8,"column":0},"end":{"line":8,"column":49}},"8":{"start":{"line":9,"column":0},"end":{"line":9,"column":2}},"9":{"start":{"line":10,"column":0},"end":{"line":10,"column":81}},"10":{"start":{"line":11,"column":0},"end":{"line":11,"column":76}},"11":{"start":{"line":12,"column":0},"end":{"line":12,"column":51}},"12":{"start":{"line":13,"column":0},"end":{"line":13,"column":41}},"13":{"start":{"line":14,"column":0},"end":{"line":14,"column":3}},"14":{"start":{"line":15,"column":0},"end":{"line":15,"column":0}},"15":{"start":{"line":16,"column":0},"end":{"line":16,"column":41}},"16":{"start":{"line":17,"column":0},"end":{"line":17,"column":36}},"17":{"start":{"line":18,"column":0},"end":{"line":18,"column":0}},"18":{"start":{"line":19,"column":0},"end":{"line":19,"column":107}},"19":{"start":{"line":20,"column":0},"end":{"line":20,"column":26}},"20":{"start":{"line":21,"column":0},"end":{"line":21,"column":0}},"21":{"start":{"line":22,"column":0},"end":{"line":22,"column":63}},"22":{"start":{"line":23,"column":0},"end":{"line":23,"column":77}},"23":{"start":{"line":24,"column":0},"end":{"line":24,"column":0}},"24":{"start":{"line":25,"column":0},"end":{"line":25,"column":25}},"25":{"start":{"line":26,"column":0},"end":{"line":26,"column":68}},"26":{"start":{"line":27,"column":0},"end":{"line":27,"column":30}},"27":{"start":{"line":28,"column":0},"end":{"line":28,"column":33}},"28":{"start":{"line":29,"column":0},"end":{"line":29,"column":34}},"29":{"start":{"line":30,"column":0},"end":{"line":30,"column":31}},"30":{"start":{"line":31,"column":0},"end":{"line":31,"column":33}},"31":{"start":{"line":32,"column":0},"end":{"line":32,"column":61}},"32":{"start":{"line":33,"column":0},"end":{"line":33,"column":34}},"33":{"start":{"line":34,"column":0},"end":{"line":34,"column":39}},"34":{"start":{"line":35,"column":0},"end":{"line":35,"column":43}},"35":{"start":{"line":36,"column":0},"end":{"line":36,"column":45}},"36":{"start":{"line":37,"column":0},"end":{"line":37,"column":38}},"37":{"start":{"line":38,"column":0},"end":{"line":38,"column":4}},"38":{"start":{"line":39,"column":0},"end":{"line":39,"column":0}},"39":{"start":{"line":40,"column":0},"end":{"line":40,"column":80}},"40":{"start":{"line":41,"column":0},"end":{"line":41,"column":46}},"41":{"start":{"line":42,"column":0},"end":{"line":42,"column":0}},"42":{"start":{"line":43,"column":0},"end":{"line":43,"column":30}},"43":{"start":{"line":44,"column":0},"end":{"line":44,"column":79}},"44":{"start":{"line":45,"column":0},"end":{"line":45,"column":71}},"45":{"start":{"line":46,"column":0},"end":{"line":46,"column":0}},"46":{"start":{"line":47,"column":0},"end":{"line":47,"column":52}},"47":{"start":{"line":48,"column":0},"end":{"line":48,"column":66}},"48":{"start":{"line":49,"column":0},"end":{"line":49,"column":3}},"49":{"start":{"line":50,"column":0},"end":{"line":50,"column":0}},"50":{"start":{"line":51,"column":0},"end":{"line":51,"column":28}},"51":{"start":{"line":52,"column":0},"end":{"line":52,"column":22}},"52":{"start":{"line":53,"column":0},"end":{"line":53,"column":1}},"53":{"start":{"line":54,"column":0},"end":{"line":54,"column":0}},"54":{"start":{"line":55,"column":0},"end":{"line":55,"column":31}}},"s":{"0":1,"1":1,"2":1,"3":1,"4":1,"5":1,"6":1,"7":1,"8":1,"9":1,"10":1,"11":1,"12":1,"13":1,"14":1,"15":1,"16":1,"17":1,"18":2,"19":2,"20":2,"21":2,"22":2,"23":2,"24":2,"25":2,"26":2,"27":2,"28":2,"29":2,"30":2,"31":2,"32":2,"33":2,"34":2,"35":2,"36":2,"37":2,"38":2,"39":2,"40":2,"41":2,"42":2,"43":7,"44":7,"45":7,"46":7,"47":7,"48":7,"49":2,"50":2,"51":2,"52":2,"53":1,"54":1},"branchMap":{"0":{"type":"branch","line":19,"loc":{"start":{"line":19,"column":0},"end":{"line":53,"column":1}},"locations":[{"start":{"line":19,"column":0},"end":{"line":53,"column":1}}]},"1":{"type":"branch","line":20,"loc":{"start":{"line":20,"column":19},"end":{"line":20,"column":25}},"locations":[{"start":{"line":20,"column":19},"end":{"line":20,"column":25}}]},"2":{"type":"branch","line":43,"loc":{"start":{"line":43,"column":29},"end":{"line":49,"column":3}},"locations":[{"start":{"line":43,"column":29},"end":{"line":49,"column":3}}]},"3":{"type":"branch","line":45,"loc":{"start":{"line":45,"column":46},"end":{"line":45,"column":70}},"locations":[{"start":{"line":45,"column":46},"end":{"line":45,"column":70}}]},"4":{"type":"branch","line":23,"loc":{"start":{"line":23,"column":31},"end":{"line":23,"column":76}},"locations":[{"start":{"line":23,"column":31},"end":{"line":23,"column":76}}]},"5":{"type":"branch","line":23,"loc":{"start":{"line":23,"column":71},"end":{"line":23,"column":75}},"locations":[{"start":{"line":23,"column":71},"end":{"line":23,"column":75}}]},"6":{"type":"branch","line":32,"loc":{"start":{"line":32,"column":13},"end":{"line":32,"column":61}},"locations":[{"start":{"line":32,"column":13},"end":{"line":32,"column":61}}]},"7":{"type":"branch","line":32,"loc":{"start":{"line":32,"column":44},"end":{"line":32,"column":50}},"locations":[{"start":{"line":32,"column":44},"end":{"line":32,"column":50}}]},"8":{"type":"branch","line":32,"loc":{"start":{"line":32,"column":53},"end":{"line":32,"column":59}},"locations":[{"start":{"line":32,"column":53},"end":{"line":32,"column":59}}]}},"b":{"0":[2],"1":[0],"2":[7],"3":[0],"4":[5],"5":[0],"6":[2],"7":[0],"8":[1]},"fnMap":{"0":{"name":"getMergedConfig","decl":{"start":{"line":19,"column":0},"end":{"line":53,"column":1}},"loc":{"start":{"line":19,"column":0},"end":{"line":53,"column":1}},"line":19},"1":{"name":"defaultMergeStrategy","decl":{"start":{"line":23,"column":31},"end":{"line":23,"column":76}},"loc":{"start":{"line":23,"column":31},"end":{"line":23,"column":76}},"line":23},"2":{"name":"headers","decl":{"start":{"line":32,"column":13},"end":{"line":32,"column":61}},"loc":{"start":{"line":32,"column":13},"end":{"line":32,"column":61}},"line":32}},"f":{"0":2,"1":5,"2":2}}
,"/home/runner/work/inula/inula/packages/inula-request/src/utils/dataUtils/getFormData.ts": {"path":"/home/runner/work/inula/inula/packages/inula-request/src/utils/dataUtils/getFormData.ts","all":false,"statementMap":{"0":{"start":{"line":1,"column":0},"end":{"line":1,"column":2}},"1":{"start":{"line":2,"column":0},"end":{"line":2,"column":50}},"2":{"start":{"line":3,"column":0},"end":{"line":3,"column":2}},"3":{"start":{"line":4,"column":0},"end":{"line":4,"column":44}},"4":{"start":{"line":5,"column":0},"end":{"line":5,"column":87}},"5":{"start":{"line":6,"column":0},"end":{"line":6,"column":44}},"6":{"start":{"line":7,"column":0},"end":{"line":7,"column":2}},"7":{"start":{"line":8,"column":0},"end":{"line":8,"column":49}},"8":{"start":{"line":9,"column":0},"end":{"line":9,"column":2}},"9":{"start":{"line":10,"column":0},"end":{"line":10,"column":81}},"10":{"start":{"line":11,"column":0},"end":{"line":11,"column":76}},"11":{"start":{"line":12,"column":0},"end":{"line":12,"column":51}},"12":{"start":{"line":13,"column":0},"end":{"line":13,"column":41}},"13":{"start":{"line":14,"column":0},"end":{"line":14,"column":3}},"14":{"start":{"line":15,"column":0},"end":{"line":15,"column":0}},"15":{"start":{"line":16,"column":0},"end":{"line":16,"column":95}},"16":{"start":{"line":17,"column":0},"end":{"line":17,"column":26}},"17":{"start":{"line":18,"column":0},"end":{"line":18,"column":57}},"18":{"start":{"line":19,"column":0},"end":{"line":19,"column":29}},"19":{"start":{"line":20,"column":0},"end":{"line":20,"column":0}},"20":{"start":{"line":21,"column":0},"end":{"line":21,"column":33}},"21":{"start":{"line":22,"column":0},"end":{"line":22,"column":35}},"22":{"start":{"line":23,"column":0},"end":{"line":23,"column":48}},"23":{"start":{"line":24,"column":0},"end":{"line":24,"column":9}},"24":{"start":{"line":25,"column":0},"end":{"line":25,"column":14}},"25":{"start":{"line":26,"column":0},"end":{"line":26,"column":47}},"26":{"start":{"line":27,"column":0},"end":{"line":27,"column":7}},"27":{"star
[...]
,"/home/runner/work/inula/inula/packages/inula-request/src/utils/headerUtils/checkHeaderName.ts": {"path":"/home/runner/work/inula/inula/packages/inula-request/src/utils/headerUtils/checkHeaderName.ts","all":false,"statementMap":{"0":{"start":{"line":1,"column":0},"end":{"line":1,"column":2}},"1":{"start":{"line":2,"column":0},"end":{"line":2,"column":50}},"2":{"start":{"line":3,"column":0},"end":{"line":3,"column":2}},"3":{"start":{"line":4,"column":0},"end":{"line":4,"column":44}},"4":{"start":{"line":5,"column":0},"end":{"line":5,"column":87}},"5":{"start":{"line":6,"column":0},"end":{"line":6,"column":44}},"6":{"start":{"line":7,"column":0},"end":{"line":7,"column":2}},"7":{"start":{"line":8,"column":0},"end":{"line":8,"column":49}},"8":{"start":{"line":9,"column":0},"end":{"line":9,"column":2}},"9":{"start":{"line":10,"column":0},"end":{"line":10,"column":81}},"10":{"start":{"line":11,"column":0},"end":{"line":11,"column":76}},"11":{"start":{"line":12,"column":0},"end":{"line":12,"column":51}},"12":{"start":{"line":13,"column":0},"end":{"line":13,"column":41}},"13":{"start":{"line":14,"column":0},"end":{"line":14,"column":3}},"14":{"start":{"line":15,"column":0},"end":{"line":15,"column":0}},"15":{"start":{"line":16,"column":0},"end":{"line":16,"column":39}},"16":{"start":{"line":17,"column":0},"end":{"line":17,"column":42}},"17":{"start":{"line":18,"column":0},"end":{"line":18,"column":1}},"18":{"start":{"line":19,"column":0},"end":{"line":19,"column":0}},"19":{"start":{"line":20,"column":0},"end":{"line":20,"column":31}}},"s":{"0":1,"1":1,"2":1,"3":1,"4":1,"5":1,"6":1,"7":1,"8":1,"9":1,"10":1,"11":1,"12":1,"13":1,"14":1,"15":3,"16":3,"17":3,"18":1,"19":1},"branchMap":{"0":{"type":"branch","line":16,"loc":{"start":{"line":16,"column":0},"end":{"line":18,"column":1}},"locations":[{"start":{"line":16,"column":0},"end":{"line":18,"column":1}}]}},"b":{"0":[3]},"fnMap":{"0":{"name":"checkHeaderName","decl":{"start":{"line":16,"column":0},"end":{"line":18,"column":1}},"loc":{"start":{"line":16,"column":0},"end":{"line":18,"column":1}},"line":16}},"f":{"0":3}}
,"/home/runner/work/inula/inula/packages/inula-request/src/utils/headerUtils/convertRawHeaders.ts": {"path":"/home/runner/work/inula/inula/packages/inula-request/src/utils/headerUtils/convertRawHeaders.ts","all":false,"statementMap":{"0":{"start":{"line":1,"column":0},"end":{"line":1,"column":2}},"1":{"start":{"line":2,"column":0},"end":{"line":2,"column":50}},"2":{"start":{"line":3,"column":0},"end":{"line":3,"column":2}},"3":{"start":{"line":4,"column":0},"end":{"line":4,"column":44}},"4":{"start":{"line":5,"column":0},"end":{"line":5,"column":87}},"5":{"start":{"line":6,"column":0},"end":{"line":6,"column":44}},"6":{"start":{"line":7,"column":0},"end":{"line":7,"column":2}},"7":{"start":{"line":8,"column":0},"end":{"line":8,"column":49}},"8":{"start":{"line":9,"column":0},"end":{"line":9,"column":2}},"9":{"start":{"line":10,"column":0},"end":{"line":10,"column":81}},"10":{"start":{"line":11,"column":0},"end":{"line":11,"column":76}},"11":{"start":{"line":12,"column":0},"end":{"line":12,"column":51}},"12":{"start":{"line":13,"column":0},"end":{"line":13,"column":41}},"13":{"start":{"line":14,"column":0},"end":{"line":14,"column":3}},"14":{"start":{"line":15,"column":0},"end":{"line":15,"column":0}},"15":{"start":{"line":16,"column":0},"end":{"line":16,"column":46}},"16":{"start":{"line":17,"column":0},"end":{"line":17,"column":0}},"17":{"start":{"line":18,"column":0},"end":{"line":18,"column":59}},"18":{"start":{"line":19,"column":0},"end":{"line":19,"column":41}},"19":{"start":{"line":20,"column":0},"end":{"line":20,"column":0}},"20":{"start":{"line":21,"column":0},"end":{"line":21,"column":19}},"21":{"start":{"line":22,"column":0},"end":{"line":22,"column":54}},"22":{"start":{"line":23,"column":0},"end":{"line":23,"column":32}},"23":{"start":{"line":24,"column":0},"end":{"line":24,"column":58}},"24":{"start":{"line":25,"column":0},"end":{"line":25,"column":45}},"25":{"start":{"line":26,"column":0},"end":{"line":26,"column":0}},"26":{"start":{"line":27,"column":0},"end":{"line":27,"column":68}},"27":{"start":{"line":28,"column":0},"end":{"line":28,"column":15}},"28":{"start":{"line":29,"column":0},"end":{"line":29,"column":7}},"29":{"start":{"line":30,"column":0},"end":{"line":30,"column":0}},"30":{"start":{"line":31,"column":0},"end":{"line":31,"column":77}},"31":{"start":{"line":32,"column":0},"end":{"line":32,"column":33}},"32":{"start":{"line":33,"column":0},"end":{"line":33,"column":36}},"33":{"start":{"line":34,"column":0},"end":{"line":34,"column":51}},"34":{"start":{"line":35,"column":0},"end":{"line":35,"column":16}},"35":{"start":{"line":36,"column":0},"end":{"line":36,"column":40}},"36":{"start":{"line":37,"column":0},"end":{"line":37,"column":9}},"37":{"start":{"line":38,"column":0},"end":{"line":38,"column":14}},"38":{"start":{"line":39,"column":0},"end":{"line":39,"column":97}},"39":{"start":{"line":40,"column":0},"end":{"line":40,"column":7}},"40":{"start":{"line":41,"column":0},"end":{"line":41,"column":7}},"41":{"start":{"line":42,"column":0},"end":{"line":42,"column":3}},"42":{"start":{"line":43,"column":0},"end":{"line":43,"column":0}},"43":{"start":{"line":44,"column":0},"end":{"line":44,"column":26}},"44":{"start":{"line":45,"column":0},"end":{"line":45,"column":1}},"45":{"start":{"line":46,"column":0},"end":{"line":46,"column":0}},"46":{"start":{"line":47,"column":0},"end":{"line":47,"column":33}}},"s":{"0":1,"1":1,"2":1,"3":1,"4":1,"5":1,"6":1,"7":1,"8":1,"9":1,"10":1,"11":1,"12":1,"13":1,"14":1,"15":1,"16":1,"17":5,"18":5,"19":5,"20":5,"21":4,"22":7,"23":7,"24":7,"25":7,"26":7,"27":1,"28":1,"29":6,"30":6,"31":7,"32":2,"33":1,"34":1,"35":1,"36":1,"37":7,"38":4,"39":4,"40":4,"41":4,"42":5,"43":5,"44":5,"45":1,"46":1},"branchMap":{"0":{"type":"branch","line":18,"loc":{"start":{"line":18,"column":0},"end":{"line":45,"column":1}},"locations":[{"start":{"line":18,"column":0},"end":{"line":45,"column":1}}]},"1":{"type":"branch","line":21,"loc":{"start":{"line":21,"column":18},"end":{"line":42,"column":3}},"locations":[{"start":{"line":21,"column":18},"end":{"line":42,"column":3}}]},"2":{"type":"branch","line":22,"loc":{"start":{"line":22,"column":35},"end":{"line":41,"column":5}},"locations":[{"start":{"line":22,"column":35},"end":{"line":41,"column":5}}]},"3":{"type":"branch","line":27,"loc":{"start":{"line":27,"column":14},"end":{"line":27,"column":65}},"locations":[{"start":{"line":27,"column":14},"end":{"line":27,"column":65}}]},"4":{"type":"branch","line":27,"loc":{"start":{"line":27,"column":40},"end":{"line":27,"column":65}},"locations":[{"start":{"line":27,"column":40},"end":{"line":27,"column":65}}]},"5":{"type":"branch","line":27,"loc":{"start":{"line":27,"column":67},"end":{"line":29,"column":7}},"locations":[{"start":{"line":27,"column":67},"end":{"line":29,"column":7}}]},"6":{"type":"branch","line":29,"loc":{"start":{"line":29,"column":6},"end":{"line":32,"column":32}},"locations":[{"start":{"line":29,"column":6},"end":{"line":32,"column":32}}]},"7":{"type":"branch","line":32,"loc":{"start":{"line":32,"column":32},"end":{"line":38,"column":7}},"locations":[{"start":{"line":32,"column":32},"end":{"line":38,"column":7}}]},"8":{"type":"branch","line":33,"loc":{"start":{"line":33,"column":35},"end":{"line":37,"column":9}},"locations":[{"start":{"line":33,"column":35},"end":{"line":37,"column":9}}]},"9":{"type":"branch","line":38,"loc":{"start":{"line":38,"column":7},"end":{"line":40,"column":7}},"locations":[{"start":{"line":38,"column":7},"end":{"line":40,"column":7}}]},"10":{"type":"branch","line":39,"loc":{"start":{"line":39,"column":53},"end":{"line":39,"column":93}},"locations":[{"start":{"line":39,"column":53},"end":{"line":39,"column":93}}]}},"b":{"0":[5],"1":[4],"2":[7],"3":[6],"4":[1],"5":[1],"6":[6],"7":[2],"8":[1],"9":[4],"10":[0]},"fnMap":{"0":{"name":"convertRawHeaders","decl":{"start":{"line":18,"column":0},"end":{"line":45,"column":1}},"loc":{"start":{"line":18,"column":0},"end":{"line":45,"column":1}},"line":18}},"f":{"0":5}}
,"/home/runner/work/inula/inula/packages/inula-request/src/utils/headerUtils/deleteHeader.ts": {"path":"/home/runner/work/inula/inula/packages/inula-request/src/utils/headerUtils/deleteHeader.ts","all":false,"statementMap":{"0":{"start":{"line":1,"column":0},"end":{"line":1,"column":2}},"1":{"start":{"line":2,"column":0},"end":{"line":2,"column":50}},"2":{"start":{"line":3,"column":0},"end":{"line":3,"column":2}},"3":{"start":{"line":4,"column":0},"end":{"line":4,"column":44}},"4":{"start":{"line":5,"column":0},"end":{"line":5,"column":87}},"5":{"start":{"line":6,"column":0},"end":{"line":6,"column":44}},"6":{"start":{"line":7,"column":0},"end":{"line":7,"column":2}},"7":{"start":{"line":8,"column":0},"end":{"line":8,"column":49}},"8":{"start":{"line":9,"column":0},"end":{"line":9,"column":2}},"9":{"start":{"line":10,"column":0},"end":{"line":10,"column":81}},"10":{"start":{"line":11,"column":0},"end":{"line":11,"column":76}},"11":{"start":{"line":12,"column":0},"end":{"line":12,"column":51}},"12":{"start":{"line":13,"column":0},"end":{"line":13,"column":41}},"13":{"start":{"line":14,"column":0},"end":{"line":14,"column":3}},"14":{"start":{"line":15,"column":0},"end":{"line":15,"column":0}},"15":{"start":{"line":16,"column":0},"end":{"line":16,"column":41}},"16":{"start":{"line":17,"column":0},"end":{"line":17,"column":0}},"17":{"start":{"line":18,"column":0},"end":{"line":18,"column":50}},"18":{"start":{"line":19,"column":0},"end":{"line":19,"column":63}},"19":{"start":{"line":20,"column":0},"end":{"line":20,"column":0}},"20":{"start":{"line":21,"column":0},"end":{"line":21,"column":25}},"21":{"start":{"line":22,"column":0},"end":{"line":22,"column":59}},"22":{"start":{"line":23,"column":0},"end":{"line":23,"column":0}},"23":{"start":{"line":24,"column":0},"end":{"line":24,"column":14}},"24":{"start":{"line":25,"column":0},"end":{"line":25,"column":23}},"25":{"start":{"line":26,"column":0},"end":{"line":26,"column":18}},"26":{"start":{"line":27,"column":0},"end":{"line":27,"column":5}},"27":{"start":{"line":28,"column":0},"end":{"line":28,"column":3}},"28":{"start":{"line":29,"column":0},"end":{"line":29,"column":0}},"29":{"start":{"line":30,"column":0},"end":{"line":30,"column":15}},"30":{"start":{"line":31,"column":0},"end":{"line":31,"column":1}},"31":{"start":{"line":32,"column":0},"end":{"line":32,"column":0}},"32":{"start":{"line":33,"column":0},"end":{"line":33,"column":28}}},"s":{"0":1,"1":1,"2":1,"3":1,"4":1,"5":1,"6":1,"7":1,"8":1,"9":1,"10":1,"11":1,"12":1,"13":1,"14":1,"15":1,"16":1,"17":4,"18":4,"19":4,"20":4,"21":3,"22":3,"23":3,"24":2,"25":2,"26":2,"27":3,"28":2,"29":2,"30":2,"31":1,"32":1},"branchMap":{"0":{"type":"branch","line":18,"loc":{"start":{"line":18,"column":0},"end":{"line":31,"column":1}},"locations":[{"start":{"line":18,"column":0},"end":{"line":31,"column":1}}]},"1":{"type":"branch","line":21,"loc":{"start":{"line":21,"column":24},"end":{"line":28,"column":3}},"locations":[{"start":{"line":21,"column":24},"end":{"line":28,"column":3}}]},"2":{"type":"branch","line":24,"loc":{"start":{"line":24,"column":13},"end":{"line":27,"column":5}},"locations":[{"start":{"line":24,"column":13},"end":{"line":27,"column":5}}]},"3":{"type":"branch","line":28,"loc":{"start":{"line":28,"column":2},"end":{"line":31,"column":1}},"locations":[{"start":{"line":28,"column":2},"end":{"line":31,"column":1}}]}},"b":{"0":[4],"1":[3],"2":[2],"3":[2]},"fnMap":{"0":{"name":"deleteHeader","decl":{"start":{"line":18,"column":0},"end":{"line":31,"column":1}},"loc":{"start":{"line":18,"column":0},"end":{"line":31,"column":1}},"line":18}},"f":{"0":4}}
,"/home/runner/work/inula/inula/packages/inula-request/src/utils/headerUtils/processValueByParser.ts": {"path":"/home/runner/work/inula/inula/packages/inula-request/src/utils/headerUtils/processValueByParser.ts","all":false,"statementMap":{"0":{"start":{"line":1,"column":0},"end":{"line":1,"column":2}},"1":{"start":{"line":2,"column":0},"end":{"line":2,"column":50}},"2":{"start":{"line":3,"column":0},"end":{"line":3,"column":2}},"3":{"start":{"line":4,"column":0},"end":{"line":4,"column":44}},"4":{"start":{"line":5,"column":0},"end":{"line":5,"column":87}},"5":{"start":{"line":6,"column":0},"end":{"line":6,"column":44}},"6":{"start":{"line":7,"column":0},"end":{"line":7,"column":2}},"7":{"start":{"line":8,"column":0},"end":{"line":8,"column":49}},"8":{"start":{"line":9,"column":0},"end":{"line":9,"column":2}},"9":{"start":{"line":10,"column":0},"end":{"line":10,"column":81}},"10":{"start":{"line":11,"column":0},"end":{"line":11,"column":76}},"11":{"start":{"line":12,"column":0},"end":{"line":12,"column":51}},"12":{"start":{"line":13,"column":0},"end":{"line":13,"column":41}},"13":{"start":{"line":14,"column":0},"end":{"line":14,"column":3}},"14":{"start":{"line":15,"column":0},"end":{"line":15,"column":0}},"15":{"start":{"line":16,"column":0},"end":{"line":16,"column":41}},"16":{"start":{"line":17,"column":0},"end":{"line":17,"column":50}},"17":{"start":{"line":18,"column":0},"end":{"line":18,"column":0}},"18":{"start":{"line":19,"column":0},"end":{"line":19,"column":39}},"19":{"start":{"line":20,"column":0},"end":{"line":20,"column":70}},"20":{"start":{"line":21,"column":0},"end":{"line":21,"column":44}},"21":{"start":{"line":22,"column":0},"end":{"line":22,"column":53}},"22":{"start":{"line":23,"column":0},"end":{"line":23,"column":0}},"23":{"start":{"line":24,"column":0},"end":{"line":24,"column":36}},"24":{"start":{"line":25,"column":0},"end":{"line":25,"column":39}},"25":{"start":{"line":26,"column":0},"end":{"line":26,"column":33}},"26":{"start":{"line":27,"column":0},"end":{"line":27,"column":43}},"27":{"start":{"line":28,"column":0},"end":{"line":28,"column":3}},"28":{"start":{"line":29,"column":0},"end":{"line":29,"column":0}},"29":{"start":{"line":30,"column":0},"end":{"line":30,"column":19}},"30":{"start":{"line":31,"column":0},"end":{"line":31,"column":1}},"31":{"start":{"line":32,"column":0},"end":{"line":32,"column":0}},"32":{"start":{"line":33,"column":0},"end":{"line":33,"column":85}},"33":{"start":{"line":34,"column":0},"end":{"line":34,"column":16}},"34":{"start":{"line":35,"column":0},"end":{"line":35,"column":17}},"35":{"start":{"line":36,"column":0},"end":{"line":36,"column":3}},"36":{"start":{"line":37,"column":0},"end":{"line":37,"column":24}},"37":{"start":{"line":38,"column":0},"end":{"line":38,"column":37}},"38":{"start":{"line":39,"column":0},"end":{"line":39,"column":3}},"39":{"start":{"line":40,"column":0},"end":{"line":40,"column":36}},"40":{"start":{"line":41,"column":0},"end":{"line":41,"column":44}},"41":{"start":{"line":42,"column":0},"end":{"line":42,"column":3}},"42":{"start":{"line":43,"column":0},"end":{"line":43,"column":34}},"43":{"start":{"line":44,"column":0},"end":{"line":44,"column":78}},"44":{"start":{"line":45,"column":0},"end":{"line":45,"column":3}},"45":{"start":{"line":46,"column":0},"end":{"line":46,"column":0}},"46":{"start":{"line":47,"column":0},"end":{"line":47,"column":48}},"47":{"start":{"line":48,"column":0},"end":{"line":48,"column":1}},"48":{"start":{"line":49,"column":0},"end":{"line":49,"column":0}},"49":{"start":{"line":50,"column":0},"end":{"line":50,"column":36}}},"s":{"0":1,"1":1,"2":1,"3":1,"4":1,"5":1,"6":1,"7":1,"8":1,"9":1,"10":1,"11":1,"12":1,"13":1,"14":1,"15":1,"16":1,"17":1,"18":1,"19":1,"20":7,"21":7,"22":7,"23":7,"24":7,"25":18,"26":18,"27":18,"28":7,"29":7,"30":7,"31":1,"32":5,"33":5,"34":1,"35":1,"36":5,"37":1,"38":1,"39":5,"40":1,"41":1,"42":5,"43":1,"44":1,"45":1,"46":1,"47":1,"48":1,"49":1},"branchMap":{"0":{"type":"branch","line":20,"loc":{"start":{"line":20,"column":7},"end":{"line":31,"column":1}},"locations":[{"start":{"line":20,"column":7},"end":{"line":31,"column":1}}]},"1":{"type":"branch","line":25,"loc":{"start":{"line":25,"column":38},"end":{"line":28,"column":3}},"locations":[{"start":{"line":25,"column":38},"end":{"line":28,"column":3}}]},"2":{"type":"branch","line":27,"loc":{"start":{"line":27,"column":17},"end":{"line":27,"column":19}},"locations":[{"start":{"line":27,"column":17},"end":{"line":27,"column":19}}]},"3":{"type":"branch","line":27,"loc":{"start":{"line":27,"column":34},"end":{"line":27,"column":36}},"locations":[{"start":{"line":27,"column":34},"end":{"line":27,"column":36}}]},"4":{"type":"branch","line":33,"loc":{"start":{"line":33,"column":0},"end":{"line":48,"column":1}},"locations":[{"start":{"line":33,"column":0},"end":{"line":48,"column":1}}]},"5":{"type":"branch","line":34,"loc":{"start":{"line":34,"column":15},"end":{"line":36,"column":3}},"locations":[{"start":{"line":34,"column":15},"end":{"line":36,"column":3}}]},"6":{"type":"branch","line":36,"loc":{"start":{"line":36,"column":2},"end":{"line":37,"column":23}},"locations":[{"start":{"line":36,"column":2},"end":{"line":37,"column":23}}]},"7":{"type":"branch","line":37,"loc":{"start":{"line":37,"column":23},"end":{"line":39,"column":3}},"locations":[{"start":{"line":37,"column":23},"end":{"line":39,"column":3}}]},"8":{"type":"branch","line":39,"loc":{"start":{"line":39,"column":2},"end":{"line":40,"column":35}},"locations":[{"start":{"line":39,"column":2},"end":{"line":40,"column":35}}]},"9":{"type":"branch","line":40,"loc":{"start":{"line":40,"column":35},"end":{"line":42,"column":3}},"locations":[{"start":{"line":40,"column":35},"end":{"line":42,"column":3}}]},"10":{"type":"branch","line":42,"loc":{"start":{"line":42,"column":2},"end":{"line":43,"column":33}},"locations":[{"start":{"line":42,"column":2},"end":{"line":43,"column":33}}]},"11":{"type":"branch","line":43,"loc":{"start":{"line":43,"column":33},"end":{"line":48,"column":1}},"locations":[{"start":{"line":43,"column":33},"end":{"line":48,"column":1}}]},"12":{"type":"branch","line":44,"loc":{"start":{"line":44,"column":41},"end":{"line":44,"column":43}},"locations":[{"start":{"line":44,"column":41},"end":{"line":44,"column":43}}]},"13":{"type":"branch","line":44,"loc":{"start":{"line":44,"column":50},"end":{"line":44,"column":77}},"locations":[{"start":{"line":44,"column":50},"end":{"line":44,"column":77}}]}},"b":{"0":[7],"1":[18],"2":[0],"3":[0],"4":[5],"5":[1],"6":[4],"7":[1],"8":[3],"9":[1],"10":[2],"11":[1],"12":[0],"13":[2]},"fnMap":{"0":{"name":"parseKeyValuePairs","decl":{"start":{"line":20,"column":7},"end":{"line":31,"column":1}},"loc":{"start":{"line":20,"column":7},"end":{"line":31,"column":1}},"line":20},"1":{"name":"processValueByParser","decl":{"start":{"line":33,"column":0},"end":{"line":48,"column":1}},"loc":{"start":{"line":33,"column":0},"end":{"line":48,"column":1}},"line":33}},"f":{"0":7,"1":5}}
}
