TN:
SF:src/utils/commonUtils/utils.ts
FN:26,bind
FN:37,getType
FN:49,createTypeChecker
FN:57,checkObject
FN:59,checkBoolean
FN:70,checkPlainObject
FN:85,checkStream
FN:89,checkFormData
FN:108,forEach
FN:145,getObjectKey
FN:167,extendObject
FN:175,forEach.includeAll
FN:194,getAllPropertyNames
FN:221,flattenObject
FN:263,forEachEntry
FN:283,toBooleanObject
FN:286,define
FN:309,toJSONSafe
FN:312,visit
FN:354,stringifySafely
FN:380,convertToCamelCase
FN:387,objectToQueryString
FN:404,all
FN:406,spread
FN:410,getNormalizedValue
FN:422,isIE
FN:426,getObjectByArray
FN:433,filterUndefinedValues
FNF:28
FNH:23
FNDA:4,bind
FNDA:45,getType
FNDA:245,createTypeChecker
FNDA:20,checkObject
FNDA:2,checkBoolean
FNDA:67,checkPlainObject
FNDA:0,checkStream
FNDA:3,checkFormData
FNDA:39,forEach
FNDA:7,getObjectKey
FNDA:3,extendObject
FNDA:17,forEach.includeAll
FNDA:5,getAllPropertyNames
FNDA:5,flattenObject
FNDA:3,forEachEntry
FNDA:5,toBooleanObject
FNDA:5,define
FNDA:3,toJSONSafe
FNDA:18,visit
FNDA:4,stringifySafely
FNDA:6,convertToCamelCase
FNDA:5,objectToQueryString
FNDA:0,all
FNDA:0,spread
FNDA:18,getNormalizedValue
FNDA:0,isIE
FNDA:3,getObjectByArray
FNDA:0,filterUndefinedValues
DA:1,1
DA:2,1
DA:3,1
DA:4,1
DA:5,1
DA:6,1
DA:7,1
DA:8,1
DA:9,1
DA:10,1
DA:11,1
DA:12,1
DA:13,1
DA:14,1
DA:15,1
DA:16,1
DA:17,1
DA:18,1
DA:19,1
DA:20,1
DA:21,1
DA:22,1
DA:23,1
DA:24,1
DA:25,1
DA:26,4
DA:27,4
DA:28,4
DA:29,1
DA:30,1
DA:31,1
DA:32,1
DA:33,1
DA:34,1
DA:35,1
DA:36,1
DA:37,45
DA:38,45
DA:39,45
DA:40,45
DA:41,1
DA:42,1
DA:43,1
DA:44,1
DA:45,1
DA:46,1
DA:47,1
DA:48,1
DA:49,1
DA:50,1
DA:51,1
DA:52,1
DA:53,1
DA:54,1
DA:55,1
DA:56,1
DA:57,1
DA:58,1
DA:59,1
DA:60,1
DA:61,1
DA:62,1
DA:63,1
DA:64,1
DA:65,1
DA:66,1
DA:67,1
DA:68,1
DA:69,1
DA:70,1
DA:71,67
DA:72,55
DA:73,55
DA:74,12
DA:75,12
DA:76,67
DA:77,67
DA:78,1
DA:79,1
DA:80,1
DA:81,1
DA:82,1
DA:83,1
DA:84,1
DA:85,1
DA:86,1
DA:87,1
DA:88,1
DA:89,1
DA:90,1
DA:91,1
DA:92,1
DA:93,1
DA:94,1
DA:95,1
DA:96,1
DA:97,1
DA:98,1
DA:99,1
DA:100,1
DA:101,1
DA:102,1
DA:103,1
DA:104,1
DA:105,1
DA:106,1
DA:107,1
DA:108,39
DA:109,39
DA:110,39
DA:111,39
DA:112,39
DA:113,39
DA:114,2
DA:115,2
DA:116,37
DA:117,39
DA:118,39
DA:119,39
DA:120,0
DA:121,0
DA:122,37
DA:123,39
DA:124,1
DA:125,3
DA:126,1
DA:127,39
DA:128,36
DA:129,2
DA:130,36
DA:131,36
DA:132,68
DA:133,36
DA:134,36
DA:135,39
DA:136,1
DA:137,1
DA:138,1
DA:139,1
DA:140,1
DA:141,1
DA:142,1
DA:143,1
DA:144,1
DA:145,7
DA:146,7
DA:147,7
DA:148,7
DA:149,11
DA:150,11
DA:151,4
DA:152,4
DA:153,11
DA:154,3
DA:155,3
DA:156,1
DA:157,1
DA:158,1
DA:159,1
DA:160,1
DA:161,1
DA:162,1
DA:163,1
DA:164,1
DA:165,1
DA:166,1
DA:167,3
DA:168,3
DA:169,3
DA:170,3
DA:171,3
DA:172,3
DA:173,3
DA:174,3
DA:175,3
DA:176,17
DA:177,1
DA:178,17
DA:179,16
DA:180,16
DA:181,17
DA:182,3
DA:183,3
DA:184,3
DA:185,3
DA:186,1
DA:187,1
DA:188,1
DA:189,1
DA:190,1
DA:191,1
DA:192,1
DA:193,1
DA:194,5
DA:195,5
DA:196,5
DA:197,5
DA:198,12
DA:199,12
DA:200,73
DA:201,73
DA:202,73
DA:203,12
DA:204,12
DA:205,12
DA:206,5
DA:207,5
DA:208,1
DA:209,1
DA:210,1
DA:211,1
DA:212,1
DA:213,1
DA:214,1
DA:215,1
DA:216,1
DA:217,1
DA:218,1
DA:219,1
DA:220,1
DA:221,5
DA:222,5
DA:223,5
DA:224,5
DA:225,5
DA:226,5
DA:227,5
DA:228,5
DA:229,5
DA:230,5
DA:231,5
DA:232,5
DA:233,2
DA:234,2
DA:235,3
DA:236,3
DA:237,3
DA:238,3
DA:239,3
DA:240,3
DA:241,45
DA:242,45
DA:243,45
DA:244,8
DA:245,8
DA:246,8
DA:247,45
DA:248,3
DA:249,3
DA:250,5
DA:251,5
DA:252,5
DA:253,5
DA:254,1
DA:255,1
DA:256,1
DA:257,1
DA:258,1
DA:259,1
DA:260,1
DA:261,1
DA:262,1
DA:263,3
DA:264,3
DA:265,1
DA:266,3
DA:267,2
DA:268,5
DA:269,5
DA:270,5
DA:271,5
DA:272,2
DA:273,3
DA:274,1
DA:275,1
DA:276,1
DA:277,1
DA:278,1
DA:279,1
DA:280,1
DA:281,1
DA:282,1
DA:283,1
DA:284,5
DA:285,5
DA:286,5
DA:287,5
DA:288,12
DA:289,5
DA:290,5
DA:291,5
DA:292,5
DA:293,1
DA:294,5
DA:295,4
DA:296,4
DA:297,4
DA:298,5
DA:299,5
DA:300,5
DA:301,1
DA:302,1
DA:303,1
DA:304,1
DA:305,1
DA:306,1
DA:307,1
DA:308,1
DA:309,1
DA:310,3
DA:311,3
DA:312,3
DA:313,18
DA:314,7
DA:315,0
DA:316,0
DA:317,7
DA:318,7
DA:319,7
DA:320,1
DA:321,1
DA:322,6
DA:323,7
DA:324,7
DA:325,7
DA:326,15
DA:327,15
DA:328,15
DA:329,15
DA:330,15
DA:331,6
DA:332,6
DA:333,6
DA:334,11
DA:335,11
DA:336,3
DA:337,3
DA:338,3
DA:339,3
DA:340,1
DA:341,1
DA:342,1
DA:343,1
DA:344,1
DA:345,1
DA:346,1
DA:347,1
DA:348,1
DA:349,1
DA:350,1
DA:351,1
DA:352,1
DA:353,1
DA:354,4
DA:355,4
DA:356,4
DA:357,4
DA:358,4
DA:359,4
DA:360,3
DA:361,3
DA:362,3
DA:363,3
DA:364,1
DA:365,1
DA:366,1
DA:367,1
DA:368,3
DA:369,1
DA:370,1
DA:371,1
DA:372,1
DA:373,1
DA:374,1
DA:375,1
DA:376,1
DA:377,1
DA:378,1
DA:379,1
DA:380,1
DA:381,6
DA:382,6
DA:383,6
DA:384,6
DA:385,6
DA:386,1
DA:387,5
DA:388,5
DA:389,5
DA:390,9
DA:391,9
DA:392,1
DA:393,1
DA:394,3
DA:395,3
DA:396,1
DA:397,1
DA:398,1
DA:399,8
DA:400,5
DA:401,5
DA:402,5
DA:403,1
DA:404,1
DA:405,1
DA:406,0
DA:407,0
DA:408,0
DA:409,1
DA:410,18
DA:411,18
DA:412,18
DA:413,16
DA:414,14
DA:415,18
DA:416,4
DA:417,4
DA:418,14
DA:419,18
DA:420,18
DA:421,1
DA:422,0
DA:423,0
DA:424,0
DA:425,1
DA:426,3
DA:427,3
DA:428,6
DA:429,6
DA:430,3
DA:431,3
DA:432,1
DA:433,0
DA:434,0
DA:435,0
DA:436,0
DA:437,0
DA:438,0
DA:439,0
DA:440,0
DA:441,1
DA:442,1
DA:443,1
DA:444,1
DA:445,1
DA:446,1
DA:447,1
DA:448,1
DA:449,1
DA:450,1
DA:451,1
DA:452,1
DA:453,1
DA:454,1
DA:455,1
DA:456,1
DA:457,1
DA:458,1
DA:459,1
DA:460,1
DA:461,1
DA:462,1
DA:463,1
DA:464,1
DA:465,1
DA:466,1
DA:467,1
DA:468,1
DA:469,1
DA:470,1
DA:471,1
DA:472,1
DA:473,1
DA:474,1
DA:475,1
DA:476,1
DA:477,1
DA:478,1
DA:479,1
DA:480,1
LF:480
LH:462
BRDA:26,0,0,4
BRDA:27,1,0,3
BRDA:27,2,0,2
BRDA:37,3,0,45
BRDA:49,4,0,245
BRDA:49,5,0,38
BRDA:57,6,0,20
BRDA:59,7,0,2
BRDA:59,8,0,1
BRDA:70,9,0,67
BRDA:71,10,0,55
BRDA:73,11,0,12
BRDA:89,12,0,3
BRDA:108,13,0,39
BRDA:111,14,0,4
BRDA:111,15,0,4
BRDA:111,16,0,35
BRDA:113,17,0,38
BRDA:113,18,0,2
BRDA:115,19,0,37
BRDA:117,20,0,33
BRDA:117,21,0,4
BRDA:119,22,0,0
BRDA:121,23,0,37
BRDA:123,24,0,1
BRDA:127,25,0,36
BRDA:129,26,0,2
BRDA:130,27,0,34
BRDA:124,28,0,3
BRDA:131,29,0,68
BRDA:145,30,0,7
BRDA:148,31,0,11
BRDA:150,32,0,4
BRDA:153,33,0,3
BRDA:167,34,0,3
BRDA:173,35,0,2
BRDA:173,36,0,2
BRDA:173,37,0,1
BRDA:175,38,0,17
BRDA:176,39,0,2
BRDA:176,40,0,1
BRDA:178,41,0,16
BRDA:194,42,0,5
BRDA:197,43,0,12
BRDA:199,44,0,73
BRDA:221,45,0,5
BRDA:223,46,0,1
BRDA:223,47,0,0
BRDA:224,48,0,1
BRDA:224,49,0,4
BRDA:232,50,0,4
BRDA:232,51,0,2
BRDA:234,52,0,3
BRDA:240,53,0,45
BRDA:243,54,0,15
BRDA:243,55,0,44
BRDA:243,56,0,8
BRDA:249,57,0,0
BRDA:250,58,0,0
BRDA:250,59,0,0
BRDA:263,60,0,3
BRDA:264,61,0,1
BRDA:266,62,0,2
BRDA:267,63,0,5
BRDA:265,64,0,3
BRDA:283,65,0,5
BRDA:292,66,0,1
BRDA:294,67,0,4
BRDA:295,68,0,1
BRDA:286,69,0,5
BRDA:287,70,0,12
BRDA:309,71,0,3
BRDA:312,72,0,18
BRDA:313,73,0,7
BRDA:314,74,0,0
BRDA:319,75,0,1
BRDA:321,76,0,6
BRDA:323,77,0,3
BRDA:323,78,0,3
BRDA:325,79,0,15
BRDA:330,80,0,6
BRDA:333,81,0,11
BRDA:354,82,0,4
BRDA:357,83,0,1
BRDA:357,84,0,1
BRDA:357,85,0,3
BRDA:359,86,0,3
BRDA:361,87,0,2
BRDA:361,88,0,1
BRDA:363,89,0,1
BRDA:368,90,0,1
BRDA:380,91,0,6
BRDA:383,92,0,14
BRDA:383,93,0,6
BRDA:383,94,0,8
BRDA:387,95,0,5
BRDA:389,96,0,9
BRDA:391,97,0,1
BRDA:398,98,0,8
BRDA:393,99,0,3
BRDA:410,100,0,18
BRDA:413,101,0,16
BRDA:414,102,0,14
BRDA:415,103,0,4
BRDA:417,104,0,14
BRDA:419,105,0,4
BRDA:419,106,0,10
BRDA:419,107,0,10
BRDA:426,108,0,3
BRDA:427,109,0,6
BRF:110
BRH:104
end_of_record
TN:
SF:src/utils/configUtils/deepMerge.ts
FN:19,getContextObject
FN:25,deepMerge
FN:30,assignValue
FNF:3
FNH:3
FNDA:16,getContextObject
FNDA:16,deepMerge
FNDA:33,assignValue
DA:1,1
DA:2,1
DA:3,1
DA:4,1
DA:5,1
DA:6,1
DA:7,1
DA:8,1
DA:9,1
DA:10,1
DA:11,1
DA:12,1
DA:13,1
DA:14,1
DA:15,1
DA:16,1
DA:17,1
DA:18,1
DA:19,16
DA:20,16
DA:21,16
DA:22,16
DA:23,1
DA:24,1
DA:25,16
DA:26,16
DA:27,16
DA:28,16
DA:29,16
DA:30,16
DA:31,33
DA:32,33
DA:33,3
DA:34,33
DA:35,5
DA:36,30
DA:37,0
DA:38,25
DA:39,25
DA:40,25
DA:41,16
DA:42,16
DA:43,16
DA:44,31
DA:45,31
DA:46,16
DA:47,16
DA:48,1
DA:49,1
LF:49
LH:48
BRDA:19,0,0,16
BRDA:20,1,0,0
BRDA:21,2,0,0
BRDA:25,3,0,16
BRDA:27,4,0,0
BRDA:25,5,0,31
BRDA:43,6,0,31
BRDA:30,7,0,33
BRDA:31,8,0,0
BRDA:32,9,0,3
BRDA:32,10,0,3
BRDA:34,11,0,30
BRDA:34,12,0,5
BRDA:36,13,0,25
BRDA:36,14,0,0
BRF:15
BRH:10
end_of_record
TN:
SF:src/utils/configUtils/getMergedConfig.ts
FN:19,getMergedConfig
FN:23,defaultMergeStrategy
FN:32,headers
FNF:3
FNH:3
FNDA:2,getMergedConfig
FNDA:5,defaultMergeStrategy
FNDA:2,headers
DA:1,1
DA:2,1
DA:3,1
DA:4,1
DA:5,1
DA:6,1
DA:7,1
DA:8,1
DA:9,1
DA:10,1
DA:11,1
DA:12,1
DA:13,1
DA:14,1
DA:15,1
DA:16,1
DA:17,1
DA:18,1
DA:19,2
DA:20,2
DA:21,2
DA:22,2
DA:23,2
DA:24,2
DA:25,2
DA:26,2
DA:27,2
DA:28,2
DA:29,2
DA:30,2
DA:31,2
DA:32,2
DA:33,2
DA:34,2
DA:35,2
DA:36,2
DA:37,2
DA:38,2
DA:39,2
DA:40,2
DA:41,2
DA:42,2
DA:43,2
DA:44,7
DA:45,7
DA:46,7
DA:47,7
DA:48,7
DA:49,7
DA:50,2
DA:51,2
DA:52,2
DA:53,2
DA:54,1
DA:55,1
LF:55
LH:55
BRDA:19,0,0,2
BRDA:20,1,0,0
BRDA:43,2,0,7
BRDA:45,3,0,0
BRDA:23,4,0,5
BRDA:23,5,0,0
BRDA:32,6,0,2
BRDA:32,7,0,0
BRDA:32,8,0,1
BRF:9
BRH:5
end_of_record
TN:
SF:src/utils/dataUtils/getFormData.ts
FN:16,getFormData
FNF:1
FNH:1
FNDA:4,getFormData
DA:1,1
DA:2,1
DA:3,1
DA:4,1
DA:5,1
DA:6,1
DA:7,1
DA:8,1
DA:9,1
DA:10,1
DA:11,1
DA:12,1
DA:13,1
DA:14,1
DA:15,1
DA:16,4
DA:17,4
DA:18,6
DA:19,6
DA:20,6
DA:21,6
DA:22,2
DA:23,5
DA:24,5
DA:25,6
DA:26,4
DA:27,4
DA:28,6
DA:29,6
DA:30,4
DA:31,4
DA:32,4
DA:33,1
DA:34,1
LF:34
LH:34
BRDA:16,0,0,4
BRDA:16,1,0,1
BRDA:16,2,0,1
BRDA:16,3,0,3
BRDA:17,4,0,6
BRDA:21,5,0,2
BRDA:22,6,0,5
BRDA:25,7,0,4
BRF:8
BRH:8
end_of_record
TN:
SF:src/utils/dataUtils/getJSONByFormData.ts
FN:18,parsePath
FN:30,getJSONByFormData
FNF:2
FNH:2
FNDA:4,parsePath
FNDA:3,getJSONByFormData
DA:1,1
DA:2,1
DA:3,1
DA:4,1
DA:5,1
DA:6,1
DA:7,1
DA:8,1
DA:9,1
DA:10,1
DA:11,1
DA:12,1
DA:13,1
DA:14,1
DA:15,1
DA:16,1
DA:17,1
DA:18,1
DA:19,4
DA:20,4
DA:21,4
DA:22,4
DA:23,7
DA:24,7
DA:25,7
DA:26,4
DA:27,4
DA:28,4
DA:29,1
DA:30,3
DA:31,3
DA:32,2
DA:33,2
DA:34,2
DA:35,2
DA:36,2
DA:37,2
DA:38,2
DA:39,1
DA:40,1
DA:41,1
DA:42,1
DA:43,1
LF:43
LH:43
BRDA:18,0,0,4
BRDA:22,1,0,7
BRDA:23,2,0,0
BRDA:23,3,0,4
BRDA:30,4,0,3
BRDA:31,5,0,2
BRDA:31,6,0,2
BRDA:38,7,0,1
BRF:8
BRH:7
end_of_record
TN:
SF:src/utils/headerUtils/checkHeaderName.ts
FN:16,checkHeaderName
FNF:1
FNH:1
FNDA:3,checkHeaderName
DA:1,1
DA:2,1
DA:3,1
DA:4,1
DA:5,1
DA:6,1
DA:7,1
DA:8,1
DA:9,1
DA:10,1
DA:11,1
DA:12,1
DA:13,1
DA:14,1
DA:15,1
DA:16,3
DA:17,3
DA:18,3
DA:19,1
DA:20,1
LF:20
LH:20
BRDA:16,0,0,3
BRF:1
BRH:1
end_of_record
TN:
SF:src/utils/headerUtils/convertRawHeaders.ts
FN:18,convertRawHeaders
FNF:1
FNH:1
FNDA:5,convertRawHeaders
DA:1,1
DA:2,1
DA:3,1
DA:4,1
DA:5,1
DA:6,1
DA:7,1
DA:8,1
DA:9,1
DA:10,1
DA:11,1
DA:12,1
DA:13,1
DA:14,1
DA:15,1
DA:16,1
DA:17,1
DA:18,5
DA:19,5
DA:20,5
DA:21,5
DA:22,4
DA:23,7
DA:24,7
DA:25,7
DA:26,7
DA:27,7
DA:28,1
DA:29,1
DA:30,6
DA:31,6
DA:32,7
DA:33,2
DA:34,1
DA:35,1
DA:36,1
DA:37,1
DA:38,7
DA:39,4
DA:40,4
DA:41,4
DA:42,4
DA:43,5
DA:44,5
DA:45,5
DA:46,1
DA:47,1
LF:47
LH:47
BRDA:18,0,0,5
BRDA:21,1,0,4
BRDA:22,2,0,7
BRDA:27,3,0,6
BRDA:27,4,0,1
BRDA:27,5,0,1
BRDA:29,6,0,6
BRDA:32,7,0,2
BRDA:33,8,0,1
BRDA:38,9,0,4
BRDA:39,10,0,0
BRF:11
BRH:10
end_of_record
TN:
SF:src/utils/headerUtils/deleteHeader.ts
FN:18,deleteHeader
FNF:1
FNH:1
FNDA:4,deleteHeader
DA:1,1
DA:2,1
DA:3,1
DA:4,1
DA:5,1
DA:6,1
DA:7,1
DA:8,1
DA:9,1
DA:10,1
DA:11,1
DA:12,1
DA:13,1
DA:14,1
DA:15,1
DA:16,1
DA:17,1
DA:18,4
DA:19,4
DA:20,4
DA:21,4
DA:22,3
DA:23,3
DA:24,3
DA:25,2
DA:26,2
DA:27,2
DA:28,3
DA:29,2
DA:30,2
DA:31,2
DA:32,1
DA:33,1
LF:33
LH:33
BRDA:18,0,0,4
BRDA:21,1,0,3
BRDA:24,2,0,2
BRDA:28,3,0,2
BRF:4
BRH:4
end_of_record
TN:
SF:src/utils/headerUtils/processValueByParser.ts
FN:20,parseKeyValuePairs
FN:33,processValueByParser
FNF:2
FNH:2
FNDA:7,parseKeyValuePairs
FNDA:5,processValueByParser
DA:1,1
DA:2,1
DA:3,1
DA:4,1
DA:5,1
DA:6,1
DA:7,1
DA:8,1
DA:9,1
DA:10,1
DA:11,1
DA:12,1
DA:13,1
DA:14,1
DA:15,1
DA:16,1
DA:17,1
DA:18,1
DA:19,1
DA:20,1
DA:21,7
DA:22,7
DA:23,7
DA:24,7
DA:25,7
DA:26,18
DA:27,18
DA:28,18
DA:29,7
DA:30,7
DA:31,7
DA:32,1
DA:33,5
DA:34,5
DA:35,1
DA:36,1
DA:37,5
DA:38,1
DA:39,1
DA:40,5
DA:41,1
DA:42,1
DA:43,5
DA:44,1
DA:45,1
DA:46,1
DA:47,1
DA:48,1
DA:49,1
DA:50,1
LF:50
LH:50
BRDA:20,0,0,7
BRDA:25,1,0,18
BRDA:27,2,0,0
BRDA:27,3,0,0
BRDA:33,4,0,5
BRDA:34,5,0,1
BRDA:36,6,0,4
BRDA:37,7,0,1
BRDA:39,8,0,3
BRDA:40,9,0,1
BRDA:42,10,0,2
BRDA:43,11,0,1
BRDA:44,12,0,0
BRDA:44,13,0,2
BRF:14
BRH:11
end_of_record
