<?xml version="1.0" encoding="UTF-8"?>
<coverage generated="1703764710450" clover="3.2.0">
  <project timestamp="1703764710450" name="All files">
    <metrics statements="289" coveredstatements="223" conditionals="152" coveredconditionals="107" methods="33" coveredmethods="18" elements="474" coveredelements="348" complexity="0" loc="289" ncloc="289" packages="2" files="6" classes="6"/>
    <package name="history">
      <metrics statements="86" coveredstatements="25" conditionals="54" coveredconditionals="15" methods="16" coveredmethods="3"/>
      <file name="types.ts" path="C:\Users\tangpeng\Desktop\研一课程\开源实战\project\giteeversion\inula\packages\inula-router\src\history\types.ts">
        <metrics statements="7" coveredstatements="7" conditionals="4" coveredconditionals="4" methods="2" coveredmethods="2"/>
        <line num="47" count="1" type="cond" truecount="2" falsecount="0"/>
        <line num="48" count="1" type="stmt"/>
        <line num="49" count="1" type="stmt"/>
        <line num="50" count="1" type="stmt"/>
        <line num="53" count="1" type="cond" truecount="2" falsecount="0"/>
        <line num="54" count="1" type="stmt"/>
        <line num="55" count="1" type="stmt"/>
      </file>
      <file name="utils.ts" path="C:\Users\tangpeng\Desktop\研一课程\开源实战\project\giteeversion\inula\packages\inula-router\src\history\utils.ts">
        <metrics statements="79" coveredstatements="18" conditionals="50" coveredconditionals="11" methods="14" coveredmethods="1"/>
        <line num="16" count="1" type="stmt"/>
        <line num="18" count="1" type="stmt"/>
        <line num="19" count="12" type="stmt"/>
        <line num="20" count="6" type="cond" truecount="1" falsecount="1"/>
        <line num="21" count="6" type="cond" truecount="3" falsecount="0"/>
        <line num="22" count="3" type="cond" truecount="2" falsecount="0"/>
        <line num="24" count="6" type="cond" truecount="3" falsecount="0"/>
        <line num="25" count="3" type="cond" truecount="2" falsecount="0"/>
        <line num="27" count="6" type="stmt"/>
        <line num="30" count="1" type="stmt"/>
        <line num="31" count="0" type="cond" truecount="0" falsecount="2"/>
        <line num="32" count="0" type="stmt"/>
        <line num="37" count="0" type="stmt"/>
        <line num="38" count="0" type="cond" truecount="0" falsecount="1"/>
        <line num="39" count="0" type="stmt"/>
        <line num="40" count="0" type="cond" truecount="0" falsecount="2"/>
        <line num="41" count="0" type="stmt"/>
        <line num="44" count="0" type="stmt"/>
        <line num="45" count="0" type="cond" truecount="0" falsecount="1"/>
        <line num="46" count="0" type="stmt"/>
        <line num="47" count="0" type="cond" truecount="0" falsecount="2"/>
        <line num="48" count="0" type="stmt"/>
        <line num="50" count="0" type="stmt"/>
        <line num="51" count="0" type="stmt"/>
        <line num="54" count="1" type="stmt"/>
        <line num="55" count="0" type="cond" truecount="0" falsecount="2"/>
        <line num="56" count="0" type="cond" truecount="0" falsecount="2"/>
        <line num="58" count="0" type="stmt"/>
        <line num="59" count="0" type="stmt"/>
        <line num="67" count="0" type="cond" truecount="0" falsecount="1"/>
        <line num="68" count="0" type="cond" truecount="0" falsecount="2"/>
        <line num="70" count="0" type="cond" truecount="0" falsecount="3"/>
        <line num="71" count="0" type="stmt"/>
        <line num="73" count="0" type="cond" truecount="0" falsecount="3"/>
        <line num="74" count="0" type="stmt"/>
        <line num="76" count="0" type="stmt"/>
        <line num="79" count="1" type="stmt"/>
        <line num="80" count="0" type="cond" truecount="0" falsecount="3"/>
        <line num="83" count="1" type="stmt"/>
        <line num="84" count="0" type="cond" truecount="0" falsecount="1"/>
        <line num="85" count="0" type="stmt"/>
        <line num="87" count="0" type="stmt"/>
        <line num="90" count="1" type="stmt"/>
        <line num="91" count="0" type="cond" truecount="0" falsecount="1"/>
        <line num="92" count="0" type="stmt"/>
        <line num="94" count="0" type="stmt"/>
        <line num="97" count="1" type="stmt"/>
        <line num="98" count="0" type="stmt"/>
        <line num="99" count="0" type="cond" truecount="0" falsecount="1"/>
        <line num="100" count="0" type="stmt"/>
        <line num="102" count="0" type="stmt"/>
        <line num="105" count="1" type="stmt"/>
        <line num="106" count="0" type="stmt"/>
        <line num="111" count="1" type="stmt"/>
        <line num="112" count="0" type="cond" truecount="0" falsecount="2"/>
        <line num="116" count="1" type="stmt"/>
        <line num="117" count="0" type="stmt"/>
        <line num="120" count="0" type="stmt"/>
        <line num="121" count="0" type="cond" truecount="0" falsecount="1"/>
        <line num="122" count="0" type="stmt"/>
        <line num="124" count="0" type="stmt"/>
        <line num="125" count="0" type="cond" truecount="0" falsecount="1"/>
        <line num="126" count="0" type="stmt"/>
        <line num="128" count="0" type="stmt"/>
        <line num="132" count="0" type="stmt"/>
        <line num="133" count="0" type="stmt"/>
        <line num="134" count="0" type="cond" truecount="0" falsecount="1"/>
        <line num="135" count="0" type="stmt"/>
        <line num="136" count="0" type="stmt"/>
        <line num="137" count="0" type="stmt"/>
        <line num="138" count="0" type="stmt"/>
        <line num="140" count="0" type="cond" truecount="0" falsecount="1"/>
        <line num="141" count="0" type="stmt"/>
        <line num="142" count="0" type="cond" truecount="0" falsecount="1"/>
        <line num="143" count="0" type="stmt"/>
        <line num="148" count="0" type="stmt"/>
        <line num="152" count="0" type="stmt"/>
        <line num="153" count="0" type="stmt"/>
        <line num="154" count="0" type="stmt"/>
      </file>
    </package>
    <package name="router.matcher">
      <metrics statements="203" coveredstatements="198" conditionals="98" coveredconditionals="92" methods="17" coveredmethods="15"/>
      <file name="lexer.ts" path="C:\Users\tangpeng\Desktop\研一课程\开源实战\project\giteeversion\inula\packages\inula-router\src\router\matcher\lexer.ts">
        <metrics statements="54" coveredstatements="53" conditionals="21" coveredconditionals="21" methods="3" coveredmethods="3"/>
        <line num="16" count="2" type="stmt"/>
        <line num="17" count="2" type="stmt"/>
        <line num="19" count="2" type="stmt"/>
        <line num="22" count="2" type="stmt"/>
        <line num="23" count="58" type="stmt"/>
        <line num="25" count="58" type="cond" truecount="1" falsecount="0"/>
        <line num="26" count="1" type="stmt"/>
        <line num="29" count="57" type="stmt"/>
        <line num="30" count="57" type="cond" truecount="3" falsecount="0"/>
        <line num="31" count="1" type="stmt"/>
        <line num="34" count="56" type="stmt"/>
        <line num="35" count="130" type="stmt"/>
        <line num="36" count="130" type="cond" truecount="2" falsecount="0"/>
        <line num="37" count="582" type="stmt"/>
        <line num="38" count="582" type="stmt"/>
        <line num="40" count="130" type="stmt"/>
        <line num="43" count="56" type="stmt"/>
        <line num="44" count="813" type="stmt"/>
        <line num="47" count="56" type="stmt"/>
        <line num="48" count="56" type="stmt"/>
        <line num="49" count="318" type="stmt"/>
        <line num="50" count="318" type="stmt"/>
        <line num="52" count="318" type="cond" truecount="1" falsecount="0"/>
        <line num="53" count="141" type="stmt"/>
        <line num="54" count="141" type="stmt"/>
        <line num="55" count="141" type="stmt"/>
        <line num="58" count="177" type="cond" truecount="3" falsecount="0"/>
        <line num="59" count="43" type="stmt"/>
        <line num="60" count="43" type="stmt"/>
        <line num="61" count="43" type="stmt"/>
        <line num="64" count="134" type="cond" truecount="4" falsecount="0"/>
        <line num="65" count="12" type="stmt"/>
        <line num="66" count="12" type="stmt"/>
        <line num="67" count="12" type="stmt"/>
        <line num="70" count="122" type="cond" truecount="3" falsecount="0"/>
        <line num="71" count="78" type="stmt"/>
        <line num="72" count="78" type="stmt"/>
        <line num="74" count="44" type="cond" truecount="1" falsecount="0"/>
        <line num="75" count="9" type="stmt"/>
        <line num="76" count="9" type="stmt"/>
        <line num="77" count="9" type="stmt"/>
        <line num="79" count="35" type="cond" truecount="1" falsecount="0"/>
        <line num="80" count="9" type="stmt"/>
        <line num="81" count="9" type="stmt"/>
        <line num="82" count="9" type="stmt"/>
        <line num="84" count="26" type="cond" truecount="1" falsecount="0"/>
        <line num="85" count="17" type="stmt"/>
        <line num="86" count="17" type="stmt"/>
        <line num="87" count="17" type="stmt"/>
        <line num="89" count="9" type="cond" truecount="1" falsecount="0"/>
        <line num="90" count="9" type="stmt"/>
        <line num="91" count="9" type="stmt"/>
        <line num="94" count="0" type="stmt"/>
        <line num="97" count="56" type="stmt"/>
      </file>
      <file name="parser.ts" path="C:\Users\tangpeng\Desktop\研一课程\开源实战\project\giteeversion\inula\packages\inula-router\src\router\matcher\parser.ts">
        <metrics statements="126" coveredstatements="122" conditionals="71" coveredconditionals="66" methods="10" coveredmethods="8"/>
        <line num="16" count="1" type="stmt"/>
        <line num="17" count="1" type="stmt"/>
        <line num="18" count="1" type="stmt"/>
        <line num="21" count="1" type="cond" truecount="2" falsecount="0"/>
        <line num="23" count="1" type="stmt"/>
        <line num="25" count="1" type="stmt"/>
        <line num="27" count="1" type="stmt"/>
        <line num="28" count="1" type="stmt"/>
        <line num="41" count="1" type="stmt"/>
        <line num="50" count="1" type="stmt"/>
        <line num="52" count="1" type="stmt"/>
        <line num="54" count="1" type="stmt"/>
        <line num="64" count="75" type="cond" truecount="1" falsecount="0"/>
        <line num="66" count="46" type="cond" truecount="2" falsecount="0"/>
        <line num="67" count="46" type="cond" truecount="2" falsecount="0"/>
        <line num="68" count="46" type="cond" truecount="2" falsecount="0"/>
        <line num="69" count="138" type="stmt"/>
        <line num="71" count="46" type="stmt"/>
        <line num="72" count="46" type="stmt"/>
        <line num="73" count="46" type="stmt"/>
        <line num="75" count="46" type="stmt"/>
        <line num="76" count="46" type="cond" truecount="2" falsecount="0"/>
        <line num="77" count="46" type="stmt"/>
        <line num="78" count="46" type="stmt"/>
        <line num="79" count="46" type="stmt"/>
        <line num="86" count="46" type="stmt"/>
        <line num="87" count="119" type="stmt"/>
        <line num="88" count="119" type="cond" truecount="2" falsecount="0"/>
        <line num="89" count="143" type="cond" truecount="3" falsecount="0"/>
        <line num="90" count="15" type="stmt"/>
        <line num="92" count="143" type="stmt"/>
        <line num="94" count="119" type="stmt"/>
        <line num="96" count="46" type="stmt"/>
        <line num="97" count="233" type="stmt"/>
        <line num="98" count="233" type="stmt"/>
        <line num="99" count="233" type="cond" truecount="4" falsecount="0"/>
        <line num="101" count="119" type="stmt"/>
        <line num="102" count="119" type="cond" truecount="2" falsecount="0"/>
        <line num="103" count="119" type="stmt"/>
        <line num="105" count="65" type="stmt"/>
        <line num="106" count="65" type="cond" truecount="3" falsecount="0"/>
        <line num="107" count="2" type="stmt"/>
        <line num="108" count="2" type="stmt"/>
        <line num="109" count="2" type="stmt"/>
        <line num="111" count="65" type="stmt"/>
        <line num="112" count="65" type="stmt"/>
        <line num="115" count="37" type="stmt"/>
        <line num="116" count="37" type="cond" truecount="1" falsecount="0"/>
        <line num="117" count="26" type="cond" truecount="2" falsecount="0"/>
        <line num="120" count="7" type="stmt"/>
        <line num="121" count="7" type="stmt"/>
        <line num="122" count="11" type="stmt"/>
        <line num="123" count="11" type="stmt"/>
        <line num="125" count="7" type="stmt"/>
        <line num="126" count="7" type="stmt"/>
        <line num="128" count="6" type="stmt"/>
        <line num="129" count="6" type="cond" truecount="2" falsecount="0"/>
        <line num="130" count="6" type="stmt"/>
        <line num="133" count="37" type="cond" truecount="2" falsecount="0"/>
        <line num="134" count="37" type="stmt"/>
        <line num="135" count="37" type="stmt"/>
        <line num="136" count="37" type="stmt"/>
        <line num="138" count="10" type="stmt"/>
        <line num="139" count="10" type="cond" truecount="2" falsecount="0"/>
        <line num="140" count="10" type="cond" truecount="2" falsecount="0"/>
        <line num="141" count="10" type="stmt"/>
        <line num="144" count="46" type="stmt"/>
        <line num="146" count="46" type="cond" truecount="4" falsecount="0"/>
        <line num="147" count="35" type="cond" truecount="1" falsecount="0"/>
        <line num="148" count="28" type="stmt"/>
        <line num="150" count="35" type="cond" truecount="1" falsecount="0"/>
        <line num="151" count="27" type="stmt"/>
        <line num="154" count="11" type="cond" truecount="1" falsecount="1"/>
        <line num="157" count="46" type="cond" truecount="1" falsecount="1"/>
        <line num="158" count="46" type="stmt"/>
        <line num="164" count="52" type="stmt"/>
        <line num="166" count="52" type="cond" truecount="1" falsecount="0"/>
        <line num="167" count="11" type="stmt"/>
        <line num="169" count="41" type="stmt"/>
        <line num="170" count="41" type="stmt"/>
        <line num="171" count="41" type="stmt"/>
        <line num="172" count="41" type="stmt"/>
        <line num="173" count="50" type="stmt"/>
        <line num="174" count="50" type="stmt"/>
        <line num="175" count="50" type="cond" truecount="4" falsecount="0"/>
        <line num="176" count="10" type="stmt"/>
        <line num="177" count="10" type="cond" truecount="1" falsecount="1"/>
        <line num="178" count="10" type="stmt"/>
        <line num="180" count="0" type="stmt"/>
        <line num="183" count="10" type="stmt"/>
        <line num="189" count="40" type="cond" truecount="2" falsecount="0"/>
        <line num="193" count="41" type="stmt"/>
        <line num="194" count="41" type="cond" truecount="3" falsecount="1"/>
        <line num="195" count="41" type="stmt"/>
        <line num="202" count="4" type="stmt"/>
        <line num="203" count="28" type="stmt"/>
        <line num="204" count="28" type="cond" truecount="4" falsecount="0"/>
        <line num="206" count="8" type="stmt"/>
        <line num="207" count="8" type="stmt"/>
        <line num="209" count="5" type="cond" truecount="1" falsecount="0"/>
        <line num="210" count="1" type="stmt"/>
        <line num="212" count="4" type="stmt"/>
        <line num="213" count="4" type="stmt"/>
        <line num="215" count="1" type="stmt"/>
        <line num="216" count="1" type="cond" truecount="1" falsecount="1"/>
        <line num="217" count="1" type="stmt"/>
        <line num="219" count="0" type="stmt"/>
        <line num="221" count="1" type="stmt"/>
        <line num="223" count="14" type="stmt"/>
        <line num="224" count="14" type="stmt"/>
        <line num="227" count="3" type="stmt"/>
        <line num="230" count="46" type="stmt"/>
        <line num="232" count="0" type="stmt"/>
        <line num="235" count="0" type="stmt"/>
        <line num="245" count="1" type="stmt"/>
        <line num="250" count="13" type="cond" truecount="2" falsecount="0"/>
        <line num="251" count="13" type="stmt"/>
        <line num="252" count="18" type="stmt"/>
        <line num="253" count="18" type="stmt"/>
        <line num="254" count="18" type="stmt"/>
        <line num="255" count="18" type="cond" truecount="1" falsecount="0"/>
        <line num="256" count="12" type="stmt"/>
        <line num="259" count="13" type="cond" truecount="2" falsecount="0"/>
        <line num="262" count="1" type="stmt"/>
        <line num="263" count="4" type="stmt"/>
        <line num="264" count="4" type="stmt"/>
      </file>
      <file name="types.ts" path="C:\Users\tangpeng\Desktop\研一课程\开源实战\project\giteeversion\inula\packages\inula-router\src\router\matcher\types.ts">
        <metrics statements="8" coveredstatements="8" conditionals="2" coveredconditionals="2" methods="1" coveredmethods="1"/>
        <line num="23" count="2" type="cond" truecount="2" falsecount="0"/>
        <line num="24" count="2" type="stmt"/>
        <line num="25" count="2" type="stmt"/>
        <line num="26" count="2" type="stmt"/>
        <line num="27" count="2" type="stmt"/>
        <line num="28" count="2" type="stmt"/>
        <line num="29" count="2" type="stmt"/>
        <line num="30" count="2" type="stmt"/>
      </file>
      <file name="utils.ts" path="C:\Users\tangpeng\Desktop\研一课程\开源实战\project\giteeversion\inula\packages\inula-router\src\router\matcher\utils.ts">
        <metrics statements="15" coveredstatements="15" conditionals="4" coveredconditionals="3" methods="3" coveredmethods="3"/>
        <line num="19" count="3" type="stmt"/>
        <line num="20" count="58" type="stmt"/>
        <line num="23" count="3" type="stmt"/>
        <line num="24" count="8" type="stmt"/>
        <line num="25" count="8" type="stmt"/>
        <line num="26" count="8" type="stmt"/>
        <line num="27" count="8" type="stmt"/>
        <line num="28" count="10" type="stmt"/>
        <line num="29" count="10" type="cond" truecount="1" falsecount="0"/>
        <line num="30" count="3" type="stmt"/>
        <line num="33" count="5" type="cond" truecount="1" falsecount="0"/>
        <line num="34" count="1" type="stmt"/>
        <line num="36" count="4" type="cond" truecount="1" falsecount="1"/>
        <line num="40" count="3" type="stmt"/>
        <line num="41" count="66" type="stmt"/>
      </file>
    </package>
  </project>
</coverage>
