{"C:\\Users\\tangpeng\\Desktop\\研一课程\\开源实战\\project\\giteeversion\\inula\\packages\\inula-router\\src\\history\\types.ts": {"path":"C:\\Users\\tangpeng\\Desktop\\研一课程\\开源实战\\project\\giteeversion\\inula\\packages\\inula-router\\src\\history\\types.ts","statementMap":{"0":{"start":{"line":47,"column":0},"end":{"line":47,"column":null}},"1":{"start":{"line":48,"column":2},"end":{"line":48,"column":null}},"2":{"start":{"line":49,"column":2},"end":{"line":49,"column":null}},"3":{"start":{"line":50,"column":2},"end":{"line":50,"column":null}},"4":{"start":{"line":53,"column":0},"end":{"line":53,"column":null}},"5":{"start":{"line":54,"column":2},"end":{"line":54,"column":null}},"6":{"start":{"line":55,"column":2},"end":{"line":55,"column":null}}},"fnMap":{"0":{"name":"(anonymous_0)","decl":{"start":{"line":47,"column":0},"end":{"line":47,"column":12}},"loc":{"start":{"line":47,"column":18},"end":{"line":51,"column":1}}},"1":{"name":"(anonymous_1)","decl":{"start":{"line":53,"column":0},"end":{"line":53,"column":12}},"loc":{"start":{"line":53,"column":21},"end":{"line":56,"column":1}}}},"branchMap":{"0":{"loc":{"start":{"line":47,"column":12},"end":{"line":47,"column":null}},"type":"binary-expr","locations":[{"start":{"line":47,"column":12},"end":{"line":47,"column":18}},{"start":{"line":47,"column":12},"end":{"line":47,"column":null}}]},"1":{"loc":{"start":{"line":53,"column":12},"end":{"line":53,"column":null}},"type":"binary-expr","locations":[{"start":{"line":53,"column":12},"end":{"line":53,"column":21}},{"start":{"line":53,"column":12},"end":{"line":53,"column":null}}]}},"s":{"0":1,"1":1,"2":1,"3":1,"4":1,"5":1,"6":1},"f":{"0":1,"1":1},"b":{"0":[1,1],"1":[1,1]}}
,"C:\\Users\\tangpeng\\Desktop\\研一课程\\开源实战\\project\\giteeversion\\inula\\packages\\inula-router\\src\\history\\utils.ts": {"path":"C:\\Users\\tangpeng\\Desktop\\研一课程\\开源实战\\project\\giteeversion\\inula\\packages\\inula-router\\src\\history\\utils.ts","statementMap":{"0":{"start":{"line":16,"column":0},"end":{"line":16,"column":53}},"1":{"start":{"line":19,"column":27},"end":{"line":19,"column":32}},"2":{"start":{"line":20,"column":17},"end":{"line":20,"column":37}},"3":{"start":{"line":21,"column":2},"end":{"line":23,"column":null}},"4":{"start":{"line":22,"column":4},"end":{"line":22,"column":63}},"5":{"start":{"line":24,"column":2},"end":{"line":26,"column":null}},"6":{"start":{"line":25,"column":4},"end":{"line":25,"column":57}},"7":{"start":{"line":27,"column":2},"end":{"line":27,"column":18}},"8":{"start":{"line":18,"column":0},"end":{"line":18,"column":16}},"9":{"start":{"line":31,"column":17},"end":{"line":31,"column":27}},"10":{"start":{"line":32,"column":36},"end":{"line":35,"column":4}},"11":{"start":{"line":37,"column":18},"end":{"line":37,"column":34}},"12":{"start":{"line":38,"column":2},"end":{"line":42,"column":null}},"13":{"start":{"line":39,"column":17},"end":{"line":39,"column":39}},"14":{"start":{"line":40,"column":4},"end":{"line":40,"column":47}},"15":{"start":{"line":41,"column":4},"end":{"line":41,"column":46}},"16":{"start":{"line":44,"column":20},"end":{"line":44,"column":36}},"17":{"start":{"line":45,"column":2},"end":{"line":49,"column":null}},"18":{"start":{"line":46,"column":19},"end":{"line":46,"column":43}},"19":{"start":{"line":47,"column":4},"end":{"line":47,"column":53}},"20":{"start":{"line":48,"column":4},"end":{"line":48,"column":48}},"21":{"start":{"line":50,"column":2},"end":{"line":50,"column":33}},"22":{"start":{"line":51,"column":2},"end":{"line":51,"column":20}},"23":{"start":{"line":30,"column":0},"end":{"line":30,"column":16}},"24":{"start":{"line":55,"column":19},"end":{"line":55,"column":75}},"25":{"start":{"line":56,"column":17},"end":{"line":56,"column":60}},"26":{"start":{"line":58,"column":21},"end":{"line":58,"column":36}},"27":{"start":{"line":59,"column":16},"end":{"line":65,"column":null}},"28":{"start":{"line":67,"column":2},"end":{"line":69,"column":null}},"29":{"start":{"line":68,"column":4},"end":{"line":68,"column":50}},"30":{"start":{"line":70,"column":2},"end":{"line":72,"column":null}},"31":{"start":{"line":71,"column":4},"end":{"line":71,"column":44}},"32":{"start":{"line":73,"column":2},"end":{"line":75,"column":null}},"33":{"start":{"line":74,"column":4},"end":{"line":74,"column":40}},"34":{"start":{"line":76,"column":2},"end":{"line":76,"column":18}},"35":{"start":{"line":54,"column":0},"end":{"line":54,"column":16}},"36":{"start":{"line":80,"column":2},"end":{"line":80,"column":87}},"37":{"start":{"line":79,"column":0},"end":{"line":79,"column":16}},"38":{"start":{"line":84,"column":2},"end":{"line":86,"column":null}},"39":{"start":{"line":85,"column":4},"end":{"line":85,"column":16}},"40":{"start":{"line":87,"column":2},"end":{"line":87,"column":20}},"41":{"start":{"line":83,"column":0},"end":{"line":83,"column":16}},"42":{"start":{"line":91,"column":2},"end":{"line":93,"column":null}},"43":{"start":{"line":92,"column":4},"end":{"line":92,"column":29}},"44":{"start":{"line":94,"column":2},"end":{"line":94,"column":14}},"45":{"start":{"line":90,"column":0},"end":{"line":90,"column":16}},"46":{"start":{"line":98,"column":19},"end":{"line":98,"column":37}},"47":{"start":{"line":99,"column":2},"end":{"line":101,"column":null}},"48":{"start":{"line":100,"column":4},"end":{"line":100,"column":54}},"49":{"start":{"line":102,"column":2},"end":{"line":102,"column":18}},"50":{"start":{"line":97,"column":0},"end":{"line":97,"column":16}},"51":{"start":{"line":106,"column":2},"end":{"line":108,"column":4}},"52":{"start":{"line":105,"column":0},"end":{"line":105,"column":16}},"53":{"start":{"line":112,"column":2},"end":{"line":112,"column":74}},"54":{"start":{"line":111,"column":0},"end":{"line":111,"column":16}},"55":{"start":{"line":117,"column":27},"end":{"line":117,"column":40}},"56":{"start":{"line":120,"column":16},"end":{"line":120,"column":52}},"57":{"start":{"line":121,"column":4},"end":{"line":123,"column":null}},"58":{"start":{"line":122,"column":6},"end":{"line":122,"column":16}},"59":{"start":{"line":124,"column":18},"end":{"line":124,"column":56}},"60":{"start":{"line":125,"column":4},"end":{"line":127,"column":null}},"61":{"start":{"line":126,"column":6},"end":{"line":126,"column":18}},"62":{"start":{"line":128,"column":4},"end":{"line":128,"column":27}},"63":{"start":{"line":132,"column":19},"end":{"line":132,"column":30}},"64":{"start":{"line":133,"column":19},"end":{"line":133,"column":32}},"65":{"start":{"line":134,"column":4},"end":{"line":139,"column":null}},"66":{"start":{"line":135,"column":22},"end":{"line":135,"column":55}},"67":{"start":{"line":136,"column":31},"end":{"line":136,"column":66}},"68":{"start":{"line":137,"column":6},"end":{"line":137,"column":36}},"69":{"start":{"line":138,"column":6},"end":{"line":138,"column":39}},"70":{"start":{"line":140,"column":4},"end":{"line":145,"column":null}},"71":{"start":{"line":141,"column":22},"end":{"line":141,"column":55}},"72":{"start":{"line":142,"column":6},"end":{"line":144,"column":null}},"73":{"start":{"line":143,"column":8},"end":{"line":143,"column":40}},"74":{"start":{"line":148,"column":2},"end":{"line":148,"column":33}},"75":{"start":{"line":116,"column":0},"end":{"line":116,"column":16}},"76":{"start":{"line":152,"column":14},"end":{"line":152,"column":24}},"77":{"start":{"line":153,"column":2},"end":{"line":155,"column":4}},"78":{"start":{"line":154,"column":4},"end":{"line":154,"column":56}}},"fnMap":{"0":{"name":"createPath","decl":{"start":{"line":18,"column":16},"end":{"line":18,"column":26}},"loc":{"start":{"line":18,"column":46},"end":{"line":28,"column":1}}},"1":{"name":"parsePath","decl":{"start":{"line":30,"column":16},"end":{"line":30,"column":25}},"loc":{"start":{"line":30,"column":37},"end":{"line":52,"column":1}}},"2":{"name":"createLocation","decl":{"start":{"line":54,"column":16},"end":{"line":54,"column":30}},"loc":{"start":{"line":54,"column":93},"end":{"line":77,"column":1}}},"3":{"name":"isLocationEqual","decl":{"start":{"line":79,"column":16},"end":{"line":79,"column":31}},"loc":{"start":{"line":79,"column":68},"end":{"line":81,"column":1}}},"4":{"name":"addHeadSlash","decl":{"start":{"line":83,"column":16},"end":{"line":83,"column":28}},"loc":{"start":{"line":83,"column":41},"end":{"line":88,"column":1}}},"5":{"name":"stripHeadSlash","decl":{"start":{"line":90,"column":16},"end":{"line":90,"column":30}},"loc":{"start":{"line":90,"column":43},"end":{"line":95,"column":1}}},"6":{"name":"normalizeSlash","decl":{"start":{"line":97,"column":16},"end":{"line":97,"column":30}},"loc":{"start":{"line":97,"column":43},"end":{"line":103,"column":1}}},"7":{"name":"hasBasename","decl":{"start":{"line":105,"column":16},"end":{"line":105,"column":27}},"loc":{"start":{"line":105,"column":56},"end":{"line":109,"column":1}}},"8":{"name":"stripBasename","decl":{"start":{"line":111,"column":16},"end":{"line":111,"column":29}},"loc":{"start":{"line":111,"column":58},"end":{"line":113,"column":1}}},"9":{"name":"createMemoryRecord","decl":{"start":{"line":116,"column":16},"end":{"line":116,"column":34}},"loc":{"start":{"line":116,"column":70},"end":{"line":149,"column":1}}},"10":{"name":"getDelta","decl":{"start":{"line":119,"column":11},"end":{"line":119,"column":19}},"loc":{"start":{"line":119,"column":40},"end":{"line":129,"column":3}}},"11":{"name":"addRecord","decl":{"start":{"line":131,"column":11},"end":{"line":131,"column":20}},"loc":{"start":{"line":131,"column":61},"end":{"line":146,"column":3}}},"12":{"name":"genRandomKey","decl":{"start":{"line":151,"column":9},"end":{"line":151,"column":21}},"loc":{"start":{"line":151,"column":36},"end":{"line":156,"column":1}}},"13":{"name":"(anonymous_15)","decl":{"start":{"line":153,"column":9},"end":{"line":153,"column":null}},"loc":{"start":{"line":153,"column":9},"end":{"line":155,"column":3}}}},"branchMap":{"0":{"loc":{"start":{"line":20,"column":17},"end":{"line":20,"column":37}},"type":"binary-expr","locations":[{"start":{"line":20,"column":17},"end":{"line":20,"column":30}},{"start":{"line":20,"column":34},"end":{"line":20,"column":37}}]},"1":{"loc":{"start":{"line":21,"column":2},"end":{"line":23,"column":null}},"type":"if","locations":[{"start":{"line":21,"column":2},"end":{"line":23,"column":null}}]},"2":{"loc":{"start":{"line":21,"column":6},"end":{"line":21,"column":30}},"type":"binary-expr","locations":[{"start":{"line":21,"column":6},"end":{"line":21,"column":12}},{"start":{"line":21,"column":16},"end":{"line":21,"column":30}}]},"3":{"loc":{"start":{"line":22,"column":16},"end":{"line":22,"column":62}},"type":"cond-expr","locations":[{"start":{"line":22,"column":41},"end":{"line":22,"column":47}},{"start":{"line":22,"column":50},"end":{"line":22,"column":62}}]},"4":{"loc":{"start":{"line":24,"column":2},"end":{"line":26,"column":null}},"type":"if","locations":[{"start":{"line":24,"column":2},"end":{"line":26,"column":null}}]},"5":{"loc":{"start":{"line":24,"column":6},"end":{"line":24,"column":26}},"type":"binary-expr","locations":[{"start":{"line":24,"column":6},"end":{"line":24,"column":10}},{"start":{"line":24,"column":14},"end":{"line":24,"column":26}}]},"6":{"loc":{"start":{"line":25,"column":16},"end":{"line":25,"column":56}},"type":"cond-expr","locations":[{"start":{"line":25,"column":39},"end":{"line":25,"column":43}},{"start":{"line":25,"column":46},"end":{"line":25,"column":56}}]},"7":{"loc":{"start":{"line":31,"column":17},"end":{"line":31,"column":27}},"type":"binary-expr","locations":[{"start":{"line":31,"column":17},"end":{"line":31,"column":20}},{"start":{"line":31,"column":24},"end":{"line":31,"column":27}}]},"8":{"loc":{"start":{"line":38,"column":2},"end":{"line":42,"column":null}},"type":"if","locations":[{"start":{"line":38,"column":2},"end":{"line":42,"column":null}}]},"9":{"loc":{"start":{"line":40,"column":22},"end":{"line":40,"column":46}},"type":"cond-expr","locations":[{"start":{"line":40,"column":37},"end":{"line":40,"column":39}},{"start":{"line":40,"column":42},"end":{"line":40,"column":46}}]},"10":{"loc":{"start":{"line":45,"column":2},"end":{"line":49,"column":null}},"type":"if","locations":[{"start":{"line":45,"column":2},"end":{"line":49,"column":null}}]},"11":{"loc":{"start":{"line":47,"column":24},"end":{"line":47,"column":52}},"type":"cond-expr","locations":[{"start":{"line":47,"column":41},"end":{"line":47,"column":43}},{"start":{"line":47,"column":46},"end":{"line":47,"column":52}}]},"12":{"loc":{"start":{"line":55,"column":19},"end":{"line":55,"column":75}},"type":"cond-expr","locations":[{"start":{"line":55,"column":49},"end":{"line":55,"column":56}},{"start":{"line":55,"column":59},"end":{"line":55,"column":75}}]},"13":{"loc":{"start":{"line":56,"column":17},"end":{"line":56,"column":60}},"type":"cond-expr","locations":[{"start":{"line":56,"column":42},"end":{"line":56,"column":55}},{"start":{"line":56,"column":58},"end":{"line":56,"column":60}}]},"14":{"loc":{"start":{"line":64,"column":9},"end":{"line":64,"column":53}},"type":"cond-expr","locations":[{"start":{"line":64,"column":35},"end":{"line":64,"column":38}},{"start":{"line":64,"column":41},"end":{"line":64,"column":53}}]},"15":{"loc":{"start":{"line":67,"column":2},"end":{"line":69,"column":null}},"type":"if","locations":[{"start":{"line":67,"column":2},"end":{"line":69,"column":null}}]},"16":{"loc":{"start":{"line":68,"column":24},"end":{"line":68,"column":49}},"type":"cond-expr","locations":[{"start":{"line":68,"column":35},"end":{"line":68,"column":43}},{"start":{"line":68,"column":46},"end":{"line":68,"column":49}}]},"17":{"loc":{"start":{"line":70,"column":2},"end":{"line":72,"column":null}},"type":"if","locations":[{"start":{"line":70,"column":2},"end":{"line":72,"column":null}}]},"18":{"loc":{"start":{"line":70,"column":6},"end":{"line":70,"column":51}},"type":"binary-expr","locations":[{"start":{"line":70,"column":6},"end":{"line":70,"column":21}},{"start":{"line":70,"column":25},"end":{"line":70,"column":51}}]},"19":{"loc":{"start":{"line":73,"column":2},"end":{"line":75,"column":null}},"type":"if","locations":[{"start":{"line":73,"column":2},"end":{"line":75,"column":null}}]},"20":{"loc":{"start":{"line":73,"column":6},"end":{"line":73,"column":47}},"type":"binary-expr","locations":[{"start":{"line":73,"column":6},"end":{"line":73,"column":19}},{"start":{"line":73,"column":23},"end":{"line":73,"column":47}}]},"21":{"loc":{"start":{"line":80,"column":9},"end":{"line":80,"column":86}},"type":"binary-expr","locations":[{"start":{"line":80,"column":9},"end":{"line":80,"column":36}},{"start":{"line":80,"column":40},"end":{"line":80,"column":63}},{"start":{"line":80,"column":67},"end":{"line":80,"column":86}}]},"22":{"loc":{"start":{"line":84,"column":2},"end":{"line":86,"column":null}},"type":"if","locations":[{"start":{"line":84,"column":2},"end":{"line":86,"column":null}}]},"23":{"loc":{"start":{"line":91,"column":2},"end":{"line":93,"column":null}},"type":"if","locations":[{"start":{"line":91,"column":2},"end":{"line":93,"column":null}}]},"24":{"loc":{"start":{"line":99,"column":2},"end":{"line":101,"column":null}},"type":"if","locations":[{"start":{"line":99,"column":2},"end":{"line":101,"column":null}}]},"25":{"loc":{"start":{"line":107,"column":4},"end":{"line":107,"column":118}},"type":"binary-expr","locations":[{"start":{"line":107,"column":4},"end":{"line":107,"column":58}},{"start":{"line":107,"column":62},"end":{"line":107,"column":118}}]},"26":{"loc":{"start":{"line":112,"column":9},"end":{"line":112,"column":73}},"type":"cond-expr","locations":[{"start":{"line":112,"column":37},"end":{"line":112,"column":66}},{"start":{"line":112,"column":69},"end":{"line":112,"column":73}}]},"27":{"loc":{"start":{"line":121,"column":4},"end":{"line":123,"column":null}},"type":"if","locations":[{"start":{"line":121,"column":4},"end":{"line":123,"column":null}}]},"28":{"loc":{"start":{"line":125,"column":4},"end":{"line":127,"column":null}},"type":"if","locations":[{"start":{"line":125,"column":4},"end":{"line":127,"column":null}}]},"29":{"loc":{"start":{"line":134,"column":4},"end":{"line":139,"column":null}},"type":"if","locations":[{"start":{"line":134,"column":4},"end":{"line":139,"column":null}}]},"30":{"loc":{"start":{"line":140,"column":4},"end":{"line":145,"column":null}},"type":"if","locations":[{"start":{"line":140,"column":4},"end":{"line":145,"column":null}}]},"31":{"loc":{"start":{"line":142,"column":6},"end":{"line":144,"column":null}},"type":"if","locations":[{"start":{"line":142,"column":6},"end":{"line":144,"column":null}}]}},"s":{"0":1,"1":12,"2":6,"3":6,"4":3,"5":6,"6":3,"7":6,"8":1,"9":0,"10":0,"11":0,"12":0,"13":0,"14":0,"15":0,"16":0,"17":0,"18":0,"19":0,"20":0,"21":0,"22":0,"23":1,"24":0,"25":0,"26":0,"27":0,"28":0,"29":0,"30":0,"31":0,"32":0,"33":0,"34":0,"35":1,"36":0,"37":1,"38":0,"39":0,"40":0,"41":1,"42":0,"43":0,"44":0,"45":1,"46":0,"47":0,"48":0,"49":0,"50":1,"51":0,"52":1,"53":0,"54":1,"55":0,"56":0,"57":0,"58":0,"59":0,"60":0,"61":0,"62":0,"63":0,"64":0,"65":0,"66":0,"67":0,"68":0,"69":0,"70":0,"71":0,"72":0,"73":0,"74":0,"75":1,"76":0,"77":0,"78":0},"f":{"0":6,"1":0,"2":0,"3":0,"4":0,"5":0,"6":0,"7":0,"8":0,"9":0,"10":0,"11":0,"12":0,"13":0},"b":{"0":[6,0],"1":[3],"2":[6,3],"3":[1,2],"4":[3],"5":[6,3],"6":[2,1],"7":[0,0],"8":[0],"9":[0,0],"10":[0],"11":[0,0],"12":[0,0],"13":[0,0],"14":[0,0],"15":[0],"16":[0,0],"17":[0],"18":[0,0],"19":[0],"20":[0,0],"21":[0,0,0],"22":[0],"23":[0],"24":[0],"25":[0,0],"26":[0,0],"27":[0],"28":[0],"29":[0],"30":[0],"31":[0]}}
,"C:\\Users\\tangpeng\\Desktop\\研一课程\\开源实战\\project\\giteeversion\\inula\\packages\\inula-router\\src\\router\\matcher\\lexer.ts": {"path":"C:\\Users\\tangpeng\\Desktop\\研一课程\\开源实战\\project\\giteeversion\\inula\\packages\\inula-router\\src\\router\\matcher\\lexer.ts","statementMap":{"0":{"start":{"line":16,"column":0},"end":{"line":16,"column":43}},"1":{"start":{"line":17,"column":0},"end":{"line":17,"column":36}},"2":{"start":{"line":19,"column":18},"end":{"line":19,"column":32}},"3":{"start":{"line":23,"column":26},"end":{"line":23,"column":28}},"4":{"start":{"line":25,"column":2},"end":{"line":27,"column":null}},"5":{"start":{"line":26,"column":4},"end":{"line":26,"column":18}},"6":{"start":{"line":29,"column":16},"end":{"line":29,"column":31}},"7":{"start":{"line":30,"column":2},"end":{"line":32,"column":null}},"8":{"start":{"line":31,"column":4},"end":{"line":31,"column":48}},"9":{"start":{"line":34,"column":21},"end":{"line":41,"column":3}},"10":{"start":{"line":35,"column":15},"end":{"line":35,"column":17}},"11":{"start":{"line":36,"column":4},"end":{"line":39,"column":null}},"12":{"start":{"line":37,"column":6},"end":{"line":37,"column":25}},"13":{"start":{"line":38,"column":6},"end":{"line":38,"column":18}},"14":{"start":{"line":40,"column":4},"end":{"line":40,"column":16}},"15":{"start":{"line":43,"column":19},"end":{"line":45,"column":3}},"16":{"start":{"line":44,"column":4},"end":{"line":44,"column":14}},"17":{"start":{"line":47,"column":10},"end":{"line":47,"column":11}},"18":{"start":{"line":48,"column":2},"end":{"line":95,"column":null}},"19":{"start":{"line":49,"column":20},"end":{"line":49,"column":30}},"20":{"start":{"line":50,"column":21},"end":{"line":50,"column":35}},"21":{"start":{"line":52,"column":4},"end":{"line":56,"column":null}},"22":{"start":{"line":53,"column":6},"end":{"line":53,"column":68}},"23":{"start":{"line":54,"column":6},"end":{"line":54,"column":18}},"24":{"start":{"line":55,"column":6},"end":{"line":55,"column":15}},"25":{"start":{"line":58,"column":4},"end":{"line":62,"column":null}},"26":{"start":{"line":59,"column":6},"end":{"line":59,"column":18}},"27":{"start":{"line":60,"column":6},"end":{"line":60,"column":66}},"28":{"start":{"line":61,"column":6},"end":{"line":61,"column":15}},"29":{"start":{"line":64,"column":4},"end":{"line":68,"column":null}},"30":{"start":{"line":65,"column":6},"end":{"line":65,"column":67}},"31":{"start":{"line":66,"column":6},"end":{"line":66,"column":18}},"32":{"start":{"line":67,"column":6},"end":{"line":67,"column":15}},"33":{"start":{"line":70,"column":4},"end":{"line":73,"column":null}},"34":{"start":{"line":71,"column":6},"end":{"line":71,"column":67}},"35":{"start":{"line":72,"column":6},"end":{"line":72,"column":15}},"36":{"start":{"line":74,"column":4},"end":{"line":78,"column":null}},"37":{"start":{"line":75,"column":6},"end":{"line":75,"column":60}},"38":{"start":{"line":76,"column":6},"end":{"line":76,"column":18}},"39":{"start":{"line":77,"column":6},"end":{"line":77,"column":15}},"40":{"start":{"line":79,"column":4},"end":{"line":83,"column":null}},"41":{"start":{"line":80,"column":6},"end":{"line":80,"column":60}},"42":{"start":{"line":81,"column":6},"end":{"line":81,"column":18}},"43":{"start":{"line":82,"column":6},"end":{"line":82,"column":15}},"44":{"start":{"line":84,"column":4},"end":{"line":88,"column":null}},"45":{"start":{"line":85,"column":6},"end":{"line":85,"column":63}},"46":{"start":{"line":86,"column":6},"end":{"line":86,"column":18}},"47":{"start":{"line":87,"column":6},"end":{"line":87,"column":15}},"48":{"start":{"line":89,"column":4},"end":{"line":92,"column":null}},"49":{"start":{"line":90,"column":6},"end":{"line":90,"column":68}},"50":{"start":{"line":91,"column":6},"end":{"line":91,"column":15}},"51":{"start":{"line":94,"column":4},"end":{"line":94,"column":16}},"52":{"start":{"line":97,"column":2},"end":{"line":97,"column":16}},"53":{"start":{"line":22,"column":0},"end":{"line":22,"column":16}}},"fnMap":{"0":{"name":"lexer","decl":{"start":{"line":22,"column":16},"end":{"line":22,"column":21}},"loc":{"start":{"line":22,"column":34},"end":{"line":98,"column":1}}},"1":{"name":"(anonymous_1)","decl":{"start":{"line":34,"column":21},"end":{"line":34,"column":null}},"loc":{"start":{"line":34,"column":21},"end":{"line":41,"column":3}}},"2":{"name":"(anonymous_2)","decl":{"start":{"line":43,"column":19},"end":{"line":43,"column":20}},"loc":{"start":{"line":43,"column":32},"end":{"line":45,"column":3}}}},"branchMap":{"0":{"loc":{"start":{"line":25,"column":2},"end":{"line":27,"column":null}},"type":"if","locations":[{"start":{"line":25,"column":2},"end":{"line":27,"column":null}}]},"1":{"loc":{"start":{"line":30,"column":2},"end":{"line":32,"column":null}},"type":"if","locations":[{"start":{"line":30,"column":2},"end":{"line":32,"column":null}}]},"2":{"loc":{"start":{"line":30,"column":6},"end":{"line":30,"column":49}},"type":"binary-expr","locations":[{"start":{"line":30,"column":6},"end":{"line":30,"column":21}},{"start":{"line":30,"column":25},"end":{"line":30,"column":49}}]},"3":{"loc":{"start":{"line":36,"column":11},"end":{"line":36,"column":59}},"type":"binary-expr","locations":[{"start":{"line":36,"column":11},"end":{"line":36,"column":29}},{"start":{"line":36,"column":33},"end":{"line":36,"column":59}}]},"4":{"loc":{"start":{"line":52,"column":4},"end":{"line":56,"column":null}},"type":"if","locations":[{"start":{"line":52,"column":4},"end":{"line":56,"column":null}}]},"5":{"loc":{"start":{"line":58,"column":4},"end":{"line":62,"column":null}},"type":"if","locations":[{"start":{"line":58,"column":4},"end":{"line":62,"column":null}}]},"6":{"loc":{"start":{"line":58,"column":8},"end":{"line":58,"column":43}},"type":"binary-expr","locations":[{"start":{"line":58,"column":8},"end":{"line":58,"column":24}},{"start":{"line":58,"column":28},"end":{"line":58,"column":43}}]},"7":{"loc":{"start":{"line":64,"column":4},"end":{"line":68,"column":null}},"type":"if","locations":[{"start":{"line":64,"column":4},"end":{"line":68,"column":null}}]},"8":{"loc":{"start":{"line":64,"column":8},"end":{"line":64,"column":71}},"type":"binary-expr","locations":[{"start":{"line":64,"column":9},"end":{"line":64,"column":25}},{"start":{"line":64,"column":29},"end":{"line":64,"column":51}},{"start":{"line":64,"column":56},"end":{"line":64,"column":71}}]},"9":{"loc":{"start":{"line":70,"column":4},"end":{"line":73,"column":null}},"type":"if","locations":[{"start":{"line":70,"column":4},"end":{"line":73,"column":null}}]},"10":{"loc":{"start":{"line":70,"column":8},"end":{"line":70,"column":51}},"type":"binary-expr","locations":[{"start":{"line":70,"column":8},"end":{"line":70,"column":24}},{"start":{"line":70,"column":28},"end":{"line":70,"column":51}}]},"11":{"loc":{"start":{"line":74,"column":4},"end":{"line":78,"column":null}},"type":"if","locations":[{"start":{"line":74,"column":4},"end":{"line":78,"column":null}}]},"12":{"loc":{"start":{"line":79,"column":4},"end":{"line":83,"column":null}},"type":"if","locations":[{"start":{"line":79,"column":4},"end":{"line":83,"column":null}}]},"13":{"loc":{"start":{"line":84,"column":4},"end":{"line":88,"column":null}},"type":"if","locations":[{"start":{"line":84,"column":4},"end":{"line":88,"column":null}}]},"14":{"loc":{"start":{"line":89,"column":4},"end":{"line":92,"column":null}},"type":"if","locations":[{"start":{"line":89,"column":4},"end":{"line":92,"column":null}}]}},"s":{"0":2,"1":2,"2":2,"3":58,"4":58,"5":1,"6":57,"7":57,"8":1,"9":56,"10":130,"11":130,"12":582,"13":582,"14":130,"15":56,"16":813,"17":56,"18":56,"19":318,"20":318,"21":318,"22":141,"23":141,"24":141,"25":177,"26":43,"27":43,"28":43,"29":134,"30":12,"31":12,"32":12,"33":122,"34":78,"35":78,"36":44,"37":9,"38":9,"39":9,"40":35,"41":9,"42":9,"43":9,"44":26,"45":17,"46":17,"47":17,"48":9,"49":9,"50":9,"51":0,"52":56,"53":2},"f":{"0":58,"1":130,"2":813},"b":{"0":[1],"1":[1],"2":[57,55],"3":[712,688],"4":[141],"5":[43],"6":[177,131],"7":[12],"8":[134,46,90],"9":[78],"10":[122,78],"11":[9],"12":[9],"13":[17],"14":[9]}}
,"C:\\Users\\tangpeng\\Desktop\\研一课程\\开源实战\\project\\giteeversion\\inula\\packages\\inula-router\\src\\router\\matcher\\parser.ts": {"path":"C:\\Users\\tangpeng\\Desktop\\研一课程\\开源实战\\project\\giteeversion\\inula\\packages\\inula-router\\src\\router\\matcher\\parser.ts","statementMap":{"0":{"start":{"line":16,"column":0},"end":{"line":16,"column":72}},"1":{"start":{"line":17,"column":0},"end":{"line":17,"column":32}},"2":{"start":{"line":18,"column":0},"end":{"line":18,"column":50}},"3":{"start":{"line":21,"column":0},"end":{"line":21,"column":null}},"4":{"start":{"line":23,"column":2},"end":{"line":23,"column":null}},"5":{"start":{"line":25,"column":2},"end":{"line":25,"column":null}},"6":{"start":{"line":27,"column":2},"end":{"line":27,"column":null}},"7":{"start":{"line":28,"column":2},"end":{"line":28,"column":null}},"8":{"start":{"line":41,"column":46},"end":{"line":48,"column":2}},"9":{"start":{"line":50,"column":23},"end":{"line":50,"column":44}},"10":{"start":{"line":52,"column":27},"end":{"line":52,"column":34}},"11":{"start":{"line":54,"column":25},"end":{"line":54,"column":30}},"12":{"start":{"line":64,"column":64},"end":{"line":64,"column":null}},"13":{"start":{"line":69,"column":6},"end":{"line":69,"column":13}},"14":{"start":{"line":66,"column":17},"end":{"line":66,"column":null}},"15":{"start":{"line":67,"column":14},"end":{"line":67,"column":null}},"16":{"start":{"line":68,"column":9},"end":{"line":68,"column":null}},"17":{"start":{"line":71,"column":16},"end":{"line":71,"column":19}},"18":{"start":{"line":72,"column":25},"end":{"line":72,"column":27}},"19":{"start":{"line":73,"column":27},"end":{"line":73,"column":29}},"20":{"start":{"line":75,"column":17},"end":{"line":75,"column":32}},"21":{"start":{"line":76,"column":26},"end":{"line":76,"column":86}},"22":{"start":{"line":77,"column":21},"end":{"line":77,"column":34}},"23":{"start":{"line":78,"column":20},"end":{"line":78,"column":42}},"24":{"start":{"line":79,"column":22},"end":{"line":79,"column":23}},"25":{"start":{"line":86,"column":30},"end":{"line":95,"column":3}},"26":{"start":{"line":87,"column":36},"end":{"line":87,"column":41}},"27":{"start":{"line":88,"column":4},"end":{"line":93,"column":null}},"28":{"start":{"line":89,"column":6},"end":{"line":91,"column":null}},"29":{"start":{"line":90,"column":8},"end":{"line":90,"column":32}},"30":{"start":{"line":92,"column":6},"end":{"line":92,"column":19}},"31":{"start":{"line":94,"column":4},"end":{"line":94,"column":28}},"32":{"start":{"line":96,"column":2},"end":{"line":143,"column":null}},"33":{"start":{"line":96,"column":22},"end":{"line":96,"column":23}},"34":{"start":{"line":97,"column":18},"end":{"line":97,"column":34}},"35":{"start":{"line":98,"column":22},"end":{"line":98,"column":42}},"36":{"start":{"line":99,"column":4},"end":{"line":142,"column":null}},"37":{"start":{"line":101,"column":28},"end":{"line":101,"column":61}},"38":{"start":{"line":102,"column":8},"end":{"line":102,"column":48}},"39":{"start":{"line":103,"column":8},"end":{"line":103,"column":14}},"40":{"start":{"line":105,"column":8},"end":{"line":105,"column":63}},"41":{"start":{"line":106,"column":8},"end":{"line":110,"column":null}},"42":{"start":{"line":107,"column":10},"end":{"line":107,"column":45}},"43":{"start":{"line":108,"column":10},"end":{"line":108,"column":43}},"44":{"start":{"line":109,"column":10},"end":{"line":109,"column":26}},"45":{"start":{"line":111,"column":8},"end":{"line":111,"column":39}},"46":{"start":{"line":112,"column":8},"end":{"line":112,"column":14}},"47":{"start":{"line":115,"column":26},"end":{"line":115,"column":28}},"48":{"start":{"line":116,"column":8},"end":{"line":132,"column":null}},"49":{"start":{"line":117,"column":10},"end":{"line":131,"column":null}},"50":{"start":{"line":120,"column":10},"end":{"line":120,"column":24}},"51":{"start":{"line":121,"column":10},"end":{"line":124,"column":null}},"52":{"start":{"line":122,"column":12},"end":{"line":122,"column":50}},"53":{"start":{"line":123,"column":12},"end":{"line":123,"column":23}},"54":{"start":{"line":125,"column":14},"end":{"line":125,"column":47}},"55":{"start":{"line":126,"column":14},"end":{"line":126,"column":20}},"56":{"start":{"line":128,"column":14},"end":{"line":128,"column":25}},"57":{"start":{"line":129,"column":14},"end":{"line":129,"column":106}},"58":{"start":{"line":130,"column":14},"end":{"line":130,"column":20}},"59":{"start":{"line":133,"column":8},"end":{"line":133,"column":82}},"60":{"start":{"line":134,"column":8},"end":{"line":134,"column":31}},"61":{"start":{"line":135,"column":8},"end":{"line":135,"column":38}},"62":{"start":{"line":136,"column":8},"end":{"line":136,"column":14}},"63":{"start":{"line":138,"column":8},"end":{"line":138,"column":31}},"64":{"start":{"line":139,"column":8},"end":{"line":139,"column":109}},"65":{"start":{"line":140,"column":8},"end":{"line":140,"column":84}},"66":{"start":{"line":141,"column":8},"end":{"line":141,"column":14}},"67":{"start":{"line":144,"column":21},"end":{"line":144,"column":58}},"68":{"start":{"line":146,"column":2},"end":{"line":155,"column":null}},"69":{"start":{"line":147,"column":4},"end":{"line":149,"column":null}},"70":{"start":{"line":148,"column":6},"end":{"line":148,"column":62}},"71":{"start":{"line":150,"column":4},"end":{"line":152,"column":null}},"72":{"start":{"line":151,"column":6},"end":{"line":151,"column":58}},"73":{"start":{"line":154,"column":4},"end":{"line":154,"column":71}},"74":{"start":{"line":157,"column":15},"end":{"line":157,"column":39}},"75":{"start":{"line":158,"column":17},"end":{"line":158,"column":42}},"76":{"start":{"line":164,"column":20},"end":{"line":164,"column":38}},"77":{"start":{"line":166,"column":4},"end":{"line":168,"column":null}},"78":{"start":{"line":167,"column":6},"end":{"line":167,"column":18}},"79":{"start":{"line":169,"column":24},"end":{"line":169,"column":34}},"80":{"start":{"line":170,"column":28},"end":{"line":170,"column":30}},"81":{"start":{"line":171,"column":31},"end":{"line":171,"column":49}},"82":{"start":{"line":172,"column":4},"end":{"line":191,"column":null}},"83":{"start":{"line":172,"column":17},"end":{"line":172,"column":18}},"84":{"start":{"line":173,"column":18},"end":{"line":173,"column":28}},"85":{"start":{"line":174,"column":16},"end":{"line":174,"column":27}},"86":{"start":{"line":175,"column":6},"end":{"line":190,"column":null}},"87":{"start":{"line":176,"column":20},"end":{"line":176,"column":36}},"88":{"start":{"line":177,"column":8},"end":{"line":181,"column":null}},"89":{"start":{"line":178,"column":10},"end":{"line":178,"column":30}},"90":{"start":{"line":180,"column":10},"end":{"line":180,"column":37}},"91":{"start":{"line":183,"column":8},"end":{"line":186,"column":null}},"92":{"start":{"line":189,"column":8},"end":{"line":189,"column":48}},"93":{"start":{"line":193,"column":20},"end":{"line":193,"column":40}},"94":{"start":{"line":194,"column":16},"end":{"line":194,"column":70}},"95":{"start":{"line":195,"column":4},"end":{"line":195,"column":93}},"96":{"start":{"line":202,"column":15},"end":{"line":202,"column":17}},"97":{"start":{"line":203,"column":4},"end":{"line":226,"column":null}},"98":{"start":{"line":203,"column":24},"end":{"line":203,"column":32}},"99":{"start":{"line":203,"column":30},"end":{"line":203,"column":32}},"100":{"start":{"line":203,"column":20},"end":{"line":203,"column":24}},"101":{"start":{"line":204,"column":6},"end":{"line":225,"column":null}},"102":{"start":{"line":206,"column":10},"end":{"line":206,"column":30}},"103":{"start":{"line":207,"column":10},"end":{"line":207,"column":16}},"104":{"start":{"line":209,"column":10},"end":{"line":211,"column":null}},"105":{"start":{"line":210,"column":12},"end":{"line":210,"column":49}},"106":{"start":{"line":212,"column":10},"end":{"line":212,"column":38}},"107":{"start":{"line":213,"column":10},"end":{"line":213,"column":16}},"108":{"start":{"line":215,"column":25},"end":{"line":215,"column":36}},"109":{"start":{"line":216,"column":10},"end":{"line":220,"column":null}},"110":{"start":{"line":217,"column":12},"end":{"line":217,"column":39}},"111":{"start":{"line":219,"column":12},"end":{"line":219,"column":29}},"112":{"start":{"line":221,"column":10},"end":{"line":221,"column":16}},"113":{"start":{"line":223,"column":10},"end":{"line":223,"column":30}},"114":{"start":{"line":224,"column":10},"end":{"line":224,"column":16}},"115":{"start":{"line":227,"column":4},"end":{"line":227,"column":16}},"116":{"start":{"line":230,"column":2},"end":{"line":239,"column":4}},"117":{"start":{"line":232,"column":6},"end":{"line":232,"column":20}},"118":{"start":{"line":235,"column":6},"end":{"line":235,"column":18}},"119":{"start":{"line":64,"column":0},"end":{"line":64,"column":16}},"120":{"start":{"line":250,"column":19},"end":{"line":250,"column":68}},"121":{"start":{"line":251,"column":39},"end":{"line":251,"column":41}},"122":{"start":{"line":252,"column":2},"end":{"line":258,"column":null}},"123":{"start":{"line":252,"column":21},"end":{"line":252,"column":31}},"124":{"start":{"line":252,"column":29},"end":{"line":252,"column":31}},"125":{"start":{"line":252,"column":17},"end":{"line":252,"column":21}},"126":{"start":{"line":253,"column":19},"end":{"line":253,"column":49}},"127":{"start":{"line":254,"column":20},"end":{"line":254,"column":42}},"128":{"start":{"line":255,"column":4},"end":{"line":257,"column":null}},"129":{"start":{"line":256,"column":6},"end":{"line":256,"column":35}},"130":{"start":{"line":259,"column":2},"end":{"line":259,"column":106}},"131":{"start":{"line":259,"column":71},"end":{"line":259,"column":102}},"132":{"start":{"line":245,"column":0},"end":{"line":245,"column":16}},"133":{"start":{"line":263,"column":17},"end":{"line":263,"column":39}},"134":{"start":{"line":264,"column":2},"end":{"line":264,"column":32}},"135":{"start":{"line":262,"column":0},"end":{"line":262,"column":16}}},"fnMap":{"0":{"name":"(anonymous_4)","decl":{"start":{"line":21,"column":0},"end":{"line":21,"column":5}},"loc":{"start":{"line":21,"column":15},"end":{"line":29,"column":1}}},"1":{"name":"createPathParser","decl":{"start":{"line":64,"column":16},"end":{"line":64,"column":32}},"loc":{"start":{"line":64,"column":100},"end":{"line":240,"column":1}}},"2":{"name":"(anonymous_6)","decl":{"start":{"line":86,"column":30},"end":{"line":86,"column":31}},"loc":{"start":{"line":86,"column":49},"end":{"line":95,"column":3}}},"3":{"name":"parse","decl":{"start":{"line":163,"column":11},"end":{"line":163,"column":16}},"loc":{"start":{"line":163,"column":29},"end":{"line":196,"column":3}}},"4":{"name":"compile","decl":{"start":{"line":201,"column":11},"end":{"line":201,"column":18}},"loc":{"start":{"line":201,"column":36},"end":{"line":228,"column":3}}},"5":{"name":"(anonymous_9)","decl":{"start":{"line":231,"column":4},"end":{"line":231,"column":8}},"loc":{"start":{"line":231,"column":14},"end":{"line":233,"column":5}}},"6":{"name":"(anonymous_10)","decl":{"start":{"line":234,"column":4},"end":{"line":234,"column":8}},"loc":{"start":{"line":234,"column":12},"end":{"line":236,"column":5}}},"7":{"name":"matchPath","decl":{"start":{"line":245,"column":16},"end":{"line":245,"column":25}},"loc":{"start":{"line":248,"column":23},"end":{"line":260,"column":1}}},"8":{"name":"(anonymous_12)","decl":{"start":{"line":259,"column":61},"end":{"line":259,"column":62}},"loc":{"start":{"line":259,"column":66},"end":{"line":259,"column":83}}},"9":{"name":"generatePath","decl":{"start":{"line":262,"column":16},"end":{"line":262,"column":28}},"loc":{"start":{"line":262,"column":69},"end":{"line":265,"column":1}}}},"branchMap":{"0":{"loc":{"start":{"line":21,"column":5},"end":{"line":21,"column":null}},"type":"binary-expr","locations":[{"start":{"line":21,"column":5},"end":{"line":21,"column":15}},{"start":{"line":21,"column":5},"end":{"line":21,"column":null}}]},"1":{"loc":{"start":{"line":64,"column":64},"end":{"line":64,"column":null}},"type":"if","locations":[{"start":{"line":64,"column":64},"end":{"line":64,"column":null}}]},"2":{"loc":{"start":{"line":66,"column":17},"end":{"line":66,"column":null}},"type":"cond-expr","locations":[{"start":{"line":66,"column":20},"end":{"line":66,"column":47}},{"start":{"line":66,"column":47},"end":{"line":66,"column":null}}]},"3":{"loc":{"start":{"line":67,"column":14},"end":{"line":67,"column":null}},"type":"cond-expr","locations":[{"start":{"line":67,"column":17},"end":{"line":67,"column":41}},{"start":{"line":67,"column":41},"end":{"line":67,"column":null}}]},"4":{"loc":{"start":{"line":68,"column":9},"end":{"line":68,"column":null}},"type":"cond-expr","locations":[{"start":{"line":68,"column":12},"end":{"line":68,"column":31}},{"start":{"line":68,"column":31},"end":{"line":68,"column":null}}]},"5":{"loc":{"start":{"line":76,"column":26},"end":{"line":76,"column":86}},"type":"binary-expr","locations":[{"start":{"line":76,"column":26},"end":{"line":76,"column":45}},{"start":{"line":76,"column":49},"end":{"line":76,"column":86}}]},"6":{"loc":{"start":{"line":88,"column":11},"end":{"line":88,"column":88}},"type":"binary-expr","locations":[{"start":{"line":88,"column":11},"end":{"line":88,"column":37}},{"start":{"line":88,"column":41},"end":{"line":88,"column":88}}]},"7":{"loc":{"start":{"line":89,"column":6},"end":{"line":91,"column":null}},"type":"if","locations":[{"start":{"line":89,"column":6},"end":{"line":91,"column":null}}]},"8":{"loc":{"start":{"line":89,"column":10},"end":{"line":89,"column":78}},"type":"binary-expr","locations":[{"start":{"line":89,"column":10},"end":{"line":89,"column":42}},{"start":{"line":89,"column":46},"end":{"line":89,"column":78}}]},"9":{"loc":{"start":{"line":99,"column":4},"end":{"line":142,"column":null}},"type":"switch","locations":[{"start":{"line":100,"column":6},"end":{"line":103,"column":14}},{"start":{"line":104,"column":6},"end":{"line":112,"column":14}},{"start":{"line":113,"column":6},"end":{"line":136,"column":14}},{"start":{"line":137,"column":6},"end":{"line":141,"column":14}}]},"10":{"loc":{"start":{"line":102,"column":23},"end":{"line":102,"column":45}},"type":"cond-expr","locations":[{"start":{"line":102,"column":37},"end":{"line":102,"column":40}},{"start":{"line":102,"column":43},"end":{"line":102,"column":45}}]},"11":{"loc":{"start":{"line":106,"column":8},"end":{"line":110,"column":null}},"type":"if","locations":[{"start":{"line":106,"column":8},"end":{"line":110,"column":null}}]},"12":{"loc":{"start":{"line":106,"column":12},"end":{"line":106,"column":61}},"type":"binary-expr","locations":[{"start":{"line":106,"column":12},"end":{"line":106,"column":21}},{"start":{"line":106,"column":25},"end":{"line":106,"column":61}}]},"13":{"loc":{"start":{"line":116,"column":8},"end":{"line":132,"column":null}},"type":"if","locations":[{"start":{"line":116,"column":8},"end":{"line":132,"column":null}}]},"14":{"loc":{"start":{"line":117,"column":10},"end":{"line":131,"column":null}},"type":"switch","locations":[{"start":{"line":118,"column":12},"end":{"line":126,"column":20}},{"start":{"line":127,"column":12},"end":{"line":130,"column":20}}]},"15":{"loc":{"start":{"line":129,"column":33},"end":{"line":129,"column":84}},"type":"cond-expr","locations":[{"start":{"line":129,"column":59},"end":{"line":129,"column":63}},{"start":{"line":129,"column":66},"end":{"line":129,"column":84}}]},"16":{"loc":{"start":{"line":133,"column":19},"end":{"line":133,"column":81}},"type":"cond-expr","locations":[{"start":{"line":133,"column":33},"end":{"line":133,"column":53}},{"start":{"line":133,"column":56},"end":{"line":133,"column":81}}]},"17":{"loc":{"start":{"line":139,"column":48},"end":{"line":139,"column":74}},"type":"cond-expr","locations":[{"start":{"line":139,"column":66},"end":{"line":139,"column":69}},{"start":{"line":139,"column":72},"end":{"line":139,"column":74}}]},"18":{"loc":{"start":{"line":140,"column":20},"end":{"line":140,"column":82}},"type":"cond-expr","locations":[{"start":{"line":140,"column":38},"end":{"line":140,"column":57}},{"start":{"line":140,"column":60},"end":{"line":140,"column":82}}]},"19":{"loc":{"start":{"line":146,"column":2},"end":{"line":155,"column":null}},"type":"if","locations":[{"start":{"line":146,"column":2},"end":{"line":155,"column":null}},{"start":{"line":153,"column":9},"end":{"line":155,"column":null}}]},"20":{"loc":{"start":{"line":146,"column":6},"end":{"line":146,"column":27}},"type":"binary-expr","locations":[{"start":{"line":146,"column":6},"end":{"line":146,"column":17}},{"start":{"line":146,"column":21},"end":{"line":146,"column":27}}]},"21":{"loc":{"start":{"line":147,"column":4},"end":{"line":149,"column":null}},"type":"if","locations":[{"start":{"line":147,"column":4},"end":{"line":149,"column":null}}]},"22":{"loc":{"start":{"line":150,"column":4},"end":{"line":152,"column":null}},"type":"if","locations":[{"start":{"line":150,"column":4},"end":{"line":152,"column":null}}]},"23":{"loc":{"start":{"line":154,"column":15},"end":{"line":154,"column":70}},"type":"cond-expr","locations":[{"start":{"line":154,"column":28},"end":{"line":154,"column":31}},{"start":{"line":154,"column":34},"end":{"line":154,"column":70}}]},"24":{"loc":{"start":{"line":157,"column":15},"end":{"line":157,"column":39}},"type":"cond-expr","locations":[{"start":{"line":157,"column":31},"end":{"line":157,"column":33}},{"start":{"line":157,"column":36},"end":{"line":157,"column":39}}]},"25":{"loc":{"start":{"line":166,"column":4},"end":{"line":168,"column":null}},"type":"if","locations":[{"start":{"line":166,"column":4},"end":{"line":168,"column":null}}]},"26":{"loc":{"start":{"line":175,"column":6},"end":{"line":190,"column":null}},"type":"if","locations":[{"start":{"line":175,"column":6},"end":{"line":190,"column":null}},{"start":{"line":188,"column":13},"end":{"line":190,"column":null}}]},"27":{"loc":{"start":{"line":175,"column":10},"end":{"line":175,"column":30}},"type":"binary-expr","locations":[{"start":{"line":175,"column":10},"end":{"line":175,"column":21}},{"start":{"line":175,"column":25},"end":{"line":175,"column":30}}]},"28":{"loc":{"start":{"line":177,"column":8},"end":{"line":181,"column":null}},"type":"if","locations":[{"start":{"line":177,"column":8},"end":{"line":181,"column":null}},{"start":{"line":179,"column":15},"end":{"line":181,"column":null}}]},"29":{"loc":{"start":{"line":189,"column":22},"end":{"line":189,"column":47}},"type":"cond-expr","locations":[{"start":{"line":189,"column":30},"end":{"line":189,"column":35}},{"start":{"line":189,"column":38},"end":{"line":189,"column":47}}]},"30":{"loc":{"start":{"line":194,"column":16},"end":{"line":194,"column":70}},"type":"cond-expr","locations":[{"start":{"line":194,"column":53},"end":{"line":194,"column":56}},{"start":{"line":194,"column":59},"end":{"line":194,"column":70}}]},"31":{"loc":{"start":{"line":194,"column":16},"end":{"line":194,"column":50}},"type":"binary-expr","locations":[{"start":{"line":194,"column":16},"end":{"line":194,"column":28}},{"start":{"line":194,"column":32},"end":{"line":194,"column":50}}]},"32":{"loc":{"start":{"line":204,"column":6},"end":{"line":225,"column":null}},"type":"switch","locations":[{"start":{"line":205,"column":8},"end":{"line":207,"column":16}},{"start":{"line":208,"column":8},"end":{"line":213,"column":16}},{"start":{"line":214,"column":8},"end":{"line":221,"column":16}},{"start":{"line":222,"column":8},"end":{"line":224,"column":16}}]},"33":{"loc":{"start":{"line":209,"column":10},"end":{"line":211,"column":null}},"type":"if","locations":[{"start":{"line":209,"column":10},"end":{"line":211,"column":null}}]},"34":{"loc":{"start":{"line":216,"column":10},"end":{"line":220,"column":null}},"type":"if","locations":[{"start":{"line":216,"column":10},"end":{"line":220,"column":null}},{"start":{"line":218,"column":17},"end":{"line":220,"column":null}}]},"35":{"loc":{"start":{"line":250,"column":19},"end":{"line":250,"column":68}},"type":"cond-expr","locations":[{"start":{"line":250,"column":43},"end":{"line":250,"column":57}},{"start":{"line":250,"column":59},"end":{"line":250,"column":68}}]},"36":{"loc":{"start":{"line":255,"column":4},"end":{"line":257,"column":null}},"type":"if","locations":[{"start":{"line":255,"column":4},"end":{"line":257,"column":null}}]},"37":{"loc":{"start":{"line":259,"column":9},"end":{"line":259,"column":105}},"type":"cond-expr","locations":[{"start":{"line":259,"column":34},"end":{"line":259,"column":38}},{"start":{"line":259,"column":41},"end":{"line":259,"column":105}}]}},"s":{"0":1,"1":1,"2":1,"3":1,"4":1,"5":1,"6":1,"7":1,"8":1,"9":1,"10":1,"11":1,"12":75,"13":138,"14":46,"15":46,"16":46,"17":46,"18":46,"19":46,"20":46,"21":46,"22":46,"23":46,"24":46,"25":46,"26":119,"27":119,"28":143,"29":15,"30":143,"31":119,"32":46,"33":46,"34":233,"35":233,"36":233,"37":119,"38":119,"39":119,"40":65,"41":65,"42":2,"43":2,"44":2,"45":65,"46":65,"47":37,"48":37,"49":26,"50":7,"51":7,"52":11,"53":11,"54":7,"55":7,"56":6,"57":6,"58":6,"59":37,"60":37,"61":37,"62":37,"63":10,"64":10,"65":10,"66":10,"67":46,"68":46,"69":35,"70":28,"71":35,"72":27,"73":11,"74":46,"75":46,"76":52,"77":52,"78":11,"79":41,"80":41,"81":41,"82":41,"83":41,"84":50,"85":50,"86":50,"87":10,"88":10,"89":10,"90":0,"91":10,"92":40,"93":41,"94":41,"95":41,"96":4,"97":4,"98":4,"99":4,"100":28,"101":28,"102":8,"103":8,"104":5,"105":1,"106":4,"107":4,"108":1,"109":1,"110":1,"111":0,"112":1,"113":14,"114":14,"115":3,"116":46,"117":0,"118":0,"119":1,"120":13,"121":13,"122":13,"123":13,"124":13,"125":18,"126":18,"127":18,"128":18,"129":12,"130":13,"131":2,"132":1,"133":4,"134":4,"135":1},"f":{"0":1,"1":46,"2":119,"3":52,"4":4,"5":0,"6":0,"7":13,"8":2,"9":4},"b":{"0":[1,1],"1":[29],"2":[17,29],"3":[5,41],"4":[4,42],"5":[46,2],"6":[262,218],"7":[15],"8":[143,140],"9":[119,65,37,10],"10":[15,104],"11":[2],"12":[65,56],"13":[26],"14":[7,6],"15":[2,4],"16":[13,24],"17":[2,8],"18":[2,8],"19":[35,11],"20":[46,38],"21":[28],"22":[27],"23":[0,11],"24":[0,46],"25":[11],"26":[10,40],"27":[50,11],"28":[10,0],"29":[35,5],"30":[0,41],"31":[41,1],"32":[8,5,1,14],"33":[1],"34":[1,0],"35":[3,10],"36":[12],"37":[3,10]}}
,"C:\\Users\\tangpeng\\Desktop\\研一课程\\开源实战\\project\\giteeversion\\inula\\packages\\inula-router\\src\\router\\matcher\\types.ts": {"path":"C:\\Users\\tangpeng\\Desktop\\研一课程\\开源实战\\project\\giteeversion\\inula\\packages\\inula-router\\src\\router\\matcher\\types.ts","statementMap":{"0":{"start":{"line":23,"column":0},"end":{"line":23,"column":null}},"1":{"start":{"line":24,"column":2},"end":{"line":24,"column":null}},"2":{"start":{"line":25,"column":2},"end":{"line":25,"column":null}},"3":{"start":{"line":26,"column":2},"end":{"line":26,"column":null}},"4":{"start":{"line":27,"column":2},"end":{"line":27,"column":null}},"5":{"start":{"line":28,"column":2},"end":{"line":28,"column":null}},"6":{"start":{"line":29,"column":2},"end":{"line":29,"column":null}},"7":{"start":{"line":30,"column":2},"end":{"line":30,"column":null}}},"fnMap":{"0":{"name":"(anonymous_0)","decl":{"start":{"line":23,"column":0},"end":{"line":23,"column":12}},"loc":{"start":{"line":23,"column":21},"end":{"line":31,"column":1}}}},"branchMap":{"0":{"loc":{"start":{"line":23,"column":12},"end":{"line":23,"column":null}},"type":"binary-expr","locations":[{"start":{"line":23,"column":12},"end":{"line":23,"column":21}},{"start":{"line":23,"column":12},"end":{"line":23,"column":null}}]}},"s":{"0":2,"1":2,"2":2,"3":2,"4":2,"5":2,"6":2,"7":2},"f":{"0":2},"b":{"0":[2,2]}}
,"C:\\Users\\tangpeng\\Desktop\\研一课程\\开源实战\\project\\giteeversion\\inula\\packages\\inula-router\\src\\router\\matcher\\utils.ts": {"path":"C:\\Users\\tangpeng\\Desktop\\研一课程\\开源实战\\project\\giteeversion\\inula\\packages\\inula-router\\src\\router\\matcher\\utils.ts","statementMap":{"0":{"start":{"line":20,"column":2},"end":{"line":20,"column":35}},"1":{"start":{"line":19,"column":0},"end":{"line":19,"column":16}},"2":{"start":{"line":24,"column":23},"end":{"line":24,"column":36}},"3":{"start":{"line":25,"column":23},"end":{"line":25,"column":36}},"4":{"start":{"line":26,"column":14},"end":{"line":26,"column":50}},"5":{"start":{"line":27,"column":2},"end":{"line":32,"column":null}},"6":{"start":{"line":27,"column":15},"end":{"line":27,"column":16}},"7":{"start":{"line":28,"column":18},"end":{"line":28,"column":39}},"8":{"start":{"line":29,"column":4},"end":{"line":31,"column":null}},"9":{"start":{"line":30,"column":6},"end":{"line":30,"column":19}},"10":{"start":{"line":33,"column":2},"end":{"line":35,"column":null}},"11":{"start":{"line":34,"column":4},"end":{"line":34,"column":13}},"12":{"start":{"line":36,"column":2},"end":{"line":36,"column":46}},"13":{"start":{"line":23,"column":0},"end":{"line":23,"column":16}},"14":{"start":{"line":41,"column":2},"end":{"line":41,"column":58}},"15":{"start":{"line":40,"column":0},"end":{"line":40,"column":16}}},"fnMap":{"0":{"name":"cleanPath","decl":{"start":{"line":19,"column":16},"end":{"line":19,"column":25}},"loc":{"start":{"line":19,"column":38},"end":{"line":21,"column":1}}},"1":{"name":"scoreCompare","decl":{"start":{"line":23,"column":16},"end":{"line":23,"column":28}},"loc":{"start":{"line":23,"column":63},"end":{"line":37,"column":1}}},"2":{"name":"escapeStr","decl":{"start":{"line":40,"column":16},"end":{"line":40,"column":25}},"loc":{"start":{"line":40,"column":37},"end":{"line":42,"column":1}}}},"branchMap":{"0":{"loc":{"start":{"line":29,"column":4},"end":{"line":31,"column":null}},"type":"if","locations":[{"start":{"line":29,"column":4},"end":{"line":31,"column":null}}]},"1":{"loc":{"start":{"line":33,"column":2},"end":{"line":35,"column":null}},"type":"if","locations":[{"start":{"line":33,"column":2},"end":{"line":35,"column":null}}]},"2":{"loc":{"start":{"line":36,"column":9},"end":{"line":36,"column":45}},"type":"cond-expr","locations":[{"start":{"line":36,"column":39},"end":{"line":36,"column":41}},{"start":{"line":36,"column":44},"end":{"line":36,"column":45}}]}},"s":{"0":58,"1":3,"2":8,"3":8,"4":8,"5":8,"6":8,"7":10,"8":10,"9":3,"10":5,"11":1,"12":4,"13":3,"14":66,"15":3},"f":{"0":58,"1":8,"2":66},"b":{"0":[3],"1":[1],"2":[4,0]}}
}
