TN:
SF:src\history\types.ts
FN:47,(anonymous_0)
FN:53,(anonymous_1)
FNF:2
FNH:2
FNDA:1,(anonymous_0)
FNDA:1,(anonymous_1)
DA:47,1
DA:48,1
DA:49,1
DA:50,1
DA:53,1
DA:54,1
DA:55,1
LF:7
LH:7
BRDA:47,0,0,1
BRDA:47,0,1,1
BRDA:53,1,0,1
BRDA:53,1,1,1
BRF:4
BRH:4
end_of_record
TN:
SF:src\history\utils.ts
FN:18,createPath
FN:30,parsePath
FN:54,createLocation
FN:79,isLocationEqual
FN:83,addHeadSlash
FN:90,stripHeadSlash
FN:97,normalizeSlash
FN:105,hasBasename
FN:111,stripBasename
FN:116,createMemoryRecord
FN:119,getDelta
FN:131,addRecord
FN:151,genRandomKey
FN:153,(anonymous_15)
FNF:14
FNH:1
FNDA:6,createPath
FNDA:0,parsePath
FNDA:0,createLocation
FNDA:0,isLocationEqual
FNDA:0,addHeadSlash
FNDA:0,stripHeadSlash
FNDA:0,normalizeSlash
FNDA:0,hasBasename
FNDA:0,stripBasename
FNDA:0,createMemoryRecord
FNDA:0,getDelta
FNDA:0,addRecord
FNDA:0,genRandomKey
FNDA:0,(anonymous_15)
DA:16,1
DA:18,1
DA:19,12
DA:20,6
DA:21,6
DA:22,3
DA:24,6
DA:25,3
DA:27,6
DA:30,1
DA:31,0
DA:32,0
DA:37,0
DA:38,0
DA:39,0
DA:40,0
DA:41,0
DA:44,0
DA:45,0
DA:46,0
DA:47,0
DA:48,0
DA:50,0
DA:51,0
DA:54,1
DA:55,0
DA:56,0
DA:58,0
DA:59,0
DA:67,0
DA:68,0
DA:70,0
DA:71,0
DA:73,0
DA:74,0
DA:76,0
DA:79,1
DA:80,0
DA:83,1
DA:84,0
DA:85,0
DA:87,0
DA:90,1
DA:91,0
DA:92,0
DA:94,0
DA:97,1
DA:98,0
DA:99,0
DA:100,0
DA:102,0
DA:105,1
DA:106,0
DA:111,1
DA:112,0
DA:116,1
DA:117,0
DA:120,0
DA:121,0
DA:122,0
DA:124,0
DA:125,0
DA:126,0
DA:128,0
DA:132,0
DA:133,0
DA:134,0
DA:135,0
DA:136,0
DA:137,0
DA:138,0
DA:140,0
DA:141,0
DA:142,0
DA:143,0
DA:148,0
DA:152,0
DA:153,0
DA:154,0
LF:79
LH:18
BRDA:20,0,0,6
BRDA:20,0,1,0
BRDA:21,1,0,3
BRDA:21,2,0,6
BRDA:21,2,1,3
BRDA:22,3,0,1
BRDA:22,3,1,2
BRDA:24,4,0,3
BRDA:24,5,0,6
BRDA:24,5,1,3
BRDA:25,6,0,2
BRDA:25,6,1,1
BRDA:31,7,0,0
BRDA:31,7,1,0
BRDA:38,8,0,0
BRDA:40,9,0,0
BRDA:40,9,1,0
BRDA:45,10,0,0
BRDA:47,11,0,0
BRDA:47,11,1,0
BRDA:55,12,0,0
BRDA:55,12,1,0
BRDA:56,13,0,0
BRDA:56,13,1,0
BRDA:64,14,0,0
BRDA:64,14,1,0
BRDA:67,15,0,0
BRDA:68,16,0,0
BRDA:68,16,1,0
BRDA:70,17,0,0
BRDA:70,18,0,0
BRDA:70,18,1,0
BRDA:73,19,0,0
BRDA:73,20,0,0
BRDA:73,20,1,0
BRDA:80,21,0,0
BRDA:80,21,1,0
BRDA:80,21,2,0
BRDA:84,22,0,0
BRDA:91,23,0,0
BRDA:99,24,0,0
BRDA:107,25,0,0
BRDA:107,25,1,0
BRDA:112,26,0,0
BRDA:112,26,1,0
BRDA:121,27,0,0
BRDA:125,28,0,0
BRDA:134,29,0,0
BRDA:140,30,0,0
BRDA:142,31,0,0
BRF:50
BRH:11
end_of_record
TN:
SF:src\router\matcher\lexer.ts
FN:22,lexer
FN:34,(anonymous_1)
FN:43,(anonymous_2)
FNF:3
FNH:3
FNDA:58,lexer
FNDA:130,(anonymous_1)
FNDA:813,(anonymous_2)
DA:16,2
DA:17,2
DA:19,2
DA:22,2
DA:23,58
DA:25,58
DA:26,1
DA:29,57
DA:30,57
DA:31,1
DA:34,56
DA:35,130
DA:36,130
DA:37,582
DA:38,582
DA:40,130
DA:43,56
DA:44,813
DA:47,56
DA:48,56
DA:49,318
DA:50,318
DA:52,318
DA:53,141
DA:54,141
DA:55,141
DA:58,177
DA:59,43
DA:60,43
DA:61,43
DA:64,134
DA:65,12
DA:66,12
DA:67,12
DA:70,122
DA:71,78
DA:72,78
DA:74,44
DA:75,9
DA:76,9
DA:77,9
DA:79,35
DA:80,9
DA:81,9
DA:82,9
DA:84,26
DA:85,17
DA:86,17
DA:87,17
DA:89,9
DA:90,9
DA:91,9
DA:94,0
DA:97,56
LF:54
LH:53
BRDA:25,0,0,1
BRDA:30,1,0,1
BRDA:30,2,0,57
BRDA:30,2,1,55
BRDA:36,3,0,712
BRDA:36,3,1,688
BRDA:52,4,0,141
BRDA:58,5,0,43
BRDA:58,6,0,177
BRDA:58,6,1,131
BRDA:64,7,0,12
BRDA:64,8,0,134
BRDA:64,8,1,46
BRDA:64,8,2,90
BRDA:70,9,0,78
BRDA:70,10,0,122
BRDA:70,10,1,78
BRDA:74,11,0,9
BRDA:79,12,0,9
BRDA:84,13,0,17
BRDA:89,14,0,9
BRF:21
BRH:21
end_of_record
TN:
SF:src\router\matcher\parser.ts
FN:21,(anonymous_4)
FN:64,createPathParser
FN:86,(anonymous_6)
FN:163,parse
FN:201,compile
FN:231,(anonymous_9)
FN:234,(anonymous_10)
FN:245,matchPath
FN:259,(anonymous_12)
FN:262,generatePath
FNF:10
FNH:8
FNDA:1,(anonymous_4)
FNDA:46,createPathParser
FNDA:119,(anonymous_6)
FNDA:52,parse
FNDA:4,compile
FNDA:0,(anonymous_9)
FNDA:0,(anonymous_10)
FNDA:13,matchPath
FNDA:2,(anonymous_12)
FNDA:4,generatePath
DA:16,1
DA:17,1
DA:18,1
DA:21,1
DA:23,1
DA:25,1
DA:27,1
DA:28,1
DA:41,1
DA:50,1
DA:52,1
DA:54,1
DA:64,75
DA:66,46
DA:67,46
DA:68,46
DA:69,138
DA:71,46
DA:72,46
DA:73,46
DA:75,46
DA:76,46
DA:77,46
DA:78,46
DA:79,46
DA:86,46
DA:87,119
DA:88,119
DA:89,143
DA:90,15
DA:92,143
DA:94,119
DA:96,46
DA:97,233
DA:98,233
DA:99,233
DA:101,119
DA:102,119
DA:103,119
DA:105,65
DA:106,65
DA:107,2
DA:108,2
DA:109,2
DA:111,65
DA:112,65
DA:115,37
DA:116,37
DA:117,26
DA:120,7
DA:121,7
DA:122,11
DA:123,11
DA:125,7
DA:126,7
DA:128,6
DA:129,6
DA:130,6
DA:133,37
DA:134,37
DA:135,37
DA:136,37
DA:138,10
DA:139,10
DA:140,10
DA:141,10
DA:144,46
DA:146,46
DA:147,35
DA:148,28
DA:150,35
DA:151,27
DA:154,11
DA:157,46
DA:158,46
DA:164,52
DA:166,52
DA:167,11
DA:169,41
DA:170,41
DA:171,41
DA:172,41
DA:173,50
DA:174,50
DA:175,50
DA:176,10
DA:177,10
DA:178,10
DA:180,0
DA:183,10
DA:189,40
DA:193,41
DA:194,41
DA:195,41
DA:202,4
DA:203,28
DA:204,28
DA:206,8
DA:207,8
DA:209,5
DA:210,1
DA:212,4
DA:213,4
DA:215,1
DA:216,1
DA:217,1
DA:219,0
DA:221,1
DA:223,14
DA:224,14
DA:227,3
DA:230,46
DA:232,0
DA:235,0
DA:245,1
DA:250,13
DA:251,13
DA:252,18
DA:253,18
DA:254,18
DA:255,18
DA:256,12
DA:259,13
DA:262,1
DA:263,4
DA:264,4
LF:126
LH:122
BRDA:21,0,0,1
BRDA:21,0,1,1
BRDA:64,1,0,29
BRDA:66,2,0,17
BRDA:66,2,1,29
BRDA:67,3,0,5
BRDA:67,3,1,41
BRDA:68,4,0,4
BRDA:68,4,1,42
BRDA:76,5,0,46
BRDA:76,5,1,2
BRDA:88,6,0,262
BRDA:88,6,1,218
BRDA:89,7,0,15
BRDA:89,8,0,143
BRDA:89,8,1,140
BRDA:99,9,0,119
BRDA:99,9,1,65
BRDA:99,9,2,37
BRDA:99,9,3,10
BRDA:102,10,0,15
BRDA:102,10,1,104
BRDA:106,11,0,2
BRDA:106,12,0,65
BRDA:106,12,1,56
BRDA:116,13,0,26
BRDA:117,14,0,7
BRDA:117,14,1,6
BRDA:129,15,0,2
BRDA:129,15,1,4
BRDA:133,16,0,13
BRDA:133,16,1,24
BRDA:139,17,0,2
BRDA:139,17,1,8
BRDA:140,18,0,2
BRDA:140,18,1,8
BRDA:146,19,0,35
BRDA:146,19,1,11
BRDA:146,20,0,46
BRDA:146,20,1,38
BRDA:147,21,0,28
BRDA:150,22,0,27
BRDA:154,23,0,0
BRDA:154,23,1,11
BRDA:157,24,0,0
BRDA:157,24,1,46
BRDA:166,25,0,11
BRDA:175,26,0,10
BRDA:175,26,1,40
BRDA:175,27,0,50
BRDA:175,27,1,11
BRDA:177,28,0,10
BRDA:177,28,1,0
BRDA:189,29,0,35
BRDA:189,29,1,5
BRDA:194,30,0,0
BRDA:194,30,1,41
BRDA:194,31,0,41
BRDA:194,31,1,1
BRDA:204,32,0,8
BRDA:204,32,1,5
BRDA:204,32,2,1
BRDA:204,32,3,14
BRDA:209,33,0,1
BRDA:216,34,0,1
BRDA:216,34,1,0
BRDA:250,35,0,3
BRDA:250,35,1,10
BRDA:255,36,0,12
BRDA:259,37,0,3
BRDA:259,37,1,10
BRF:71
BRH:66
end_of_record
TN:
SF:src\router\matcher\types.ts
FN:23,(anonymous_0)
FNF:1
FNH:1
FNDA:2,(anonymous_0)
DA:23,2
DA:24,2
DA:25,2
DA:26,2
DA:27,2
DA:28,2
DA:29,2
DA:30,2
LF:8
LH:8
BRDA:23,0,0,2
BRDA:23,0,1,2
BRF:2
BRH:2
end_of_record
TN:
SF:src\router\matcher\utils.ts
FN:19,cleanPath
FN:23,scoreCompare
FN:40,escapeStr
FNF:3
FNH:3
FNDA:58,cleanPath
FNDA:8,scoreCompare
FNDA:66,escapeStr
DA:19,3
DA:20,58
DA:23,3
DA:24,8
DA:25,8
DA:26,8
DA:27,8
DA:28,10
DA:29,10
DA:30,3
DA:33,5
DA:34,1
DA:36,4
DA:40,3
DA:41,66
LF:15
LH:15
BRDA:29,0,0,3
BRDA:33,1,0,1
BRDA:36,2,0,4
BRDA:36,2,1,0
BRF:4
BRH:3
end_of_record
